{"/Users/matt/Documents/projects/mc-thebetabase/lib/supabase.ts": {"path":"/Users/matt/Documents/projects/mc-thebetabase/lib/supabase.ts","statementMap":{"0":{"start":{"line":13,"column":2},"end":{"line":15,"column":null}},"1":{"start":{"line":14,"column":4},"end":{"line":14,"column":null}},"2":{"start":{"line":17,"column":14},"end":{"line":17,"column":null}},"3":{"start":{"line":18,"column":14},"end":{"line":18,"column":null}},"4":{"start":{"line":20,"column":2},"end":{"line":28,"column":null}},"5":{"start":{"line":21,"column":4},"end":{"line":26,"column":null}},"6":{"start":{"line":27,"column":4},"end":{"line":27,"column":null}},"7":{"start":{"line":29,"column":2},"end":{"line":29,"column":null}},"8":{"start":{"line":34,"column":2},"end":{"line":36,"column":null}},"9":{"start":{"line":35,"column":4},"end":{"line":35,"column":null}},"10":{"start":{"line":38,"column":2},"end":{"line":40,"column":null}},"11":{"start":{"line":39,"column":4},"end":{"line":39,"column":null}},"12":{"start":{"line":42,"column":14},"end":{"line":42,"column":null}},"13":{"start":{"line":43,"column":14},"end":{"line":43,"column":null}},"14":{"start":{"line":45,"column":2},"end":{"line":53,"column":null}},"15":{"start":{"line":46,"column":4},"end":{"line":51,"column":null}},"16":{"start":{"line":52,"column":4},"end":{"line":52,"column":null}},"17":{"start":{"line":54,"column":2},"end":{"line":54,"column":null}},"18":{"start":{"line":57,"column":24},"end":{"line":57,"column":null}},"19":{"start":{"line":58,"column":29},"end":{"line":58,"column":null}},"20":{"start":{"line":156,"column":17},"end":{"line":156,"column":null}},"21":{"start":{"line":157,"column":2},"end":{"line":160,"column":null}},"22":{"start":{"line":158,"column":4},"end":{"line":158,"column":null}},"23":{"start":{"line":159,"column":4},"end":{"line":159,"column":null}},"24":{"start":{"line":162,"column":17},"end":{"line":162,"column":null}},"25":{"start":{"line":163,"column":22},"end":{"line":163,"column":null}},"26":{"start":{"line":165,"column":26},"end":{"line":183,"column":null}},"27":{"start":{"line":185,"column":2},"end":{"line":185,"column":null}},"28":{"start":{"line":185,"column":13},"end":{"line":185,"column":null}},"29":{"start":{"line":186,"column":2},"end":{"line":186,"column":null}},"30":{"start":{"line":197,"column":17},"end":{"line":197,"column":null}},"31":{"start":{"line":198,"column":2},"end":{"line":201,"column":null}},"32":{"start":{"line":199,"column":4},"end":{"line":199,"column":null}},"33":{"start":{"line":200,"column":4},"end":{"line":200,"column":null}},"34":{"start":{"line":203,"column":17},"end":{"line":203,"column":null}},"35":{"start":{"line":204,"column":22},"end":{"line":204,"column":null}},"36":{"start":{"line":206,"column":26},"end":{"line":224,"column":null}},"37":{"start":{"line":226,"column":2},"end":{"line":226,"column":null}},"38":{"start":{"line":226,"column":13},"end":{"line":226,"column":null}},"39":{"start":{"line":227,"column":2},"end":{"line":227,"column":null}},"40":{"start":{"line":237,"column":17},"end":{"line":237,"column":null}},"41":{"start":{"line":238,"column":2},"end":{"line":241,"column":null}},"42":{"start":{"line":239,"column":4},"end":{"line":239,"column":null}},"43":{"start":{"line":240,"column":4},"end":{"line":240,"column":null}},"44":{"start":{"line":243,"column":26},"end":{"line":259,"column":null}},"45":{"start":{"line":261,"column":2},"end":{"line":261,"column":null}},"46":{"start":{"line":261,"column":13},"end":{"line":261,"column":null}},"47":{"start":{"line":262,"column":2},"end":{"line":262,"column":null}},"48":{"start":{"line":271,"column":17},"end":{"line":271,"column":null}},"49":{"start":{"line":272,"column":2},"end":{"line":275,"column":null}},"50":{"start":{"line":273,"column":4},"end":{"line":273,"column":null}},"51":{"start":{"line":274,"column":4},"end":{"line":274,"column":null}},"52":{"start":{"line":277,"column":26},"end":{"line":292,"column":null}},"53":{"start":{"line":294,"column":2},"end":{"line":294,"column":null}},"54":{"start":{"line":294,"column":13},"end":{"line":294,"column":null}},"55":{"start":{"line":295,"column":2},"end":{"line":295,"column":null}},"56":{"start":{"line":300,"column":17},"end":{"line":300,"column":null}},"57":{"start":{"line":301,"column":2},"end":{"line":304,"column":null}},"58":{"start":{"line":302,"column":4},"end":{"line":302,"column":null}},"59":{"start":{"line":303,"column":4},"end":{"line":303,"column":null}},"60":{"start":{"line":306,"column":41},"end":{"line":306,"column":null}},"61":{"start":{"line":309,"column":49},"end":{"line":311,"column":null}},"62":{"start":{"line":312,"column":2},"end":{"line":312,"column":null}},"63":{"start":{"line":312,"column":17},"end":{"line":312,"column":null}},"64":{"start":{"line":313,"column":2},"end":{"line":313,"column":null}},"65":{"start":{"line":316,"column":49},"end":{"line":319,"column":null}},"66":{"start":{"line":320,"column":2},"end":{"line":320,"column":null}},"67":{"start":{"line":320,"column":17},"end":{"line":320,"column":null}},"68":{"start":{"line":321,"column":2},"end":{"line":321,"column":null}},"69":{"start":{"line":324,"column":59},"end":{"line":326,"column":null}},"70":{"start":{"line":327,"column":2},"end":{"line":327,"column":null}},"71":{"start":{"line":327,"column":22},"end":{"line":327,"column":null}},"72":{"start":{"line":328,"column":2},"end":{"line":328,"column":null}},"73":{"start":{"line":330,"column":2},"end":{"line":330,"column":null}},"74":{"start":{"line":335,"column":2},"end":{"line":338,"column":null}},"75":{"start":{"line":336,"column":4},"end":{"line":336,"column":null}},"76":{"start":{"line":337,"column":4},"end":{"line":337,"column":null}},"77":{"start":{"line":340,"column":26},"end":{"line":361,"column":null}},"78":{"start":{"line":363,"column":2},"end":{"line":363,"column":null}},"79":{"start":{"line":363,"column":13},"end":{"line":363,"column":null}},"80":{"start":{"line":364,"column":2},"end":{"line":364,"column":null}},"81":{"start":{"line":368,"column":2},"end":{"line":371,"column":null}},"82":{"start":{"line":369,"column":4},"end":{"line":369,"column":null}},"83":{"start":{"line":370,"column":4},"end":{"line":370,"column":null}},"84":{"start":{"line":373,"column":26},"end":{"line":377,"column":null}},"85":{"start":{"line":379,"column":2},"end":{"line":379,"column":null}},"86":{"start":{"line":379,"column":42},"end":{"line":379,"column":null}},"87":{"start":{"line":380,"column":2},"end":{"line":380,"column":null}},"88":{"start":{"line":384,"column":17},"end":{"line":384,"column":null}},"89":{"start":{"line":385,"column":2},"end":{"line":388,"column":null}},"90":{"start":{"line":386,"column":4},"end":{"line":386,"column":null}},"91":{"start":{"line":387,"column":4},"end":{"line":387,"column":null}},"92":{"start":{"line":390,"column":26},"end":{"line":394,"column":null}},"93":{"start":{"line":396,"column":2},"end":{"line":396,"column":null}},"94":{"start":{"line":396,"column":13},"end":{"line":396,"column":null}},"95":{"start":{"line":397,"column":2},"end":{"line":397,"column":null}},"96":{"start":{"line":402,"column":2},"end":{"line":404,"column":null}},"97":{"start":{"line":403,"column":4},"end":{"line":403,"column":null}},"98":{"start":{"line":405,"column":2},"end":{"line":407,"column":null}},"99":{"start":{"line":406,"column":4},"end":{"line":406,"column":null}},"100":{"start":{"line":408,"column":2},"end":{"line":408,"column":null}}},"fnMap":{"0":{"name":"getSupabaseClient","decl":{"start":{"line":12,"column":9},"end":{"line":12,"column":52}},"loc":{"start":{"line":12,"column":52},"end":{"line":30,"column":null}},"line":12},"1":{"name":"getSupabaseAdminClient","decl":{"start":{"line":33,"column":9},"end":{"line":33,"column":57}},"loc":{"start":{"line":33,"column":57},"end":{"line":55,"column":null}},"line":33},"2":{"name":"upsertCrawlerDocument","decl":{"start":{"line":148,"column":22},"end":{"line":148,"column":null}},"loc":{"start":{"line":155,"column":2},"end":{"line":187,"column":null}},"line":155},"3":{"name":"upsertWikiDocument","decl":{"start":{"line":189,"column":22},"end":{"line":189,"column":null}},"loc":{"start":{"line":196,"column":2},"end":{"line":228,"column":null}},"line":196},"4":{"name":"upsertJiraTicket","decl":{"start":{"line":230,"column":22},"end":{"line":230,"column":null}},"loc":{"start":{"line":236,"column":2},"end":{"line":263,"column":null}},"line":236},"5":{"name":"upsertJiraTicketEmbedding","decl":{"start":{"line":265,"column":22},"end":{"line":265,"column":null}},"loc":{"start":{"line":270,"column":2},"end":{"line":296,"column":null}},"line":270},"6":{"name":"validateSonyMusicContent","decl":{"start":{"line":299,"column":22},"end":{"line":299,"column":49}},"loc":{"start":{"line":299,"column":49},"end":{"line":331,"column":null}},"line":299},"7":{"name":"storeFirecrawlData","decl":{"start":{"line":334,"column":22},"end":{"line":334,"column":41}},"loc":{"start":{"line":334,"column":92},"end":{"line":365,"column":null}},"line":334},"8":{"name":"getFirecrawlAnalysis","decl":{"start":{"line":367,"column":22},"end":{"line":367,"column":43}},"loc":{"start":{"line":367,"column":56},"end":{"line":381,"column":null}},"line":367},"9":{"name":"searchFirecrawlData","decl":{"start":{"line":383,"column":22},"end":{"line":383,"column":42}},"loc":{"start":{"line":383,"column":69},"end":{"line":398,"column":null}},"line":383},"10":{"name":"handleSupabaseError","decl":{"start":{"line":401,"column":16},"end":{"line":401,"column":36}},"loc":{"start":{"line":401,"column":56},"end":{"line":409,"column":null}},"line":401}},"branchMap":{"0":{"loc":{"start":{"line":13,"column":2},"end":{"line":15,"column":null}},"type":"if","locations":[{"start":{"line":13,"column":2},"end":{"line":15,"column":null}},{"start":{},"end":{}}],"line":13},"1":{"loc":{"start":{"line":20,"column":2},"end":{"line":28,"column":null}},"type":"if","locations":[{"start":{"line":20,"column":2},"end":{"line":28,"column":null}},{"start":{},"end":{}}],"line":20},"2":{"loc":{"start":{"line":20,"column":6},"end":{"line":20,"column":18}},"type":"binary-expr","locations":[{"start":{"line":20,"column":6},"end":{"line":20,"column":13}},{"start":{"line":20,"column":13},"end":{"line":20,"column":18}}],"line":20},"3":{"loc":{"start":{"line":34,"column":2},"end":{"line":36,"column":null}},"type":"if","locations":[{"start":{"line":34,"column":2},"end":{"line":36,"column":null}},{"start":{},"end":{}}],"line":34},"4":{"loc":{"start":{"line":38,"column":2},"end":{"line":40,"column":null}},"type":"if","locations":[{"start":{"line":38,"column":2},"end":{"line":40,"column":null}},{"start":{},"end":{}}],"line":38},"5":{"loc":{"start":{"line":45,"column":2},"end":{"line":53,"column":null}},"type":"if","locations":[{"start":{"line":45,"column":2},"end":{"line":53,"column":null}},{"start":{},"end":{}}],"line":45},"6":{"loc":{"start":{"line":45,"column":6},"end":{"line":45,"column":18}},"type":"binary-expr","locations":[{"start":{"line":45,"column":6},"end":{"line":45,"column":13}},{"start":{"line":45,"column":13},"end":{"line":45,"column":18}}],"line":45},"7":{"loc":{"start":{"line":154,"column":2},"end":{"line":154,"column":null}},"type":"default-arg","locations":[{"start":{"line":154,"column":34},"end":{"line":154,"column":null}}],"line":154},"8":{"loc":{"start":{"line":156,"column":17},"end":{"line":156,"column":null}},"type":"binary-expr","locations":[{"start":{"line":156,"column":17},"end":{"line":156,"column":29}},{"start":{"line":156,"column":29},"end":{"line":156,"column":null}}],"line":156},"9":{"loc":{"start":{"line":157,"column":2},"end":{"line":160,"column":null}},"type":"if","locations":[{"start":{"line":157,"column":2},"end":{"line":160,"column":null}},{"start":{},"end":{}}],"line":157},"10":{"loc":{"start":{"line":185,"column":2},"end":{"line":185,"column":null}},"type":"if","locations":[{"start":{"line":185,"column":2},"end":{"line":185,"column":null}},{"start":{},"end":{}}],"line":185},"11":{"loc":{"start":{"line":195,"column":2},"end":{"line":195,"column":null}},"type":"default-arg","locations":[{"start":{"line":195,"column":34},"end":{"line":195,"column":null}}],"line":195},"12":{"loc":{"start":{"line":197,"column":17},"end":{"line":197,"column":null}},"type":"binary-expr","locations":[{"start":{"line":197,"column":17},"end":{"line":197,"column":29}},{"start":{"line":197,"column":29},"end":{"line":197,"column":null}}],"line":197},"13":{"loc":{"start":{"line":198,"column":2},"end":{"line":201,"column":null}},"type":"if","locations":[{"start":{"line":198,"column":2},"end":{"line":201,"column":null}},{"start":{},"end":{}}],"line":198},"14":{"loc":{"start":{"line":226,"column":2},"end":{"line":226,"column":null}},"type":"if","locations":[{"start":{"line":226,"column":2},"end":{"line":226,"column":null}},{"start":{},"end":{}}],"line":226},"15":{"loc":{"start":{"line":235,"column":2},"end":{"line":235,"column":null}},"type":"default-arg","locations":[{"start":{"line":235,"column":34},"end":{"line":235,"column":null}}],"line":235},"16":{"loc":{"start":{"line":237,"column":17},"end":{"line":237,"column":null}},"type":"binary-expr","locations":[{"start":{"line":237,"column":17},"end":{"line":237,"column":29}},{"start":{"line":237,"column":29},"end":{"line":237,"column":null}}],"line":237},"17":{"loc":{"start":{"line":238,"column":2},"end":{"line":241,"column":null}},"type":"if","locations":[{"start":{"line":238,"column":2},"end":{"line":241,"column":null}},{"start":{},"end":{}}],"line":238},"18":{"loc":{"start":{"line":261,"column":2},"end":{"line":261,"column":null}},"type":"if","locations":[{"start":{"line":261,"column":2},"end":{"line":261,"column":null}},{"start":{},"end":{}}],"line":261},"19":{"loc":{"start":{"line":269,"column":2},"end":{"line":269,"column":null}},"type":"default-arg","locations":[{"start":{"line":269,"column":34},"end":{"line":269,"column":null}}],"line":269},"20":{"loc":{"start":{"line":271,"column":17},"end":{"line":271,"column":null}},"type":"binary-expr","locations":[{"start":{"line":271,"column":17},"end":{"line":271,"column":29}},{"start":{"line":271,"column":29},"end":{"line":271,"column":null}}],"line":271},"21":{"loc":{"start":{"line":272,"column":2},"end":{"line":275,"column":null}},"type":"if","locations":[{"start":{"line":272,"column":2},"end":{"line":275,"column":null}},{"start":{},"end":{}}],"line":272},"22":{"loc":{"start":{"line":294,"column":2},"end":{"line":294,"column":null}},"type":"if","locations":[{"start":{"line":294,"column":2},"end":{"line":294,"column":null}},{"start":{},"end":{}}],"line":294},"23":{"loc":{"start":{"line":300,"column":17},"end":{"line":300,"column":null}},"type":"binary-expr","locations":[{"start":{"line":300,"column":17},"end":{"line":300,"column":29}},{"start":{"line":300,"column":29},"end":{"line":300,"column":null}}],"line":300},"24":{"loc":{"start":{"line":301,"column":2},"end":{"line":304,"column":null}},"type":"if","locations":[{"start":{"line":301,"column":2},"end":{"line":304,"column":null}},{"start":{},"end":{}}],"line":301},"25":{"loc":{"start":{"line":312,"column":2},"end":{"line":312,"column":null}},"type":"if","locations":[{"start":{"line":312,"column":2},"end":{"line":312,"column":null}},{"start":{},"end":{}}],"line":312},"26":{"loc":{"start":{"line":313,"column":19},"end":{"line":313,"column":null}},"type":"binary-expr","locations":[{"start":{"line":313,"column":19},"end":{"line":313,"column":32}},{"start":{"line":313,"column":32},"end":{"line":313,"column":null}}],"line":313},"27":{"loc":{"start":{"line":320,"column":2},"end":{"line":320,"column":null}},"type":"if","locations":[{"start":{"line":320,"column":2},"end":{"line":320,"column":null}},{"start":{},"end":{}}],"line":320},"28":{"loc":{"start":{"line":321,"column":25},"end":{"line":321,"column":null}},"type":"binary-expr","locations":[{"start":{"line":321,"column":25},"end":{"line":321,"column":38}},{"start":{"line":321,"column":38},"end":{"line":321,"column":null}}],"line":321},"29":{"loc":{"start":{"line":327,"column":2},"end":{"line":327,"column":null}},"type":"if","locations":[{"start":{"line":327,"column":2},"end":{"line":327,"column":null}},{"start":{},"end":{}}],"line":327},"30":{"loc":{"start":{"line":328,"column":24},"end":{"line":328,"column":null}},"type":"binary-expr","locations":[{"start":{"line":328,"column":24},"end":{"line":328,"column":42}},{"start":{"line":328,"column":42},"end":{"line":328,"column":null}}],"line":328},"31":{"loc":{"start":{"line":335,"column":2},"end":{"line":338,"column":null}},"type":"if","locations":[{"start":{"line":335,"column":2},"end":{"line":338,"column":null}},{"start":{},"end":{}}],"line":335},"32":{"loc":{"start":{"line":345,"column":18},"end":{"line":345,"column":null}},"type":"binary-expr","locations":[{"start":{"line":345,"column":18},"end":{"line":345,"column":39}},{"start":{"line":345,"column":39},"end":{"line":345,"column":null}}],"line":345},"33":{"loc":{"start":{"line":346,"column":23},"end":{"line":346,"column":null}},"type":"binary-expr","locations":[{"start":{"line":346,"column":23},"end":{"line":346,"column":49}},{"start":{"line":346,"column":49},"end":{"line":346,"column":null}}],"line":346},"34":{"loc":{"start":{"line":347,"column":27},"end":{"line":347,"column":null}},"type":"binary-expr","locations":[{"start":{"line":347,"column":27},"end":{"line":347,"column":57}},{"start":{"line":347,"column":57},"end":{"line":347,"column":null}}],"line":347},"35":{"loc":{"start":{"line":348,"column":20},"end":{"line":348,"column":null}},"type":"binary-expr","locations":[{"start":{"line":348,"column":20},"end":{"line":348,"column":43}},{"start":{"line":348,"column":43},"end":{"line":348,"column":null}}],"line":348},"36":{"loc":{"start":{"line":349,"column":23},"end":{"line":349,"column":null}},"type":"binary-expr","locations":[{"start":{"line":349,"column":23},"end":{"line":349,"column":49}},{"start":{"line":349,"column":49},"end":{"line":349,"column":null}}],"line":349},"37":{"loc":{"start":{"line":350,"column":19},"end":{"line":350,"column":null}},"type":"binary-expr","locations":[{"start":{"line":350,"column":19},"end":{"line":350,"column":42}},{"start":{"line":350,"column":42},"end":{"line":350,"column":null}}],"line":350},"38":{"loc":{"start":{"line":351,"column":30},"end":{"line":351,"column":null}},"type":"binary-expr","locations":[{"start":{"line":351,"column":30},"end":{"line":351,"column":63}},{"start":{"line":351,"column":63},"end":{"line":351,"column":null}}],"line":351},"39":{"loc":{"start":{"line":352,"column":29},"end":{"line":352,"column":null}},"type":"binary-expr","locations":[{"start":{"line":352,"column":29},"end":{"line":352,"column":61}},{"start":{"line":352,"column":61},"end":{"line":352,"column":null}}],"line":352},"40":{"loc":{"start":{"line":363,"column":2},"end":{"line":363,"column":null}},"type":"if","locations":[{"start":{"line":363,"column":2},"end":{"line":363,"column":null}},{"start":{},"end":{}}],"line":363},"41":{"loc":{"start":{"line":368,"column":2},"end":{"line":371,"column":null}},"type":"if","locations":[{"start":{"line":368,"column":2},"end":{"line":371,"column":null}},{"start":{},"end":{}}],"line":368},"42":{"loc":{"start":{"line":379,"column":2},"end":{"line":379,"column":null}},"type":"if","locations":[{"start":{"line":379,"column":2},"end":{"line":379,"column":null}},{"start":{},"end":{}}],"line":379},"43":{"loc":{"start":{"line":379,"column":6},"end":{"line":379,"column":42}},"type":"binary-expr","locations":[{"start":{"line":379,"column":6},"end":{"line":379,"column":15}},{"start":{"line":379,"column":15},"end":{"line":379,"column":42}}],"line":379},"44":{"loc":{"start":{"line":383,"column":57},"end":{"line":383,"column":69}},"type":"default-arg","locations":[{"start":{"line":383,"column":65},"end":{"line":383,"column":69}}],"line":383},"45":{"loc":{"start":{"line":384,"column":17},"end":{"line":384,"column":null}},"type":"binary-expr","locations":[{"start":{"line":384,"column":17},"end":{"line":384,"column":29}},{"start":{"line":384,"column":29},"end":{"line":384,"column":null}}],"line":384},"46":{"loc":{"start":{"line":385,"column":2},"end":{"line":388,"column":null}},"type":"if","locations":[{"start":{"line":385,"column":2},"end":{"line":388,"column":null}},{"start":{},"end":{}}],"line":385},"47":{"loc":{"start":{"line":396,"column":2},"end":{"line":396,"column":null}},"type":"if","locations":[{"start":{"line":396,"column":2},"end":{"line":396,"column":null}},{"start":{},"end":{}}],"line":396},"48":{"loc":{"start":{"line":402,"column":2},"end":{"line":404,"column":null}},"type":"if","locations":[{"start":{"line":402,"column":2},"end":{"line":404,"column":null}},{"start":{},"end":{}}],"line":402},"49":{"loc":{"start":{"line":405,"column":2},"end":{"line":407,"column":null}},"type":"if","locations":[{"start":{"line":405,"column":2},"end":{"line":407,"column":null}},{"start":{},"end":{}}],"line":405}},"s":{"0":1,"1":0,"2":1,"3":1,"4":1,"5":1,"6":1,"7":0,"8":1,"9":0,"10":1,"11":0,"12":1,"13":1,"14":1,"15":1,"16":1,"17":0,"18":1,"19":1,"20":0,"21":0,"22":0,"23":0,"24":0,"25":0,"26":0,"27":0,"28":0,"29":0,"30":0,"31":0,"32":0,"33":0,"34":0,"35":0,"36":0,"37":0,"38":0,"39":0,"40":0,"41":0,"42":0,"43":0,"44":0,"45":0,"46":0,"47":0,"48":0,"49":0,"50":0,"51":0,"52":0,"53":0,"54":0,"55":0,"56":0,"57":0,"58":0,"59":0,"60":0,"61":0,"62":0,"63":0,"64":0,"65":0,"66":0,"67":0,"68":0,"69":0,"70":0,"71":0,"72":0,"73":0,"74":0,"75":0,"76":0,"77":0,"78":0,"79":0,"80":0,"81":0,"82":0,"83":0,"84":0,"85":0,"86":0,"87":0,"88":0,"89":0,"90":0,"91":0,"92":0,"93":0,"94":0,"95":0,"96":0,"97":0,"98":0,"99":0,"100":0},"f":{"0":1,"1":1,"2":0,"3":0,"4":0,"5":0,"6":0,"7":0,"8":0,"9":0,"10":0},"b":{"0":[0,1],"1":[1,0],"2":[1,1],"3":[0,1],"4":[0,1],"5":[1,0],"6":[1,1],"7":[0],"8":[0,0],"9":[0,0],"10":[0,0],"11":[0],"12":[0,0],"13":[0,0],"14":[0,0],"15":[0],"16":[0,0],"17":[0,0],"18":[0,0],"19":[0],"20":[0,0],"21":[0,0],"22":[0,0],"23":[0,0],"24":[0,0],"25":[0,0],"26":[0,0],"27":[0,0],"28":[0,0],"29":[0,0],"30":[0,0],"31":[0,0],"32":[0,0],"33":[0,0],"34":[0,0],"35":[0,0],"36":[0,0],"37":[0,0],"38":[0,0],"39":[0,0],"40":[0,0],"41":[0,0],"42":[0,0],"43":[0,0],"44":[0],"45":[0,0],"46":[0,0],"47":[0,0],"48":[0,0],"49":[0,0]},"meta":{"lastBranch":50,"lastFunction":11,"lastStatement":101,"seen":{"f:12:9:12:52":0,"b:13:2:15:Infinity:undefined:undefined:undefined:undefined":0,"s:13:2:15:Infinity":0,"s:14:4:14:Infinity":1,"s:17:14:17:Infinity":2,"s:18:14:18:Infinity":3,"b:20:2:28:Infinity:undefined:undefined:undefined:undefined":1,"s:20:2:28:Infinity":4,"b:20:6:20:13:20:13:20:18":2,"s:21:4:26:Infinity":5,"s:27:4:27:Infinity":6,"s:29:2:29:Infinity":7,"f:33:9:33:57":1,"b:34:2:36:Infinity:undefined:undefined:undefined:undefined":3,"s:34:2:36:Infinity":8,"s:35:4:35:Infinity":9,"b:38:2:40:Infinity:undefined:undefined:undefined:undefined":4,"s:38:2:40:Infinity":10,"s:39:4:39:Infinity":11,"s:42:14:42:Infinity":12,"s:43:14:43:Infinity":13,"b:45:2:53:Infinity:undefined:undefined:undefined:undefined":5,"s:45:2:53:Infinity":14,"b:45:6:45:13:45:13:45:18":6,"s:46:4:51:Infinity":15,"s:52:4:52:Infinity":16,"s:54:2:54:Infinity":17,"s:57:24:57:Infinity":18,"s:58:29:58:Infinity":19,"f:148:22:148:Infinity":2,"b:154:34:154:Infinity":7,"s:156:17:156:Infinity":20,"b:156:17:156:29:156:29:156:Infinity":8,"b:157:2:160:Infinity:undefined:undefined:undefined:undefined":9,"s:157:2:160:Infinity":21,"s:158:4:158:Infinity":22,"s:159:4:159:Infinity":23,"s:162:17:162:Infinity":24,"s:163:22:163:Infinity":25,"s:165:26:183:Infinity":26,"b:185:2:185:Infinity:undefined:undefined:undefined:undefined":10,"s:185:2:185:Infinity":27,"s:185:13:185:Infinity":28,"s:186:2:186:Infinity":29,"f:189:22:189:Infinity":3,"b:195:34:195:Infinity":11,"s:197:17:197:Infinity":30,"b:197:17:197:29:197:29:197:Infinity":12,"b:198:2:201:Infinity:undefined:undefined:undefined:undefined":13,"s:198:2:201:Infinity":31,"s:199:4:199:Infinity":32,"s:200:4:200:Infinity":33,"s:203:17:203:Infinity":34,"s:204:22:204:Infinity":35,"s:206:26:224:Infinity":36,"b:226:2:226:Infinity:undefined:undefined:undefined:undefined":14,"s:226:2:226:Infinity":37,"s:226:13:226:Infinity":38,"s:227:2:227:Infinity":39,"f:230:22:230:Infinity":4,"b:235:34:235:Infinity":15,"s:237:17:237:Infinity":40,"b:237:17:237:29:237:29:237:Infinity":16,"b:238:2:241:Infinity:undefined:undefined:undefined:undefined":17,"s:238:2:241:Infinity":41,"s:239:4:239:Infinity":42,"s:240:4:240:Infinity":43,"s:243:26:259:Infinity":44,"b:261:2:261:Infinity:undefined:undefined:undefined:undefined":18,"s:261:2:261:Infinity":45,"s:261:13:261:Infinity":46,"s:262:2:262:Infinity":47,"f:265:22:265:Infinity":5,"b:269:34:269:Infinity":19,"s:271:17:271:Infinity":48,"b:271:17:271:29:271:29:271:Infinity":20,"b:272:2:275:Infinity:undefined:undefined:undefined:undefined":21,"s:272:2:275:Infinity":49,"s:273:4:273:Infinity":50,"s:274:4:274:Infinity":51,"s:277:26:292:Infinity":52,"b:294:2:294:Infinity:undefined:undefined:undefined:undefined":22,"s:294:2:294:Infinity":53,"s:294:13:294:Infinity":54,"s:295:2:295:Infinity":55,"f:299:22:299:49":6,"s:300:17:300:Infinity":56,"b:300:17:300:29:300:29:300:Infinity":23,"b:301:2:304:Infinity:undefined:undefined:undefined:undefined":24,"s:301:2:304:Infinity":57,"s:302:4:302:Infinity":58,"s:303:4:303:Infinity":59,"s:306:41:306:Infinity":60,"s:309:49:311:Infinity":61,"b:312:2:312:Infinity:undefined:undefined:undefined:undefined":25,"s:312:2:312:Infinity":62,"s:312:17:312:Infinity":63,"s:313:2:313:Infinity":64,"b:313:19:313:32:313:32:313:Infinity":26,"s:316:49:319:Infinity":65,"b:320:2:320:Infinity:undefined:undefined:undefined:undefined":27,"s:320:2:320:Infinity":66,"s:320:17:320:Infinity":67,"s:321:2:321:Infinity":68,"b:321:25:321:38:321:38:321:Infinity":28,"s:324:59:326:Infinity":69,"b:327:2:327:Infinity:undefined:undefined:undefined:undefined":29,"s:327:2:327:Infinity":70,"s:327:22:327:Infinity":71,"s:328:2:328:Infinity":72,"b:328:24:328:42:328:42:328:Infinity":30,"s:330:2:330:Infinity":73,"f:334:22:334:41":7,"b:335:2:338:Infinity:undefined:undefined:undefined:undefined":31,"s:335:2:338:Infinity":74,"s:336:4:336:Infinity":75,"s:337:4:337:Infinity":76,"s:340:26:361:Infinity":77,"b:345:18:345:39:345:39:345:Infinity":32,"b:346:23:346:49:346:49:346:Infinity":33,"b:347:27:347:57:347:57:347:Infinity":34,"b:348:20:348:43:348:43:348:Infinity":35,"b:349:23:349:49:349:49:349:Infinity":36,"b:350:19:350:42:350:42:350:Infinity":37,"b:351:30:351:63:351:63:351:Infinity":38,"b:352:29:352:61:352:61:352:Infinity":39,"b:363:2:363:Infinity:undefined:undefined:undefined:undefined":40,"s:363:2:363:Infinity":78,"s:363:13:363:Infinity":79,"s:364:2:364:Infinity":80,"f:367:22:367:43":8,"b:368:2:371:Infinity:undefined:undefined:undefined:undefined":41,"s:368:2:371:Infinity":81,"s:369:4:369:Infinity":82,"s:370:4:370:Infinity":83,"s:373:26:377:Infinity":84,"b:379:2:379:Infinity:undefined:undefined:undefined:undefined":42,"s:379:2:379:Infinity":85,"b:379:6:379:15:379:15:379:42":43,"s:379:42:379:Infinity":86,"s:380:2:380:Infinity":87,"f:383:22:383:42":9,"b:383:65:383:69":44,"s:384:17:384:Infinity":88,"b:384:17:384:29:384:29:384:Infinity":45,"b:385:2:388:Infinity:undefined:undefined:undefined:undefined":46,"s:385:2:388:Infinity":89,"s:386:4:386:Infinity":90,"s:387:4:387:Infinity":91,"s:390:26:394:Infinity":92,"b:396:2:396:Infinity:undefined:undefined:undefined:undefined":47,"s:396:2:396:Infinity":93,"s:396:13:396:Infinity":94,"s:397:2:397:Infinity":95,"f:401:16:401:36":10,"b:402:2:404:Infinity:undefined:undefined:undefined:undefined":48,"s:402:2:404:Infinity":96,"s:403:4:403:Infinity":97,"b:405:2:407:Infinity:undefined:undefined:undefined:undefined":49,"s:405:2:407:Infinity":98,"s:406:4:406:Infinity":99,"s:408:2:408:Infinity":100}}}
,"/Users/matt/Documents/projects/mc-thebetabase/src/components/ai-elements/mermaid-diagram.tsx": {"path":"/Users/matt/Documents/projects/mc-thebetabase/src/components/ai-elements/mermaid-diagram.tsx","statementMap":{"0":{"start":{"line":34,"column":23},"end":{"line":105,"column":null}},"1":{"start":{"line":108,"column":25},"end":{"line":112,"column":null}},"2":{"start":{"line":120,"column":20},"end":{"line":120,"column":null}},"3":{"start":{"line":123,"column":2},"end":{"line":125,"column":null}},"4":{"start":{"line":124,"column":4},"end":{"line":124,"column":null}},"5":{"start":{"line":128,"column":17},"end":{"line":128,"column":null}},"6":{"start":{"line":129,"column":14},"end":{"line":129,"column":null}},"7":{"start":{"line":130,"column":21},"end":{"line":130,"column":null}},"8":{"start":{"line":133,"column":21},"end":{"line":133,"column":null}},"9":{"start":{"line":134,"column":2},"end":{"line":137,"column":null}},"10":{"start":{"line":135,"column":4},"end":{"line":135,"column":null}},"11":{"start":{"line":136,"column":4},"end":{"line":136,"column":null}},"12":{"start":{"line":140,"column":23},"end":{"line":140,"column":null}},"13":{"start":{"line":141,"column":2},"end":{"line":141,"column":null}},"14":{"start":{"line":160,"column":8},"end":{"line":160,"column":null}},"15":{"start":{"line":161,"column":24},"end":{"line":161,"column":null}},"16":{"start":{"line":162,"column":32},"end":{"line":162,"column":null}},"17":{"start":{"line":163,"column":34},"end":{"line":163,"column":null}},"18":{"start":{"line":164,"column":22},"end":{"line":164,"column":null}},"19":{"start":{"line":165,"column":44},"end":{"line":165,"column":null}},"20":{"start":{"line":166,"column":38},"end":{"line":166,"column":null}},"21":{"start":{"line":167,"column":8},"end":{"line":167,"column":null}},"22":{"start":{"line":168,"column":8},"end":{"line":168,"column":null}},"23":{"start":{"line":170,"column":2},"end":{"line":213,"column":null}},"24":{"start":{"line":171,"column":20},"end":{"line":171,"column":null}},"25":{"start":{"line":174,"column":6},"end":{"line":177,"column":null}},"26":{"start":{"line":175,"column":8},"end":{"line":175,"column":null}},"27":{"start":{"line":176,"column":8},"end":{"line":176,"column":null}},"28":{"start":{"line":179,"column":6},"end":{"line":205,"column":null}},"29":{"start":{"line":181,"column":14},"end":{"line":181,"column":null}},"30":{"start":{"line":184,"column":8},"end":{"line":184,"column":null}},"31":{"start":{"line":187,"column":37},"end":{"line":190,"column":null}},"32":{"start":{"line":192,"column":8},"end":{"line":198,"column":null}},"33":{"start":{"line":194,"column":10},"end":{"line":194,"column":null}},"34":{"start":{"line":195,"column":10},"end":{"line":195,"column":null}},"35":{"start":{"line":196,"column":10},"end":{"line":196,"column":null}},"36":{"start":{"line":197,"column":10},"end":{"line":197,"column":null}},"37":{"start":{"line":200,"column":8},"end":{"line":200,"column":null}},"38":{"start":{"line":201,"column":8},"end":{"line":204,"column":null}},"39":{"start":{"line":202,"column":10},"end":{"line":202,"column":null}},"40":{"start":{"line":203,"column":10},"end":{"line":203,"column":null}},"41":{"start":{"line":208,"column":4},"end":{"line":208,"column":null}},"42":{"start":{"line":210,"column":4},"end":{"line":212,"column":null}},"43":{"start":{"line":211,"column":6},"end":{"line":211,"column":null}},"44":{"start":{"line":216,"column":8},"end":{"line":257,"column":null}},"45":{"start":{"line":217,"column":4},"end":{"line":219,"column":null}},"46":{"start":{"line":218,"column":6},"end":{"line":218,"column":null}},"47":{"start":{"line":220,"column":4},"end":{"line":220,"column":null}},"48":{"start":{"line":222,"column":4},"end":{"line":256,"column":null}},"49":{"start":{"line":223,"column":26},"end":{"line":223,"column":null}},"50":{"start":{"line":224,"column":23},"end":{"line":232,"column":null}},"51":{"start":{"line":234,"column":6},"end":{"line":237,"column":null}},"52":{"start":{"line":235,"column":26},"end":{"line":235,"column":null}},"53":{"start":{"line":236,"column":8},"end":{"line":236,"column":null}},"54":{"start":{"line":239,"column":21},"end":{"line":239,"column":null}},"55":{"start":{"line":241,"column":6},"end":{"line":249,"column":null}},"56":{"start":{"line":242,"column":8},"end":{"line":246,"column":null}},"57":{"start":{"line":248,"column":8},"end":{"line":248,"column":null}},"58":{"start":{"line":251,"column":6},"end":{"line":251,"column":null}},"59":{"start":{"line":252,"column":6},"end":{"line":255,"column":null}},"60":{"start":{"line":260,"column":2},"end":{"line":272,"column":null}},"61":{"start":{"line":261,"column":4},"end":{"line":271,"column":null}},"62":{"start":{"line":268,"column":6},"end":{"line":268,"column":null}},"63":{"start":{"line":270,"column":6},"end":{"line":270,"column":null}},"64":{"start":{"line":274,"column":24},"end":{"line":286,"column":null}},"65":{"start":{"line":275,"column":4},"end":{"line":285,"column":null}},"66":{"start":{"line":277,"column":6},"end":{"line":277,"column":null}},"67":{"start":{"line":278,"column":4},"end":{"line":285,"column":null}},"68":{"start":{"line":280,"column":6},"end":{"line":280,"column":null}},"69":{"start":{"line":282,"column":6},"end":{"line":284,"column":null}},"70":{"start":{"line":283,"column":8},"end":{"line":283,"column":null}},"71":{"start":{"line":289,"column":8},"end":{"line":296,"column":null}},"72":{"start":{"line":290,"column":4},"end":{"line":295,"column":null}},"73":{"start":{"line":291,"column":19},"end":{"line":291,"column":null}},"74":{"start":{"line":292,"column":6},"end":{"line":292,"column":null}},"75":{"start":{"line":293,"column":6},"end":{"line":293,"column":null}},"76":{"start":{"line":294,"column":6},"end":{"line":294,"column":null}},"77":{"start":{"line":299,"column":17},"end":{"line":299,"column":null}},"78":{"start":{"line":299,"column":23},"end":{"line":299,"column":null}},"79":{"start":{"line":299,"column":38},"end":{"line":299,"column":59}},"80":{"start":{"line":300,"column":18},"end":{"line":300,"column":null}},"81":{"start":{"line":300,"column":24},"end":{"line":300,"column":null}},"82":{"start":{"line":300,"column":39},"end":{"line":300,"column":62}},"83":{"start":{"line":301,"column":24},"end":{"line":301,"column":null}},"84":{"start":{"line":301,"column":30},"end":{"line":301,"column":null}},"85":{"start":{"line":304,"column":2},"end":{"line":317,"column":null}},"86":{"start":{"line":305,"column":4},"end":{"line":315,"column":null}},"87":{"start":{"line":320,"column":2},"end":{"line":332,"column":null}},"88":{"start":{"line":321,"column":4},"end":{"line":330,"column":null}},"89":{"start":{"line":335,"column":2},"end":{"line":484,"column":null}},"90":{"start":{"line":457,"column":20},"end":{"line":457,"column":null}},"91":{"start":{"line":458,"column":20},"end":{"line":458,"column":null}},"92":{"start":{"line":459,"column":20},"end":{"line":459,"column":null}},"93":{"start":{"line":492,"column":20},"end":{"line":492,"column":null}},"94":{"start":{"line":494,"column":2},"end":{"line":494,"column":null}},"95":{"start":{"line":494,"column":45},"end":{"line":494,"column":null}},"96":{"start":{"line":495,"column":2},"end":{"line":495,"column":null}},"97":{"start":{"line":495,"column":39},"end":{"line":495,"column":null}},"98":{"start":{"line":496,"column":2},"end":{"line":496,"column":null}},"99":{"start":{"line":496,"column":72},"end":{"line":496,"column":null}},"100":{"start":{"line":497,"column":2},"end":{"line":497,"column":null}},"101":{"start":{"line":497,"column":72},"end":{"line":497,"column":null}},"102":{"start":{"line":498,"column":2},"end":{"line":498,"column":null}},"103":{"start":{"line":498,"column":42},"end":{"line":498,"column":null}},"104":{"start":{"line":499,"column":2},"end":{"line":499,"column":null}},"105":{"start":{"line":499,"column":35},"end":{"line":499,"column":null}},"106":{"start":{"line":502,"column":2},"end":{"line":502,"column":null}}},"fnMap":{"0":{"name":"setSanitizedSvgContent","decl":{"start":{"line":118,"column":9},"end":{"line":118,"column":32}},"loc":{"start":{"line":118,"column":82},"end":{"line":142,"column":null}},"line":118},"1":{"name":"MermaidDiagram","decl":{"start":{"line":154,"column":16},"end":{"line":154,"column":31}},"loc":{"start":{"line":159,"column":24},"end":{"line":486,"column":null}},"line":159},"2":{"name":"(anonymous_2)","decl":{"start":{"line":170,"column":12},"end":{"line":170,"column":18}},"loc":{"start":{"line":170,"column":18},"end":{"line":213,"column":5}},"line":170},"3":{"name":"renderDiagram","decl":{"start":{"line":173,"column":19},"end":{"line":173,"column":35}},"loc":{"start":{"line":173,"column":35},"end":{"line":206,"column":null}},"line":173},"4":{"name":"(anonymous_4)","decl":{"start":{"line":210,"column":11},"end":{"line":210,"column":17}},"loc":{"start":{"line":210,"column":17},"end":{"line":212,"column":null}},"line":210},"5":{"name":"(anonymous_5)","decl":{"start":{"line":216,"column":49},"end":{"line":216,"column":61}},"loc":{"start":{"line":216,"column":61},"end":{"line":257,"column":5}},"line":216},"6":{"name":"(anonymous_6)","decl":{"start":{"line":260,"column":12},"end":{"line":260,"column":18}},"loc":{"start":{"line":260,"column":18},"end":{"line":272,"column":5}},"line":260},"7":{"name":"(anonymous_7)","decl":{"start":{"line":274,"column":24},"end":{"line":274,"column":30}},"loc":{"start":{"line":274,"column":30},"end":{"line":286,"column":null}},"line":274},"8":{"name":"(anonymous_8)","decl":{"start":{"line":289,"column":38},"end":{"line":289,"column":44}},"loc":{"start":{"line":289,"column":44},"end":{"line":296,"column":5}},"line":289},"9":{"name":"(anonymous_9)","decl":{"start":{"line":299,"column":17},"end":{"line":299,"column":23}},"loc":{"start":{"line":299,"column":23},"end":{"line":299,"column":null}},"line":299},"10":{"name":"(anonymous_10)","decl":{"start":{"line":299,"column":31},"end":{"line":299,"column":32}},"loc":{"start":{"line":299,"column":38},"end":{"line":299,"column":59}},"line":299},"11":{"name":"(anonymous_11)","decl":{"start":{"line":300,"column":18},"end":{"line":300,"column":24}},"loc":{"start":{"line":300,"column":24},"end":{"line":300,"column":null}},"line":300},"12":{"name":"(anonymous_12)","decl":{"start":{"line":300,"column":32},"end":{"line":300,"column":33}},"loc":{"start":{"line":300,"column":39},"end":{"line":300,"column":62}},"line":300},"13":{"name":"(anonymous_13)","decl":{"start":{"line":301,"column":24},"end":{"line":301,"column":30}},"loc":{"start":{"line":301,"column":30},"end":{"line":301,"column":null}},"line":301},"14":{"name":"(anonymous_14)","decl":{"start":{"line":456,"column":27},"end":{"line":456,"column":33}},"loc":{"start":{"line":456,"column":33},"end":{"line":460,"column":null}},"line":456},"15":{"name":"detectDiagramType","decl":{"start":{"line":491,"column":16},"end":{"line":491,"column":34}},"loc":{"start":{"line":491,"column":74},"end":{"line":503,"column":null}},"line":491}},"branchMap":{"0":{"loc":{"start":{"line":134,"column":2},"end":{"line":137,"column":null}},"type":"if","locations":[{"start":{"line":134,"column":2},"end":{"line":137,"column":null}},{"start":{},"end":{}}],"line":134},"1":{"loc":{"start":{"line":158,"column":2},"end":{"line":158,"column":null}},"type":"default-arg","locations":[{"start":{"line":158,"column":21},"end":{"line":158,"column":null}}],"line":158},"2":{"loc":{"start":{"line":174,"column":6},"end":{"line":177,"column":null}},"type":"if","locations":[{"start":{"line":174,"column":6},"end":{"line":177,"column":null}},{"start":{},"end":{}}],"line":174},"3":{"loc":{"start":{"line":174,"column":10},"end":{"line":174,"column":49}},"type":"binary-expr","locations":[{"start":{"line":174,"column":10},"end":{"line":174,"column":26}},{"start":{"line":174,"column":26},"end":{"line":174,"column":49}}],"line":174},"4":{"loc":{"start":{"line":192,"column":8},"end":{"line":198,"column":null}},"type":"if","locations":[{"start":{"line":192,"column":8},"end":{"line":198,"column":null}},{"start":{},"end":{}}],"line":192},"5":{"loc":{"start":{"line":192,"column":12},"end":{"line":192,"column":47}},"type":"binary-expr","locations":[{"start":{"line":192,"column":12},"end":{"line":192,"column":25}},{"start":{"line":192,"column":25},"end":{"line":192,"column":47}}],"line":192},"6":{"loc":{"start":{"line":201,"column":8},"end":{"line":204,"column":null}},"type":"if","locations":[{"start":{"line":201,"column":8},"end":{"line":204,"column":null}},{"start":{},"end":{}}],"line":201},"7":{"loc":{"start":{"line":202,"column":19},"end":{"line":202,"column":82}},"type":"cond-expr","locations":[{"start":{"line":202,"column":42},"end":{"line":202,"column":56}},{"start":{"line":202,"column":56},"end":{"line":202,"column":82}}],"line":202},"8":{"loc":{"start":{"line":217,"column":4},"end":{"line":219,"column":null}},"type":"if","locations":[{"start":{"line":217,"column":4},"end":{"line":219,"column":null}},{"start":{},"end":{}}],"line":217},"9":{"loc":{"start":{"line":217,"column":8},"end":{"line":217,"column":77}},"type":"binary-expr","locations":[{"start":{"line":217,"column":8},"end":{"line":217,"column":46}},{"start":{"line":217,"column":46},"end":{"line":217,"column":77}}],"line":217},"10":{"loc":{"start":{"line":234,"column":6},"end":{"line":237,"column":null}},"type":"if","locations":[{"start":{"line":234,"column":6},"end":{"line":237,"column":null}},{"start":{},"end":{}}],"line":234},"11":{"loc":{"start":{"line":236,"column":24},"end":{"line":236,"column":71}},"type":"binary-expr","locations":[{"start":{"line":236,"column":24},"end":{"line":236,"column":43}},{"start":{"line":236,"column":43},"end":{"line":236,"column":71}}],"line":236},"12":{"loc":{"start":{"line":241,"column":6},"end":{"line":249,"column":null}},"type":"if","locations":[{"start":{"line":241,"column":6},"end":{"line":249,"column":null}},{"start":{"line":247,"column":13},"end":{"line":249,"column":null}}],"line":241},"13":{"loc":{"start":{"line":241,"column":10},"end":{"line":241,"column":42}},"type":"binary-expr","locations":[{"start":{"line":241,"column":10},"end":{"line":241,"column":28}},{"start":{"line":241,"column":28},"end":{"line":241,"column":42}}],"line":241},"14":{"loc":{"start":{"line":254,"column":15},"end":{"line":254,"column":null}},"type":"cond-expr","locations":[{"start":{"line":254,"column":38},"end":{"line":254,"column":52}},{"start":{"line":254,"column":52},"end":{"line":254,"column":null}}],"line":254},"15":{"loc":{"start":{"line":261,"column":4},"end":{"line":271,"column":null}},"type":"if","locations":[{"start":{"line":261,"column":4},"end":{"line":271,"column":null}},{"start":{},"end":{}}],"line":261},"16":{"loc":{"start":{"line":262,"column":6},"end":{"line":266,"column":null}},"type":"binary-expr","locations":[{"start":{"line":262,"column":6},"end":{"line":262,"column":null}},{"start":{"line":263,"column":6},"end":{"line":263,"column":null}},{"start":{"line":264,"column":6},"end":{"line":264,"column":null}},{"start":{"line":265,"column":6},"end":{"line":265,"column":null}},{"start":{"line":266,"column":6},"end":{"line":266,"column":null}}],"line":262},"17":{"loc":{"start":{"line":275,"column":4},"end":{"line":285,"column":null}},"type":"if","locations":[{"start":{"line":275,"column":4},"end":{"line":285,"column":null}},{"start":{"line":278,"column":4},"end":{"line":285,"column":null}}],"line":275},"18":{"loc":{"start":{"line":278,"column":4},"end":{"line":285,"column":null}},"type":"if","locations":[{"start":{"line":278,"column":4},"end":{"line":285,"column":null}},{"start":{},"end":{}}],"line":278},"19":{"loc":{"start":{"line":282,"column":6},"end":{"line":284,"column":null}},"type":"if","locations":[{"start":{"line":282,"column":6},"end":{"line":284,"column":null}},{"start":{},"end":{}}],"line":282},"20":{"loc":{"start":{"line":290,"column":4},"end":{"line":295,"column":null}},"type":"if","locations":[{"start":{"line":290,"column":4},"end":{"line":295,"column":null}},{"start":{},"end":{}}],"line":290},"21":{"loc":{"start":{"line":290,"column":8},"end":{"line":290,"column":60}},"type":"binary-expr","locations":[{"start":{"line":290,"column":8},"end":{"line":290,"column":34}},{"start":{"line":290,"column":34},"end":{"line":290,"column":60}}],"line":290},"22":{"loc":{"start":{"line":304,"column":2},"end":{"line":317,"column":null}},"type":"if","locations":[{"start":{"line":304,"column":2},"end":{"line":317,"column":null}},{"start":{},"end":{}}],"line":304},"23":{"loc":{"start":{"line":320,"column":2},"end":{"line":332,"column":null}},"type":"if","locations":[{"start":{"line":320,"column":2},"end":{"line":332,"column":null}},{"start":{},"end":{}}],"line":320},"24":{"loc":{"start":{"line":345,"column":6},"end":{"line":377,"column":null}},"type":"binary-expr","locations":[{"start":{"line":348,"column":8},"end":{"line":348,"column":21}},{"start":{"line":348,"column":21},"end":{"line":348,"column":42}},{"start":{"line":348,"column":42},"end":{"line":348,"column":59}},{"start":{"line":348,"column":59},"end":{"line":348,"column":null}},{"start":{"line":349,"column":8},"end":{"line":377,"column":null}}],"line":345},"25":{"loc":{"start":{"line":356,"column":12},"end":{"line":356,"column":null}},"type":"cond-expr","locations":[{"start":{"line":356,"column":49},"end":{"line":356,"column":76}},{"start":{"line":356,"column":76},"end":{"line":356,"column":null}}],"line":356},"26":{"loc":{"start":{"line":359,"column":11},"end":{"line":363,"column":null}},"type":"binary-expr","locations":[{"start":{"line":359,"column":11},"end":{"line":359,"column":null}},{"start":{"line":360,"column":12},"end":{"line":363,"column":null}}],"line":359},"27":{"loc":{"start":{"line":365,"column":11},"end":{"line":369,"column":null}},"type":"binary-expr","locations":[{"start":{"line":365,"column":11},"end":{"line":365,"column":null}},{"start":{"line":366,"column":12},"end":{"line":369,"column":null}}],"line":365},"28":{"loc":{"start":{"line":371,"column":11},"end":{"line":375,"column":null}},"type":"binary-expr","locations":[{"start":{"line":371,"column":11},"end":{"line":371,"column":null}},{"start":{"line":372,"column":12},"end":{"line":375,"column":null}}],"line":371},"29":{"loc":{"start":{"line":381,"column":7},"end":{"line":482,"column":null}},"type":"binary-expr","locations":[{"start":{"line":381,"column":7},"end":{"line":381,"column":null}},{"start":{"line":382,"column":8},"end":{"line":482,"column":null}}],"line":381},"30":{"loc":{"start":{"line":397,"column":15},"end":{"line":426,"column":null}},"type":"binary-expr","locations":[{"start":{"line":397,"column":15},"end":{"line":397,"column":null}},{"start":{"line":398,"column":16},"end":{"line":426,"column":null}}],"line":397},"31":{"loc":{"start":{"line":441,"column":13},"end":{"line":445,"column":null}},"type":"binary-expr","locations":[{"start":{"line":441,"column":13},"end":{"line":441,"column":null}},{"start":{"line":442,"column":14},"end":{"line":445,"column":null}}],"line":441},"32":{"loc":{"start":{"line":448,"column":13},"end":{"line":466,"column":null}},"type":"binary-expr","locations":[{"start":{"line":448,"column":13},"end":{"line":448,"column":null}},{"start":{"line":449,"column":14},"end":{"line":466,"column":null}}],"line":448},"33":{"loc":{"start":{"line":469,"column":13},"end":{"line":479,"column":null}},"type":"binary-expr","locations":[{"start":{"line":469,"column":13},"end":{"line":469,"column":46}},{"start":{"line":469,"column":46},"end":{"line":469,"column":null}},{"start":{"line":470,"column":14},"end":{"line":479,"column":null}}],"line":469},"34":{"loc":{"start":{"line":494,"column":2},"end":{"line":494,"column":null}},"type":"if","locations":[{"start":{"line":494,"column":2},"end":{"line":494,"column":null}},{"start":{},"end":{}}],"line":494},"35":{"loc":{"start":{"line":495,"column":2},"end":{"line":495,"column":null}},"type":"if","locations":[{"start":{"line":495,"column":2},"end":{"line":495,"column":null}},{"start":{},"end":{}}],"line":495},"36":{"loc":{"start":{"line":496,"column":2},"end":{"line":496,"column":null}},"type":"if","locations":[{"start":{"line":496,"column":2},"end":{"line":496,"column":null}},{"start":{},"end":{}}],"line":496},"37":{"loc":{"start":{"line":496,"column":6},"end":{"line":496,"column":72}},"type":"binary-expr","locations":[{"start":{"line":496,"column":6},"end":{"line":496,"column":40}},{"start":{"line":496,"column":40},"end":{"line":496,"column":72}}],"line":496},"38":{"loc":{"start":{"line":497,"column":2},"end":{"line":497,"column":null}},"type":"if","locations":[{"start":{"line":497,"column":2},"end":{"line":497,"column":null}},{"start":{},"end":{}}],"line":497},"39":{"loc":{"start":{"line":497,"column":6},"end":{"line":497,"column":72}},"type":"binary-expr","locations":[{"start":{"line":497,"column":6},"end":{"line":497,"column":40}},{"start":{"line":497,"column":40},"end":{"line":497,"column":72}}],"line":497},"40":{"loc":{"start":{"line":498,"column":2},"end":{"line":498,"column":null}},"type":"if","locations":[{"start":{"line":498,"column":2},"end":{"line":498,"column":null}},{"start":{},"end":{}}],"line":498},"41":{"loc":{"start":{"line":499,"column":2},"end":{"line":499,"column":null}},"type":"if","locations":[{"start":{"line":499,"column":2},"end":{"line":499,"column":null}},{"start":{},"end":{}}],"line":499}},"s":{"0":1,"1":1,"2":0,"3":0,"4":0,"5":0,"6":0,"7":0,"8":0,"9":0,"10":0,"11":0,"12":0,"13":0,"14":0,"15":0,"16":0,"17":0,"18":0,"19":0,"20":0,"21":0,"22":0,"23":0,"24":0,"25":0,"26":0,"27":0,"28":0,"29":0,"30":0,"31":0,"32":0,"33":0,"34":0,"35":0,"36":0,"37":0,"38":0,"39":0,"40":0,"41":0,"42":0,"43":0,"44":0,"45":0,"46":0,"47":0,"48":0,"49":0,"50":0,"51":0,"52":0,"53":0,"54":0,"55":0,"56":0,"57":0,"58":0,"59":0,"60":0,"61":0,"62":0,"63":0,"64":0,"65":0,"66":0,"67":0,"68":0,"69":0,"70":0,"71":0,"72":0,"73":0,"74":0,"75":0,"76":0,"77":0,"78":0,"79":0,"80":0,"81":0,"82":0,"83":0,"84":0,"85":0,"86":0,"87":0,"88":0,"89":0,"90":0,"91":0,"92":0,"93":10,"94":10,"95":1,"96":9,"97":3,"98":6,"99":1,"100":5,"101":1,"102":4,"103":1,"104":3,"105":1,"106":2},"f":{"0":0,"1":0,"2":0,"3":0,"4":0,"5":0,"6":0,"7":0,"8":0,"9":0,"10":0,"11":0,"12":0,"13":0,"14":0,"15":10},"b":{"0":[0,0],"1":[0],"2":[0,0],"3":[0,0],"4":[0,0],"5":[0,0],"6":[0,0],"7":[0,0],"8":[0,0],"9":[0,0],"10":[0,0],"11":[0,0],"12":[0,0],"13":[0,0],"14":[0,0],"15":[0,0],"16":[0,0,0,0,0],"17":[0,0],"18":[0,0],"19":[0,0],"20":[0,0],"21":[0,0],"22":[0,0],"23":[0,0],"24":[0,0,0,0,0],"25":[0,0],"26":[0,0],"27":[0,0],"28":[0,0],"29":[0,0],"30":[0,0],"31":[0,0],"32":[0,0],"33":[0,0,0],"34":[1,9],"35":[3,6],"36":[1,5],"37":[6,5],"38":[1,4],"39":[5,4],"40":[1,3],"41":[1,2]},"meta":{"lastBranch":42,"lastFunction":16,"lastStatement":107,"seen":{"s:34:23:105:Infinity":0,"s:108:25:112:Infinity":1,"f:118:9:118:32":0,"s:120:20:120:Infinity":2,"s:123:2:125:Infinity":3,"s:124:4:124:Infinity":4,"s:128:17:128:Infinity":5,"s:129:14:129:Infinity":6,"s:130:21:130:Infinity":7,"s:133:21:133:Infinity":8,"b:134:2:137:Infinity:undefined:undefined:undefined:undefined":0,"s:134:2:137:Infinity":9,"s:135:4:135:Infinity":10,"s:136:4:136:Infinity":11,"s:140:23:140:Infinity":12,"s:141:2:141:Infinity":13,"f:154:16:154:31":1,"b:158:21:158:Infinity":1,"s:160:8:160:Infinity":14,"s:161:24:161:Infinity":15,"s:162:32:162:Infinity":16,"s:163:34:163:Infinity":17,"s:164:22:164:Infinity":18,"s:165:44:165:Infinity":19,"s:166:38:166:Infinity":20,"s:167:8:167:Infinity":21,"s:168:8:168:Infinity":22,"s:170:2:213:Infinity":23,"f:170:12:170:18":2,"s:171:20:171:Infinity":24,"f:173:19:173:35":3,"b:174:6:177:Infinity:undefined:undefined:undefined:undefined":2,"s:174:6:177:Infinity":25,"b:174:10:174:26:174:26:174:49":3,"s:175:8:175:Infinity":26,"s:176:8:176:Infinity":27,"s:179:6:205:Infinity":28,"s:181:14:181:Infinity":29,"s:184:8:184:Infinity":30,"s:187:37:190:Infinity":31,"b:192:8:198:Infinity:undefined:undefined:undefined:undefined":4,"s:192:8:198:Infinity":32,"b:192:12:192:25:192:25:192:47":5,"s:194:10:194:Infinity":33,"s:195:10:195:Infinity":34,"s:196:10:196:Infinity":35,"s:197:10:197:Infinity":36,"s:200:8:200:Infinity":37,"b:201:8:204:Infinity:undefined:undefined:undefined:undefined":6,"s:201:8:204:Infinity":38,"s:202:10:202:Infinity":39,"b:202:42:202:56:202:56:202:82":7,"s:203:10:203:Infinity":40,"s:208:4:208:Infinity":41,"s:210:4:212:Infinity":42,"f:210:11:210:17":4,"s:211:6:211:Infinity":43,"s:216:8:257:Infinity":44,"f:216:49:216:61":5,"b:217:4:219:Infinity:undefined:undefined:undefined:undefined":8,"s:217:4:219:Infinity":45,"b:217:8:217:46:217:46:217:77":9,"s:218:6:218:Infinity":46,"s:220:4:220:Infinity":47,"s:222:4:256:Infinity":48,"s:223:26:223:Infinity":49,"s:224:23:232:Infinity":50,"b:234:6:237:Infinity:undefined:undefined:undefined:undefined":10,"s:234:6:237:Infinity":51,"s:235:26:235:Infinity":52,"s:236:8:236:Infinity":53,"b:236:24:236:43:236:43:236:71":11,"s:239:21:239:Infinity":54,"b:241:6:249:Infinity:247:13:249:Infinity":12,"s:241:6:249:Infinity":55,"b:241:10:241:28:241:28:241:42":13,"s:242:8:246:Infinity":56,"s:248:8:248:Infinity":57,"s:251:6:251:Infinity":58,"s:252:6:255:Infinity":59,"b:254:38:254:52:254:52:254:Infinity":14,"s:260:2:272:Infinity":60,"f:260:12:260:18":6,"b:261:4:271:Infinity:undefined:undefined:undefined:undefined":15,"s:261:4:271:Infinity":61,"b:262:6:262:Infinity:263:6:263:Infinity:264:6:264:Infinity:265:6:265:Infinity:266:6:266:Infinity":16,"s:268:6:268:Infinity":62,"s:270:6:270:Infinity":63,"s:274:24:286:Infinity":64,"f:274:24:274:30":7,"b:275:4:285:Infinity:278:4:285:Infinity":17,"s:275:4:285:Infinity":65,"s:277:6:277:Infinity":66,"b:278:4:285:Infinity:undefined:undefined:undefined:undefined":18,"s:278:4:285:Infinity":67,"s:280:6:280:Infinity":68,"b:282:6:284:Infinity:undefined:undefined:undefined:undefined":19,"s:282:6:284:Infinity":69,"s:283:8:283:Infinity":70,"s:289:8:296:Infinity":71,"f:289:38:289:44":8,"b:290:4:295:Infinity:undefined:undefined:undefined:undefined":20,"s:290:4:295:Infinity":72,"b:290:8:290:34:290:34:290:60":21,"s:291:19:291:Infinity":73,"s:292:6:292:Infinity":74,"s:293:6:293:Infinity":75,"s:294:6:294:Infinity":76,"s:299:17:299:Infinity":77,"f:299:17:299:23":9,"s:299:23:299:Infinity":78,"f:299:31:299:32":10,"s:299:38:299:59":79,"s:300:18:300:Infinity":80,"f:300:18:300:24":11,"s:300:24:300:Infinity":81,"f:300:32:300:33":12,"s:300:39:300:62":82,"s:301:24:301:Infinity":83,"f:301:24:301:30":13,"s:301:30:301:Infinity":84,"b:304:2:317:Infinity:undefined:undefined:undefined:undefined":22,"s:304:2:317:Infinity":85,"s:305:4:315:Infinity":86,"b:320:2:332:Infinity:undefined:undefined:undefined:undefined":23,"s:320:2:332:Infinity":87,"s:321:4:330:Infinity":88,"s:335:2:484:Infinity":89,"b:348:8:348:21:348:21:348:42:348:42:348:59:348:59:348:Infinity:349:8:377:Infinity":24,"b:356:49:356:76:356:76:356:Infinity":25,"b:359:11:359:Infinity:360:12:363:Infinity":26,"b:365:11:365:Infinity:366:12:369:Infinity":27,"b:371:11:371:Infinity:372:12:375:Infinity":28,"b:381:7:381:Infinity:382:8:482:Infinity":29,"b:397:15:397:Infinity:398:16:426:Infinity":30,"b:441:13:441:Infinity:442:14:445:Infinity":31,"b:448:13:448:Infinity:449:14:466:Infinity":32,"f:456:27:456:33":14,"s:457:20:457:Infinity":90,"s:458:20:458:Infinity":91,"s:459:20:459:Infinity":92,"b:469:13:469:46:469:46:469:Infinity:470:14:479:Infinity":33,"f:491:16:491:34":15,"s:492:20:492:Infinity":93,"b:494:2:494:Infinity:undefined:undefined:undefined:undefined":34,"s:494:2:494:Infinity":94,"s:494:45:494:Infinity":95,"b:495:2:495:Infinity:undefined:undefined:undefined:undefined":35,"s:495:2:495:Infinity":96,"s:495:39:495:Infinity":97,"b:496:2:496:Infinity:undefined:undefined:undefined:undefined":36,"s:496:2:496:Infinity":98,"b:496:6:496:40:496:40:496:72":37,"s:496:72:496:Infinity":99,"b:497:2:497:Infinity:undefined:undefined:undefined:undefined":38,"s:497:2:497:Infinity":100,"b:497:6:497:40:497:40:497:72":39,"s:497:72:497:Infinity":101,"b:498:2:498:Infinity:undefined:undefined:undefined:undefined":40,"s:498:2:498:Infinity":102,"s:498:42:498:Infinity":103,"b:499:2:499:Infinity:undefined:undefined:undefined:undefined":41,"s:499:2:499:Infinity":104,"s:499:35:499:Infinity":105,"s:502:2:502:Infinity":106}}}
,"/Users/matt/Documents/projects/mc-thebetabase/src/components/ai/demo-enhancements/DiagramOffer.tsx": {"path":"/Users/matt/Documents/projects/mc-thebetabase/src/components/ai/demo-enhancements/DiagramOffer.tsx","statementMap":{"0":{"start":{"line":29,"column":32},"end":{"line":29,"column":null}},"1":{"start":{"line":31,"column":2},"end":{"line":31,"column":null}},"2":{"start":{"line":33,"column":2},"end":{"line":36,"column":null}},"3":{"start":{"line":34,"column":4},"end":{"line":34,"column":null}},"4":{"start":{"line":35,"column":4},"end":{"line":35,"column":null}},"5":{"start":{"line":38,"column":2},"end":{"line":38,"column":null}},"6":{"start":{"line":40,"column":24},"end":{"line":44,"column":null}},"7":{"start":{"line":41,"column":4},"end":{"line":41,"column":null}},"8":{"start":{"line":42,"column":4},"end":{"line":42,"column":null}},"9":{"start":{"line":43,"column":4},"end":{"line":43,"column":null}},"10":{"start":{"line":46,"column":23},"end":{"line":54,"column":null}},"11":{"start":{"line":47,"column":4},"end":{"line":47,"column":null}},"12":{"start":{"line":48,"column":4},"end":{"line":48,"column":null}},"13":{"start":{"line":49,"column":4},"end":{"line":49,"column":null}},"14":{"start":{"line":50,"column":4},"end":{"line":53,"column":null}},"15":{"start":{"line":51,"column":6},"end":{"line":51,"column":null}},"16":{"start":{"line":52,"column":6},"end":{"line":52,"column":null}},"17":{"start":{"line":56,"column":2},"end":{"line":83,"column":null}},"18":{"start":{"line":88,"column":25},"end":{"line":117,"column":null}},"19":{"start":{"line":120,"column":25},"end":{"line":127,"column":null}},"20":{"start":{"line":135,"column":2},"end":{"line":135,"column":null}},"21":{"start":{"line":135,"column":40},"end":{"line":135,"column":null}},"22":{"start":{"line":137,"column":23},"end":{"line":137,"column":null}},"23":{"start":{"line":141,"column":4},"end":{"line":151,"column":null}},"24":{"start":{"line":153,"column":2},"end":{"line":156,"column":null}},"25":{"start":{"line":154,"column":4},"end":{"line":154,"column":null}},"26":{"start":{"line":155,"column":4},"end":{"line":155,"column":null}},"27":{"start":{"line":159,"column":25},"end":{"line":161,"column":null}},"28":{"start":{"line":160,"column":4},"end":{"line":160,"column":null}},"29":{"start":{"line":164,"column":25},"end":{"line":166,"column":null}},"30":{"start":{"line":165,"column":4},"end":{"line":165,"column":null}},"31":{"start":{"line":170,"column":2},"end":{"line":170,"column":null}},"32":{"start":{"line":187,"column":26},"end":{"line":187,"column":null}},"33":{"start":{"line":188,"column":34},"end":{"line":188,"column":null}},"34":{"start":{"line":189,"column":8},"end":{"line":189,"column":null}},"35":{"start":{"line":190,"column":8},"end":{"line":190,"column":null}},"36":{"start":{"line":193,"column":2},"end":{"line":203,"column":null}},"37":{"start":{"line":194,"column":4},"end":{"line":202,"column":null}},"38":{"start":{"line":195,"column":21},"end":{"line":195,"column":null}},"39":{"start":{"line":196,"column":6},"end":{"line":196,"column":null}},"40":{"start":{"line":199,"column":6},"end":{"line":201,"column":null}},"41":{"start":{"line":200,"column":8},"end":{"line":200,"column":null}},"42":{"start":{"line":205,"column":36},"end":{"line":229,"column":null}},"43":{"start":{"line":206,"column":4},"end":{"line":206,"column":null}},"44":{"start":{"line":206,"column":56},"end":{"line":206,"column":null}},"45":{"start":{"line":208,"column":4},"end":{"line":208,"column":null}},"46":{"start":{"line":209,"column":4},"end":{"line":209,"column":null}},"47":{"start":{"line":213,"column":4},"end":{"line":213,"column":null}},"48":{"start":{"line":215,"column":4},"end":{"line":228,"column":null}},"49":{"start":{"line":217,"column":6},"end":{"line":217,"column":null}},"50":{"start":{"line":217,"column":37},"end":{"line":217,"column":62}},"51":{"start":{"line":220,"column":6},"end":{"line":220,"column":null}},"52":{"start":{"line":222,"column":6},"end":{"line":222,"column":null}},"53":{"start":{"line":223,"column":6},"end":{"line":223,"column":null}},"54":{"start":{"line":225,"column":6},"end":{"line":225,"column":null}},"55":{"start":{"line":226,"column":6},"end":{"line":226,"column":null}},"56":{"start":{"line":227,"column":6},"end":{"line":227,"column":null}},"57":{"start":{"line":231,"column":22},"end":{"line":238,"column":null}},"58":{"start":{"line":233,"column":4},"end":{"line":237,"column":null}},"59":{"start":{"line":234,"column":6},"end":{"line":234,"column":null}},"60":{"start":{"line":235,"column":6},"end":{"line":235,"column":null}},"61":{"start":{"line":236,"column":6},"end":{"line":236,"column":null}},"62":{"start":{"line":240,"column":23},"end":{"line":243,"column":null}},"63":{"start":{"line":241,"column":4},"end":{"line":241,"column":null}},"64":{"start":{"line":242,"column":4},"end":{"line":242,"column":null}},"65":{"start":{"line":245,"column":16},"end":{"line":250,"column":null}},"66":{"start":{"line":246,"column":4},"end":{"line":246,"column":null}},"67":{"start":{"line":247,"column":4},"end":{"line":247,"column":null}},"68":{"start":{"line":248,"column":4},"end":{"line":248,"column":null}},"69":{"start":{"line":249,"column":4},"end":{"line":249,"column":null}},"70":{"start":{"line":252,"column":2},"end":{"line":271,"column":null}}},"fnMap":{"0":{"name":"DiagramOffer","decl":{"start":{"line":22,"column":16},"end":{"line":22,"column":29}},"loc":{"start":{"line":28,"column":22},"end":{"line":85,"column":null}},"line":28},"1":{"name":"(anonymous_1)","decl":{"start":{"line":40,"column":24},"end":{"line":40,"column":25}},"loc":{"start":{"line":40,"column":49},"end":{"line":44,"column":null}},"line":40},"2":{"name":"(anonymous_2)","decl":{"start":{"line":46,"column":23},"end":{"line":46,"column":24}},"loc":{"start":{"line":46,"column":48},"end":{"line":54,"column":null}},"line":46},"3":{"name":"shouldOfferDiagram","decl":{"start":{"line":133,"column":16},"end":{"line":133,"column":35}},"loc":{"start":{"line":133,"column":61},"end":{"line":171,"column":null}},"line":133},"4":{"name":"(anonymous_4)","decl":{"start":{"line":159,"column":49},"end":{"line":159,"column":null}},"loc":{"start":{"line":160,"column":4},"end":{"line":160,"column":null}},"line":160},"5":{"name":"(anonymous_5)","decl":{"start":{"line":164,"column":49},"end":{"line":164,"column":null}},"loc":{"start":{"line":165,"column":4},"end":{"line":165,"column":null}},"line":165},"6":{"name":"useDiagramOffer","decl":{"start":{"line":186,"column":16},"end":{"line":186,"column":32}},"loc":{"start":{"line":186,"column":70},"end":{"line":272,"column":null}},"line":186},"7":{"name":"(anonymous_7)","decl":{"start":{"line":193,"column":12},"end":{"line":193,"column":18}},"loc":{"start":{"line":193,"column":18},"end":{"line":203,"column":5}},"line":193},"8":{"name":"(anonymous_8)","decl":{"start":{"line":205,"column":36},"end":{"line":205,"column":48}},"loc":{"start":{"line":205,"column":48},"end":{"line":229,"column":null}},"line":205},"9":{"name":"(anonymous_9)","decl":{"start":{"line":217,"column":24},"end":{"line":217,"column":25}},"loc":{"start":{"line":217,"column":37},"end":{"line":217,"column":62}},"line":217},"10":{"name":"(anonymous_10)","decl":{"start":{"line":231,"column":22},"end":{"line":231,"column":28}},"loc":{"start":{"line":231,"column":28},"end":{"line":238,"column":null}},"line":231},"11":{"name":"(anonymous_11)","decl":{"start":{"line":240,"column":23},"end":{"line":240,"column":29}},"loc":{"start":{"line":240,"column":29},"end":{"line":243,"column":null}},"line":240},"12":{"name":"(anonymous_12)","decl":{"start":{"line":245,"column":16},"end":{"line":245,"column":22}},"loc":{"start":{"line":245,"column":22},"end":{"line":250,"column":null}},"line":245}},"branchMap":{"0":{"loc":{"start":{"line":33,"column":2},"end":{"line":36,"column":null}},"type":"if","locations":[{"start":{"line":33,"column":2},"end":{"line":36,"column":null}},{"start":{},"end":{}}],"line":33},"1":{"loc":{"start":{"line":33,"column":6},"end":{"line":33,"column":33}},"type":"binary-expr","locations":[{"start":{"line":33,"column":6},"end":{"line":33,"column":22}},{"start":{"line":33,"column":22},"end":{"line":33,"column":33}}],"line":33},"2":{"loc":{"start":{"line":50,"column":4},"end":{"line":53,"column":null}},"type":"if","locations":[{"start":{"line":50,"column":4},"end":{"line":53,"column":null}},{"start":{},"end":{}}],"line":50},"3":{"loc":{"start":{"line":50,"column":8},"end":{"line":50,"column":35}},"type":"binary-expr","locations":[{"start":{"line":50,"column":8},"end":{"line":50,"column":25}},{"start":{"line":50,"column":25},"end":{"line":50,"column":35}}],"line":50},"4":{"loc":{"start":{"line":63,"column":9},"end":{"line":71,"column":null}},"type":"cond-expr","locations":[{"start":{"line":64,"column":10},"end":{"line":67,"column":null}},{"start":{"line":68,"column":12},"end":{"line":71,"column":null}}],"line":63},"5":{"loc":{"start":{"line":68,"column":12},"end":{"line":71,"column":null}},"type":"cond-expr","locations":[{"start":{"line":69,"column":10},"end":{"line":69,"column":null}},{"start":{"line":71,"column":10},"end":{"line":71,"column":null}}],"line":68},"6":{"loc":{"start":{"line":74,"column":7},"end":{"line":81,"column":null}},"type":"binary-expr","locations":[{"start":{"line":74,"column":7},"end":{"line":74,"column":null}},{"start":{"line":75,"column":8},"end":{"line":81,"column":null}}],"line":74},"7":{"loc":{"start":{"line":135,"column":2},"end":{"line":135,"column":null}},"type":"if","locations":[{"start":{"line":135,"column":2},"end":{"line":135,"column":null}},{"start":{},"end":{}}],"line":135},"8":{"loc":{"start":{"line":135,"column":6},"end":{"line":135,"column":40}},"type":"binary-expr","locations":[{"start":{"line":135,"column":6},"end":{"line":135,"column":18}},{"start":{"line":135,"column":18},"end":{"line":135,"column":40}}],"line":135},"9":{"loc":{"start":{"line":141,"column":4},"end":{"line":151,"column":null}},"type":"binary-expr","locations":[{"start":{"line":141,"column":4},"end":{"line":141,"column":null}},{"start":{"line":142,"column":4},"end":{"line":142,"column":null}},{"start":{"line":143,"column":4},"end":{"line":143,"column":null}},{"start":{"line":144,"column":4},"end":{"line":144,"column":null}},{"start":{"line":145,"column":4},"end":{"line":145,"column":null}},{"start":{"line":146,"column":4},"end":{"line":146,"column":null}},{"start":{"line":147,"column":4},"end":{"line":147,"column":null}},{"start":{"line":148,"column":4},"end":{"line":148,"column":null}},{"start":{"line":149,"column":4},"end":{"line":149,"column":null}},{"start":{"line":150,"column":4},"end":{"line":150,"column":null}},{"start":{"line":151,"column":4},"end":{"line":151,"column":null}}],"line":141},"10":{"loc":{"start":{"line":153,"column":2},"end":{"line":156,"column":null}},"type":"if","locations":[{"start":{"line":153,"column":2},"end":{"line":156,"column":null}},{"start":{},"end":{}}],"line":153},"11":{"loc":{"start":{"line":170,"column":9},"end":{"line":170,"column":null}},"type":"binary-expr","locations":[{"start":{"line":170,"column":9},"end":{"line":170,"column":32}},{"start":{"line":170,"column":32},"end":{"line":170,"column":null}}],"line":170},"12":{"loc":{"start":{"line":186,"column":32},"end":{"line":186,"column":70}},"type":"default-arg","locations":[{"start":{"line":186,"column":66},"end":{"line":186,"column":70}}],"line":186},"13":{"loc":{"start":{"line":194,"column":4},"end":{"line":202,"column":null}},"type":"if","locations":[{"start":{"line":194,"column":4},"end":{"line":202,"column":null}},{"start":{},"end":{}}],"line":194},"14":{"loc":{"start":{"line":194,"column":8},"end":{"line":194,"column":55}},"type":"binary-expr","locations":[{"start":{"line":194,"column":8},"end":{"line":194,"column":27}},{"start":{"line":194,"column":27},"end":{"line":194,"column":55}}],"line":194},"15":{"loc":{"start":{"line":199,"column":6},"end":{"line":201,"column":null}},"type":"if","locations":[{"start":{"line":199,"column":6},"end":{"line":201,"column":null}},{"start":{},"end":{}}],"line":199},"16":{"loc":{"start":{"line":206,"column":4},"end":{"line":206,"column":null}},"type":"if","locations":[{"start":{"line":206,"column":4},"end":{"line":206,"column":null}},{"start":{},"end":{}}],"line":206},"17":{"loc":{"start":{"line":206,"column":8},"end":{"line":206,"column":56}},"type":"binary-expr","locations":[{"start":{"line":206,"column":8},"end":{"line":206,"column":37}},{"start":{"line":206,"column":37},"end":{"line":206,"column":56}}],"line":206},"18":{"loc":{"start":{"line":233,"column":4},"end":{"line":237,"column":null}},"type":"if","locations":[{"start":{"line":233,"column":4},"end":{"line":237,"column":null}},{"start":{},"end":{}}],"line":233},"19":{"loc":{"start":{"line":254,"column":17},"end":{"line":254,"column":null}},"type":"binary-expr","locations":[{"start":{"line":254,"column":17},"end":{"line":254,"column":31}},{"start":{"line":254,"column":31},"end":{"line":254,"column":57}},{"start":{"line":254,"column":57},"end":{"line":254,"column":null}}],"line":254}},"s":{"0":0,"1":0,"2":0,"3":0,"4":0,"5":0,"6":0,"7":0,"8":0,"9":0,"10":0,"11":0,"12":0,"13":0,"14":0,"15":0,"16":0,"17":0,"18":1,"19":1,"20":7,"21":1,"22":6,"23":6,"24":7,"25":2,"26":2,"27":4,"28":112,"29":4,"30":24,"31":4,"32":0,"33":0,"34":0,"35":0,"36":0,"37":0,"38":0,"39":0,"40":0,"41":0,"42":0,"43":0,"44":0,"45":0,"46":0,"47":0,"48":0,"49":0,"50":0,"51":0,"52":0,"53":0,"54":0,"55":0,"56":0,"57":0,"58":0,"59":0,"60":0,"61":0,"62":0,"63":0,"64":0,"65":0,"66":0,"67":0,"68":0,"69":0,"70":0},"f":{"0":0,"1":0,"2":0,"3":7,"4":112,"5":24,"6":0,"7":0,"8":0,"9":0,"10":0,"11":0,"12":0},"b":{"0":[0,0],"1":[0,0],"2":[0,0],"3":[0,0],"4":[0,0],"5":[0,0],"6":[0,0],"7":[1,6],"8":[7,7],"9":[6,5,5,5,5,5,5,5,5,5,5],"10":[2,5],"11":[4,1],"12":[0],"13":[0,0],"14":[0,0],"15":[0,0],"16":[0,0],"17":[0,0],"18":[0,0],"19":[0,0,0]},"meta":{"lastBranch":20,"lastFunction":13,"lastStatement":71,"seen":{"f:22:16:22:29":0,"s:29:32:29:Infinity":0,"s:31:2:31:Infinity":1,"b:33:2:36:Infinity:undefined:undefined:undefined:undefined":0,"s:33:2:36:Infinity":2,"b:33:6:33:22:33:22:33:33":1,"s:34:4:34:Infinity":3,"s:35:4:35:Infinity":4,"s:38:2:38:Infinity":5,"s:40:24:44:Infinity":6,"f:40:24:40:25":1,"s:41:4:41:Infinity":7,"s:42:4:42:Infinity":8,"s:43:4:43:Infinity":9,"s:46:23:54:Infinity":10,"f:46:23:46:24":2,"s:47:4:47:Infinity":11,"s:48:4:48:Infinity":12,"s:49:4:49:Infinity":13,"b:50:4:53:Infinity:undefined:undefined:undefined:undefined":2,"s:50:4:53:Infinity":14,"b:50:8:50:25:50:25:50:35":3,"s:51:6:51:Infinity":15,"s:52:6:52:Infinity":16,"s:56:2:83:Infinity":17,"b:64:10:67:Infinity:68:12:71:Infinity":4,"b:69:10:69:Infinity:71:10:71:Infinity":5,"b:74:7:74:Infinity:75:8:81:Infinity":6,"s:88:25:117:Infinity":18,"s:120:25:127:Infinity":19,"f:133:16:133:35":3,"b:135:2:135:Infinity:undefined:undefined:undefined:undefined":7,"s:135:2:135:Infinity":20,"b:135:6:135:18:135:18:135:40":8,"s:135:40:135:Infinity":21,"s:137:23:137:Infinity":22,"s:141:4:151:Infinity":23,"b:141:4:141:Infinity:142:4:142:Infinity:143:4:143:Infinity:144:4:144:Infinity:145:4:145:Infinity:146:4:146:Infinity:147:4:147:Infinity:148:4:148:Infinity:149:4:149:Infinity:150:4:150:Infinity:151:4:151:Infinity":9,"b:153:2:156:Infinity:undefined:undefined:undefined:undefined":10,"s:153:2:156:Infinity":24,"s:154:4:154:Infinity":25,"s:155:4:155:Infinity":26,"s:159:25:161:Infinity":27,"f:159:49:159:Infinity":4,"s:160:4:160:Infinity":28,"s:164:25:166:Infinity":29,"f:164:49:164:Infinity":5,"s:165:4:165:Infinity":30,"s:170:2:170:Infinity":31,"b:170:9:170:32:170:32:170:Infinity":11,"f:186:16:186:32":6,"b:186:66:186:70":12,"s:187:26:187:Infinity":32,"s:188:34:188:Infinity":33,"s:189:8:189:Infinity":34,"s:190:8:190:Infinity":35,"s:193:2:203:Infinity":36,"f:193:12:193:18":7,"b:194:4:202:Infinity:undefined:undefined:undefined:undefined":13,"s:194:4:202:Infinity":37,"b:194:8:194:27:194:27:194:55":14,"s:195:21:195:Infinity":38,"s:196:6:196:Infinity":39,"b:199:6:201:Infinity:undefined:undefined:undefined:undefined":15,"s:199:6:201:Infinity":40,"s:200:8:200:Infinity":41,"s:205:36:229:Infinity":42,"f:205:36:205:48":8,"b:206:4:206:Infinity:undefined:undefined:undefined:undefined":16,"s:206:4:206:Infinity":43,"b:206:8:206:37:206:37:206:56":17,"s:206:56:206:Infinity":44,"s:208:4:208:Infinity":45,"s:209:4:209:Infinity":46,"s:213:4:213:Infinity":47,"s:215:4:228:Infinity":48,"s:217:6:217:Infinity":49,"f:217:24:217:25":9,"s:217:37:217:62":50,"s:220:6:220:Infinity":51,"s:222:6:222:Infinity":52,"s:223:6:223:Infinity":53,"s:225:6:225:Infinity":54,"s:226:6:226:Infinity":55,"s:227:6:227:Infinity":56,"s:231:22:238:Infinity":57,"f:231:22:231:28":10,"b:233:4:237:Infinity:undefined:undefined:undefined:undefined":18,"s:233:4:237:Infinity":58,"s:234:6:234:Infinity":59,"s:235:6:235:Infinity":60,"s:236:6:236:Infinity":61,"s:240:23:243:Infinity":62,"f:240:23:240:29":11,"s:241:4:241:Infinity":63,"s:242:4:242:Infinity":64,"s:245:16:250:Infinity":65,"f:245:16:245:22":12,"s:246:4:246:Infinity":66,"s:247:4:247:Infinity":67,"s:248:4:248:Infinity":68,"s:249:4:249:Infinity":69,"s:252:2:271:Infinity":70,"b:254:17:254:31:254:31:254:57:254:57:254:Infinity":19}}}
,"/Users/matt/Documents/projects/mc-thebetabase/src/components/ui/button.tsx": {"path":"/Users/matt/Documents/projects/mc-thebetabase/src/components/ui/button.tsx","statementMap":{"0":{"start":{"line":7,"column":6},"end":{"line":39,"column":null}},"1":{"start":{"line":47,"column":15},"end":{"line":58,"column":null}},"2":{"start":{"line":49,"column":17},"end":{"line":49,"column":null}},"3":{"start":{"line":50,"column":4},"end":{"line":55,"column":null}},"4":{"start":{"line":59,"column":0},"end":{"line":59,"column":null}}},"fnMap":{"0":{"name":"(anonymous_0)","decl":{"start":{"line":48,"column":2},"end":{"line":48,"column":3}},"loc":{"start":{"line":48,"column":68},"end":{"line":57,"column":null}},"line":48}},"branchMap":{"0":{"loc":{"start":{"line":48,"column":31},"end":{"line":48,"column":48}},"type":"default-arg","locations":[{"start":{"line":48,"column":41},"end":{"line":48,"column":48}}],"line":48},"1":{"loc":{"start":{"line":49,"column":17},"end":{"line":49,"column":null}},"type":"cond-expr","locations":[{"start":{"line":49,"column":27},"end":{"line":49,"column":34}},{"start":{"line":49,"column":34},"end":{"line":49,"column":null}}],"line":49}},"s":{"0":1,"1":1,"2":0,"3":0,"4":1},"f":{"0":0},"b":{"0":[0],"1":[0,0]},"meta":{"lastBranch":2,"lastFunction":1,"lastStatement":5,"seen":{"s:7:6:39:Infinity":0,"s:47:15:58:Infinity":1,"f:48:2:48:3":0,"b:48:41:48:48":0,"s:49:17:49:Infinity":2,"b:49:27:49:34:49:34:49:Infinity":1,"s:50:4:55:Infinity":3,"s:59:0:59:Infinity":4}}}
,"/Users/matt/Documents/projects/mc-thebetabase/src/lib/conversation-store.ts": {"path":"/Users/matt/Documents/projects/mc-thebetabase/src/lib/conversation-store.ts","statementMap":{"0":{"start":{"line":44,"column":2},"end":{"line":44,"column":null}},"1":{"start":{"line":44,"column":47},"end":{"line":44,"column":null}},"2":{"start":{"line":47,"column":14},"end":{"line":49,"column":null}},"3":{"start":{"line":53,"column":24},"end":{"line":53,"column":null}},"4":{"start":{"line":54,"column":18},"end":{"line":54,"column":null}},"5":{"start":{"line":55,"column":2},"end":{"line":58,"column":null}},"6":{"start":{"line":56,"column":4},"end":{"line":56,"column":null}},"7":{"start":{"line":57,"column":4},"end":{"line":57,"column":null}},"8":{"start":{"line":61,"column":2},"end":{"line":61,"column":null}},"9":{"start":{"line":64,"column":2},"end":{"line":64,"column":null}},"10":{"start":{"line":64,"column":14},"end":{"line":64,"column":null}},"11":{"start":{"line":67,"column":2},"end":{"line":67,"column":null}},"12":{"start":{"line":70,"column":20},"end":{"line":70,"column":null}},"13":{"start":{"line":71,"column":2},"end":{"line":79,"column":null}},"14":{"start":{"line":73,"column":23},"end":{"line":73,"column":null}},"15":{"start":{"line":74,"column":4},"end":{"line":78,"column":null}},"16":{"start":{"line":75,"column":6},"end":{"line":75,"column":null}},"17":{"start":{"line":77,"column":6},"end":{"line":77,"column":null}},"18":{"start":{"line":81,"column":2},"end":{"line":81,"column":null}},"19":{"start":{"line":88,"column":24},"end":{"line":94,"column":null}},"20":{"start":{"line":95,"column":2},"end":{"line":95,"column":null}},"21":{"start":{"line":106,"column":2},"end":{"line":106,"column":null}},"22":{"start":{"line":106,"column":10},"end":{"line":106,"column":null}},"23":{"start":{"line":110,"column":2},"end":{"line":117,"column":null}},"24":{"start":{"line":111,"column":20},"end":{"line":115,"column":null}},"25":{"start":{"line":112,"column":26},"end":{"line":112,"column":53}},"26":{"start":{"line":113,"column":23},"end":{"line":113,"column":35}},"27":{"start":{"line":116,"column":4},"end":{"line":116,"column":null}},"28":{"start":{"line":116,"column":17},"end":{"line":116,"column":null}},"29":{"start":{"line":121,"column":2},"end":{"line":134,"column":null}},"30":{"start":{"line":123,"column":4},"end":{"line":125,"column":null}},"31":{"start":{"line":124,"column":6},"end":{"line":124,"column":null}},"32":{"start":{"line":127,"column":4},"end":{"line":129,"column":null}},"33":{"start":{"line":128,"column":6},"end":{"line":128,"column":null}},"34":{"start":{"line":128,"column":42},"end":{"line":128,"column":63}},"35":{"start":{"line":131,"column":4},"end":{"line":133,"column":null}},"36":{"start":{"line":132,"column":6},"end":{"line":132,"column":null}},"37":{"start":{"line":136,"column":2},"end":{"line":136,"column":null}},"38":{"start":{"line":143,"column":2},"end":{"line":143,"column":null}},"39":{"start":{"line":143,"column":10},"end":{"line":143,"column":null}},"40":{"start":{"line":146,"column":2},"end":{"line":148,"column":null}},"41":{"start":{"line":147,"column":4},"end":{"line":147,"column":null}},"42":{"start":{"line":151,"column":2},"end":{"line":157,"column":null}},"43":{"start":{"line":152,"column":4},"end":{"line":156,"column":null}},"44":{"start":{"line":159,"column":2},"end":{"line":159,"column":null}},"45":{"start":{"line":166,"column":2},"end":{"line":169,"column":null}},"46":{"start":{"line":192,"column":13},"end":{"line":437,"column":null}},"47":{"start":{"line":194,"column":19},"end":{"line":374,"column":null}},"48":{"start":{"line":199,"column":45},"end":{"line":199,"column":null}},"49":{"start":{"line":202,"column":46},"end":{"line":210,"column":null}},"50":{"start":{"line":212,"column":8},"end":{"line":215,"column":null}},"51":{"start":{"line":212,"column":24},"end":{"line":215,"column":10}},"52":{"start":{"line":217,"column":8},"end":{"line":217,"column":null}},"53":{"start":{"line":221,"column":8},"end":{"line":225,"column":null}},"54":{"start":{"line":221,"column":24},"end":{"line":225,"column":10}},"55":{"start":{"line":222,"column":59},"end":{"line":222,"column":70}},"56":{"start":{"line":229,"column":8},"end":{"line":253,"column":null}},"57":{"start":{"line":229,"column":24},"end":{"line":253,"column":10}},"58":{"start":{"line":231,"column":12},"end":{"line":231,"column":null}},"59":{"start":{"line":231,"column":29},"end":{"line":231,"column":null}},"60":{"start":{"line":233,"column":40},"end":{"line":233,"column":null}},"61":{"start":{"line":236,"column":40},"end":{"line":236,"column":null}},"62":{"start":{"line":237,"column":32},"end":{"line":237,"column":null}},"63":{"start":{"line":239,"column":12},"end":{"line":249,"column":null}},"64":{"start":{"line":240,"column":39},"end":{"line":242,"column":null}},"65":{"start":{"line":241,"column":28},"end":{"line":241,"column":null}},"66":{"start":{"line":244,"column":37},"end":{"line":244,"column":null}},"67":{"start":{"line":245,"column":14},"end":{"line":248,"column":null}},"68":{"start":{"line":246,"column":33},"end":{"line":246,"column":null}},"69":{"start":{"line":247,"column":16},"end":{"line":247,"column":null}},"70":{"start":{"line":251,"column":12},"end":{"line":251,"column":null}},"71":{"start":{"line":257,"column":8},"end":{"line":257,"column":null}},"72":{"start":{"line":261,"column":8},"end":{"line":285,"column":null}},"73":{"start":{"line":261,"column":24},"end":{"line":285,"column":10}},"74":{"start":{"line":263,"column":12},"end":{"line":282,"column":null}},"75":{"start":{"line":264,"column":42},"end":{"line":268,"column":null}},"76":{
[...]
664:34":28,"b:665:4:665:Infinity:undefined:undefined:undefined:undefined":54,"s:665:4:665:Infinity":174,"s:665:28:665:Infinity":175,"s:668:24:668:Infinity":176,"s:670:4:690:Infinity":177,"s:671:23:671:Infinity":178,"b:674:6:687:Infinity:676:6:687:Infinity":55,"s:674:6:687:Infinity":179,"s:675:8:675:Infinity":180,"b:676:6:687:Infinity:682:11:687:Infinity":56,"s:676:6:687:Infinity":181,"b:678:15:678:43:678:43:678:69":57,"s:679:8:679:Infinity":182,"s:683:23:683:Infinity":183,"s:684:23:684:Infinity":184,"s:685:23:685:Infinity":185,"f:685:37:685:38":29,"s:685:44:685:62":186,"s:686:8:686:Infinity":187,"s:689:6:689:Infinity":188,"s:692:4:692:Infinity":189,"f:698:10:698:30":30,"s:700:21:700:Infinity":190,"f:700:33:700:34":31,"s:700:43:700:60":191,"s:701:4:704:Infinity":192,"f:703:11:703:12":32,"s:703:21:703:65":193,"f:710:10:710:33":33,"s:711:26:715:Infinity":194,"s:717:4:741:Infinity":195,"s:718:6:740:Infinity":196,"s:719:20:719:Infinity":197,"b:720:8:720:Infinity:undefined:undefined:undefined:undefined":58,"s:720:8:720:Infinity":198,"s:720:18:720:Infinity":199,"b:723:10:727:Infinity:728:10:732:Infinity:733:10:733:Infinity:734:10:738:Infinity":59,"s:722:8:739:Infinity":200,"b:724:12:726:Infinity:undefined:undefined:undefined:undefined":60,"s:724:12:726:Infinity":201,"s:725:14:725:Infinity":202,"s:727:12:727:Infinity":203,"b:729:12:731:Infinity:undefined:undefined:undefined:undefined":61,"s:729:12:731:Infinity":204,"s:730:14:730:Infinity":205,"s:732:12:732:Infinity":206,"b:735:12:737:Infinity:undefined:undefined:undefined:undefined":62,"s:735:12:737:Infinity":207,"s:736:14:736:Infinity":208,"s:738:12:738:Infinity":209,"s:744:4:744:Infinity":210,"s:745:4:745:Infinity":211,"s:746:4:746:Infinity":212,"s:748:4:748:Infinity":213,"f:754:9:754:22":34,"b:754:53:754:75":63,"s:755:38:755:Infinity":214,"s:756:23:756:Infinity":215,"s:758:4:767:Infinity":216,"s:759:6:766:Infinity":217,"b:760:8:765:Infinity:undefined:undefined:undefined:undefined":64,"s:760:8:765:Infinity":218,"b:761:10:761:Infinity:762:10:762:Infinity":65,"f:762:34:762:35":35,"s:762:41:762:77":219,"s:764:10:764:Infinity":220,"s:770:4:770:Infinity":221,"f:770:24:770:25":36,"s:770:34:770:51":222,"f:776:9:776:27":37,"b:776:43:776:65":66,"s:777:40:777:Infinity":223,"s:779:4:781:Infinity":224,"s:780:6:780:Infinity":225,"f:780:38:780:39":38,"s:780:45:780:65":226,"s:783:4:783:Infinity":227,"f:783:26:783:27":39,"s:783:36:783:53":228,"f:789:9:789:27":40,"s:790:4:790:Infinity":229,"b:790:11:790:46:790:46:790:Infinity":67,"f:796:9:796:39":41,"s:797:4:797:Infinity":230,"f:803:9:803:30":42,"b:803:65:803:81":68,"s:804:22:804:Infinity":231,"s:805:65:805:Infinity":232,"s:807:4:822:Infinity":233,"s:808:21:808:Infinity":234,"b:808:21:808:51:808:51:808:Infinity":69,"s:809:18:809:Infinity":235,"s:811:6:817:Infinity":236,"b:812:8:816:Infinity:814:8:816:Infinity":70,"s:812:8:816:Infinity":237,"s:813:10:813:Infinity":238,"b:814:8:816:Infinity:undefined:undefined:undefined:undefined":71,"s:814:8:816:Infinity":239,"f:814:43:814:44":43,"s:814:50:814:85":240,"s:815:10:815:Infinity":241,"b:819:6:821:Infinity:undefined:undefined:undefined:undefined":72,"s:819:6:821:Infinity":242,"s:820:8:820:Infinity":243,"s:824:4:827:Infinity":244,"f:825:12:825:13":44,"s:825:22:825:39":245,"f:827:11:827:12":45,"s:827:21:827:29":246,"f:833:9:833:28":46,"s:834:4:834:Infinity":247,"s:835:4:835:Infinity":248,"s:836:4:836:Infinity":249,"f:842:9:842:32":47,"s:843:4:851:Infinity":250,"f:857:9:857:22":48,"s:858:4:877:Infinity":251,"s:859:19:859:Infinity":252,"b:862:6:867:Infinity:undefined:undefined:undefined:undefined":73,"s:862:6:867:Infinity":253,"s:863:8:863:Infinity":254,"s:864:8:866:Infinity":255,"s:865:10:865:Infinity":256,"b:870:6:872:Infinity:undefined:undefined:undefined:undefined":74,"s:870:6:872:Infinity":257,"s:871:8:871:Infinity":258,"s:874:6:874:Infinity":259,"s:876:6:876:Infinity":260,"s:882:38:882:Infinity":261}}}
,"/Users/matt/Documents/projects/mc-thebetabase/src/utils/emailParser.ts": {"path":"/Users/matt/Documents/projects/mc-thebetabase/src/utils/emailParser.ts","statementMap":{"0":{"start":{"line":56,"column":20},"end":{"line":56,"column":null}},"1":{"start":{"line":57,"column":31},"end":{"line":57,"column":null}},"2":{"start":{"line":59,"column":4},"end":{"line":76,"column":null}},"3":{"start":{"line":84,"column":28},"end":{"line":84,"column":null}},"4":{"start":{"line":87,"column":4},"end":{"line":89,"column":null}},"5":{"start":{"line":88,"column":6},"end":{"line":88,"column":null}},"6":{"start":{"line":92,"column":4},"end":{"line":92,"column":null}},"7":{"start":{"line":93,"column":4},"end":{"line":93,"column":null}},"8":{"start":{"line":95,"column":4},"end":{"line":97,"column":null}},"9":{"start":{"line":96,"column":6},"end":{"line":96,"column":null}},"10":{"start":{"line":100,"column":21},"end":{"line":100,"column":null}},"11":{"start":{"line":101,"column":4},"end":{"line":103,"column":null}},"12":{"start":{"line":102,"column":6},"end":{"line":102,"column":null}},"13":{"start":{"line":106,"column":4},"end":{"line":109,"column":null}},"14":{"start":{"line":107,"column":30},"end":{"line":107,"column":null}},"15":{"start":{"line":107,"column":59},"end":{"line":107,"column":69}},"16":{"start":{"line":108,"column":6},"end":{"line":108,"column":null}},"17":{"start":{"line":111,"column":4},"end":{"line":111,"column":null}},"18":{"start":{"line":119,"column":4},"end":{"line":121,"column":null}},"19":{"start":{"line":120,"column":6},"end":{"line":120,"column":null}},"20":{"start":{"line":124,"column":4},"end":{"line":126,"column":null}},"21":{"start":{"line":125,"column":6},"end":{"line":125,"column":null}},"22":{"start":{"line":128,"column":4},"end":{"line":128,"column":null}},"23":{"start":{"line":136,"column":15},"end":{"line":136,"column":null}},"24":{"start":{"line":137,"column":4},"end":{"line":137,"column":null}},"25":{"start":{"line":140,"column":4},"end":{"line":140,"column":null}},"26":{"start":{"line":141,"column":4},"end":{"line":141,"column":null}},"27":{"start":{"line":142,"column":4},"end":{"line":142,"column":null}},"28":{"start":{"line":143,"column":4},"end":{"line":143,"column":null}},"29":{"start":{"line":144,"column":4},"end":{"line":144,"column":null}},"30":{"start":{"line":147,"column":4},"end":{"line":147,"column":null}},"31":{"start":{"line":150,"column":4},"end":{"line":150,"column":null}},"32":{"start":{"line":153,"column":4},"end":{"line":153,"column":null}},"33":{"start":{"line":161,"column":4},"end":{"line":161,"column":null}},"34":{"start":{"line":162,"column":4},"end":{"line":162,"column":null}},"35":{"start":{"line":165,"column":4},"end":{"line":165,"column":null}},"36":{"start":{"line":166,"column":4},"end":{"line":166,"column":null}},"37":{"start":{"line":169,"column":4},"end":{"line":169,"column":null}},"38":{"start":{"line":172,"column":4},"end":{"line":175,"column":null}},"39":{"start":{"line":174,"column":24},"end":{"line":174,"column":52}},"40":{"start":{"line":177,"column":4},"end":{"line":177,"column":null}},"41":{"start":{"line":185,"column":30},"end":{"line":192,"column":null}},"42":{"start":{"line":194,"column":4},"end":{"line":196,"column":null}},"43":{"start":{"line":195,"column":6},"end":{"line":195,"column":null}},"44":{"start":{"line":198,"column":4},"end":{"line":198,"column":null}},"45":{"start":{"line":205,"column":45},"end":{"line":216,"column":null}},"46":{"start":{"line":218,"column":18},"end":{"line":218,"column":null}},"47":{"start":{"line":219,"column":4},"end":{"line":221,"column":null}},"48":{"start":{"line":220,"column":6},"end":{"line":220,"column":null}},"49":{"start":{"line":224,"column":4},"end":{"line":226,"column":null}},"50":{"start":{"line":225,"column":6},"end":{"line":225,"column":null}},"51":{"start":{"line":229,"column":4},"end":{"line":231,"column":null}},"52":{"start":{"line":230,"column":6},"end":{"line":230,"column":null}},"53":{"start":{"line":233,"column":4},"end":{"line":233,"column":null}},"54":{"start":{"line":240,"column":25},"end":{"line":240,"column":null}},"55":{"start":{"line":242,"column":4},"end":{"line":242,"column":null}},"56":{"start":{"line":243,"column":4},"end":{"line":243,"column":null}},"57":{"start":{"line":243,"column":31},"end":{"line":243,"column":53}},"58":{"start":{"line":244,"column":4},"end":{"line":244,"column":null}},"59":{"start":{"line":244,"column":32},"end":{"line":244,"column":54}},"60":{"start":{"line":245,"column":4},"end":{"line":245,"column":null}},"61":{"start":{"line":245,"column":33},"end":{"line":245,"column":55}},"62":{"start":{"line":247,"column":4},"end":{"line":247,"column":null}},"63":{"start":{"line":254,"column":4},"end":{"line":256,"column":null}},"64":{"start":{"line":255,"column":6},"end":{"line":255,"column":null}},"65":{"start":{"line":257,"column":4},"end":{"line":261,"column":null}},"66":{"start":{"line":258,"column":6},"end":{"line":258,"column":null}},"67":{"start":{"line":260,"column":6},"end":{"line":260,"column":null}},"68":{"start":{"line":268,"column":4},"end":{"line":268,"column":null}},"69":{"start":{"line":268,"column":33},"end":{"line":268,"column":55}},"70":{"start":{"line":275,"column":4},"end":{"line":282,"column":null}}},"fnMap":{"0":{"name":"(anonymous_0)","decl":{"start":{"line":55,"column":9},"end":{"line":55,"column":20}},"loc":{"start":{"line":55,"column":58},"end":{"line":77,"column":null}},"line":55},"1":{"name":"(anonymous_1)","decl":{"start":{"line":83,"column":17},"end":{"line":83,"column":40}},"loc":{"start":{"line":83,"column":66},"end":{"line":112,"column":null}},"line":83},"2":{"name":"(anonymous_2)","decl":{"start":{"line":107,"column":52},"end":{"line":107,"column":53}},"loc":{"start":{"line":107,"column":59},"end":{"line":107,"column":69}},"line":107},"3":{"name":"(anonymous_3)","decl":{"start":{"line":117,"column":17},"end":{"line":117,"column":37}},"loc":{"start":{"line":117,"column":63},"end":{"line":129,"column":null}},"line":117},"4":{"name":"(anonymous_4)","decl":{"start":{"line":134,"column":17},"end":{"line":134,"column":27}},"loc":{"start":{"line":134,"column":49},"end":{"line":154,"column":null}},"line":134},"5":{"name":"(anonymous_5)","decl":{"start":{"line":159,"column":17},"end":{"line":159,"column":27}},"loc":{"start":{"line":159,"column":49},"end":{"line":178,"column":null}},"line":159},"6":{"name":"(anonymous_6)","decl":{"start":{"line":174,"column":14},"end":{"line":174,"column":15}},"loc":{"start":{"line":174,"column":24},"end":{"line":174,"column":52}},"line":174},"7":{"name":"(anonymous_7)","decl":{"start":{"line":183,"column":17},"end":{"line":183,"column":38}},"loc":{"start":{"line":183,"column":60},"end":{"line":199,"column":null}},"line":183},"8":{"name":"(anonymous_8)","decl":{"start":{"line":204,"column":17},"end":{"line":204,"column":36}},"loc":{"start":{"line":204,"column":58},"end":{"line":234,"column":null}},"line":204},"9":{"name":"(anonymous_9)","decl":{"start":{"line":224,"column":43},"end":{"line":224,"column":44}},"loc":{"start":{"line":224,"column":60},"end":{"line":226,"column":5}},"line":224},"10":{"name":"(anonymous_10)","decl":{"start":{"line":229,"column":51},"end":{"line":229,"column":52}},"loc":{"start":{"line":229,"column":68},"end":{"line":231,"column":5}},"line":229},"11":{"name":"(anonymous_11)","decl":{"start":{"line":239,"column":17},"end":{"line":239,"column":43}},"loc":{"start":{"line":239,"column":71},"end":{"line":248,"column":null}},"line":239},"12":{"name":"(anonymous_12)","decl":{"start":{"line":243,"column":21},"end":{"line":243,"column":22}},"loc":{"start":{"line":243,"column":31},"end":{"line":243,"column":53}},"line":243},"13":{"name":"(anonymous_13)","decl":{"start":{"line":244,"column":22},"end":{"line":244,"column":23}},"loc":{"start":{"line":244,"column":32},"end":{"line":244,"column":54}},"line":244},"14":{"name":"(anonymous_14)","decl":{"start":{"line":245,"column":23},"end":{"line":245,"column":24}},"loc":{"start":{"line":245,"column":33},"end":{"line":245,"column":55}},"line":245},"15":{"name":"(anonymous_15)","decl":{"start":{"line":253,"column":17},"end":{"line":253,"column":31}},"loc":{"start":{"line":253,"column":60},"end":{"line":262,"column":null}},"line":253},"16":{"name":"(anonymous_16)","decl":{"start":{"line":267,"column":9},"end":{"line":267,"column":21}},"loc":{"start":{"line":267,"column":64},"end":{"line":269,"column":null}},"line":267},"17":{"name":"(anonymous_17)","decl":{"start":{"line":268,"column":22},"end":{"line":268,"column":23}},"loc":{"start":{"line":268,"column":33},"end":{"line":268,"column":55}},"line":268},"18":{"name":"(anonymous_18)","decl":{"start":{"line":274,"column":9},"end":{"line":274,"column":27}},"loc":{"start":{"line":274,"column":59},"end":{"line":284,"column":null}},"line":274}},"branchMap":{"0":{"loc":{"start":{"line":69,"column":25},"end":{"line":69,"column":59}},"type":"binary-expr","locations":[{"start":{"line":69,"column":25},"end":{"line":69,"column":54}},{"start":{"line":69,"column":54},"end":{"line":69,"column":59}}],"line":69},"1":{"loc":{"start":{"line":70,"column":25},"end":{"line":70,"column":null}},"type":"binary-expr","locations":[{"start":{"line":70,"column":25},"end":{"line":70,"column":54}},{"start":{"line":70,"column":54},"end":{"line":70,"column":null}}],"line":70},"2":{"loc":{"start":{"line":71,"column":17},"end":{"line":71,"column":null}},"type":"binary-expr","locations":[{"start":{"line":71,"column":17},"end":{"line":71,"column":38}},{"start":{"line":71,"column":38},"end":{"line":71,"column":null}}],"line":71},"3":{"loc":{"start":{"line":87,"column":4},"end":{"line":89,"column":null}},"type":"if","locations":[{"start":{"line":87,"column":4},"end":{"line":89,"column":null}},{"start":{},"end":{}}],"line":87},"4":{"loc":{"start":{"line":95,"column":4},"end":{"line":97,"column":null}},"type":"if","locations":[{"start":{"line":95,"column":4},"end":{"line":97,"column":null}},{"start":{},"end":{}}],"line":95},"5":{"loc":{"start":{"line":95,"column":8},"end":{"line":95,"column":41}},"type":"binary-expr","locations":[{"start":{"line":95,"column":8},"end":{"line":95,"column":20}},{"start":{"line":95,"column":20},"end":{"line":95,"column":41}}],"line":95},"6":{"loc":{"start":{"line":101,"column":4},"end":{"line":103,"column":null}},"type":"if","locations":[{"start":{"line":101,"column":4},"end":{"line":103,"column":null}},{"start":{},"end":{}}],"line":101},"7":{"loc":{"start":{"line":106,"column":4},"end":{"line":109,"column":null}},"type":"if","locations":[{"start":{"line":106,"column":4},"end":{"line":109,"column":null}},{"start":{},"end":{}}],"line":106},"8":{"loc":{"start":{"line":106,"column":8},"end":{"line":106,"column":59}},"type":"binary-expr","locations":[{"start":{"line":106,"column":8},"end":{"line":106,"column":29}},{"start":{"line":106,"column":29},"end":{"line":106,"column":59}}],"line":106},"9":{"loc":{"start":{"line":119,"column":4},"end":{"line":121,"column":null}},"type":"if","locations":[{"start":{"line":119,"column":4},"end":{"line":121,"column":null}},{"start":{},"end":{}}],"line":119},"10":{"loc":{"start":{"line":124,"column":4},"end":{"line":126,"column":null}},"type":"if","locations":[{"start":{"line":124,"column":4},"end":{"line":126,"column":null}},{"start":{},"end":{}}],"line":124},"11":{"loc":{"start":{"line":254,"column":4},"end":{"line":256,"column":null}},"type":"if","locations":[{"start":{"line":254,"column":4},"end":{"line":256,"column":null}},{"start":{},"end":{}}],"line":254},"12":{"loc":{"start":{"line":276,"column":6},"end":{"line":282,"column":null}},"type":"binary-expr","locations":[{"start":{"line":276,"column":6},"end":{"line":276,"column":null}},{"start":{"line":277,"column":6},"end":{"line":277,"column":null}},{"start":{"line":278,"column":6},"end":{"line":278,"column":null}},{"start":{"line":279,"column":6},"end":{"line":279,"column":null}},{"start":{"line":280,"column":6},"end":{"line":280,"column":null}},{"start":{"line":281,"column":7},"end":{"line":281,"column":41}},{"start":{"line":281,"column":41},"end":{"line":281,"column":null}},{"start":{"line":282,"column":7},"end":{"line":282,"column":37}},{"start":{"line":282,"column":37},"end":{"line":282,"column":null}}],"line":276}},"s":{"0":23,"1":23,"2":23,"3":23,"4":23,"5":23,"6":23,"7":23,"8":23,"9":2,"10":23,"11":23,"12":22,"13":23,"14":1,"15":2,"16":1,"17":23,"18":23,"19":5,"20":18,"21":17,"22":1,"23":5,"24":5,"25":5,"26":5,"27":5,"28":5,"29":5,"30":5,"31":5,"32":5,"33":22,"34":22,"35":22,"36":22,"37":22,"38":22,"39":46,"40":22,"41":22,"42":22,"43":132,"44":22,"45":5,"46":5,"47":5,"48":50,"49":5,"50":0,"51":5,"52":0,"53":5,"54":23,"55":23,"56":23,"57":24,"58":23,"59":3,"60":23,"61":1,"62":23,"63":23,"64":22,"65":1,"66":1,"67":0,"68":1,"69":3,"70":6},"f":{"0":1,"1":1,"2":2,"3":1,"4":1,"5":1,"6":46,"7":1,"8":1,"9":0,"10":0,"11":1,"12":24,"13":3,"14":1,"15":1,"16":1,"17":3,"18":1},"b":{"0":[23,22],"1":[23,22],"2":[23,22],"3":[23,0],"4":[2,21],"5":[23,2],"6":[22,1],"7":[1,22],"8":[23,1],"9":[5,18],"10":[17,1],"11":[22,1],"12":[6,6,5,4,3,3,2,2,0]},"meta":{"lastBranch":13,"lastFunction":19,"lastStatement":71,"seen":{"f:55:9:55:20":0,"s:56:20:56:Infinity":0,"s:57:31:57:Infinity":1,"s:59:4:76:Infinity":2,"b:69:25:69:54:69:54:69:59":0,"b:70:25:70:54:70:54:70:Infinity":1,"b:71:17:71:38:71:38:71:Infinity":2,"f:83:17:83:40":1,"s:84:28:84:Infinity":3,"b:87:4:89:Infinity:undefined:undefined:undefined:undefined":3,"s:87:4:89:Infinity":4,"s:88:6:88:Infinity":5,"s:92:4:92:Infinity":6,"s:93:4:93:Infinity":7,"b:95:4:97:Infinity:undefined:undefined:undefined:undefined":4,"s:95:4:97:Infinity":8,"b:95:8:95:20:95:20:95:41":5,"s:96:6:96:Infinity":9,"s:100:21:100:Infinity":10,"b:101:4:103:Infinity:undefined:undefined:undefined:undefined":6,"s:101:4:103:Infinity":11,"s:102:6:102:Infinity":12,"b:106:4:109:Infinity:undefined:undefined:undefined:undefined":7,"s:106:4:109:Infinity":13,"b:106:8:106:29:106:29:106:59":8,"s:107:30:107:Infinity":14,"f:107:52:107:53":2,"s:107:59:107:69":15,"s:108:6:108:Infinity":16,"s:111:4:111:Infinity":17,"f:117:17:117:37":3,"b:119:4:121:Infinity:undefined:undefined:undefined:undefined":9,"s:119:4:121:Infinity":18,"s:120:6:120:Infinity":19,"b:124:4:126:Infinity:undefined:undefined:undefined:undefined":10,"s:124:4:126:Infinity":20,"s:125:6:125:Infinity":21,"s:128:4:128:Infinity":22,"f:134:17:134:27":4,"s:136:15:136:Infinity":23,"s:137:4:137:Infinity":24,"s:140:4:140:Infinity":25,"s:141:4:141:Infinity":26,"s:142:4:142:Infinity":27,"s:143:4:143:Infinity":28,"s:144:4:144:Infinity":29,"s:147:4:147:Infinity":30,"s:150:4:150:Infinity":31,"s:153:4:153:Infinity":32,"f:159:17:159:27":5,"s:161:4:161:Infinity":33,"s:162:4:162:Infinity":34,"s:165:4:165:Infinity":35,"s:166:4:166:Infinity":36,"s:169:4:169:Infinity":37,"s:172:4:175:Infinity":38,"f:174:14:174:15":6,"s:174:24:174:52":39,"s:177:4:177:Infinity":40,"f:183:17:183:38":7,"s:185:30:192:Infinity":41,"s:194:4:196:Infinity":42,"s:195:6:195:Infinity":43,"s:198:4:198:Infinity":44,"f:204:17:204:36":8,"s:205:45:216:Infinity":45,"s:218:18:218:Infinity":46,"s:219:4:221:Infinity":47,"s:220:6:220:Infinity":48,"s:224:4:226:Infinity":49,"f:224:43:224:44":9,"s:225:6:225:Infinity":50,"s:229:4:231:Infinity":51,"f:229:51:229:52":10,"s:230:6:230:Infinity":52,"s:233:4:233:Infinity":53,"f:239:17:239:43":11,"s:240:25:240:Infinity":54,"s:242:4:242:Infinity":55,"s:243:4:243:Infinity":56,"f:243:21:243:22":12,"s:243:31:243:53":57,"s:244:4:244:Infinity":58,"f:244:22:244:23":13,"s:244:32:244:54":59,"s:245:4:245:Infinity":60,"f:245:23:245:24":14,"s:245:33:245:55":61,"s:247:4:247:Infinity":62,"f:253:17:253:31":15,"b:254:4:256:Infinity:undefined:undefined:undefined:undefined":11,"s:254:4:256:Infinity":63,"s:255:6:255:Infinity":64,"s:257:4:261:Infinity":65,"s:258:6:258:Infinity":66,"s:260:6:260:Infinity":67,"f:267:9:267:21":16,"s:268:4:268:Infinity":68,"f:268:22:268:23":17,"s:268:33:268:55":69,"f:274:9:274:27":18,"s:275:4:282:Infinity":70,"b:276:6:276:Infinity:277:6:277:Infinity:278:6:278:Infinity:279:6:279:Infinity:280:6:280:Infinity:281:7:281:41:281:41:281:Infinity:282:7:282:37:282:37:282:Infinity":12}}}
}
