TN:
SF:lib/supabase.ts
FN:12,getSupabaseClient
FN:33,getSupabaseAdminClient
FN:148,upsertCrawlerDocument
FN:189,upsertWikiDocument
FN:230,upsertJiraTicket
FN:265,upsertJiraTicketEmbedding
FN:299,validateSonyMusicContent
FN:334,storeFirecrawlData
FN:367,getFirecrawlAnalysis
FN:383,searchFirecrawlData
FN:401,handleSupabaseError
FNF:11
FNH:2
FNDA:3,getSupabaseClient
FNDA:3,getSupabaseAdminClient
FNDA:0,upsertCrawlerDocument
FNDA:0,upsertWikiDocument
FNDA:0,upsertJiraTicket
FNDA:0,upsertJiraTicketEmbedding
FNDA:0,validateSonyMusicContent
FNDA:0,storeFirecrawlData
FNDA:0,getFirecrawlAnalysis
FNDA:0,searchFirecrawlData
FNDA:0,handleSupabaseError
DA:13,3
DA:14,0
DA:17,3
DA:18,3
DA:20,3
DA:21,0
DA:27,0
DA:29,3
DA:34,3
DA:35,0
DA:38,3
DA:39,0
DA:42,3
DA:43,3
DA:45,3
DA:46,3
DA:52,3
DA:54,0
DA:57,3
DA:58,3
DA:156,0
DA:157,0
DA:158,0
DA:159,0
DA:162,0
DA:163,0
DA:165,0
DA:185,0
DA:186,0
DA:197,0
DA:198,0
DA:199,0
DA:200,0
DA:203,0
DA:204,0
DA:206,0
DA:226,0
DA:227,0
DA:237,0
DA:238,0
DA:239,0
DA:240,0
DA:243,0
DA:261,0
DA:262,0
DA:271,0
DA:272,0
DA:273,0
DA:274,0
DA:277,0
DA:294,0
DA:295,0
DA:300,0
DA:301,0
DA:302,0
DA:303,0
DA:306,0
DA:309,0
DA:312,0
DA:313,0
DA:316,0
DA:320,0
DA:321,0
DA:324,0
DA:327,0
DA:328,0
DA:330,0
DA:335,0
DA:336,0
DA:337,0
DA:340,0
DA:363,0
DA:364,0
DA:368,0
DA:369,0
DA:370,0
DA:373,0
DA:379,0
DA:380,0
DA:384,0
DA:385,0
DA:386,0
DA:387,0
DA:390,0
DA:396,0
DA:397,0
DA:402,0
DA:403,0
DA:405,0
DA:406,0
DA:408,0
LF:91
LH:14
BRDA:13,0,0,0
BRDA:13,0,1,3
BRDA:20,1,0,0
BRDA:20,1,1,3
BRDA:20,2,0,3
BRDA:20,2,1,3
BRDA:34,3,0,0
BRDA:34,3,1,3
BRDA:38,4,0,0
BRDA:38,4,1,3
BRDA:45,5,0,3
BRDA:45,5,1,0
BRDA:45,6,0,3
BRDA:45,6,1,3
BRDA:154,7,0,0
BRDA:156,8,0,0
BRDA:156,8,1,0
BRDA:157,9,0,0
BRDA:157,9,1,0
BRDA:185,10,0,0
BRDA:185,10,1,0
BRDA:195,11,0,0
BRDA:197,12,0,0
BRDA:197,12,1,0
BRDA:198,13,0,0
BRDA:198,13,1,0
BRDA:226,14,0,0
BRDA:226,14,1,0
BRDA:235,15,0,0
BRDA:237,16,0,0
BRDA:237,16,1,0
BRDA:238,17,0,0
BRDA:238,17,1,0
BRDA:261,18,0,0
BRDA:261,18,1,0
BRDA:269,19,0,0
BRDA:271,20,0,0
BRDA:271,20,1,0
BRDA:272,21,0,0
BRDA:272,21,1,0
BRDA:294,22,0,0
BRDA:294,22,1,0
BRDA:300,23,0,0
BRDA:300,23,1,0
BRDA:301,24,0,0
BRDA:301,24,1,0
BRDA:312,25,0,0
BRDA:312,25,1,0
BRDA:313,26,0,0
BRDA:313,26,1,0
BRDA:320,27,0,0
BRDA:320,27,1,0
BRDA:321,28,0,0
BRDA:321,28,1,0
BRDA:327,29,0,0
BRDA:327,29,1,0
BRDA:328,30,0,0
BRDA:328,30,1,0
BRDA:335,31,0,0
BRDA:335,31,1,0
BRDA:345,32,0,0
BRDA:345,32,1,0
BRDA:346,33,0,0
BRDA:346,33,1,0
BRDA:347,34,0,0
BRDA:347,34,1,0
BRDA:348,35,0,0
BRDA:348,35,1,0
BRDA:349,36,0,0
BRDA:349,36,1,0
BRDA:350,37,0,0
BRDA:350,37,1,0
BRDA:351,38,0,0
BRDA:351,38,1,0
BRDA:352,39,0,0
BRDA:352,39,1,0
BRDA:363,40,0,0
BRDA:363,40,1,0
BRDA:368,41,0,0
BRDA:368,41,1,0
BRDA:379,42,0,0
BRDA:379,42,1,0
BRDA:379,43,0,0
BRDA:379,43,1,0
BRDA:383,44,0,0
BRDA:384,45,0,0
BRDA:384,45,1,0
BRDA:385,46,0,0
BRDA:385,46,1,0
BRDA:396,47,0,0
BRDA:396,47,1,0
BRDA:402,48,0,0
BRDA:402,48,1,0
BRDA:405,49,0,0
BRDA:405,49,1,0
BRF:95
BRH:9
end_of_record
TN:
SF:src/components/ui/LatencyWaterfall.tsx
FN:53,formatDuration
FN:63,LatencyWaterfall
FN:65,(anonymous_2)
FN:77,(anonymous_3)
FN:84,(anonymous_4)
FN:104,(anonymous_5)
FN:136,(anonymous_6)
FN:153,(anonymous_7)
FN:180,extractLatencySegments
FNF:9
FNH:1
FNDA:0,formatDuration
FNDA:0,LatencyWaterfall
FNDA:0,(anonymous_2)
FNDA:0,(anonymous_3)
FNDA:0,(anonymous_4)
FNDA:0,(anonymous_5)
FNDA:0,(anonymous_6)
FNDA:0,(anonymous_7)
FNDA:11,extractLatencySegments
DA:30,1
DA:54,0
DA:55,0
DA:57,0
DA:58,0
DA:60,0
DA:65,0
DA:68,0
DA:69,0
DA:77,0
DA:83,0
DA:84,0
DA:85,0
DA:86,0
DA:87,0
DA:93,0
DA:105,0
DA:107,0
DA:137,0
DA:139,0
DA:154,0
DA:156,0
DA:181,11
DA:182,1
DA:185,10
DA:187,10
DA:188,22
DA:190,21
DA:191,21
DA:192,21
DA:194,21
DA:197,19
DA:198,19
DA:200,22
DA:201,4
DA:202,15
DA:203,14
DA:204,4
DA:205,10
DA:206,4
DA:210,19
DA:222,10
LF:42
LH:21
BRDA:54,0,0,0
BRDA:54,0,1,0
BRDA:57,1,0,0
BRDA:57,1,1,0
BRDA:63,2,0,0
BRDA:65,3,0,0
BRDA:65,3,1,0
BRDA:68,4,0,0
BRDA:68,4,1,0
BRDA:68,5,0,0
BRDA:68,5,1,0
BRDA:181,6,0,1
BRDA:181,6,1,10
BRDA:181,7,0,11
BRDA:181,7,1,11
BRDA:188,8,0,1
BRDA:188,8,1,21
BRDA:188,9,0,22
BRDA:188,9,1,21
BRDA:194,10,0,2
BRDA:194,10,1,19
BRDA:198,11,0,19
BRDA:198,11,1,0
BRDA:200,12,0,4
BRDA:200,12,1,15
BRDA:202,13,0,14
BRDA:202,13,1,1
BRDA:203,14,0,4
BRDA:203,14,1,10
BRDA:203,15,0,14
BRDA:203,15,1,10
BRDA:205,16,0,4
BRDA:205,16,1,6
BRDA:205,17,0,10
BRDA:205,17,1,7
BRDA:205,17,2,7
BRDA:211,18,0,19
BRDA:211,18,1,0
BRF:38
BRH:25
end_of_record
TN:
SF:src/components/ui/tooltip.tsx
FN:17,(anonymous_0)
FNF:1
FNH:0
FNDA:0,(anonymous_0)
DA:8,1
DA:10,1
DA:12,1
DA:14,1
DA:18,0
DA:30,1
LF:6
LH:5
BRDA:17,0,0,0
BRF:1
BRH:0
end_of_record
TN:
SF:src/lib/supabase.ts
FNF:0
FNH:0
DA:75,3
DA:91,3
LF:2
LH:2
BRF:0
BRH:0
end_of_record
TN:
SF:src/lib/utils.ts
FN:4,cn
FN:26,generateMatrixChar
FN:33,formatTime
FN:40,generateId
FNF:4
FNH:0
FNDA:0,cn
FNDA:0,generateMatrixChar
FNDA:0,formatTime
FNDA:0,generateId
DA:5,0
DA:9,1
DA:19,1
DA:28,0
DA:29,0
DA:34,0
DA:35,0
DA:36,0
DA:41,0
LF:9
LH:2
BRDA:29,0,0,0
BRDA:29,0,1,0
BRF:2
BRH:0
end_of_record
TN:
SF:src/lib/introspection/cost-calculator.ts
FN:84,calculateCost
FN:116,formatCost
FN:142,calculateCostBreakdown
FN:181,getSupportedModels
FN:188,hasModelPricing
FNF:5
FNH:5
FNDA:14,calculateCost
FNDA:11,formatCost
FNDA:3,calculateCostBreakdown
FNDA:2,getSupportedModels
FNDA:7,hasModelPricing
DA:19,1
DA:89,14
DA:90,3
DA:94,11
DA:95,11
DA:97,11
DA:98,1
DA:99,1
DA:103,10
DA:104,10
DA:105,10
DA:107,10
DA:117,11
DA:118,1
DA:121,10
DA:122,1
DA:126,9
DA:127,2
DA:131,7
DA:153,3
DA:154,3
DA:156,3
DA:157,1
DA:166,2
DA:167,2
DA:169,2
DA:182,2
DA:189,7
LF:28
LH:28
BRDA:89,0,0,3
BRDA:89,0,1,11
BRDA:89,1,0,14
BRDA:89,1,1,13
BRDA:89,1,2,12
BRDA:97,2,0,1
BRDA:97,2,1,10
BRDA:117,3,0,1
BRDA:117,3,1,10
BRDA:117,4,0,11
BRDA:117,4,1,10
BRDA:121,5,0,1
BRDA:121,5,1,9
BRDA:126,6,0,2
BRDA:126,6,1,7
BRDA:153,7,0,3
BRDA:153,7,1,0
BRDA:154,8,0,3
BRDA:154,8,1,1
BRDA:156,9,0,1
BRDA:156,9,1,2
BRF:21
BRH:20
end_of_record
TN:
SF:src/services/aomaCache.ts
FN:31,(anonymous_0)
FN:57,(anonymous_1)
FN:66,(anonymous_2)
FN:80,(anonymous_3)
FN:89,(anonymous_4)
FN:127,(anonymous_5)
FN:156,(anonymous_6)
FN:170,(anonymous_7)
FN:188,(anonymous_8)
FN:205,(anonymous_9)
FN:214,(anonymous_10)
FN:228,(anonymous_11)
FN:260,(anonymous_12)
FNF:13
FNH:2
FNDA:1,(anonymous_0)
FNDA:0,(anonymous_1)
FNDA:0,(anonymous_2)
FNDA:0,(anonymous_3)
FNDA:0,(anonymous_4)
FNDA:0,(anonymous_5)
FNDA:0,(anonymous_6)
FNDA:0,(anonymous_7)
FNDA:1,(anonymous_8)
FNDA:0,(anonymous_9)
FNDA:0,(anonymous_10)
FNDA:0,(anonymous_11)
FNDA:0,(anonymous_12)
DA:32,1
DA:33,1
DA:36,1
DA:43,1
DA:51,1
DA:58,0
DA:59,0
DA:60,0
DA:67,0
DA:81,0
DA:82,0
DA:83,0
DA:90,0
DA:93,0
DA:94,0
DA:96,0
DA:97,0
DA:98,0
DA:101,0
DA:102,0
DA:104,0
DA:107,0
DA:111,0
DA:112,0
DA:113,0
DA:114,0
DA:115,0
DA:116,0
DA:119,0
DA:120,0
DA:121,0
DA:128,0
DA:131,0
DA:132,0
DA:133,0
DA:134,0
DA:135,0
DA:138,0
DA:147,0
DA:148,0
DA:157,0
DA:158,0
DA:160,0
DA:161,0
DA:162,0
DA:164,0
DA:165,0
DA:166,0
DA:169,0
DA:170,0
DA:171,0
DA:174,0
DA:176,0
DA:177,0
DA:178,0
DA:182,0
DA:191,1
DA:199,1
DA:206,0
DA:207,0
DA:208,0
DA:216,0
DA:218,0
DA:229,0
DA:231,0
DA:232,0
DA:233,0
DA:234,0
DA:238,0
DA:239,0
DA:242,0
DA:253,1
DA:255,1
DA:256,1
DA:259,1
DA:260,1
DA:261,0
DA:265,1
LF:78
LH:13
BRDA:31,0,0,1
BRDA:81,1,0,0
BRDA:81,1,1,0
BRDA:89,2,0,0
BRDA:96,3,0,0
BRDA:96,3,1,0
BRDA:96,4,0,0
BRDA:96,4,1,0
BRDA:112,5,0,0
BRDA:112,5,1,0
BRDA:127,6,0,0
BRDA:131,7,0,0
BRDA:131,7,1,0
BRDA:131,8,0,0
BRDA:131,8,1,0
BRDA:165,9,0,0
BRDA:165,9,1,0
BRDA:165,10,0,0
BRDA:165,10,1,0
BRDA:176,11,0,0
BRDA:176,11,1,0
BRDA:176,12,0,0
BRDA:176,12,1,0
BRDA:216,13,0,0
BRDA:216,13,1,0
BRDA:232,14,0,0
BRDA:232,14,1,0
BRDA:238,15,0,0
BRDA:238,15,1,0
BRDA:253,16,0,1
BRDA:253,16,1,1
BRDA:255,17,0,1
BRDA:255,17,1,0
BRDA:259,18,0,1
BRDA:259,18,1,0
BRF:35
BRH:5
end_of_record
TN:
SF:src/services/aomaOrchestrator.ts
FN:92,(anonymous_0)
FN:106,(anonymous_1)
FN:202,(anonymous_2)
FN:266,(anonymous_3)
FN:267,(anonymous_4)
FN:288,(anonymous_5)
FN:354,(anonymous_6)
FN:361,(anonymous_7)
FN:375,(anonymous_8)
FN:378,(anonymous_9)
FN:385,(anonymous_10)
FN:389,(anonymous_11)
FN:403,(anonymous_12)
FN:413,(anonymous_13)
FN:447,(anonymous_14)
FN:507,(anonymous_15)
FN:524,(anonymous_16)
FN:538,(anonymous_17)
FN:551,(anonymous_18)
FN:578,(anonymous_19)
FN:613,(anonymous_20)
FN:626,(anonymous_21)
FN:652,(anonymous_22)
FN:663,(anonymous_23)
FN:672,(anonymous_24)
FN:705,(anonymous_25)
FN:729,(anonymous_26)
FN:764,(anonymous_27)
FN:772,(anonymous_28)
FN:795,(anonymous_29)
FN:815,(anonymous_30)
FN:847,(anonymous_31)
FN:853,(anonymous_32)
FN:856,(anonymous_33)
FNF:34
FNH:1
FNDA:22,(anonymous_0)
FNDA:0,(anonymous_1)
FNDA:0,(anonymous_2)
FNDA:0,(anonymous_3)
FNDA:0,(anonymous_4)
FNDA:0,(anonymous_5)
FNDA:0,(anonymous_6)
FNDA:0,(anonymous_7)
FNDA:0,(anonymous_8)
FNDA:0,(anonymous_9)
FNDA:0,(anonymous_10)
FNDA:0,(anonymous_11)
FNDA:0,(anonymous_12)
FNDA:0,(anonymous_13)
FNDA:0,(anonymous_14)
FNDA:0,(anonymous_15)
FNDA:0,(anonymous_16)
FNDA:0,(anonymous_17)
FNDA:0,(anonymous_18)
FNDA:0,(anonymous_19)
FNDA:0,(anonymous_20)
FNDA:0,(anonymous_21)
FNDA:0,(anonymous_22)
FNDA:0,(anonymous_23)
FNDA:0,(anonymous_24)
FNDA:0,(anonymous_25)
FNDA:0,(anonymous_26)
FNDA:0,(anonymous_27)
FNDA:0,(anonymous_28)
FNDA:0,(anonymous_29)
FNDA:0,(anonymous_30)
FNDA:0,(anonymous_31)
FNDA:0,(anonymous_32)
FNDA:0,(anonymous_33)
DA:20,1
DA:93,22
DA:108,0
DA:109,0
DA:110,0
DA:111,0
DA:115,0
DA:121,0
DA:122,0
DA:123,0
DA:124,0
DA:125,0
DA:126,0
DA:132,0
DA:139,0
DA:140,0
DA:141,0
DA:143,0
DA:144,0
DA:146,0
DA:147,0
DA:148,0
DA:149,0
DA:150,0
DA:152,0
DA:153,0
DA:154,0
DA:160,0
DA:170,0
DA:171,0
DA:172,0
DA:176,0
DA:179,0
DA:180,0
DA:181,0
DA:185,0
DA:187,0
DA:188,0
DA:189,0
DA:190,0
DA:195,0
DA:219,0
DA:222,0
DA:225,0
DA:226,0
DA:227,0
DA:228,0
DA:229,0
DA:230,0
DA:234,0
DA:237,0
DA:240,0
DA:247,0
DA:248,0
DA:257,0
DA:259,0
DA:266,0
DA:267,0
DA:272,0
DA:273,0
DA:274,0
DA:277,0
DA:279,0
DA:280,0
DA:289,0
DA:290,0
DA:293,0
DA:299,0
DA:302,0
DA:308,0
DA:311,0
DA:317,0
DA:320,0
DA:326,0
DA:330,0
DA:338,0
DA:339,0
DA:343,0
DA:344,0
DA:347,0
DA:348,0
DA:355,0
DA:356,0
DA:360,0
DA:362,0
DA:363,0
DA:364,0
DA:365,0
DA:370,0
DA:371,0
DA:374,0
DA:375,0
DA:378,0
DA:379,0
DA:380,0
DA:385,0
DA:386,0
DA:387,0
DA:389,0
DA:391,0
DA:392,0
DA:393,0
DA:397,0
DA:406,0
DA:407,0
DA:408,0
DA:410,0
DA:411,0
DA:412,0
DA:413,0
DA:415,0
DA:418,0
DA:421,0
DA:422,0
DA:425,0
DA:432,0
DA:434,0
DA:435,0
DA:436,0
DA:437,0
DA:438,0
DA:441,0
DA:442,0
DA:447,0
DA:450,0
DA:451,0
DA:453,0
DA:455,0
DA:460,0
DA:461,0
DA:463,0
DA:464,0
DA:467,0
DA:468,0
DA:474,0
DA:476,0
DA:477,0
DA:479,0
DA:480,0
DA:488,0
DA:489,0
DA:494,0
DA:497,0
DA:508,0
DA:510,0
DA:512,0
DA:514,0
DA:520,0
DA:523,0
DA:524,0
DA:525,0
DA:534,0
DA:537,0
DA:538,0
DA:539,0
DA:547,0
DA:550,0
DA:551,0
DA:552,0
DA:560,0
DA:563,0
DA:569,0
DA:572,0
DA:579,0
DA:581,0
DA:584,0
DA:587,0
DA:590,0
DA:593,0
DA:596,0
DA:599,0
DA:602,0
DA:605,0
DA:614,0
DA:633,0
DA:636,0
DA:639,0
DA:642,0
DA:643,0
DA:644,0
DA:645,0
DA:646,0
DA:647,0
DA:648,0
DA:651,0
DA:652,0
DA:655,0
DA:660,0
DA:661,0
DA:663,0
DA:664,0
DA:681,0
DA:683,0
DA:685,0
DA:688,0
DA:690,0
DA:691,0
DA:695,0
DA:702,0
DA:705,0
DA:719,0
DA:725,0
DA:728,0
DA:729,0
DA:733,0
DA:735,0
DA:737,0
DA:738,0
DA:743,0
DA:746,0
DA:765,0
DA:767,0
DA:768,0
DA:769,0
DA:772,0
DA:780,0
DA:789,0
DA:795,0
DA:801,0
DA:802,0
DA:803,0
DA:804,0
DA:805,0
DA:806,0
DA:809,0
DA:810,0
DA:813,0
DA:814,0
DA:815,0
DA:816,0
DA:817,0
DA:818,0
DA:819,0
DA:829,0
DA:832,0
DA:837,0
DA:838,0
DA:841,0
DA:848,0
DA:852,0
DA:853,0
DA:856,0
DA:857,0
DA:858,0
DA:860,0
DA:863,0
DA:868,1
LF:247
LH:3
BRDA:109,0,0,0
BRDA:109,0,1,0
BRDA:123,1,0,0
BRDA:123,1,1,0
BRDA:123,2,0,0
BRDA:123,2,1,0
BRDA:141,3,0,0
BRDA:141,3,1,0
BRDA:144,4,0,0
BRDA:144,4,1,0
BRDA:146,5,0,0
BRDA:146,5,1,0
BRDA:146,6,0,0
BRDA:146,6,1,0
BRDA:147,7,0,0
BRDA:147,7,1,0
BRDA:148,8,0,0
BRDA:148,8,1,0
BRDA:148,9,0,0
BRDA:148,9,1,0
BRDA:149,10,0,0
BRDA:149,10,1,0
BRDA:150,11,0,0
BRDA:150,11,1,0
BRDA:150,12,0,0
BRDA:150,12,1,0
BRDA:152,13,0,0
BRDA:152,13,1,0
BRDA:179,14,0,0
BRDA:179,14,1,0
BRDA:179,15,0,0
BRDA:179,15,1,0
BRDA:185,16,0,0
BRDA:185,16,1,0
BRDA:188,17,0,0
BRDA:188,17,1,0
BRDA:188,18,0,0
BRDA:188,18,1,0
BRDA:204,19,0,0
BRDA:219,20,0,0
BRDA:219,21,0,0
BRDA:219,22,0,0
BRDA:225,23,0,0
BRDA:225,23,1,0
BRDA:228,24,0,0
BRDA:228,24,1,0
BRDA:247,25,0,0
BRDA:247,25,1,0
BRDA:247,26,0,0
BRDA:247,26,1,0
BRDA:272,27,0,0
BRDA:272,27,1,0
BRDA:293,28,0,0
BRDA:293,28,1,0
BRDA:294,29,0,0
BRDA:294,29,1,0
BRDA:294,29,2,0
BRDA:294,29,3,0
BRDA:302,30,0,0
BRDA:302,30,1,0
BRDA:303,31,0,0
BRDA:303,31,1,0
BRDA:303,31,2,0
BRDA:303,31,3,0
BRDA:311,32,0,0
BRDA:311,32,1,0
BRDA:312,33,0,0
BRDA:312,33,1,0
BRDA:312,33,2,0
BRDA:312,33,3,0
BRDA:320,34,0,0
BRDA:320,34,1,0
BRDA:321,35,0,0
BRDA:321,35,1,0
BRDA:321,35,2,0
BRDA:321,35,3,0
BRDA:330,36,0,0
BRDA:330,36,1,0
BRDA:331,37,0,0
BRDA:331,37,1,0
BRDA:331,37,2,0
BRDA:331,37,3,0
BRDA:331,37,4,0
BRDA:331,37,5,0
BRDA:343,38,0,0
BRDA:343,38,1,0
BRDA:355,39,0,0
BRDA:355,39,1,0
BRDA:363,40,0,0
BRDA:363,40,1,0
BRDA:379,41,0,0
BRDA:379,41,1,0
BRDA:406,42,0,0
BRDA:406,42,1,0
BRDA:408,43,0,0
BRDA:408,43,1,0
BRDA:408,44,0,0
BRDA:408,44,1,0
BRDA:410,45,0,0
BRDA:410,45,1,0
BRDA:412,46,0,0
BRDA:412,46,1,0
BRDA:413,47,0,0
BRDA:413,47,1,0
BRDA:413,47,2,0
BRDA:418,48,0,0
BRDA:418,48,1,0
BRDA:425,49,0,0
BRDA:425,49,1,0
BRDA:425,49,2,0
BRDA:425,49,3,0
BRDA:437,50,0,0
BRDA:437,50,1,0
BRDA:441,51,0,0
BRDA:441,51,1,0
BRDA:453,52,0,0
BRDA:453,52,1,0
BRDA:461,53,0,0
BRDA:461,53,1,0
BRDA:461,54,0,0
BRDA:461,54,1,0
BRDA:474,55,0,0
BRDA:474,55,1,0
BRDA:474,56,0,0
BRDA:474,56,1,0
BRDA:510,57,0,0
BRDA:510,57,1,0
BRDA:512,58,0,0
BRDA:512,58,1,0
BRDA:512,58,2,0
BRDA:512,58,3,0
BRDA:512,58,4,0
BRDA:517,59,0,0
BRDA:517,59,1,0
BRDA:523,60,0,0
BRDA:523,60,1,0
BRDA:527,61,0,0
BRDA:527,61,1,0
BRDA:529,62,0,0
BRDA:529,62,1,0
BRDA:530,63,0,0
BRDA:530,63,1,0
BRDA:537,64,0,0
BRDA:537,64,1,0
BRDA:541,65,0,0
BRDA:541,65,1,0
BRDA:542,66,0,0
BRDA:542,66,1,0
BRDA:550,67,0,0
BRDA:550,67,1,0
BRDA:554,68,0,0
BRDA:554,68,1,0
BRDA:555,69,0,0
BRDA:555,69,1,0
BRDA:556,70,0,0
BRDA:556,70,1,0
BRDA:579,71,0,0
BRDA:579,71,1,0
BRDA:579,71,2,0
BRDA:579,71,3,0
BRDA:579,71,4,0
BRDA:579,71,5,0
BRDA:579,71,6,0
BRDA:579,71,7,0
BRDA:579,71,8,0
BRDA:633,72,0,0
BRDA:633,72,1,0
BRDA:642,73,0,0
BRDA:642,73,1,0
BRDA:645,74,0,0
BRDA:645,74,1,0
BRDA:651,75,0,0
BRDA:651,75,1,0
BRDA:661,76,0,0
BRDA:661,76,1,0
BRDA:688,77,0,0
BRDA:688,77,1,0
BRDA:690,78,0,0
BRDA:690,78,1,0
BRDA:706,79,0,0
BRDA:706,79,1,0
BRDA:707,80,0,0
BRDA:707,80,1,0
BRDA:708,81,0,0
BRDA:708,81,1,0
BRDA:709,82,0,0
BRDA:709,82,1,0
BRDA:711,83,0,0
BRDA:711,83,1,0
BRDA:711,83,2,0
BRDA:728,84,0,0
BRDA:728,84,1,0
BRDA:740,85,0,0
BRDA:740,85,1,0
BRDA:765,86,0,0
BRDA:765,86,1,0
BRDA:767,87,0,0
BRDA:767,87,1,0
BRDA:767,88,0,0
BRDA:767,88,1,0
BRDA:774,89,0,0
BRDA:774,89,1,0
BRDA:775,90,0,0
BRDA:775,90,1,0
BRDA:776,91,0,0
BRDA:776,91,1,0
BRDA:804,92,0,0
BRDA:804,92,1,0
BRDA:804,93,0,0
BRDA:804,93,1,0
BRDA:805,94,0,0
BRDA:805,94,1,0
BRDA:809,95,0,0
BRDA:809,95,1,0
BRDA:813,96,0,0
BRDA:813,96,1,0
BRDA:813,97,0,0
BRDA:813,97,1,0
BRDA:821,98,0,0
BRDA:821,98,1,0
BRDA:822,99,0,0
BRDA:822,99,1,0
BRDA:823,100,0,0
BRDA:823,100,1,0
BRDA:837,101,0,0
BRDA:837,101,1,0
BRDA:848,102,0,0
BRDA:848,102,1,0
BRDA:848,103,0,0
BRDA:848,103,1,0
BRDA:857,104,0,0
BRDA:857,104,1,0
BRDA:857,105,0,0
BRDA:857,105,1,0
BRF:234
BRH:0
end_of_record
TN:
SF:src/services/aomaProgressStream.ts
FN:27,(anonymous_0)
FN:36,(anonymous_1)
FN:52,(anonymous_2)
FN:65,(anonymous_3)
FN:79,(anonymous_4)
FN:101,(anonymous_5)
FN:117,(anonymous_6)
FN:132,(anonymous_7)
FN:139,(anonymous_8)
FN:146,(anonymous_9)
FN:153,(anonymous_10)
FN:155,(anonymous_11)
FN:159,(anonymous_12)
FN:176,(anonymous_13)
FN:183,(anonymous_14)
FN:201,(anonymous_15)
FNF:16
FNH:1
FNDA:1,(anonymous_0)
FNDA:0,(anonymous_1)
FNDA:0,(anonymous_2)
FNDA:0,(anonymous_3)
FNDA:0,(anonymous_4)
FNDA:0,(anonymous_5)
FNDA:0,(anonymous_6)
FNDA:0,(anonymous_7)
FNDA:0,(anonymous_8)
FNDA:0,(anonymous_9)
FNDA:0,(anonymous_10)
FNDA:0,(anonymous_11)
FNDA:0,(anonymous_12)
FNDA:0,(anonymous_13)
FNDA:0,(anonymous_14)
FNDA:0,(anonymous_15)
DA:28,1
DA:29,1
DA:30,1
DA:31,1
DA:37,0
DA:38,0
DA:39,0
DA:40,0
DA:42,0
DA:53,0
DA:66,0
DA:68,0
DA:80,0
DA:81,0
DA:83,0
DA:84,0
DA:87,0
DA:102,0
DA:103,0
DA:105,0
DA:118,0
DA:120,0
DA:133,0
DA:140,0
DA:147,0
DA:154,0
DA:155,0
DA:158,0
DA:160,0
DA:161,0
DA:163,0
DA:168,0
DA:170,0
DA:177,0
DA:184,0
DA:195,0
DA:202,0
DA:203,0
DA:204,0
DA:205,0
DA:207,0
DA:213,1
LF:42
LH:5
BRDA:81,0,0,0
BRDA:81,0,1,0
BRDA:83,1,0,0
BRDA:83,1,1,0
BRDA:90,2,0,0
BRDA:90,2,1,0
BRDA:103,3,0,0
BRDA:103,3,1,0
BRDA:140,4,0,0
BRDA:140,4,1,0
BRDA:155,5,0,0
BRDA:155,5,1,0
BRDA:160,6,0,0
BRDA:160,6,1,0
BRDA:161,7,0,0
BRDA:161,7,1,0
BRDA:195,8,0,0
BRDA:195,8,1,0
BRDA:202,9,0,0
BRDA:202,9,1,0
BRDA:204,10,0,0
BRDA:204,10,1,0
BRF:22
BRH:0
end_of_record
TN:
SF:src/services/emailContextService.ts
FN:23,(anonymous_0)
FN:29,(anonymous_1)
FN:64,(anonymous_2)
FN:74,(anonymous_3)
FN:76,(anonymous_4)
FN:105,(anonymous_5)
FN:122,(anonymous_6)
FN:142,(anonymous_7)
FN:146,(anonymous_8)
FN:150,(anonymous_9)
FN:152,(anonymous_10)
FN:162,(anonymous_11)
FN:172,(anonymous_12)
FN:201,(anonymous_13)
FN:214,(anonymous_14)
FN:226,(anonymous_15)
FN:238,(anonymous_16)
FN:264,getEmailContextService
FNF:18
FNH:2
FNDA:1,(anonymous_0)
FNDA:0,(anonymous_1)
FNDA:0,(anonymous_2)
FNDA:0,(anonymous_3)
FNDA:0,(anonymous_4)
FNDA:0,(anonymous_5)
FNDA:0,(anonymous_6)
FNDA:0,(anonymous_7)
FNDA:0,(anonymous_8)
FNDA:0,(anonymous_9)
FNDA:0,(anonymous_10)
FNDA:0,(anonymous_11)
FNDA:0,(anonymous_12)
FNDA:0,(anonymous_13)
FNDA:0,(anonymous_14)
FNDA:0,(anonymous_15)
FNDA:0,(anonymous_16)
FNDA:1,getEmailContextService
DA:24,1
DA:30,0
DA:32,0
DA:33,0
DA:41,0
DA:44,0
DA:46,0
DA:52,0
DA:53,0
DA:65,0
DA:66,0
DA:67,0
DA:70,0
DA:71,0
DA:72,0
DA:74,0
DA:76,0
DA:77,0
DA:78,0
DA:79,0
DA:81,0
DA:86,0
DA:87,0
DA:94,0
DA:106,0
DA:116,0
DA:132,0
DA:139,0
DA:141,0
DA:142,0
DA:145,0
DA:146,0
DA:149,0
DA:150,0
DA:151,0
DA:152,0
DA:156,0
DA:167,0
DA:168,0
DA:171,0
DA:172,0
DA:175,0
DA:176,0
DA:183,0
DA:189,0
DA:190,0
DA:202,0
DA:203,0
DA:204,0
DA:206,0
DA:207,0
DA:215,0
DA:216,0
DA:218,0
DA:219,0
DA:228,0
DA:231,0
DA:252,0
DA:262,1
DA:265,1
DA:266,1
DA:268,1
LF:62
LH:5
BRDA:32,0,0,0
BRDA:32,0,1,0
BRDA:35,1,0,0
BRDA:35,1,1,0
BRDA:56,2,0,0
BRDA:56,2,1,0
BRDA:70,3,0,0
BRDA:70,3,1,0
BRDA:78,4,0,0
BRDA:78,4,1,0
BRDA:86,5,0,0
BRDA:86,5,1,0
BRDA:124,6,0,0
BRDA:133,7,0,0
BRDA:133,7,1,0
BRDA:134,8,0,0
BRDA:134,8,1,0
BRDA:141,9,0,0
BRDA:141,9,1,0
BRDA:145,10,0,0
BRDA:145,10,1,0
BRDA:149,11,0,0
BRDA:149,11,1,0
BRDA:149,12,0,0
BRDA:149,12,1,0
BRDA:151,13,0,0
BRDA:151,13,1,0
BRDA:171,14,0,0
BRDA:171,14,1,0
BRDA:175,15,0,0
BRDA:175,15,1,0
BRDA:184,16,0,0
BRDA:184,16,1,0
BRDA:185,17,0,0
BRDA:185,17,1,0
BRDA:186,18,0,0
BRDA:186,18,1,0
BRDA:265,19,0,1
BRDA:265,19,1,0
BRF:39
BRH:1
end_of_record
TN:
SF:src/services/geminiEmbeddingService.ts
FN:14,(anonymous_0)
FN:28,(anonymous_1)
FN:48,(anonymous_2)
FN:61,(anonymous_3)
FN:71,(anonymous_4)
FN:82,getGeminiEmbeddingService
FNF:6
FNH:0
FNDA:0,(anonymous_0)
FNDA:0,(anonymous_1)
FNDA:0,(anonymous_2)
FNDA:0,(anonymous_3)
FNDA:0,(anonymous_4)
FNDA:0,getGeminiEmbeddingService
DA:15,0
DA:16,0
DA:17,0
DA:20,0
DA:21,0
DA:29,0
DA:30,0
DA:31,0
DA:33,0
DA:34,0
DA:37,0
DA:39,0
DA:40,0
DA:55,0
DA:56,0
DA:58,0
DA:59,0
DA:60,0
DA:61,0
DA:63,0
DA:65,0
DA:66,0
DA:70,0
DA:71,0
DA:75,0
DA:80,3
DA:83,0
DA:84,0
DA:86,0
LF:29
LH:1
BRDA:16,0,0,0
BRDA:16,0,1,0
BRDA:33,1,0,0
BRDA:33,1,1,0
BRDA:40,2,0,0
BRDA:40,2,1,0
BRDA:50,3,0,0
BRDA:55,4,0,0
BRDA:65,5,0,0
BRDA:65,5,1,0
BRDA:70,6,0,0
BRDA:70,6,1,0
BRDA:83,7,0,0
BRDA:83,7,1,0
BRF:14
BRH:0
end_of_record
TN:
SF:src/services/queryDeduplicator.ts
FN:8,(anonymous_0)
FN:19,(anonymous_1)
FN:31,(anonymous_2)
FN:43,(anonymous_3)
FN:50,(anonymous_4)
FN:63,getQueryDeduplicator
FNF:6
FNH:0
FNDA:0,(anonymous_0)
FNDA:0,(anonymous_1)
FNDA:0,(anonymous_2)
FNDA:0,(anonymous_3)
FNDA:0,(anonymous_4)
FNDA:0,getQueryDeduplicator
DA:9,0
DA:10,0
DA:11,0
DA:20,0
DA:23,0
DA:24,0
DA:25,0
DA:26,0
DA:27,0
DA:31,0
DA:33,0
DA:36,0
DA:37,0
DA:44,0
DA:51,0
DA:61,1
DA:64,0
DA:65,0
DA:67,0
LF:19
LH:1
BRDA:23,0,0,0
BRDA:23,0,1,0
BRDA:54,1,0,0
BRDA:54,1,1,0
BRDA:64,2,0,0
BRDA:64,2,1,0
BRF:6
BRH:0
end_of_record
TN:
SF:src/services/supabaseVectorService.ts
FN:25,getAdminClient
FN:49,(anonymous_1)
FN:58,(anonymous_2)
FN:84,(anonymous_3)
FN:151,(anonymous_4)
FN:172,(anonymous_5)
FN:228,(anonymous_6)
FN:233,(anonymous_7)
FN:251,(anonymous_8)
FN:257,(anonymous_9)
FN:284,(anonymous_10)
FN:301,(anonymous_11)
FN:309,(anonymous_12)
FN:354,(anonymous_13)
FN:425,(anonymous_14)
FN:476,(anonymous_15)
FN:508,(anonymous_16)
FN:543,(anonymous_17)
FN:588,(anonymous_18)
FN:626,(anonymous_19)
FN:681,getSupabaseVectorService
FNF:21
FNH:2
FNDA:0,getAdminClient
FNDA:2,(anonymous_1)
FNDA:0,(anonymous_2)
FNDA:0,(anonymous_3)
FNDA:0,(anonymous_4)
FNDA:0,(anonymous_5)
FNDA:0,(anonymous_6)
FNDA:0,(anonymous_7)
FNDA:0,(anonymous_8)
FNDA:0,(anonymous_9)
FNDA:0,(anonymous_10)
FNDA:0,(anonymous_11)
FNDA:0,(anonymous_12)
FNDA:0,(anonymous_13)
FNDA:0,(anonymous_14)
FNDA:0,(anonymous_15)
FNDA:0,(anonymous_16)
FNDA:0,(anonymous_17)
FNDA:0,(anonymous_18)
FNDA:0,(anonymous_19)
FNDA:23,getSupabaseVectorService
DA:27,0
DA:28,0
DA:31,0
DA:32,0
DA:34,0
DA:35,0
DA:38,0
DA:39,0
DA:41,0
DA:50,2
DA:59,0
DA:60,0
DA:61,0
DA:64,0
DA:65,0
DA:70,0
DA:72,0
DA:73,0
DA:104,0
DA:106,0
DA:108,0
DA:109,0
DA:110,0
DA:111,0
DA:112,0
DA:113,0
DA:114,0
DA:117,0
DA:118,0
DA:119,0
DA:123,0
DA:125,0
DA:126,0
DA:135,0
DA:136,0
DA:137,0
DA:139,0
DA:140,0
DA:141,0
DA:145,0
DA:146,0
DA:147,0
DA:148,0
DA:149,0
DA:150,0
DA:151,0
DA:153,0
DA:156,0
DA:158,0
DA:159,0
DA:196,0
DA:198,0
DA:199,0
DA:200,0
DA:203,0
DA:204,0
DA:207,0
DA:209,0
DA:214,0
DA:215,0
DA:218,0
DA:219,0
DA:229,0
DA:230,0
DA:231,0
DA:233,0
DA:237,0
DA:238,0
DA:244,0
DA:245,0
DA:252,0
DA:253,0
DA:254,0
DA:257,0
DA:271,0
DA:272,0
DA:278,0
DA:279,0
DA:280,0
DA:281,0
DA:284,0
DA:287,0
DA:288,0
DA:289,0
DA:290,0
DA:291,0
DA:295,0
DA:302,0
DA:303,0
DA:310,0
DA:311,0
DA:315,0
DA:318,0
DA:319,0
DA:324,0
DA:325,0
DA:326,0
DA:327,0
DA:328,0
DA:329,0
DA:330,0
DA:331,0
DA:332,0
DA:333,0
DA:334,0
DA:335,0
DA:336,0
DA:337,0
DA:339,0
DA:346,0
DA:347,0
DA:363,0
DA:365,0
DA:366,0
DA:369,0
DA:370,0
DA:378,0
DA:381,0
DA:394,0
DA:396,0
DA:398,0
DA:406,0
DA:407,0
DA:410,0
DA:411,0
DA:413,0
DA:414,0
DA:452,0
DA:454,0
DA:455,0
DA:456,0
DA:457,0
DA:458,0
DA:461,0
DA:462,0
DA:463,0
DA:464,0
DA:466,0
DA:467,0
DA:469,0
DA:472,0
DA:473,0
DA:474,0
DA:476,0
DA:477,0
DA:478,0
DA:487,0
DA:489,0
DA:490,0
DA:494,0
DA:497,0
DA:502,0
DA:513,0
DA:515,0
DA:516,0
DA:517,0
DA:520,0
DA:523,0
DA:524,0
DA:525,0
DA:527,0
DA:529,0
DA:530,0
DA:533,0
DA:535,0
DA:536,0
DA:550,0
DA:552,0
DA:553,0
DA:558,0
DA:566,0
DA:567,0
DA:570,0
DA:572,0
DA:573,0
DA:576,0
DA:577,0
DA:578,0
DA:580,0
DA:581,0
DA:593,0
DA:595,0
DA:596,0
DA:597,0
DA:600,0
DA:606,0
DA:607,0
DA:608,0
DA:610,0
DA:612,0
DA:613,0
DA:616,0
DA:618,0
DA:619,0
DA:638,0
DA:639,0
DA:650,0
DA:651,0
DA:652,0
DA:653,0
DA:656,0
DA:657,0
DA:662,0
DA:666,0
DA:667,0
DA:670,0
DA:672,0
DA:679,3
DA:682,23
DA:683,2
DA:685,23
LF:211
LH:5
BRDA:27,0,0,0
BRDA:27,0,1,0
BRDA:34,1,0,0
BRDA:34,1,1,0
BRDA:34,2,0,0
BRDA:34,2,1,0
BRDA:49,3,0,2
BRDA:59,4,0,0
BRDA:59,4,1,0
BRDA:100,5,0,0
BRDA:101,6,0,0
BRDA:102,7,0,0
BRDA:103,8,0,0
BRDA:110,9,0,0
BRDA:110,9,1,0
BRDA:114,10,0,0
BRDA:114,10,1,0
BRDA:117,11,0,0
BRDA:117,11,1,0
BRDA:118,12,0,0
BRDA:118,12,1,0
BRDA:123,13,0,0
BRDA:123,13,1,0
BRDA:139,14,0,0
BRDA:139,14,1,0
BRDA:145,15,0,0
BRDA:145,15,1,0
BRDA:147,16,0,0
BRDA:147,16,1,0
BRDA:190,17,0,0
BRDA:191,18,0,0
BRDA:192,19,0,0
BRDA:193,20,0,0
BRDA:194,21,0,0
BRDA:195,22,0,0
BRDA:198,23,0,0
BRDA:198,23,1,0
BRDA:199,24,0,0
BRDA:199,24,1,0
BRDA:210,25,0,0
BRDA:210,25,1,0
BRDA:211,26,0,0
BRDA:211,26,1,0
BRDA:218,27,0,0
BRDA:218,27,1,0
BRDA:218,28,0,0
BRDA:218,28,1,0
BRDA:229,29,0,0
BRDA:229,29,1,0
BRDA:233,30,0,0
BRDA:233,30,1,0
BRDA:244,31,0,0
BRDA:244,31,1,0
BRDA:244,32,0,0
BRDA:244,32,1,0
BRDA:252,33,0,0
BRDA:252,33,1,0
BRDA:257,34,0,0
BRDA:257,34,1,0
BRDA:284,35,0,0
BRDA:284,35,1,0
BRDA:284,36,0,0
BRDA:284,36,1,0
BRDA:288,37,0,0
BRDA:288,37,1,0
BRDA:290,38,0,0
BRDA:290,38,1,0
BRDA:318,39,0,0
BRDA:318,39,1,0
BRDA:318,39,2,0
BRDA:319,40,0,0
BRDA:319,40,1,0
BRDA:319,40,2,0
BRDA:319,40,3,0
BRDA:324,41,0,0
BRDA:324,41,1,0
BRDA:361,42,0,0
BRDA:369,43,0,0
BRDA:369,43,1,0
BRDA:378,44,0,0
BRDA:378,44,1,0
BRDA:406,45,0,0
BRDA:406,45,1,0
BRDA:411,46,0,0
BRDA:411,46,1,0
BRDA:452,47,0,0
BRDA:452,47,1,0
BRDA:472,48,0,0
BRDA:472,48,1,0
BRDA:485,49,0,0
BRDA:485,49,1,0
BRDA:515,50,0,0
BRDA:515,50,1,0
BRDA:516,51,0,0
BRDA:516,51,1,0
BRDA:523,52,0,0
BRDA:523,52,1,0
BRDA:524,53,0,0
BRDA:524,53,1,0
BRDA:525,54,0,0
BRDA:525,54,1,0
BRDA:529,55,0,0
BRDA:529,55,1,0
BRDA:552,56,0,0
BRDA:552,56,1,0
BRDA:566,57,0,0
BRDA:566,57,1,0
BRDA:572,58,0,0
BRDA:572,58,1,0
BRDA:576,59,0,0
BRDA:576,59,1,0
BRDA:595,60,0,0
BRDA:595,60,1,0
BRDA:596,61,0,0
BRDA:596,61,1,0
BRDA:606,62,0,0
BRDA:606,62,1,0
BRDA:607,63,0,0
BRDA:607,63,1,0
BRDA:608,64,0,0
BRDA:608,64,1,0
BRDA:612,65,0,0
BRDA:612,65,1,0
BRDA:632,66,0,0
BRDA:650,67,0,0
BRDA:650,67,1,0
BRDA:650,68,0,0
BRDA:650,68,1,0
BRDA:652,69,0,0
BRDA:652,69,1,0
BRDA:652,70,0,0
BRDA:652,70,1,0
BRDA:656,71,0,0
BRDA:656,71,1,0
BRDA:666,72,0,0
BRDA:666,72,1,0
BRDA:682,73,0,2
BRDA:682,73,1,21
BRF:138
BRH:3
end_of_record
TN:
SF:src/services/topicExtractionService.ts
FN:21,(anonymous_0)
FN:24,(anonymous_1)
FN:32,(anonymous_2)
FN:35,(anonymous_3)
FN:40,(anonymous_4)
FN:241,(anonymous_5)
FN:247,(anonymous_6)
FN:255,(anonymous_7)
FN:269,(anonymous_8)
FN:303,(anonymous_9)
FN:336,(anonymous_10)
FN:342,(anonymous_11)
FN:348,(anonymous_12)
FN:368,(anonymous_13)
FN:382,(anonymous_14)
FN:401,(anonymous_15)
FN:416,(anonymous_16)
FN:453,(anonymous_17)
FN:461,(anonymous_18)
FN:498,(anonymous_19)
FN:551,(anonymous_20)
FN:565,(anonymous_21)
FN:584,(anonymous_22)
FN:587,(anonymous_23)
FN:593,(anonymous_24)
FN:609,(anonymous_25)
FN:628,(anonymous_26)
FN:633,(anonymous_27)
FN:663,(anonymous_28)
FN:684,(anonymous_29)
FN:697,(anonymous_30)
FN:699,(anonymous_31)
FN:702,(anonymous_32)
FN:709,(anonymous_33)
FN:753,(anonymous_34)
FN:761,(anonymous_35)
FN:769,(anonymous_36)
FN:775,(anonymous_37)
FN:779,(anonymous_38)
FN:782,(anonymous_39)
FN:788,(anonymous_40)
FN:795,(anonymous_41)
FN:802,(anonymous_42)
FN:813,(anonymous_43)
FN:824,(anonymous_44)
FN:826,(anonymous_45)
FN:832,(anonymous_46)
FN:841,(anonymous_47)
FN:856,(anonymous_48)
FNF:49
FNH:42
FNDA:0,(anonymous_0)
FNDA:0,(anonymous_1)
FNDA:0,(anonymous_2)
FNDA:0,(anonymous_3)
FNDA:0,(anonymous_4)
FNDA:34,(anonymous_5)
FNDA:34,(anonymous_6)
FNDA:50,(anonymous_7)
FNDA:0,(anonymous_8)
FNDA:8,(anonymous_9)
FNDA:50,(anonymous_10)
FNDA:346,(anonymous_11)
FNDA:50,(anonymous_12)
FNDA:562,(anonymous_13)
FNDA:50,(anonymous_14)
FNDA:50,(anonymous_15)
FNDA:79,(anonymous_16)
FNDA:1315,(anonymous_17)
FNDA:79,(anonymous_18)
FNDA:561,(anonymous_19)
FNDA:561,(anonymous_20)
FNDA:2731,(anonymous_21)
FNDA:561,(anonymous_22)
FNDA:597,(anonymous_23)
FNDA:1158,(anonymous_24)
FNDA:8,(anonymous_25)
FNDA:1187,(anonymous_26)
FNDA:185,(anonymous_27)
FNDA:669,(anonymous_28)
FNDA:1750,(anonymous_29)
FNDA:75,(anonymous_30)
FNDA:0,(anonymous_31)
FNDA:96,(anonymous_32)
FNDA:75,(anonymous_33)
FNDA:3,(anonymous_34)
FNDA:34,(anonymous_35)
FNDA:46,(anonymous_36)
FNDA:1,(anonymous_37)
FNDA:15,(anonymous_38)
FNDA:39,(anonymous_39)
FNDA:5,(anonymous_40)
FNDA:2,(anonymous_41)
FNDA:2,(anonymous_42)
FNDA:73,(anonymous_43)
FNDA:1,(anonymous_44)
FNDA:2,(anonymous_45)
FNDA:1,(anonymous_46)
FNDA:2,(anonymous_47)
FNDA:2,(anonymous_48)
DA:16,1
DA:18,1
DA:21,0
DA:22,0
DA:25,0
DA:26,0
DA:28,0
DA:29,0
DA:33,0
DA:34,0
DA:35,0
DA:37,0
DA:41,0
DA:42,0
DA:43,0
DA:44,0
DA:45,0
DA:48,0
DA:125,34
DA:126,34
DA:127,34
DA:128,34
DA:129,34
DA:131,34
DA:215,34
DA:242,34
DA:243,34
DA:244,34
DA:249,34
DA:266,50
DA:269,50
DA:272,50
DA:275,50
DA:276,50
DA:279,50
DA:280,50
DA:283,50
DA:286,50
DA:289,50
DA:292,50
DA:295,50
DA:297,50
DA:307,8
DA:310,8
DA:311,29
DA:315,8
DA:316,29
DA:317,29
DA:323,29
DA:324,29
DA:328,8
DA:330,8
DA:338,50
DA:342,346
DA:354,50
DA:357,50
DA:358,331
DA:359,261
DA:364,50
DA:365,50
DA:366,281
DA:368,562
DA:369,281
DA:370,271
DA:371,271
DA:376,50
DA:383,50
DA:385,50
DA:386,532
DA:390,50
DA:391,50
DA:392,524
DA:395,50
DA:405,50
DA:406,524
DA:407,483
DA:409,524
DA:417,79
DA:418,79
DA:420,79
DA:422,79
DA:424,79
DA:428,709
DA:431,396
DA:432,396
DA:435,313
DA:437,313
DA:438,313
DA:442,709
DA:444,709
DA:453,1315
DA:455,79
DA:467,79
DA:468,79
DA:470,79
DA:471,594
DA:473,594
DA:475,561
DA:479,594
DA:492,79
DA:499,561
DA:501,561
DA:507,27
DA:509,534
DA:514,12
DA:516,522
DA:521,17
DA:523,505
DA:528,27
DA:530,478
DA:535,19
DA:537,459
DA:542,22
DA:545,437
DA:556,561
DA:559,561
DA:561,561
DA:562,3008
DA:564,2683
DA:565,3008
DA:568,3008
DA:569,3008
DA:571,3008
DA:573,2581
DA:574,2581
DA:578,561
DA:586,561
DA:587,597
DA:590,561
DA:591,561
DA:593,561
DA:594,1158
DA:595,1158
DA:596,571
DA:597,20
DA:601,561
DA:602,20
DA:603,0
DA:610,8
DA:613,8
DA:614,29
DA:618,8
DA:620,8
DA:622,140
DA:624,140
DA:626,669
DA:628,1187
DA:631,669
DA:632,65
DA:633,185
DA:634,65
DA:635,65
DA:640,140
DA:641,75
DA:642,75
DA:654,8
DA:655,8
DA:657,8
DA:664,669
DA:667,669
DA:669,669
DA:670,1187
DA:673,1187
DA:674,5
DA:675,1182
DA:678,72
DA:682,1110
DA:683,1110
DA:684,1750
DA:685,1110
DA:688,1187
DA:691,669
DA:699,75
DA:700,75
DA:702,96
DA:710,75
DA:716,75
DA:717,75
DA:718,75
DA:719,75
DA:721,75
DA:723,0
DA:724,0
DA:726,0
DA:728,0
DA:729,0
DA:731,0
DA:734,75
DA:735,75
DA:737,75
DA:743,75
DA:744,75
DA:745,75
DA:747,75
DA:754,3
DA:755,3
DA:757,3
DA:758,4
DA:759,49
DA:761,34
DA:763,49
DA:769,46
DA:776,1
DA:778,1
DA:779,15
DA:782,39
DA:789,5
DA:796,2
DA:803,2
DA:804,2
DA:806,2
DA:807,13
DA:808,13
DA:810,13
DA:811,39
DA:812,5
DA:813,73
DA:814,8
DA:818,13
DA:819,2
DA:823,2
DA:824,1
DA:826,2
DA:833,1
DA:834,1
DA:835,1
DA:842,2
DA:857,2
DA:858,2
DA:861,2
DA:862,1
DA:863,1
DA:864,1
DA:869,1
DA:870,1
DA:873,1
DA:875,1
DA:881,1
LF:238
LH:215
BRDA:16,0,0,1
BRDA:16,0,1,0
BRDA:25,1,0,0
BRDA:25,1,1,0
BRDA:34,2,0,0
BRDA:34,2,1,0
BRDA:42,3,0,0
BRDA:42,3,1,0
BRDA:44,4,0,0
BRDA:44,4,1,0
BRDA:257,5,0,50
BRDA:260,6,0,50
BRDA:261,7,0,50
BRDA:262,8,0,50
BRDA:263,9,0,50
BRDA:264,10,0,50
BRDA:265,11,0,50
BRDA:305,12,0,8
BRDA:320,13,0,29
BRDA:320,13,1,29
BRDA:321,14,0,29
BRDA:321,14,1,29
BRDA:358,15,0,261
BRDA:358,15,1,70
BRDA:358,16,0,331
BRDA:358,16,1,297
BRDA:364,17,0,50
BRDA:364,17,1,0
BRDA:364,18,0,50
BRDA:364,18,1,50
BRDA:369,19,0,271
BRDA:369,19,1,10
BRDA:386,20,0,532
BRDA:386,20,1,524
BRDA:406,21,0,483
BRDA:406,21,1,41
BRDA:420,22,0,0
BRDA:420,22,1,79
BRDA:428,23,0,396
BRDA:428,23,1,313
BRDA:435,24,0,313
BRDA:435,24,1,0
BRDA:442,25,0,54
BRDA:442,25,1,655
BRDA:473,26,0,33
BRDA:473,26,1,561
BRDA:476,27,0,561
BRDA:476,27,1,0
BRDA:483,28,0,594
BRDA:483,28,1,0
BRDA:501,29,0,27
BRDA:501,29,1,534
BRDA:502,30,0,561
BRDA:502,30,1,545
BRDA:502,30,2,538
BRDA:502,30,3,537
BRDA:509,31,0,12
BRDA:509,31,1,522
BRDA:510,32,0,534
BRDA:510,32,1,529
BRDA:510,32,2,527
BRDA:516,33,0,17
BRDA:516,33,1,505
BRDA:517,34,0,522
BRDA:517,34,1,516
BRDA:517,34,2,509
BRDA:523,35,0,27
BRDA:523,35,1,478
BRDA:524,36,0,505
BRDA:524,36,1,501
BRDA:524,36,2,481
BRDA:530,37,0,19
BRDA:530,37,1,459
BRDA:531,38,0,478
BRDA:531,38,1,464
BRDA:531,38,2,462
BRDA:537,39,0,22
BRDA:537,39,1,437
BRDA:538,40,0,459
BRDA:538,40,1,449
BRDA:538,40,2,440
BRDA:554,41,0,561
BRDA:559,42,0,561
BRDA:559,42,1,0
BRDA:562,43,0,325
BRDA:562,43,1,2683
BRDA:564,44,0,2683
BRDA:564,44,1,0
BRDA:571,45,0,2581
BRDA:571,45,1,427
BRDA:574,46,0,461
BRDA:574,46,1,2120
BRDA:595,47,0,571
BRDA:595,47,1,587
BRDA:596,48,0,551
BRDA:596,48,1,20
BRDA:601,49,0,541
BRDA:601,49,1,20
BRDA:602,50,0,20
BRDA:602,50,1,0
BRDA:631,51,0,65
BRDA:631,51,1,604
BRDA:640,52,0,75
BRDA:640,52,1,65
BRDA:664,53,0,0
BRDA:664,53,1,669
BRDA:673,54,0,5
BRDA:673,54,1,1182
BRDA:675,55,0,72
BRDA:675,55,1,1110
BRDA:677,56,0,1182
BRDA:677,56,1,1124
BRDA:719,57,0,0
BRDA:719,57,1,75
BRDA:721,58,0,0
BRDA:721,58,1,0
BRDA:721,58,2,0
BRDA:721,58,3,75
BRDA:723,59,0,0
BRDA:723,59,1,0
BRDA:728,60,0,0
BRDA:728,60,1,0
BRDA:734,61,0,75
BRDA:734,61,1,0
BRDA:753,62,0,3
BRDA:759,63,0,49
BRDA:759,63,1,0
BRDA:760,64,0,49
BRDA:760,64,1,24
BRDA:775,65,0,1
BRDA:789,66,0,5
BRDA:789,66,1,2
BRDA:802,67,0,2
BRDA:807,68,0,13
BRDA:807,68,1,0
BRDA:811,69,0,5
BRDA:811,69,1,34
BRDA:813,70,0,8
BRDA:813,70,1,26
BRDA:818,71,0,2
BRDA:818,71,1,11
BRDA:861,72,0,1
BRDA:861,72,1,1
BRDA:869,73,0,1
BRDA:869,73,1,0
BRF:145
BRH:115
end_of_record
TN:
SF:src/utils/emailParser.ts
FN:55,(anonymous_0)
FN:83,(anonymous_1)
FN:107,(anonymous_2)
FN:117,(anonymous_3)
FN:134,(anonymous_4)
FN:159,(anonymous_5)
FN:174,(anonymous_6)
FN:183,(anonymous_7)
FN:204,(anonymous_8)
FN:224,(anonymous_9)
FN:229,(anonymous_10)
FN:239,(anonymous_11)
FN:243,(anonymous_12)
FN:244,(anonymous_13)
FN:245,(anonymous_14)
FN:253,(anonymous_15)
FN:267,(anonymous_16)
FN:268,(anonymous_17)
FN:274,(anonymous_18)
FNF:19
FNH:17
FNDA:2,(anonymous_0)
FNDA:2,(anonymous_1)
FNDA:2,(anonymous_2)
FNDA:2,(anonymous_3)
FNDA:2,(anonymous_4)
FNDA:2,(anonymous_5)
FNDA:46,(anonymous_6)
FNDA:2,(anonymous_7)
FNDA:2,(anonymous_8)
FNDA:0,(anonymous_9)
FNDA:0,(anonymous_10)
FNDA:2,(anonymous_11)
FNDA:24,(anonymous_12)
FNDA:3,(anonymous_13)
FNDA:1,(anonymous_14)
FNDA:2,(anonymous_15)
FNDA:2,(anonymous_16)
FNDA:3,(anonymous_17)
FNDA:2,(anonymous_18)
DA:56,23
DA:57,23
DA:59,23
DA:84,23
DA:87,23
DA:88,23
DA:92,23
DA:93,23
DA:95,23
DA:96,2
DA:100,23
DA:101,23
DA:102,22
DA:106,23
DA:107,2
DA:108,1
DA:111,23
DA:119,23
DA:120,5
DA:124,18
DA:125,17
DA:128,1
DA:136,5
DA:137,5
DA:140,5
DA:141,5
DA:142,5
DA:143,5
DA:144,5
DA:147,5
DA:150,5
DA:153,5
DA:161,22
DA:162,22
DA:165,22
DA:166,22
DA:169,22
DA:172,22
DA:174,46
DA:177,22
DA:185,22
DA:194,22
DA:195,132
DA:198,22
DA:205,5
DA:218,5
DA:219,5
DA:220,50
DA:224,5
DA:225,0
DA:229,5
DA:230,0
DA:233,5
DA:240,23
DA:242,23
DA:243,24
DA:244,23
DA:245,23
DA:247,23
DA:254,23
DA:255,22
DA:257,1
DA:258,1
DA:260,0
DA:268,3
DA:275,6
LF:66
LH:63
BRDA:69,0,0,23
BRDA:69,0,1,22
BRDA:70,1,0,23
BRDA:70,1,1,22
BRDA:71,2,0,23
BRDA:71,2,1,22
BRDA:87,3,0,23
BRDA:87,3,1,0
BRDA:95,4,0,2
BRDA:95,4,1,21
BRDA:95,5,0,23
BRDA:95,5,1,2
BRDA:101,6,0,22
BRDA:101,6,1,1
BRDA:106,7,0,1
BRDA:106,7,1,22
BRDA:106,8,0,23
BRDA:106,8,1,1
BRDA:119,9,0,5
BRDA:119,9,1,18
BRDA:124,10,0,17
BRDA:124,10,1,1
BRDA:254,11,0,22
BRDA:254,11,1,1
BRDA:276,12,0,6
BRDA:276,12,1,6
BRDA:276,12,2,5
BRDA:276,12,3,4
BRDA:276,12,4,3
BRDA:276,12,5,3
BRDA:276,12,6,2
BRDA:276,12,7,2
BRDA:276,12,8,0
BRF:33
BRH:31
end_of_record
TN:
SF:src/utils/microsoftEmailParser.ts
FN:94,(anonymous_0)
FN:151,(anonymous_1)
FN:194,(anonymous_2)
FN:206,(anonymous_3)
FN:217,(anonymous_4)
FN:232,(anonymous_5)
FN:250,(anonymous_6)
FN:269,(anonymous_7)
FN:295,(anonymous_8)
FN:297,(anonymous_9)
FN:320,(anonymous_10)
FN:346,(anonymous_11)
FN:352,(anonymous_12)
FN:380,(anonymous_13)
FN:391,(anonymous_14)
FN:403,(anonymous_15)
FN:415,(anonymous_16)
FN:423,(anonymous_17)
FN:426,(anonymous_18)
FN:427,(anonymous_19)
FN:428,(anonymous_20)
FN:432,(anonymous_21)
FNF:22
FNH:19
FNDA:1,(anonymous_0)
FNDA:1,(anonymous_1)
FNDA:2,(anonymous_2)
FNDA:0,(anonymous_3)
FNDA:1,(anonymous_4)
FNDA:1,(anonymous_5)
FNDA:1,(anonymous_6)
FNDA:0,(anonymous_7)
FNDA:1,(anonymous_8)
FNDA:2,(anonymous_9)
FNDA:1,(anonymous_10)
FNDA:84,(anonymous_11)
FNDA:1,(anonymous_12)
FNDA:73,(anonymous_13)
FNDA:1,(anonymous_14)
FNDA:1,(anonymous_15)
FNDA:1,(anonymous_16)
FNDA:1,(anonymous_17)
FNDA:18,(anonymous_18)
FNDA:1,(anonymous_19)
FNDA:0,(anonymous_20)
FNDA:1,(anonymous_21)
DA:97,21
DA:98,21
DA:99,21
DA:101,21
DA:152,21
DA:155,21
DA:156,21
DA:157,21
DA:161,21
DA:162,3
DA:163,2
DA:168,21
DA:169,2
DA:170,2
DA:171,2
DA:172,1
DA:174,2
DA:175,1
DA:180,21
DA:181,21
DA:183,21
DA:184,1
DA:188,21
DA:189,2
DA:193,21
DA:194,2
DA:195,2
DA:199,21
DA:200,21
DA:201,21
DA:205,21
DA:206,0
DA:207,0
DA:210,21
DA:218,21
DA:219,5
DA:222,16
DA:223,16
DA:226,0
DA:233,5
DA:236,5
DA:237,5
DA:238,5
DA:241,5
DA:244,5
DA:248,5
DA:252,1
DA:253,1
DA:254,1
DA:255,1
DA:257,1
DA:259,0
DA:262,0
DA:267,5
DA:271,0
DA:272,0
DA:273,0
DA:274,0
DA:276,0
DA:279,0
DA:284,5
DA:287,5
DA:289,5
DA:296,21
DA:297,2
DA:301,19
DA:302,19
DA:303,19
DA:304,19
DA:307,19
DA:308,2
DA:311,19
DA:314,0
DA:322,21
DA:325,17
DA:328,16
DA:331,15
DA:334,14
DA:345,14
DA:346,84
DA:353,21
DA:356,21
DA:357,21
DA:360,21
DA:363,21
DA:364,2
DA:365,2
DA:366,2
DA:367,2
DA:368,2
DA:369,2
DA:370,2
DA:375,21
DA:378,21
DA:379,21
DA:380,73
DA:383,21
DA:385,21
DA:393,40
DA:394,40
DA:395,3
DA:397,37
DA:404,5
DA:405,5
DA:406,5
DA:407,5
DA:408,5
DA:409,5
DA:410,5
DA:411,5
DA:412,5
DA:416,21
DA:417,21
DA:418,21
DA:419,21
DA:420,21
DA:424,21
DA:425,21
DA:426,21
DA:427,21
DA:428,21
DA:429,21
DA:433,21
DA:434,21
DA:436,0
DA:437,0
DA:439,0
LF:127
LH:112
BRDA:103,0,0,21
BRDA:103,0,1,21
BRDA:112,1,0,21
BRDA:112,1,1,21
BRDA:113,2,0,21
BRDA:113,2,1,21
BRDA:114,3,0,21
BRDA:114,3,1,21
BRDA:123,4,0,21
BRDA:123,4,1,19
BRDA:126,5,0,21
BRDA:126,5,1,18
BRDA:132,6,0,21
BRDA:132,6,1,19
BRDA:133,7,0,2
BRDA:133,7,1,19
BRDA:155,8,0,21
BRDA:155,8,1,0
BRDA:156,9,0,4
BRDA:156,9,1,17
BRDA:161,10,0,3
BRDA:161,10,1,18
BRDA:162,11,0,2
BRDA:162,11,1,1
BRDA:162,12,0,3
BRDA:162,12,1,2
BRDA:168,13,0,2
BRDA:168,13,1,19
BRDA:168,14,0,21
BRDA:168,14,1,2
BRDA:171,15,0,1
BRDA:171,15,1,1
BRDA:174,16,0,1
BRDA:174,16,1,1
BRDA:183,17,0,1
BRDA:183,17,1,20
BRDA:183,18,0,21
BRDA:183,18,1,1
BRDA:188,19,0,2
BRDA:188,19,1,19
BRDA:188,20,0,21
BRDA:188,20,1,2
BRDA:193,21,0,2
BRDA:193,21,1,19
BRDA:193,22,0,21
BRDA:193,22,1,2
BRDA:200,23,0,21
BRDA:200,23,1,0
BRDA:205,24,0,0
BRDA:205,24,1,21
BRDA:205,25,0,21
BRDA:205,25,1,0
BRDA:218,26,0,5
BRDA:218,26,1,16
BRDA:222,27,0,16
BRDA:222,27,1,0
BRDA:253,28,0,1
BRDA:253,28,1,0
BRDA:272,29,0,0
BRDA:272,29,1,0
BRDA:296,30,0,2
BRDA:296,30,1,19
BRDA:296,31,0,21
BRDA:296,31,1,2
BRDA:301,32,0,19
BRDA:301,32,1,0
BRDA:301,33,0,19
BRDA:301,33,1,4
BRDA:302,34,0,19
BRDA:302,34,1,4
BRDA:302,34,2,0
BRDA:322,35,0,4
BRDA:322,35,1,17
BRDA:325,36,0,1
BRDA:325,36,1,16
BRDA:328,37,0,1
BRDA:328,37,1,15
BRDA:331,38,0,1
BRDA:331,38,1,14
BRDA:331,39,0,15
BRDA:331,39,1,1
BRDA:356,40,0,4
BRDA:356,40,1,17
BRDA:357,41,0,1
BRDA:357,41,1,20
BRDA:360,42,0,1
BRDA:360,42,1,20
BRDA:363,43,0,2
BRDA:363,43,1,19
BRDA:365,44,0,2
BRDA:365,44,1,0
BRDA:369,45,0,2
BRDA:369,45,1,0
BRDA:370,46,0,2
BRDA:370,46,1,0
BRDA:375,47,0,2
BRDA:375,47,1,19
BRDA:375,48,0,21
BRDA:375,48,1,2
BRDA:380,49,0,4
BRDA:380,49,1,17
BRDA:383,50,0,1
BRDA:383,50,1,20
BRDA:394,51,0,3
BRDA:394,51,1,37
BRDA:433,52,0,21
BRDA:433,52,1,0
BRF:107
BRH:93
end_of_record
