TN:
SF:src/utils/microsoftEmailParser.ts
FN:94,(anonymous_0)
FN:151,(anonymous_1)
FN:194,(anonymous_2)
FN:206,(anonymous_3)
FN:217,(anonymous_4)
FN:232,(anonymous_5)
FN:250,(anonymous_6)
FN:269,(anonymous_7)
FN:295,(anonymous_8)
FN:297,(anonymous_9)
FN:320,(anonymous_10)
FN:346,(anonymous_11)
FN:352,(anonymous_12)
FN:380,(anonymous_13)
FN:391,(anonymous_14)
FN:403,(anonymous_15)
FN:415,(anonymous_16)
FN:423,(anonymous_17)
FN:426,(anonymous_18)
FN:427,(anonymous_19)
FN:428,(anonymous_20)
FN:432,(anonymous_21)
FNF:22
FNH:19
FNDA:1,(anonymous_0)
FNDA:1,(anonymous_1)
FNDA:2,(anonymous_2)
FNDA:0,(anonymous_3)
FNDA:1,(anonymous_4)
FNDA:1,(anonymous_5)
FNDA:1,(anonymous_6)
FNDA:0,(anonymous_7)
FNDA:1,(anonymous_8)
FNDA:2,(anonymous_9)
FNDA:1,(anonymous_10)
FNDA:84,(anonymous_11)
FNDA:1,(anonymous_12)
FNDA:73,(anonymous_13)
FNDA:1,(anonymous_14)
FNDA:1,(anonymous_15)
FNDA:1,(anonymous_16)
FNDA:1,(anonymous_17)
FNDA:18,(anonymous_18)
FNDA:1,(anonymous_19)
FNDA:0,(anonymous_20)
FNDA:1,(anonymous_21)
DA:97,21
DA:98,21
DA:99,21
DA:101,21
DA:152,21
DA:155,21
DA:156,21
DA:157,21
DA:161,21
DA:162,3
DA:163,2
DA:168,21
DA:169,2
DA:170,2
DA:171,2
DA:172,1
DA:174,2
DA:175,1
DA:180,21
DA:181,21
DA:183,21
DA:184,1
DA:188,21
DA:189,2
DA:193,21
DA:194,2
DA:195,2
DA:199,21
DA:200,21
DA:201,21
DA:205,21
DA:206,0
DA:207,0
DA:210,21
DA:218,21
DA:219,5
DA:222,16
DA:223,16
DA:226,0
DA:233,5
DA:236,5
DA:237,5
DA:238,5
DA:241,5
DA:244,5
DA:248,5
DA:252,1
DA:253,1
DA:254,1
DA:255,1
DA:257,1
DA:259,0
DA:262,0
DA:267,5
DA:271,0
DA:272,0
DA:273,0
DA:274,0
DA:276,0
DA:279,0
DA:284,5
DA:287,5
DA:289,5
DA:296,21
DA:297,2
DA:301,19
DA:302,19
DA:303,19
DA:304,19
DA:307,19
DA:308,2
DA:311,19
DA:314,0
DA:322,21
DA:325,17
DA:328,16
DA:331,15
DA:334,14
DA:345,14
DA:346,84
DA:353,21
DA:356,21
DA:357,21
DA:360,21
DA:363,21
DA:364,2
DA:365,2
DA:366,2
DA:367,2
DA:368,2
DA:369,2
DA:370,2
DA:375,21
DA:378,21
DA:379,21
DA:380,73
DA:383,21
DA:385,21
DA:393,40
DA:394,40
DA:395,3
DA:397,37
DA:404,5
DA:405,5
DA:406,5
DA:407,5
DA:408,5
DA:409,5
DA:410,5
DA:411,5
DA:412,5
DA:416,21
DA:417,21
DA:418,21
DA:419,21
DA:420,21
DA:424,21
DA:425,21
DA:426,21
DA:427,21
DA:428,21
DA:429,21
DA:433,21
DA:434,21
DA:436,0
DA:437,0
DA:439,0
LF:127
LH:112
BRDA:103,0,0,21
BRDA:103,0,1,21
BRDA:112,1,0,21
BRDA:112,1,1,21
BRDA:113,2,0,21
BRDA:113,2,1,21
BRDA:114,3,0,21
BRDA:114,3,1,21
BRDA:123,4,0,21
BRDA:123,4,1,19
BRDA:126,5,0,21
BRDA:126,5,1,18
BRDA:132,6,0,21
BRDA:132,6,1,19
BRDA:133,7,0,2
BRDA:133,7,1,19
BRDA:155,8,0,21
BRDA:155,8,1,0
BRDA:156,9,0,4
BRDA:156,9,1,17
BRDA:161,10,0,3
BRDA:161,10,1,18
BRDA:162,11,0,2
BRDA:162,11,1,1
BRDA:162,12,0,3
BRDA:162,12,1,2
BRDA:168,13,0,2
BRDA:168,13,1,19
BRDA:168,14,0,21
BRDA:168,14,1,2
BRDA:171,15,0,1
BRDA:171,15,1,1
BRDA:174,16,0,1
BRDA:174,16,1,1
BRDA:183,17,0,1
BRDA:183,17,1,20
BRDA:183,18,0,21
BRDA:183,18,1,1
BRDA:188,19,0,2
BRDA:188,19,1,19
BRDA:188,20,0,21
BRDA:188,20,1,2
BRDA:193,21,0,2
BRDA:193,21,1,19
BRDA:193,22,0,21
BRDA:193,22,1,2
BRDA:200,23,0,21
BRDA:200,23,1,0
BRDA:205,24,0,0
BRDA:205,24,1,21
BRDA:205,25,0,21
BRDA:205,25,1,0
BRDA:218,26,0,5
BRDA:218,26,1,16
BRDA:222,27,0,16
BRDA:222,27,1,0
BRDA:253,28,0,1
BRDA:253,28,1,0
BRDA:272,29,0,0
BRDA:272,29,1,0
BRDA:296,30,0,2
BRDA:296,30,1,19
BRDA:296,31,0,21
BRDA:296,31,1,2
BRDA:301,32,0,19
BRDA:301,32,1,0
BRDA:301,33,0,19
BRDA:301,33,1,4
BRDA:302,34,0,19
BRDA:302,34,1,4
BRDA:302,34,2,0
BRDA:322,35,0,4
BRDA:322,35,1,17
BRDA:325,36,0,1
BRDA:325,36,1,16
BRDA:328,37,0,1
BRDA:328,37,1,15
BRDA:331,38,0,1
BRDA:331,38,1,14
BRDA:331,39,0,15
BRDA:331,39,1,1
BRDA:356,40,0,4
BRDA:356,40,1,17
BRDA:357,41,0,1
BRDA:357,41,1,20
BRDA:360,42,0,1
BRDA:360,42,1,20
BRDA:363,43,0,2
BRDA:363,43,1,19
BRDA:365,44,0,2
BRDA:365,44,1,0
BRDA:369,45,0,2
BRDA:369,45,1,0
BRDA:370,46,0,2
BRDA:370,46,1,0
BRDA:375,47,0,2
BRDA:375,47,1,19
BRDA:375,48,0,21
BRDA:375,48,1,2
BRDA:380,49,0,4
BRDA:380,49,1,17
BRDA:383,50,0,1
BRDA:383,50,1,20
BRDA:394,51,0,3
BRDA:394,51,1,37
BRDA:433,52,0,21
BRDA:433,52,1,0
BRF:107
BRH:93
end_of_record
