TN:
SF:lib/supabase.ts
FN:12,getSupabaseClient
FN:33,getSupabaseAdminClient
FN:148,upsertCrawlerDocument
FN:189,upsertWikiDocument
FN:230,upsertJiraTicket
FN:265,upsertJiraTicketEmbedding
FN:299,validateSonyMusicContent
FN:334,storeFirecrawlData
FN:367,getFirecrawlAnalysis
FN:383,searchFirecrawlData
FN:401,handleSupabaseError
FNF:11
FNH:2
FNDA:6,getSupabaseClient
FNDA:6,getSupabaseAdminClient
FNDA:0,upsertCrawlerDocument
FNDA:0,upsertWikiDocument
FNDA:0,upsertJiraTicket
FNDA:0,upsertJiraTicketEmbedding
FNDA:0,validateSonyMusicContent
FNDA:0,storeFirecrawlData
FNDA:0,getFirecrawlAnalysis
FNDA:0,searchFirecrawlData
FNDA:0,handleSupabaseError
DA:13,6
DA:14,0
DA:17,6
DA:18,6
DA:20,6
DA:21,6
DA:27,6
DA:29,0
DA:34,6
DA:35,0
DA:38,6
DA:39,0
DA:42,6
DA:43,6
DA:45,6
DA:46,6
DA:52,6
DA:54,0
DA:57,6
DA:58,6
DA:156,0
DA:157,0
DA:158,0
DA:159,0
DA:162,0
DA:163,0
DA:165,0
DA:185,0
DA:186,0
DA:197,0
DA:198,0
DA:199,0
DA:200,0
DA:203,0
DA:204,0
DA:206,0
DA:226,0
DA:227,0
DA:237,0
DA:238,0
DA:239,0
DA:240,0
DA:243,0
DA:261,0
DA:262,0
DA:271,0
DA:272,0
DA:273,0
DA:274,0
DA:277,0
DA:294,0
DA:295,0
DA:300,0
DA:301,0
DA:302,0
DA:303,0
DA:306,0
DA:309,0
DA:312,0
DA:313,0
DA:316,0
DA:320,0
DA:321,0
DA:324,0
DA:327,0
DA:328,0
DA:330,0
DA:335,0
DA:336,0
DA:337,0
DA:340,0
DA:363,0
DA:364,0
DA:368,0
DA:369,0
DA:370,0
DA:373,0
DA:379,0
DA:380,0
DA:384,0
DA:385,0
DA:386,0
DA:387,0
DA:390,0
DA:396,0
DA:397,0
DA:402,0
DA:403,0
DA:405,0
DA:406,0
DA:408,0
LF:91
LH:15
BRDA:13,0,0,0
BRDA:13,0,1,6
BRDA:20,1,0,6
BRDA:20,1,1,0
BRDA:20,2,0,6
BRDA:20,2,1,6
BRDA:34,3,0,0
BRDA:34,3,1,6
BRDA:38,4,0,0
BRDA:38,4,1,6
BRDA:45,5,0,6
BRDA:45,5,1,0
BRDA:45,6,0,6
BRDA:45,6,1,6
BRDA:154,7,0,0
BRDA:156,8,0,0
BRDA:156,8,1,0
BRDA:157,9,0,0
BRDA:157,9,1,0
BRDA:185,10,0,0
BRDA:185,10,1,0
BRDA:195,11,0,0
BRDA:197,12,0,0
BRDA:197,12,1,0
BRDA:198,13,0,0
BRDA:198,13,1,0
BRDA:226,14,0,0
BRDA:226,14,1,0
BRDA:235,15,0,0
BRDA:237,16,0,0
BRDA:237,16,1,0
BRDA:238,17,0,0
BRDA:238,17,1,0
BRDA:261,18,0,0
BRDA:261,18,1,0
BRDA:269,19,0,0
BRDA:271,20,0,0
BRDA:271,20,1,0
BRDA:272,21,0,0
BRDA:272,21,1,0
BRDA:294,22,0,0
BRDA:294,22,1,0
BRDA:300,23,0,0
BRDA:300,23,1,0
BRDA:301,24,0,0
BRDA:301,24,1,0
BRDA:312,25,0,0
BRDA:312,25,1,0
BRDA:313,26,0,0
BRDA:313,26,1,0
BRDA:320,27,0,0
BRDA:320,27,1,0
BRDA:321,28,0,0
BRDA:321,28,1,0
BRDA:327,29,0,0
BRDA:327,29,1,0
BRDA:328,30,0,0
BRDA:328,30,1,0
BRDA:335,31,0,0
BRDA:335,31,1,0
BRDA:345,32,0,0
BRDA:345,32,1,0
BRDA:346,33,0,0
BRDA:346,33,1,0
BRDA:347,34,0,0
BRDA:347,34,1,0
BRDA:348,35,0,0
BRDA:348,35,1,0
BRDA:349,36,0,0
BRDA:349,36,1,0
BRDA:350,37,0,0
BRDA:350,37,1,0
BRDA:351,38,0,0
BRDA:351,38,1,0
BRDA:352,39,0,0
BRDA:352,39,1,0
BRDA:363,40,0,0
BRDA:363,40,1,0
BRDA:368,41,0,0
BRDA:368,41,1,0
BRDA:379,42,0,0
BRDA:379,42,1,0
BRDA:379,43,0,0
BRDA:379,43,1,0
BRDA:383,44,0,0
BRDA:384,45,0,0
BRDA:384,45,1,0
BRDA:385,46,0,0
BRDA:385,46,1,0
BRDA:396,47,0,0
BRDA:396,47,1,0
BRDA:402,48,0,0
BRDA:402,48,1,0
BRDA:405,49,0,0
BRDA:405,49,1,0
BRF:95
BRH:9
end_of_record
TN:
SF:src/components/ClientRoot.tsx
FN:37,(anonymous_0)
FN:42,(anonymous_1)
FN:46,(anonymous_2)
FN:50,(anonymous_3)
FN:89,InlineThemeProvider
FN:99,(anonymous_5)
FN:120,(anonymous_6)
FN:137,(anonymous_7)
FN:144,(anonymous_8)
FN:161,(anonymous_9)
FN:200,useTheme
FN:206,(anonymous_11)
FN:222,ClientRoot
FNF:13
FNH:1
FNDA:0,(anonymous_0)
FNDA:1,(anonymous_1)
FNDA:0,(anonymous_2)
FNDA:0,(anonymous_3)
FNDA:0,InlineThemeProvider
FNDA:0,(anonymous_5)
FNDA:0,(anonymous_6)
FNDA:0,(anonymous_7)
FNDA:0,(anonymous_8)
FNDA:0,(anonymous_9)
FNDA:0,useTheme
FNDA:0,(anonymous_11)
FNDA:0,ClientRoot
DA:38,0
DA:39,0
DA:43,0
DA:47,0
DA:51,0
DA:53,0
DA:54,0
DA:56,0
DA:77,1
DA:79,1
DA:86,1
DA:87,1
DA:96,0
DA:97,0
DA:99,0
DA:100,0
DA:102,0
DA:103,0
DA:105,0
DA:106,0
DA:107,0
DA:110,0
DA:112,0
DA:113,0
DA:115,0
DA:119,0
DA:120,0
DA:122,0
DA:123,0
DA:124,0
DA:125,0
DA:126,0
DA:127,0
DA:128,0
DA:129,0
DA:130,0
DA:131,0
DA:132,0
DA:133,0
DA:136,0
DA:137,0
DA:138,0
DA:139,0
DA:144,0
DA:145,0
DA:146,0
DA:147,0
DA:148,0
DA:149,0
DA:150,0
DA:152,0
DA:155,0
DA:160,0
DA:162,0
DA:164,0
DA:165,0
DA:166,0
DA:172,0
DA:173,0
DA:175,0
DA:176,0
DA:186,0
DA:193,0
DA:201,0
DA:202,0
DA:204,0
DA:211,0
DA:224,0
DA:225,0
DA:226,0
DA:229,0
LF:71
LH:4
BRDA:51,0,0,0
BRDA:51,0,1,0
BRDA:91,1,0,0
BRDA:99,2,0,0
BRDA:100,3,0,0
BRDA:100,3,1,0
BRDA:105,4,0,0
BRDA:105,4,1,0
BRDA:112,5,0,0
BRDA:112,5,1,0
BRDA:122,6,0,0
BRDA:122,6,1,0
BRDA:128,7,0,0
BRDA:128,7,1,0
BRDA:136,8,0,0
BRDA:136,8,1,0
BRDA:145,9,0,0
BRDA:145,9,1,0
BRDA:148,10,0,0
BRDA:148,10,1,0
BRDA:148,11,0,0
BRDA:148,11,1,0
BRDA:162,12,0,0
BRDA:162,12,1,0
BRDA:164,13,0,0
BRDA:164,13,1,0
BRDA:175,14,0,0
BRDA:175,14,1,0
BRDA:202,15,0,0
BRDA:202,15,1,0
BRDA:224,16,0,0
BRDA:224,16,1,0
BRF:32
BRH:0
end_of_record
TN:
SF:src/components/ai/FeedbackSegueDialog.tsx
FN:27,FeedbackSegueDialog
FN:39,(anonymous_1)
FN:96,(anonymous_2)
FN:116,(anonymous_3)
FN:126,(anonymous_4)
FN:136,(anonymous_5)
FNF:6
FNH:0
FNDA:0,FeedbackSegueDialog
FNDA:0,(anonymous_1)
FNDA:0,(anonymous_2)
FNDA:0,(anonymous_3)
FNDA:0,(anonymous_4)
FNDA:0,(anonymous_5)
DA:36,0
DA:37,0
DA:39,0
DA:40,0
DA:41,0
DA:42,0
DA:43,0
DA:45,0
DA:47,0
DA:52,0
DA:53,0
DA:54,0
DA:55,0
DA:57,0
DA:61,0
DA:96,0
DA:116,0
DA:126,0
DA:136,0
LF:19
LH:0
BRDA:40,0,0,0
BRDA:40,0,1,0
BRDA:52,1,0,0
BRDA:52,1,1,0
BRDA:54,2,0,0
BRDA:54,2,1,0
BRDA:54,3,0,0
BRDA:54,3,1,0
BRDA:123,4,0,0
BRDA:123,4,1,0
BRF:10
BRH:0
end_of_record
TN:
SF:src/components/ai/ai-sdk-chat-panel.tsx
FN:44,(anonymous_0)
FN:48,(anonymous_1)
FN:52,(anonymous_2)
FN:87,(anonymous_3)
FN:87,(anonymous_4)
FN:91,(anonymous_5)
FN:91,(anonymous_6)
FN:95,(anonymous_7)
FN:95,(anonymous_8)
FN:99,(anonymous_9)
FN:99,(anonymous_10)
FN:103,(anonymous_11)
FN:103,(anonymous_12)
FN:107,(anonymous_13)
FN:107,(anonymous_14)
FN:111,(anonymous_15)
FN:111,(anonymous_16)
FN:115,(anonymous_17)
FN:115,(anonymous_18)
FN:119,(anonymous_19)
FN:119,(anonymous_20)
FN:123,(anonymous_21)
FN:123,(anonymous_22)
FN:129,(anonymous_23)
FN:129,(anonymous_24)
FN:130,(anonymous_25)
FN:143,(anonymous_26)
FN:143,(anonymous_27)
FN:256,AiSdkChatPanel
FN:343,(anonymous_29)
FN:353,(anonymous_30)
FN:354,(anonymous_31)
FN:357,(anonymous_32)
FN:358,(anonymous_33)
FN:395,(anonymous_34)
FN:397,(anonymous_35)
FN:410,(anonymous_36)
FN:413,(anonymous_37)
FN:414,(anonymous_38)
FN:422,(anonymous_39)
FN:444,(anonymous_40)
FN:462,(anonymous_41)
FN:474,(anonymous_42)
FN:483,(anonymous_43)
FN:496,(anonymous_44)
FN:570,(anonymous_45)
FN:578,(anonymous_46)
FN:640,(anonymous_47)
FN:653,(anonymous_48)
FN:680,(anonymous_49)
FN:681,(anonymous_50)
FN:698,(anonymous_51)
FN:706,(anonymous_52)
FN:707,(anonymous_53)
FN:714,(anonymous_54)
FN:722,(anonymous_55)
FN:770,(anonymous_56)
FN:777,(anonymous_57)
FN:781,(anonymous_58)
FN:783,(anonymous_59)
FN:804,(anonymous_60)
FN:809,(anonymous_61)
FN:837,(anonymous_62)
FN:845,(anonymous_63)
FN:854,(anonymous_64)
FN:863,(anonymous_65)
FN:891,(anonymous_66)
FN:900,(anonymous_67)
FN:903,(anonymous_68)
FN:911,(anonymous_69)
FN:915,(anonymous_70)
FN:928,(anonymous_71)
FN:957,(anonymous_72)
FN:961,(anonymous_73)
FN:981,(anonymous_74)
FN:993,(anonymous_75)
FN:1007,(anonymous_76)
FN:1008,(anonymous_77)
FN:1020,(anonymous_78)
FN:1029,(anonymous_79)
FN:1044,(anonymous_80)
FN:1053,(anonymous_81)
FN:1099,(anonymous_82)
FN:1100,(anonymous_83)
FN:1188,(anonymous_84)
FN:1199,(anonymous_85)
FN:1221,(anonymous_86)
FN:1222,(anonymous_87)
FN:1227,(anonymous_88)
FN:1245,(anonymous_89)
FN:1246,(anonymous_90)
FN:1264,(anonymous_91)
FN:1269,(anonymous_92)
FN:1272,(anonymous_93)
FN:1290,(anonymous_94)
FN:1298,(anonymous_95)
FN:1308,(anonymous_96)
FN:1337,(anonymous_97)
FN:1357,(anonymous_98)
FN:1379,(anonymous_99)
FN:1438,(anonymous_100)
FN:1462,(anonymous_101)
FN:1537,(anonymous_102)
FN:1584,(anonymous_103)
FN:1599,(anonymous_104)
FN:1619,(anonymous_105)
FN:1671,(anonymous_106)
FN:1696,(anonymous_107)
FN:1732,(anonymous_108)
FN:1768,(anonymous_109)
FN:1817,(anonymous_110)
FN:1856,(anonymous_111)
FN:1862,(anonymous_112)
FN:1868,(anonymous_113)
FN:1874,(anonymous_114)
FN:1880,(anonymous_115)
FN:1886,(anonymous_116)
FN:1905,(anonymous_117)
FN:1913,(anonymous_118)
FN:2001,(anonymous_119)
FN:2073,(anonymous_120)
FN:2097,(anonymous_121)
FN:2131,(anonymous_122)
FN:2168,(anonymous_123)
FN:2206,(anonymous_124)
FN:2390,(anonymous_125)
FN:2417,(anonymous_126)
FN:2446,(anonymous_127)
FN:2456,(anonymous_128)
FN:2483,(anonymous_129)
FN:2513,(anonymous_130)
FN:2526,(anonymous_131)
FN:2567,(anonymous_132)
FN:2571,(anonymous_133)
FN:2578,(anonymous_134)
FNF:135
FNH:6
FNDA:0,(anonymous_0)
FNDA:0,(anonymous_1)
FNDA:0,(anonymous_2)
FNDA:0,(anonymous_3)
FNDA:0,(anonymous_4)
FNDA:0,(anonymous_5)
FNDA:0,(anonymous_6)
FNDA:0,(anonymous_7)
FNDA:0,(anonymous_8)
FNDA:0,(anonymous_9)
FNDA:0,(anonymous_10)
FNDA:0,(anonymous_11)
FNDA:0,(anonymous_12)
FNDA:0,(anonymous_13)
FNDA:0,(anonymous_14)
FNDA:0,(anonymous_15)
FNDA:0,(anonymous_16)
FNDA:0,(anonymous_17)
FNDA:0,(anonymous_18)
FNDA:0,(anonymous_19)
FNDA:0,(anonymous_20)
FNDA:0,(anonymous_21)
FNDA:0,(anonymous_22)
FNDA:0,(anonymous_23)
FNDA:0,(anonymous_24)
FNDA:0,(anonymous_25)
FNDA:0,(anonymous_26)
FNDA:0,(anonymous_27)
FNDA:1,AiSdkChatPanel
FNDA:1,(anonymous_29)
FNDA:0,(anonymous_30)
FNDA:0,(anonymous_31)
FNDA:0,(anonymous_32)
FNDA:0,(anonymous_33)
FNDA:0,(anonymous_34)
FNDA:0,(anonymous_35)
FNDA:0,(anonymous_36)
FNDA:0,(anonymous_37)
FNDA:0,(anonymous_38)
FNDA:1,(anonymous_39)
FNDA:1,(anonymous_40)
FNDA:0,(anonymous_41)
FNDA:0,(anonymous_42)
FNDA:0,(anonymous_43)
FNDA:0,(anonymous_44)
FNDA:0,(anonymous_45)
FNDA:0,(anonymous_46)
FNDA:0,(anonymous_47)
FNDA:0,(anonymous_48)
FNDA:0,(anonymous_49)
FNDA:0,(anonymous_50)
FNDA:0,(anonymous_51)
FNDA:0,(anonymous_52)
FNDA:0,(anonymous_53)
FNDA:0,(anonymous_54)
FNDA:0,(anonymous_55)
FNDA:0,(anonymous_56)
FNDA:0,(anonymous_57)
FNDA:0,(anonymous_58)
FNDA:0,(anonymous_59)
FNDA:0,(anonymous_60)
FNDA:0,(anonymous_61)
FNDA:0,(anonymous_62)
FNDA:0,(anonymous_63)
FNDA:0,(anonymous_64)
FNDA:0,(anonymous_65)
FNDA:0,(anonymous_66)
FNDA:0,(anonymous_67)
FNDA:0,(anonymous_68)
FNDA:0,(anonymous_69)
FNDA:0,(anonymous_70)
FNDA:0,(anonymous_71)
FNDA:0,(anonymous_72)
FNDA:0,(anonymous_73)
FNDA:0,(anonymous_74)
FNDA:0,(anonymous_75)
FNDA:0,(anonymous_76)
FNDA:0,(anonymous_77)
FNDA:0,(anonymous_78)
FNDA:0,(anonymous_79)
FNDA:0,(anonymous_80)
FNDA:0,(anonymous_81)
FNDA:0,(anonymous_82)
FNDA:0,(anonymous_83)
FNDA:0,(anonymous_84)
FNDA:0,(anonymous_85)
FNDA:0,(anonymous_86)
FNDA:0,(anonymous_87)
FNDA:0,(anonymous_88)
FNDA:0,(anonymous_89)
FNDA:0,(anonymous_90)
FNDA:0,(anonymous_91)
FNDA:0,(anonymous_92)
FNDA:0,(anonymous_93)
FNDA:0,(anonymous_94)
FNDA:0,(anonymous_95)
FNDA:0,(anonymous_96)
FNDA:0,(anonymous_97)
FNDA:0,(anonymous_98)
FNDA:0,(anonymous_99)
FNDA:0,(anonymous_100)
FNDA:0,(anonymous_101)
FNDA:0,(anonymous_102)
FNDA:0,(anonymous_103)
FNDA:0,(anonymous_104)
FNDA:0,(anonymous_105)
FNDA:0,(anonymous_106)
FNDA:0,(anonymous_107)
FNDA:0,(anonymous_108)
FNDA:0,(anonymous_109)
FNDA:0,(anonymous_110)
FNDA:0,(anonymous_111)
FNDA:0,(anonymous_112)
FNDA:0,(anonymous_113)
FNDA:0,(anonymous_114)
FNDA:0,(anonymous_115)
FNDA:0,(anonymous_116)
FNDA:0,(anonymous_117)
FNDA:0,(anonymous_118)
FNDA:0,(anonymous_119)
FNDA:6,(anonymous_120)
FNDA:0,(anonymous_121)
FNDA:0,(anonymous_122)
FNDA:0,(anonymous_123)
FNDA:0,(anonymous_124)
FNDA:0,(anonymous_125)
FNDA:0,(anonymous_126)
FNDA:0,(anonymous_127)
FNDA:0,(anonymous_128)
FNDA:0,(anonymous_129)
FNDA:4,(anonymous_130)
FNDA:0,(anonymous_131)
FNDA:0,(anonymous_132)
FNDA:0,(anonymous_133)
FNDA:0,(anonymous_134)
DA:43,3
DA:45,0
DA:46,0
DA:49,0
DA:50,0
DA:53,0
DA:54,0
DA:58,3
DA:86,3
DA:87,0
DA:90,3
DA:91,0
DA:94,3
DA:95,0
DA:98,3
DA:99,0
DA:102,3
DA:103,0
DA:106,3
DA:107,0
DA:110,3
DA:111,0
DA:114,3
DA:115,0
DA:118,3
DA:119,0
DA:122,3
DA:123,0
DA:129,3
DA:130,0
DA:143,3
DA:285,1
DA:286,1
DA:287,1
DA:288,1
DA:289,1
DA:290,1
DA:291,1
DA:292,1
DA:293,1
DA:297,1
DA:298,1
DA:299,1
DA:301,1
DA:307,1
DA:308,1
DA:309,1
DA:310,1
DA:311,1
DA:312,1
DA:313,1
DA:314,1
DA:322,1
DA:325,1
DA:338,1
DA:340,1
DA:342,1
DA:343,1
DA:345,1
DA:346,0
DA:347,0
DA:349,1
DA:353,1
DA:354,1
DA:355,0
DA:357,1
DA:358,1
DA:359,0
DA:363,1
DA:364,1
DA:365,1
DA:371,1
DA:374,1
DA:375,1
DA:379,1
DA:392,1
DA:395,1
DA:396,0
DA:397,0
DA:398,0
DA:399,0
DA:401,0
DA:406,1
DA:407,1
DA:408,1
DA:409,1
DA:410,1
DA:411,1
DA:412,1
DA:413,1
DA:414,1
DA:417,1
DA:421,1
DA:423,1
DA:424,1
DA:427,0
DA:428,0
DA:429,0
DA:432,0
DA:433,0
DA:434,0
DA:437,1
DA:444,1
DA:446,1
DA:449,1
DA:451,1
DA:455,0
DA:459,1
DA:462,1
DA:463,0
DA:470,1
DA:476,0
DA:477,0
DA:485,0
DA:486,0
DA:487,0
DA:488,0
DA:489,0
DA:490,0
DA:492,0
DA:498,0
DA:499,0
DA:501,0
DA:502,0
DA:503,0
DA:506,0
DA:507,0
DA:508,0
DA:512,0
DA:520,0
DA:523,0
DA:524,0
DA:525,0
DA:526,0
DA:533,0
DA:535,0
DA:540,0
DA:541,0
DA:545,0
DA:546,0
DA:550,0
DA:551,0
DA:555,0
DA:556,0
DA:563,0
DA:570,0
DA:571,0
DA:572,0
DA:573,0
DA:576,0
DA:580,0
DA:581,0
DA:585,0
DA:587,0
DA:588,0
DA:589,0
DA:590,0
DA:591,0
DA:593,0
DA:597,0
DA:598,0
DA:599,0
DA:603,0
DA:604,0
DA:605,0
DA:606,0
DA:612,0
DA:613,0
DA:614,0
DA:615,0
DA:617,0
DA:637,1
DA:640,1
DA:641,0
DA:653,1
DA:654,0
DA:655,0
DA:657,0
DA:658,0
DA:659,0
DA:660,0
DA:664,0
DA:676,1
DA:680,1
DA:681,0
DA:682,0
DA:685,0
DA:689,0
DA:691,0
DA:692,0
DA:698,1
DA:699,0
DA:701,0
DA:703,0
DA:706,0
DA:707,0
DA:711,0
DA:714,0
DA:715,0
DA:716,0
DA:722,1
DA:723,0
DA:725,0
DA:727,0
DA:728,0
DA:735,0
DA:736,0
DA:743,0
DA:744,0
DA:751,0
DA:752,0
DA:759,0
DA:762,0
DA:767,1
DA:770,1
DA:771,0
DA:772,0
DA:775,0
DA:777,0
DA:778,0
DA:779,0
DA:781,0
DA:782,0
DA:783,0
DA:784,0
DA:789,0
DA:790,0
DA:792,0
DA:794,0
DA:795,0
DA:804,1
DA:805,0
DA:806,0
DA:807,0
DA:809,0
DA:810,0
DA:811,0
DA:813,0
DA:814,0
DA:815,0
DA:816,0
DA:820,0
DA:830,1
DA:833,1
DA:837,1
DA:838,0
DA:839,0
DA:845,1
DA:846,0
DA:847,0
DA:854,1
DA:855,0
DA:857,0
DA:863,1
DA:864,0
DA:866,0
DA:867,0
DA:876,0
DA:877,0
DA:879,0
DA:880,0
DA:881,0
DA:885,0
DA:891,1
DA:892,0
DA:893,0
DA:895,0
DA:900,1
DA:901,0
DA:903,0
DA:904,0
DA:905,0
DA:907,0
DA:911,0
DA:915,1
DA:916,0
DA:917,0
DA:920,0
DA:921,0
DA:922,0
DA:928,1
DA:929,0
DA:930,0
DA:931,0
DA:932,0
DA:933,0
DA:934,0
DA:935,0
DA:940,0
DA:941,0
DA:942,0
DA:943,0
DA:945,0
DA:946,0
DA:947,0
DA:957,1
DA:958,0
DA:961,1
DA:963,0
DA:966,0
DA:969,0
DA:972,0
DA:973,0
DA:974,0
DA:976,0
DA:981,0
DA:982,0
DA:985,0
DA:986,0
DA:988,0
DA:993,1
DA:994,0
DA:995,0
DA:996,0
DA:997,0
DA:998,0
DA:999,0
DA:1000,0
DA:1001,0
DA:1002,0
DA:1007,1
DA:1008,0
DA:1009,0
DA:1010,0
DA:1011,0
DA:1012,0
DA:1013,0
DA:1014,0
DA:1015,0
DA:1016,0
DA:1017,0
DA:1020,1
DA:1021,0
DA:1022,0
DA:1023,0
DA:1026,0
DA:1029,0
DA:1030,0
DA:1033,0
DA:1036,0
DA:1037,0
DA:1038,0
DA:1039,0
DA:1042,0
DA:1043,0
DA:1044,0
DA:1045,0
DA:1049,0
DA:1050,0
DA:1053,0
DA:1055,0
DA:1057,0
DA:1058,0
DA:1059,0
DA:1064,0
DA:1065,0
DA:1066,0
DA:1067,0
DA:1072,0
DA:1073,0
DA:1074,0
DA:1075,0
DA:1076,0
DA:1077,0
DA:1082,0
DA:1084,0
DA:1088,0
DA:1095,0
DA:1096,0
DA:1099,0
DA:1100,0
DA:1101,0
DA:1102,0
DA:1103,0
DA:1107,0
DA:1108,0
DA:1109,0
DA:1111,0
DA:1112,0
DA:1113,0
DA:1114,0
DA:1115,0
DA:1116,0
DA:1117,0
DA:1118,0
DA:1119,0
DA:1120,0
DA:1121,0
DA:1122,0
DA:1123,0
DA:1124,0
DA:1125,0
DA:1126,0
DA:1127,0
DA:1128,0
DA:1129,0
DA:1130,0
DA:1132,0
DA:1133,0
DA:1134,0
DA:1137,0
DA:1147,0
DA:1150,0
DA:1151,0
DA:1152,0
DA:1156,0
DA:1157,0
DA:1162,0
DA:1166,0
DA:1167,0
DA:1169,0
DA:1170,0
DA:1172,0
DA:1177,0
DA:1178,0
DA:1183,0
DA:1184,0
DA:1185,0
DA:1188,0
DA:1189,0
DA:1199,0
DA:1200,0
DA:1201,0
DA:1202,0
DA:1203,0
DA:1206,0
DA:1207,0
DA:1208,0
DA:1209,0
DA:1212,0
DA:1213,0
DA:1214,0
DA:1216,0
DA:1221,1
DA:1222,0
DA:1223,0
DA:1227,1
DA:1228,0
DA:1229,0
DA:1230,0
DA:1233,0
DA:1234,0
DA:1236,0
DA:1237,0
DA:1238,0
DA:1239,0
DA:1240,0
DA:1244,0
DA:1245,0
DA:1246,0
DA:1248,0
DA:1256,0
DA:1258,0
DA:1260,0
DA:1264,1
DA:1265,0
DA:1266,0
DA:1269,1
DA:1270,0
DA:1272,0
DA:1273,0
DA:1274,0
DA:1275,0
DA:1277,0
DA:1279,0
DA:1280,0
DA:1282,0
DA:1284,0
DA:1285,0
DA:1290,1
DA:1291,0
DA:1292,0
DA:1293,0
DA:1296,0
DA:1298,0
DA:1299,0
DA:1300,0
DA:1301,0
DA:1305,0
DA:1308,0
DA:1310,0
DA:1317,0
DA:1330,0
DA:1331,0
DA:1332,0
DA:1333,0
DA:1337,0
DA:1340,0
DA:1341,0
DA:1344,0
DA:1349,0
DA:1352,0
DA:1353,0
DA:1357,1
DA:1358,0
DA:1360,0
DA:1362,0
DA:1371,0
DA:1373,0
DA:1375,0
DA:1379,1
DA:1380,0
DA:1381,0
DA:1382,0
DA:1388,0
DA:1439,0
DA:1463,0
DA:1465,0
DA:1466,0
DA:1468,0
DA:1469,0
DA:1479,0
DA:1487,0
DA:1488,0
DA:1489,0
DA:1527,0
DA:1540,0
DA:1541,0
DA:1543,0
DA:1584,0
DA:1599,0
DA:1620,0
DA:1672,0
DA:1673,0
DA:1697,0
DA:1733,0
DA:1769,0
DA:1818,0
DA:1856,0
DA:1862,0
DA:1868,0
DA:1874,0
DA:1880,0
DA:1886,0
DA:1905,0
DA:1914,0
DA:1948,1
DA:1950,1
DA:2001,0
DA:2074,6
DA:2098,0
DA:2132,0
DA:2169,0
DA:2207,0
DA:2391,0
DA:2418,0
DA:2419,0
DA:2420,0
DA:2421,0
DA:2446,0
DA:2457,0
DA:2458,0
DA:2463,0
DA:2484,0
DA:2485,0
DA:2486,0
DA:2488,0
DA:2489,0
DA:2514,4
DA:2526,0
DA:2567,0
DA:2572,0
DA:2574,0
DA:2575,0
DA:2579,0
DA:2580,0
DA:2581,0
LF:567
LH:113
BRDA:46,0,0,0
BRDA:46,0,1,0
BRDA:50,1,0,0
BRDA:50,1,1,0
BRDA:54,2,0,0
BRDA:54,2,1,0
BRDA:257,3,0,1
BRDA:258,4,0,1
BRDA:260,5,0,1
BRDA:261,6,0,1
BRDA:262,7,0,1
BRDA:263,8,0,1
BRDA:276,9,0,1
BRDA:277,10,0,1
BRDA:278,11,0,1
BRDA:279,12,0,1
BRDA:280,13,0,1
BRDA:281,14,0,1
BRDA:282,15,0,1
BRDA:283,16,0,1
BRDA:345,17,0,0
BRDA:345,17,1,1
BRDA:347,18,0,0
BRDA:347,18,1,0
BRDA:396,19,0,0
BRDA:396,19,1,0
BRDA:396,20,0,0
BRDA:396,20,1,0
BRDA:398,21,0,0
BRDA:398,21,1,0
BRDA:398,22,0,0
BRDA:398,22,1,0
BRDA:421,23,0,1
BRDA:421,23,1,1
BRDA:423,24,0,1
BRDA:423,24,1,0
BRDA:428,25,0,0
BRDA:428,25,1,0
BRDA:449,26,0,1
BRDA:449,26,1,0
BRDA:449,27,0,1
BRDA:449,27,1,1
BRDA:449,27,2,1
BRDA:449,27,3,1
BRDA:466,28,0,0
BRDA:466,28,1,0
BRDA:474,29,0,1
BRDA:474,29,1,0
BRDA:477,30,0,0
BRDA:477,30,1,0
BRDA:486,31,0,0
BRDA:486,31,1,0
BRDA:498,32,0,0
BRDA:498,32,1,0
BRDA:498,33,0,0
BRDA:498,33,1,0
BRDA:506,34,0,0
BRDA:506,34,1,0
BRDA:520,35,0,0
BRDA:520,35,1,0
BRDA:520,35,2,0
BRDA:525,36,0,0
BRDA:525,36,1,0
BRDA:525,37,0,0
BRDA:525,37,1,0
BRDA:526,38,0,0
BRDA:526,38,1,0
BRDA:535,39,0,0
BRDA:535,39,1,0
BRDA:536,40,0,0
BRDA:536,40,1,0
BRDA:536,40,2,0
BRDA:540,41,0,0
BRDA:540,41,1,0
BRDA:545,42,0,0
BRDA:545,42,1,0
BRDA:545,43,0,0
BRDA:545,43,1,0
BRDA:550,44,0,0
BRDA:550,44,1,0
BRDA:550,45,0,0
BRDA:550,45,1,0
BRDA:550,45,2,0
BRDA:555,46,0,0
BRDA:555,46,1,0
BRDA:555,47,0,0
BRDA:555,47,1,0
BRDA:564,48,0,0
BRDA:564,48,1,0
BRDA:580,49,0,0
BRDA:580,49,1,0
BRDA:580,50,0,0
BRDA:580,50,1,0
BRDA:588,51,0,0
BRDA:588,51,1,0
BRDA:597,52,0,0
BRDA:597,52,1,0
BRDA:613,53,0,0
BRDA:613,53,1,0
BRDA:654,54,0,0
BRDA:654,54,1,0
BRDA:658,55,0,0
BRDA:658,55,1,0
BRDA:658,56,0,0
BRDA:658,56,1,0
BRDA:660,57,0,0
BRDA:660,57,1,0
BRDA:661,58,0,0
BRDA:661,58,1,0
BRDA:676,59,0,1
BRDA:676,59,1,1
BRDA:676,59,2,1
BRDA:676,59,3,1
BRDA:685,60,0,0
BRDA:685,60,1,0
BRDA:686,61,0,0
BRDA:686,61,1,0
BRDA:686,61,2,0
BRDA:686,61,3,0
BRDA:691,62,0,0
BRDA:691,62,1,0
BRDA:691,63,0,0
BRDA:691,63,1,0
BRDA:701,64,0,0
BRDA:701,64,1,0
BRDA:701,65,0,0
BRDA:701,65,1,0
BRDA:701,65,2,0
BRDA:701,65,3,0
BRDA:715,66,0,0
BRDA:715,66,1,0
BRDA:723,67,0,0
BRDA:723,67,1,0
BRDA:723,68,0,0
BRDA:723,68,1,0
BRDA:723,68,2,0
BRDA:723,68,3,0
BRDA:727,69,0,0
BRDA:727,69,1,0
BRDA:730,70,0,0
BRDA:730,70,1,0
BRDA:735,71,0,0
BRDA:735,71,1,0
BRDA:738,72,0,0
BRDA:738,72,1,0
BRDA:743,73,0,0
BRDA:743,73,1,0
BRDA:746,74,0,0
BRDA:746,74,1,0
BRDA:751,75,0,0
BRDA:751,75,1,0
BRDA:775,76,0,0
BRDA:775,76,1,0
BRDA:775,77,0,0
BRDA:775,77,1,0
BRDA:779,78,0,0
BRDA:779,78,1,0
BRDA:779,79,0,0
BRDA:779,79,1,0
BRDA:782,80,0,0
BRDA:782,80,1,0
BRDA:782,81,0,0
BRDA:782,81,1,0
BRDA:789,82,0,0
BRDA:789,82,1,0
BRDA:805,83,0,0
BRDA:805,83,1,0
BRDA:810,84,0,0
BRDA:810,84,1,0
BRDA:810,85,0,0
BRDA:810,85,1,0
BRDA:811,86,0,0
BRDA:811,86,1,0
BRDA:813,87,0,0
BRDA:813,87,1,0
BRDA:815,88,0,0
BRDA:815,88,1,0
BRDA:838,89,0,0
BRDA:838,89,1,0
BRDA:838,90,0,0
BRDA:838,90,1,0
BRDA:846,91,0,0
BRDA:846,91,1,0
BRDA:846,92,0,0
BRDA:846,92,1,0
BRDA:855,93,0,0
BRDA:855,93,1,0
BRDA:855,94,0,0
BRDA:855,94,1,0
BRDA:864,95,0,0
BRDA:864,95,1,0
BRDA:876,96,0,0
BRDA:876,96,1,0
BRDA:879,97,0,0
BRDA:879,97,1,0
BRDA:879,98,0,0
BRDA:879,98,1,0
BRDA:893,99,0,0
BRDA:893,99,1,0
BRDA:901,100,0,0
BRDA:901,100,1,0
BRDA:905,101,0,0
BRDA:905,101,1,0
BRDA:905,102,0,0
BRDA:905,102,1,0
BRDA:916,103,0,0
BRDA:916,103,1,0
BRDA:921,104,0,0
BRDA:921,104,1,0
BRDA:930,105,0,0
BRDA:930,105,1,0
BRDA:932,106,0,0
BRDA:932,106,1,0
BRDA:934,107,0,0
BRDA:934,107,1,0
BRDA:934,108,0,0
BRDA:934,108,1,0
BRDA:941,109,0,0
BRDA:941,109,1,0
BRDA:943,110,0,0
BRDA:943,110,1,0
BRDA:943,111,0,0
BRDA:943,111,1,0
BRDA:943,111,2,0
BRDA:946,112,0,0
BRDA:946,112,1,0
BRDA:972,113,0,0
BRDA:972,113,1,0
BRDA:985,114,0,0
BRDA:985,114,1,0
BRDA:1001,115,0,0
BRDA:1001,115,1,0
BRDA:1022,116,0,0
BRDA:1022,116,1,0
BRDA:1022,116,2,0
BRDA:1023,117,0,0
BRDA:1023,117,1,0
BRDA:1043,118,0,0
BRDA:1043,118,1,0
BRDA:1057,119,0,0
BRDA:1057,119,1,0
BRDA:1057,120,0,0
BRDA:1057,120,1,0
BRDA:1059,121,0,0
BRDA:1059,121,1,0
BRDA:1060,122,0,0
BRDA:1060,122,1,0
BRDA:1060,122,2,0
BRDA:1065,123,0,0
BRDA:1065,123,1,0
BRDA:1065,124,0,0
BRDA:1065,124,1,0
BRDA:1067,125,0,0
BRDA:1067,125,1,0
BRDA:1068,126,0,0
BRDA:1068,126,1,0
BRDA:1068,126,2,0
BRDA:1073,127,0,0
BRDA:1073,127,1,0
BRDA:1073,128,0,0
BRDA:1073,128,1,0
BRDA:1075,129,0,0
BRDA:1075,129,1,0
BRDA:1075,130,0,0
BRDA:1075,130,1,0
BRDA:1077,131,0,0
BRDA:1077,131,1,0
BRDA:1078,132,0,0
BRDA:1078,132,1,0
BRDA:1078,132,2,0
BRDA:1101,133,0,0
BRDA:1101,133,1,0
BRDA:1101,134,0,0
BRDA:1101,134,1,0
BRDA:1101,135,0,0
BRDA:1101,135,1,0
BRDA:1107,136,0,0
BRDA:1107,136,1,0
BRDA:1111,137,0,0
BRDA:1111,137,1,0
BRDA:1111,138,0,0
BRDA:1111,138,1,0
BRDA:1112,139,0,0
BRDA:1112,139,1,0
BRDA:1115,140,0,0
BRDA:1115,140,1,0
BRDA:1115,141,0,0
BRDA:1115,141,1,0
BRDA:1116,142,0,0
BRDA:1116,142,1,0
BRDA:1119,143,0,0
BRDA:1119,143,1,0
BRDA:1119,144,0,0
BRDA:1119,144,1,0
BRDA:1120,145,0,0
BRDA:1120,145,1,0
BRDA:1123,146,0,0
BRDA:1123,146,1,0
BRDA:1123,147,0,0
BRDA:1123,147,1,0
BRDA:1124,148,0,0
BRDA:1124,148,1,0
BRDA:1127,149,0,0
BRDA:1127,149,1,0
BRDA:1127,150,0,0
BRDA:1127,150,1,0
BRDA:1128,151,0,0
BRDA:1128,151,1,0
BRDA:1132,152,0,0
BRDA:1132,152,1,0
BRDA:1151,153,0,0
BRDA:1151,153,1,0
BRDA:1167,154,0,0
BRDA:1167,154,1,0
BRDA:1170,155,0,0
BRDA:1170,155,1,0
BRDA:1183,156,0,0
BRDA:1183,156,1,0
BRDA:1189,157,0,0
BRDA:1189,157,1,0
BRDA:1207,158,0,0
BRDA:1207,158,1,0
BRDA:1212,159,0,0
BRDA:1212,159,1,0
BRDA:1236,160,0,0
BRDA:1236,160,1,0
BRDA:1239,161,0,0
BRDA:1239,161,1,0
BRDA:1239,162,0,0
BRDA:1239,162,1,0
BRDA:1270,163,0,0
BRDA:1270,163,1,0
BRDA:1270,163,2,0
BRDA:1273,164,0,0
BRDA:1273,164,1,0
BRDA:1274,165,0,0
BRDA:1274,165,1,0
BRDA:1279,166,0,0
BRDA:1279,166,1,0
BRDA:1291,167,0,0
BRDA:1291,167,1,0
BRDA:1299,168,0,0
BRDA:1299,168,1,0
BRDA:1305,169,0,0
BRDA:1305,169,1,0
BRDA:1305,169,2,0
BRDA:1310,170,0,0
BRDA:1310,170,1,0
BRDA:1311,171,0,0
BRDA:1311,171,1,0
BRDA:1311,171,2,0
BRDA:1318,172,0,0
BRDA:1318,172,1,0
BRDA:1321,173,0,0
BRDA:1321,173,1,0
BRDA:1324,174,0,0
BRDA:1324,174,1,0
BRDA:1330,175,0,0
BRDA:1330,175,1,0
BRDA:1340,176,0,0
BRDA:1340,176,1,0
BRDA:1358,177,0,0
BRDA:1358,177,1,0
BRDA:1371,178,0,0
BRDA:1371,178,1,0
BRDA:1391,179,0,0
BRDA:1391,179,1,0
BRDA:1392,180,0,0
BRDA:1392,180,1,0
BRDA:1393,181,0,0
BRDA:1393,181,1,0
BRDA:1394,182,0,0
BRDA:1394,182,1,0
BRDA:1400,183,0,0
BRDA:1400,183,1,0
BRDA:1400,184,0,0
BRDA:1400,184,1,0
BRDA:1400,185,0,0
BRDA:1400,185,1,0
BRDA:1401,186,0,0
BRDA:1401,186,1,0
BRDA:1404,187,0,0
BRDA:1404,187,1,0
BRDA:1413,188,0,0
BRDA:1413,188,1,0
BRDA:1419,189,0,0
BRDA:1419,189,1,0
BRDA:1419,189,2,0
BRDA:1419,189,3,0
BRDA:1423,190,0,0
BRDA:1423,190,1,0
BRDA:1433,191,0,0
BRDA:1433,191,1,0
BRDA:1433,191,2,0
BRDA:1433,191,3,0
BRDA:1442,192,0,0
BRDA:1442,192,1,0
BRDA:1442,192,2,0
BRDA:1455,193,0,0
BRDA:1455,193,1,0
BRDA:1461,194,0,0
BRDA:1461,194,1,0
BRDA:1463,195,0,0
BRDA:1463,195,1,0
BRDA:1468,196,0,0
BRDA:1468,196,1,0
BRDA:1468,197,0,0
BRDA:1468,197,1,0
BRDA:1468,197,2,0
BRDA:1473,198,0,0
BRDA:1473,198,1,0
BRDA:1480,199,0,0
BRDA:1480,199,1,0
BRDA:1487,200,0,0
BRDA:1487,200,1,0
BRDA:1487,201,0,0
BRDA:1487,201,1,0
BRDA:1493,202,0,0
BRDA:1493,202,1,0
BRDA:1494,203,0,0
BRDA:1494,203,1,0
BRDA:1501,204,0,0
BRDA:1501,204,1,0
BRDA:1503,205,0,0
BRDA:1503,205,1,0
BRDA:1509,206,0,0
BRDA:1509,206,1,0
BRDA:1530,207,0,0
BRDA:1530,207,1,0
BRDA:1531,208,0,0
BRDA:1531,208,1,0
BRDA:1540,209,0,0
BRDA:1540,209,1,0
BRDA:1540,210,0,0
BRDA:1540,210,1,0
BRDA:1540,211,0,0
BRDA:1540,211,1,0
BRDA:1541,212,0,0
BRDA:1541,212,1,0
BRDA:1541,213,0,0
BRDA:1541,213,1,0
BRDA:1548,214,0,0
BRDA:1548,214,1,0
BRDA:1549,215,0,0
BRDA:1549,215,1,0
BRDA:1549,215,2,0
BRDA:1550,216,0,0
BRDA:1550,216,1,0
BRDA:1553,217,0,0
BRDA:1553,217,1,0
BRDA:1565,218,0,0
BRDA:1565,218,1,0
BRDA:1566,219,0,0
BRDA:1566,219,1,0
BRDA:1580,220,0,0
BRDA:1580,220,1,0
BRDA:1589,221,0,0
BRDA:1589,221,1,0
BRDA:1604,222,0,0
BRDA:1604,222,1,0
BRDA:1616,223,0,0
BRDA:1616,223,1,0
BRDA:1616,223,2,0
BRDA:1616,223,3,0
BRDA:1629,224,0,0
BRDA:1629,224,1,0
BRDA:1659,225,0,0
BRDA:1659,225,1,0
BRDA:1664,226,0,0
BRDA:1664,226,1,0
BRDA:1672,227,0,0
BRDA:1672,227,1,0
BRDA:1680,228,0,0
BRDA:1680,228,1,0
BRDA:1690,229,0,0
BRDA:1690,229,1,0
BRDA:1690,229,2,0
BRDA:1699,230,0,0
BRDA:1699,230,1,0
BRDA:1701,231,0,0
BRDA:1701,231,1,0
BRDA:1703,232,0,0
BRDA:1703,232,1,0
BRDA:1705,233,0,0
BRDA:1705,233,1,0
BRDA:1711,234,0,0
BRDA:1711,234,1,0
BRDA:1715,235,0,0
BRDA:1715,235,1,0
BRDA:1716,236,0,0
BRDA:1716,236,1,0
BRDA:1726,237,0,0
BRDA:1726,237,1,0
BRDA:1726,237,2,0
BRDA:1734,238,0,0
BRDA:1734,238,1,0
BRDA:1738,239,0,0
BRDA:1738,239,1,0
BRDA:1739,240,0,0
BRDA:1739,240,1,0
BRDA:1743,241,0,0
BRDA:1743,241,1,0
BRDA:1753,242,0,0
BRDA:1753,242,1,0
BRDA:1766,243,0,0
BRDA:1766,243,1,0
BRDA:1766,243,2,0
BRDA:1775,244,0,0
BRDA:1775,244,1,0
BRDA:1779,245,0,0
BRDA:1779,245,1,0
BRDA:1785,246,0,0
BRDA:1785,246,1,0
BRDA:1787,247,0,0
BRDA:1787,247,1,0
BRDA:1809,248,0,0
BRDA:1809,248,1,0
BRDA:1809,248,2,0
BRDA:1814,249,0,0
BRDA:1814,249,1,0
BRDA:1834,250,0,0
BRDA:1834,250,1,0
BRDA:1837,251,0,0
BRDA:1837,251,1,0
BRDA:1842,252,0,0
BRDA:1842,252,1,0
BRDA:1842,252,2,0
BRDA:1844,253,0,0
BRDA:1844,253,1,0
BRDA:1852,254,0,0
BRDA:1852,254,1,0
BRDA:1895,255,0,0
BRDA:1895,255,1,0
BRDA:1895,255,2,0
BRDA:1895,255,3,0
BRDA:1915,256,0,0
BRDA:1915,256,1,0
BRDA:1925,257,0,0
BRDA:1925,257,1,0
BRDA:1925,257,2,0
BRDA:1390,258,0,0
BRDA:1390,258,1,0
BRDA:1948,259,0,0
BRDA:1948,259,1,1
BRDA:1955,260,0,1
BRDA:1955,260,1,1
BRDA:1977,261,0,1
BRDA:1977,261,1,0
BRDA:2004,262,0,1
BRDA:2004,262,1,0
BRDA:2006,263,0,1
BRDA:2006,263,1,0
BRDA:2020,264,0,1
BRDA:2020,264,1,1
BRDA:2029,265,0,1
BRDA:2029,265,1,0
BRDA:2029,266,0,1
BRDA:2029,266,1,1
BRDA:2057,267,0,1
BRDA:2057,267,1,1
BRDA:2057,267,2,1
BRDA:2072,268,0,1
BRDA:2072,268,1,0
BRDA:2072,269,0,0
BRDA:2072,269,1,0
BRDA:2101,270,0,0
BRDA:2101,270,1,0
BRDA:2103,271,0,0
BRDA:2103,271,1,0
BRDA:2099,272,0,0
BRDA:2099,272,1,0
BRDA:2108,273,0,0
BRDA:2108,273,1,0
BRDA:2108,273,2,0
BRDA:2108,273,3,0
BRDA:2108,273,4,0
BRDA:2125,274,0,0
BRDA:2125,274,1,0
BRDA:2135,275,0,0
BRDA:2135,275,1,0
BRDA:2137,276,0,0
BRDA:2137,276,1,0
BRDA:2139,277,0,0
BRDA:2139,277,1,0
BRDA:2149,278,0,0
BRDA:2149,278,1,0
BRDA:2156,279,0,0
BRDA:2156,279,1,0
BRDA:2156,279,2,0
BRDA:2173,280,0,0
BRDA:2173,280,1,0
BRDA:2188,281,0,0
BRDA:2188,281,1,0
BRDA:2188,281,2,0
BRDA:2208,282,0,0
BRDA:2208,282,1,0
BRDA:2209,283,0,0
BRDA:2209,283,1,0
BRDA:2209,284,0,0
BRDA:2209,284,1,0
BRDA:2211,285,0,0
BRDA:2211,285,1,0
BRDA:2221,286,0,0
BRDA:2221,286,1,0
BRDA:2221,286,2,0
BRDA:2272,287,0,0
BRDA:2272,287,1,0
BRDA:2272,287,2,0
BRDA:2286,288,0,0
BRDA:2286,288,1,0
BRDA:2286,289,0,0
BRDA:2286,289,1,0
BRDA:2293,290,0,0
BRDA:2293,290,1,0
BRDA:2293,291,0,0
BRDA:2293,291,1,0
BRDA:2300,292,0,0
BRDA:2300,292,1,0
BRDA:2300,293,0,0
BRDA:2300,293,1,0
BRDA:2307,294,0,0
BRDA:2307,294,1,0
BRDA:2307,295,0,0
BRDA:2307,295,1,0
BRDA:2330,296,0,1
BRDA:2330,296,1,0
BRDA:2347,297,0,1
BRDA:2347,297,1,0
BRDA:2363,298,0,1
BRDA:2363,298,1,0
BRDA:2382,299,0,1
BRDA:2382,299,1,0
BRDA:2420,300,0,0
BRDA:2420,300,1,0
BRDA:2424,301,0,0
BRDA:2424,301,1,1
BRDA:2425,302,0,1
BRDA:2425,302,1,1
BRDA:2430,303,0,1
BRDA:2430,303,1,1
BRDA:2433,304,0,0
BRDA:2433,304,1,1
BRDA:2457,305,0,0
BRDA:2457,305,1,0
BRDA:2466,306,0,0
BRDA:2466,306,1,1
BRDA:2468,307,0,0
BRDA:2468,307,1,1
BRDA:2475,308,0,0
BRDA:2475,308,1,1
BRDA:2479,309,0,0
BRDA:2479,309,1,1
BRDA:2484,310,0,0
BRDA:2484,310,1,0
BRDA:2492,311,0,1
BRDA:2492,311,1,1
BRDA:2493,312,0,0
BRDA:2493,312,1,1
BRDA:2493,313,0,0
BRDA:2493,313,1,1
BRDA:2495,314,0,0
BRDA:2495,314,1,1
BRDA:2497,315,0,0
BRDA:2497,315,1,1
BRDA:2507,316,0,1
BRDA:2507,316,1,1
BRDA:2521,317,0,1
BRDA:2521,317,1,0
BRDA:2533,318,0,1
BRDA:2533,318,1,1
BRDA:2533,318,2,0
BRDA:2564,319,0,1
BRDA:2564,319,1,0
BRDA:2564,319,2,0
BRDA:2574,320,0,0
BRDA:2574,320,1,0
BRDA:2580,321,0,0
BRDA:2580,321,1,0
BRF:678
BRH:69
end_of_record
TN:
SF:src/components/ai-elements/actions.tsx
FN:21,(anonymous_0)
FN:25,(anonymous_1)
FN:62,(anonymous_2)
FNF:3
FNH:0
FNDA:0,(anonymous_0)
FNDA:0,(anonymous_1)
FNDA:0,(anonymous_2)
DA:21,3
DA:22,0
DA:23,0
DA:26,0
DA:50,0
DA:62,3
DA:72,0
DA:88,0
DA:89,0
DA:101,0
LF:10
LH:2
BRDA:22,0,0,0
BRDA:22,0,1,0
BRDA:22,1,0,0
BRDA:22,1,1,0
BRDA:29,2,0,0
BRDA:29,2,1,0
BRDA:38,3,0,0
BRDA:38,3,1,0
BRDA:42,4,0,0
BRDA:42,4,1,0
BRDA:67,5,0,0
BRDA:68,6,0,0
BRDA:84,7,0,0
BRDA:84,7,1,0
BRDA:88,8,0,0
BRDA:88,8,1,0
BRF:16
BRH:0
end_of_record
TN:
SF:src/components/ai-elements/artifact.tsx
FN:16,(anonymous_0)
FN:28,(anonymous_1)
FN:43,(anonymous_2)
FN:67,(anonymous_3)
FN:76,(anonymous_4)
FN:85,(anonymous_5)
FN:98,(anonymous_6)
FN:142,(anonymous_7)
FNF:8
FNH:0
FNDA:0,(anonymous_0)
FNDA:0,(anonymous_1)
FNDA:0,(anonymous_2)
FNDA:0,(anonymous_3)
FNDA:0,(anonymous_4)
FNDA:0,(anonymous_5)
FNDA:0,(anonymous_6)
FNDA:0,(anonymous_7)
DA:16,3
DA:17,0
DA:28,3
DA:32,0
DA:43,3
DA:50,0
DA:67,3
DA:68,0
DA:76,3
DA:80,0
DA:85,3
DA:89,0
DA:98,3
DA:109,0
DA:124,0
DA:125,0
DA:137,0
DA:142,3
DA:146,0
LF:19
LH:8
BRDA:46,0,0,0
BRDA:47,1,0,0
BRDA:60,2,0,0
BRDA:60,2,1,0
BRDA:104,3,0,0
BRDA:105,4,0,0
BRDA:119,5,0,0
BRDA:119,5,1,0
BRDA:120,6,0,0
BRDA:120,6,1,0
BRDA:124,7,0,0
BRDA:124,7,1,0
BRF:12
BRH:0
end_of_record
TN:
SF:src/components/ai-elements/branch.tsx
FN:21,(anonymous_0)
FN:36,(anonymous_1)
FN:40,(anonymous_2)
FN:45,(anonymous_3)
FN:50,(anonymous_4)
FN:73,(anonymous_5)
FN:78,(anonymous_6)
FN:84,(anonymous_7)
FN:102,(anonymous_8)
FN:124,(anonymous_9)
FN:152,(anonymous_10)
FN:180,(anonymous_11)
FNF:12
FNH:0
FNDA:0,(anonymous_0)
FNDA:0,(anonymous_1)
FNDA:0,(anonymous_2)
FNDA:0,(anonymous_3)
FNDA:0,(anonymous_4)
FNDA:0,(anonymous_5)
FNDA:0,(anonymous_6)
FNDA:0,(anonymous_7)
FNDA:0,(anonymous_8)
FNDA:0,(anonymous_9)
FNDA:0,(anonymous_10)
FNDA:0,(anonymous_11)
DA:19,3
DA:21,3
DA:22,0
DA:24,0
DA:25,0
DA:28,0
DA:36,3
DA:37,0
DA:38,0
DA:40,0
DA:41,0
DA:42,0
DA:45,0
DA:46,0
DA:47,0
DA:50,0
DA:51,0
DA:52,0
DA:55,0
DA:64,0
DA:73,3
DA:74,0
DA:75,0
DA:78,0
DA:79,0
DA:80,0
DA:84,0
DA:85,0
DA:102,3
DA:103,0
DA:106,0
DA:107,0
DA:110,0
DA:124,3
DA:125,0
DA:127,0
DA:152,3
DA:153,0
DA:155,0
DA:180,3
DA:181,0
DA:183,0
LF:42
LH:8
BRDA:24,0,0,0
BRDA:24,0,1,0
BRDA:36,1,0,0
BRDA:46,2,0,0
BRDA:46,2,1,0
BRDA:51,3,0,0
BRDA:51,3,1,0
BRDA:75,4,0,0
BRDA:75,4,1,0
BRDA:79,5,0,0
BRDA:79,5,1,0
BRDA:88,6,0,0
BRDA:88,6,1,0
BRDA:106,7,0,0
BRDA:106,7,1,0
BRDA:114,8,0,0
BRDA:114,8,1,0
BRDA:145,9,0,0
BRDA:145,9,1,0
BRDA:173,10,0,0
BRDA:173,10,1,0
BRF:21
BRH:0
end_of_record
TN:
SF:src/components/ai-elements/canvas.tsx
FN:9,(anonymous_0)
FNF:1
FNH:0
FNDA:0,(anonymous_0)
DA:9,3
DA:10,0
LF:2
LH:1
BRF:0
BRH:0
end_of_record
TN:
SF:src/components/ai-elements/chain-of-thought.tsx
FN:29,(anonymous_0)
FN:46,(anonymous_1)
FN:61,(anonymous_2)
FN:83,(anonymous_3)
FN:119,(anonymous_4)
FN:163,(anonymous_5)
FN:174,(anonymous_6)
FN:190,(anonymous_7)
FN:215,(anonymous_8)
FN:230,(anonymous_9)
FNF:10
FNH:0
FNDA:0,(anonymous_0)
FNDA:0,(anonymous_1)
FNDA:0,(anonymous_2)
FNDA:0,(anonymous_3)
FNDA:0,(anonymous_4)
FNDA:0,(anonymous_5)
FNDA:0,(anonymous_6)
FNDA:0,(anonymous_7)
FNDA:0,(anonymous_8)
FNDA:0,(anonymous_9)
DA:25,3
DA:29,3
DA:30,0
DA:31,0
DA:32,0
DA:36,0
DA:45,3
DA:54,0
DA:60,0
DA:61,0
DA:65,0
DA:82,3
DA:84,0
DA:86,0
DA:118,3
DA:128,0
DA:134,0
DA:162,3
DA:164,0
DA:173,3
DA:175,0
DA:189,3
DA:191,0
DA:193,0
DA:214,3
DA:216,0
DA:229,3
DA:231,0
DA:258,3
DA:259,3
DA:260,3
DA:261,3
DA:262,3
DA:263,3
DA:264,3
DA:265,3
LF:36
LH:18
BRDA:31,0,0,0
BRDA:31,0,1,0
BRDA:49,1,0,0
BRDA:97,2,0,0
BRDA:97,2,1,0
BRDA:102,3,0,0
BRDA:102,3,1,0
BRDA:121,4,0,0
BRDA:124,5,0,0
BRDA:150,6,0,0
BRDA:150,6,1,0
BRDA:220,7,0,0
BRDA:220,7,1,0
BRDA:230,8,0,0
BRDA:249,9,0,0
BRDA:249,9,1,0
BRF:16
BRH:0
end_of_record
TN:
SF:src/components/ai-elements/code-block.tsx
FN:11,(anonymous_0)
FN:12,(anonymous_1)
FN:31,(anonymous_2)
FN:77,(anonymous_3)
FN:103,(anonymous_4)
FN:114,(anonymous_5)
FN:124,(anonymous_6)
FNF:7
FNH:0
FNDA:0,(anonymous_0)
FNDA:0,(anonymous_1)
FNDA:0,(anonymous_2)
FNDA:0,(anonymous_3)
FNDA:0,(anonymous_4)
FNDA:0,(anonymous_5)
FNDA:0,(anonymous_6)
DA:11,3
DA:12,0
DA:19,3
DA:31,3
DA:41,0
DA:42,0
DA:63,0
DA:78,0
DA:103,3
DA:111,0
DA:112,0
DA:114,0
DA:115,0
DA:116,0
DA:117,0
DA:120,0
DA:121,0
DA:122,0
DA:123,0
DA:124,0
DA:126,0
DA:130,0
DA:132,0
LF:23
LH:4
BRDA:34,0,0,0
BRDA:41,1,0,0
BRDA:41,1,1,0
BRDA:76,2,0,0
BRDA:76,2,1,0
BRDA:88,3,0,0
BRDA:88,3,1,0
BRDA:106,4,0,0
BRDA:115,5,0,0
BRDA:115,5,1,0
BRDA:115,6,0,0
BRDA:115,6,1,0
BRDA:130,7,0,0
BRDA:130,7,1,0
BRDA:141,8,0,0
BRDA:141,8,1,0
BRF:16
BRH:0
end_of_record
TN:
SF:src/components/ai-elements/context.tsx
FN:32,(anonymous_0)
FN:44,(anonymous_1)
FN:63,(anonymous_2)
FN:106,(anonymous_3)
FN:135,(anonymous_4)
FN:147,(anonymous_5)
FN:186,(anonymous_6)
FN:198,(anonymous_7)
FN:238,(anonymous_8)
FN:278,(anonymous_9)
FN:318,(anonymous_10)
FN:358,(anonymous_11)
FN:396,(anonymous_12)
FNF:13
FNH:0
FNDA:0,(anonymous_0)
FNDA:0,(anonymous_1)
FNDA:0,(anonymous_2)
FNDA:0,(anonymous_3)
FNDA:0,(anonymous_4)
FNDA:0,(anonymous_5)
FNDA:0,(anonymous_6)
FNDA:0,(anonymous_7)
FNDA:0,(anonymous_8)
FNDA:0,(anonymous_9)
FNDA:0,(anonymous_10)
FNDA:0,(anonymous_11)
FNDA:0,(anonymous_12)
DA:15,3
DA:16,3
DA:17,3
DA:18,3
DA:19,3
DA:30,3
DA:32,3
DA:33,0
DA:35,0
DA:36,0
DA:39,0
DA:44,3
DA:51,0
DA:63,3
DA:64,0
DA:65,0
DA:66,0
DA:67,0
DA:69,0
DA:106,3
DA:107,0
DA:108,0
DA:109,0
DA:114,0
DA:135,3
DA:139,0
DA:147,3
DA:152,0
DA:153,0
DA:154,0
DA:158,0
DA:161,0
DA:165,0
DA:186,3
DA:191,0
DA:198,3
DA:203,0
DA:204,0
DA:213,0
DA:218,0
DA:238,3
DA:243,0
DA:244,0
DA:246,0
DA:247,0
DA:250,0
DA:251,0
DA:254,0
DA:260,0
DA:265,0
DA:278,3
DA:283,0
DA:284,0
DA:286,0
DA:287,0
DA:290,0
DA:291,0
DA:294,0
DA:300,0
DA:305,0
DA:318,3
DA:323,0
DA:324,0
DA:326,0
DA:327,0
DA:330,0
DA:331,0
DA:334,0
DA:340,0
DA:345,0
DA:358,3
DA:363,0
DA:364,0
DA:366,0
DA:367,0
DA:370,0
DA:371,0
DA:374,0
DA:380,0
DA:385,0
DA:396,3
DA:403,0
LF:82
LH:19
BRDA:35,0,0,0
BRDA:35,0,1,0
BRDA:66,1,0,0
BRDA:66,1,1,0
BRDA:108,2,0,0
BRDA:108,2,1,0
BRDA:116,3,0,0
BRDA:116,3,1,0
BRDA:153,4,0,0
BRDA:153,4,1,0
BRDA:167,5,0,0
BRDA:167,5,1,0
BRDA:204,6,0,0
BRDA:204,6,1,0
BRDA:208,7,0,0
BRDA:208,7,1,0
BRDA:209,8,0,0
BRDA:209,8,1,0
BRDA:216,9,0,0
BRDA:216,9,1,0
BRDA:226,10,0,0
BRDA:226,10,1,0
BRDA:244,11,0,0
BRDA:244,11,1,0
BRDA:246,12,0,0
BRDA:246,12,1,0
BRDA:250,13,0,0
BRDA:250,13,1,0
BRDA:254,14,0,0
BRDA:254,14,1,0
BRDA:263,15,0,0
BRDA:263,15,1,0
BRDA:284,16,0,0
BRDA:284,16,1,0
BRDA:286,17,0,0
BRDA:286,17,1,0
BRDA:290,18,0,0
BRDA:290,18,1,0
BRDA:294,19,0,0
BRDA:294,19,1,0
BRDA:303,20,0,0
BRDA:303,20,1,0
BRDA:324,21,0,0
BRDA:324,21,1,0
BRDA:326,22,0,0
BRDA:326,22,1,0
BRDA:330,23,0,0
BRDA:330,23,1,0
BRDA:334,24,0,0
BRDA:334,24,1,0
BRDA:343,25,0,0
BRDA:343,25,1,0
BRDA:364,26,0,0
BRDA:364,26,1,0
BRDA:366,27,0,0
BRDA:366,27,1,0
BRDA:370,28,0,0
BRDA:370,28,1,0
BRDA:374,29,0,0
BRDA:374,29,1,0
BRDA:383,30,0,0
BRDA:383,30,1,0
BRDA:404,31,0,0
BRDA:404,31,1,0
BRDA:409,32,0,0
BRDA:409,32,1,0
BRF:66
BRH:0
end_of_record
TN:
SF:src/components/ai-elements/controls.tsx
FN:9,(anonymous_0)
FNF:1
FNH:0
FNDA:0,(anonymous_0)
DA:9,3
DA:10,0
LF:2
LH:1
BRF:0
BRH:0
end_of_record
TN:
SF:src/components/ai-elements/conversation.tsx
FN:16,(anonymous_0)
FN:29,(anonymous_1)
FN:35,(anonymous_2)
FN:41,(anonymous_3)
FNF:4
FNH:3
FNDA:1,(anonymous_0)
FNDA:1,(anonymous_1)
FNDA:1,(anonymous_2)
FNDA:0,(anonymous_3)
DA:16,3
DA:17,1
DA:29,3
DA:30,1
DA:35,3
DA:39,1
DA:41,1
DA:42,0
DA:45,1
LF:9
LH:8
BRDA:46,0,0,1
BRDA:46,0,1,0
BRF:2
BRH:1
end_of_record
TN:
SF:src/components/ai-elements/file-upload.tsx
FN:46,(anonymous_0)
FN:55,(anonymous_1)
FN:61,FileUpload
FN:88,(anonymous_3)
FN:135,(anonymous_4)
FN:146,(anonymous_5)
FN:152,(anonymous_6)
FN:153,(anonymous_7)
FN:182,(anonymous_8)
FN:183,(anonymous_9)
FN:201,(anonymous_10)
FN:202,(anonymous_11)
FN:213,(anonymous_12)
FN:214,(anonymous_13)
FN:214,(anonymous_14)
FN:217,(anonymous_15)
FN:218,(anonymous_16)
FN:218,(anonymous_17)
FN:222,(anonymous_18)
FN:229,(anonymous_19)
FN:242,(anonymous_20)
FN:248,(anonymous_21)
FN:262,(anonymous_22)
FN:273,(anonymous_23)
FN:284,(anonymous_24)
FN:322,(anonymous_25)
FN:341,(anonymous_26)
FN:370,(anonymous_27)
FN:383,(anonymous_28)
FN:434,(anonymous_29)
FNF:30
FNH:0
FNDA:0,(anonymous_0)
FNDA:0,(anonymous_1)
FNDA:0,FileUpload
FNDA:0,(anonymous_3)
FNDA:0,(anonymous_4)
FNDA:0,(anonymous_5)
FNDA:0,(anonymous_6)
FNDA:0,(anonymous_7)
FNDA:0,(anonymous_8)
FNDA:0,(anonymous_9)
FNDA:0,(anonymous_10)
FNDA:0,(anonymous_11)
FNDA:0,(anonymous_12)
FNDA:0,(anonymous_13)
FNDA:0,(anonymous_14)
FNDA:0,(anonymous_15)
FNDA:0,(anonymous_16)
FNDA:0,(anonymous_17)
FNDA:0,(anonymous_18)
FNDA:0,(anonymous_19)
FNDA:0,(anonymous_20)
FNDA:0,(anonymous_21)
FNDA:0,(anonymous_22)
FNDA:0,(anonymous_23)
FNDA:0,(anonymous_24)
FNDA:0,(anonymous_25)
FNDA:0,(anonymous_26)
FNDA:0,(anonymous_27)
FNDA:0,(anonymous_28)
FNDA:0,(anonymous_29)
DA:46,3
DA:47,0
DA:48,0
DA:49,0
DA:50,0
DA:51,0
DA:52,0
DA:55,3
DA:56,0
DA:57,0
DA:58,0
DA:82,0
DA:83,0
DA:84,0
DA:85,0
DA:87,0
DA:89,0
DA:91,0
DA:94,0
DA:95,0
DA:96,0
DA:98,0
DA:99,0
DA:100,0
DA:101,0
DA:103,0
DA:104,0
DA:106,0
DA:108,0
DA:110,0
DA:114,0
DA:116,0
DA:117,0
DA:120,0
DA:121,0
DA:122,0
DA:126,0
DA:134,0
DA:135,0
DA:137,0
DA:141,0
DA:146,0
DA:147,0
DA:149,0
DA:150,0
DA:152,0
DA:153,0
DA:157,0
DA:158,0
DA:159,0
DA:162,0
DA:167,0
DA:168,0
DA:169,0
DA:170,0
DA:171,0
DA:174,0
DA:176,0
DA:179,0
DA:182,0
DA:183,0
DA:184,0
DA:195,0
DA:196,0
DA:198,0
DA:199,0
DA:201,0
DA:202,0
DA:205,0
DA:206,0
DA:210,0
DA:213,0
DA:214,0
DA:217,0
DA:218,0
DA:221,0
DA:223,0
DA:224,0
DA:229,0
DA:230,0
DA:233,0
DA:234,0
DA:242,0
DA:248,0
DA:262,0
DA:274,0
DA:284,0
DA:300,0
DA:322,0
DA:341,0
DA:370,0
DA:384,0
DA:385,0
DA:434,0
LF:94
LH:2
BRDA:47,0,0,0
BRDA:47,0,1,0
BRDA:48,1,0,0
BRDA:48,1,1,0
BRDA:49,2,0,0
BRDA:49,2,1,0
BRDA:49,3,0,0
BRDA:49,3,1,0
BRDA:50,4,0,0
BRDA:50,4,1,0
BRDA:50,5,0,0
BRDA:50,5,1,0
BRDA:50,5,2,0
BRDA:56,6,0,0
BRDA:56,6,1,0
BRDA:57,7,0,0
BRDA:57,7,1,0
BRDA:66,8,0,0
BRDA:67,9,0,0
BRDA:79,10,0,0
BRDA:80,11,0,0
BRDA:89,12,0,0
BRDA:89,12,1,0
BRDA:89,13,0,0
BRDA:89,13,1,0
BRDA:94,14,0,0
BRDA:94,14,1,0
BRDA:96,15,0,0
BRDA:96,15,1,0
BRDA:108,16,0,0
BRDA:108,16,1,0
BRDA:120,17,0,0
BRDA:120,17,1,0
BRDA:134,18,0,0
BRDA:134,18,1,0
BRDA:141,19,0,0
BRDA:141,19,1,0
BRDA:153,20,0,0
BRDA:153,20,1,0
BRDA:167,21,0,0
BRDA:167,21,1,0
BRDA:171,22,0,0
BRDA:171,22,1,0
BRDA:171,22,2,0
BRDA:174,23,0,0
BRDA:174,23,1,0
BRDA:184,24,0,0
BRDA:184,24,1,0
BRDA:199,25,0,0
BRDA:199,25,1,0
BRDA:202,26,0,0
BRDA:202,26,1,0
BRDA:233,27,0,0
BRDA:233,27,1,0
BRDA:249,28,0,0
BRDA:249,28,1,0
BRDA:250,29,0,0
BRDA:250,29,1,0
BRDA:252,30,0,0
BRDA:252,30,1,0
BRDA:252,31,0,0
BRDA:252,31,1,0
BRDA:258,32,0,0
BRDA:258,32,1,0
BRDA:262,33,0,0
BRDA:262,33,1,0
BRDA:276,34,0,0
BRDA:276,34,1,0
BRDA:279,35,0,0
BRDA:279,35,1,0
BRDA:280,36,0,0
BRDA:280,36,1,0
BRDA:290,37,0,0
BRDA:290,37,1,0
BRDA:291,38,0,0
BRDA:291,38,1,0
BRDA:314,39,0,0
BRDA:314,39,1,0
BRDA:345,40,0,0
BRDA:345,40,1,0
BRDA:366,41,0,0
BRDA:366,41,1,0
BRDA:370,42,0,0
BRDA:370,42,1,0
BRDA:400,43,0,0
BRDA:400,43,1,0
BRDA:404,44,0,0
BRDA:404,44,1,0
BRDA:410,45,0,0
BRDA:410,45,1,0
BRDA:418,46,0,0
BRDA:418,46,1,0
BRDA:421,47,0,0
BRDA:421,47,1,0
BRDA:424,48,0,0
BRDA:424,48,1,0
BRDA:427,49,0,0
BRDA:427,49,1,0
BRF:98
BRH:0
end_of_record
TN:
SF:src/components/ai-elements/image.tsx
FN:10,(anonymous_0)
FNF:1
FNH:0
FNDA:0,(anonymous_0)
DA:10,3
DA:11,0
DA:13,0
DA:15,0
LF:4
LH:1
BRDA:11,0,0,0
BRDA:11,0,1,0
BRDA:11,1,0,0
BRDA:11,1,1,0
BRDA:11,2,0,0
BRDA:11,2,1,0
BRDA:13,3,0,0
BRDA:13,3,1,0
BRDA:20,4,0,0
BRDA:20,4,1,0
BRF:10
BRH:0
end_of_record
TN:
SF:src/components/ai-elements/mermaid-diagram.tsx
FN:118,setSanitizedSvgContent
FN:154,MermaidDiagram
FN:170,(anonymous_2)
FN:173,renderDiagram
FN:210,(anonymous_4)
FN:216,(anonymous_5)
FN:260,(anonymous_6)
FN:274,(anonymous_7)
FN:289,(anonymous_8)
FN:299,(anonymous_9)
FN:299,(anonymous_10)
FN:300,(anonymous_11)
FN:300,(anonymous_12)
FN:301,(anonymous_13)
FN:456,(anonymous_14)
FN:491,detectDiagramType
FNF:16
FNH:1
FNDA:0,setSanitizedSvgContent
FNDA:0,MermaidDiagram
FNDA:0,(anonymous_2)
FNDA:0,renderDiagram
FNDA:0,(anonymous_4)
FNDA:0,(anonymous_5)
FNDA:0,(anonymous_6)
FNDA:0,(anonymous_7)
FNDA:0,(anonymous_8)
FNDA:0,(anonymous_9)
FNDA:0,(anonymous_10)
FNDA:0,(anonymous_11)
FNDA:0,(anonymous_12)
FNDA:0,(anonymous_13)
FNDA:0,(anonymous_14)
FNDA:10,detectDiagramType
DA:34,4
DA:108,4
DA:120,0
DA:123,0
DA:124,0
DA:128,0
DA:129,0
DA:130,0
DA:133,0
DA:134,0
DA:135,0
DA:136,0
DA:140,0
DA:141,0
DA:160,0
DA:161,0
DA:162,0
DA:163,0
DA:164,0
DA:165,0
DA:166,0
DA:167,0
DA:168,0
DA:170,0
DA:171,0
DA:174,0
DA:175,0
DA:176,0
DA:179,0
DA:181,0
DA:184,0
DA:187,0
DA:192,0
DA:194,0
DA:195,0
DA:196,0
DA:197,0
DA:200,0
DA:201,0
DA:202,0
DA:203,0
DA:208,0
DA:210,0
DA:211,0
DA:216,0
DA:217,0
DA:218,0
DA:220,0
DA:222,0
DA:223,0
DA:224,0
DA:234,0
DA:235,0
DA:236,0
DA:239,0
DA:241,0
DA:242,0
DA:248,0
DA:251,0
DA:252,0
DA:260,0
DA:261,0
DA:268,0
DA:270,0
DA:274,0
DA:275,0
DA:277,0
DA:278,0
DA:280,0
DA:282,0
DA:283,0
DA:289,0
DA:290,0
DA:291,0
DA:292,0
DA:293,0
DA:294,0
DA:299,0
DA:300,0
DA:301,0
DA:304,0
DA:305,0
DA:320,0
DA:321,0
DA:335,0
DA:457,0
DA:458,0
DA:459,0
DA:492,10
DA:494,10
DA:495,9
DA:496,6
DA:497,5
DA:498,4
DA:499,3
DA:502,2
LF:96
LH:10
BRDA:134,0,0,0
BRDA:134,0,1,0
BRDA:158,1,0,0
BRDA:174,2,0,0
BRDA:174,2,1,0
BRDA:174,3,0,0
BRDA:174,3,1,0
BRDA:192,4,0,0
BRDA:192,4,1,0
BRDA:192,5,0,0
BRDA:192,5,1,0
BRDA:201,6,0,0
BRDA:201,6,1,0
BRDA:202,7,0,0
BRDA:202,7,1,0
BRDA:217,8,0,0
BRDA:217,8,1,0
BRDA:217,9,0,0
BRDA:217,9,1,0
BRDA:234,10,0,0
BRDA:234,10,1,0
BRDA:236,11,0,0
BRDA:236,11,1,0
BRDA:241,12,0,0
BRDA:241,12,1,0
BRDA:241,13,0,0
BRDA:241,13,1,0
BRDA:254,14,0,0
BRDA:254,14,1,0
BRDA:261,15,0,0
BRDA:261,15,1,0
BRDA:262,16,0,0
BRDA:262,16,1,0
BRDA:262,16,2,0
BRDA:262,16,3,0
BRDA:262,16,4,0
BRDA:275,17,0,0
BRDA:275,17,1,0
BRDA:278,18,0,0
BRDA:278,18,1,0
BRDA:282,19,0,0
BRDA:282,19,1,0
BRDA:290,20,0,0
BRDA:290,20,1,0
BRDA:290,21,0,0
BRDA:290,21,1,0
BRDA:304,22,0,0
BRDA:304,22,1,0
BRDA:320,23,0,0
BRDA:320,23,1,0
BRDA:345,24,0,0
BRDA:345,24,1,0
BRDA:345,24,2,0
BRDA:345,24,3,0
BRDA:345,24,4,0
BRDA:356,25,0,0
BRDA:356,25,1,0
BRDA:359,26,0,0
BRDA:359,26,1,0
BRDA:365,27,0,0
BRDA:365,27,1,0
BRDA:371,28,0,0
BRDA:371,28,1,0
BRDA:381,29,0,0
BRDA:381,29,1,0
BRDA:397,30,0,0
BRDA:397,30,1,0
BRDA:441,31,0,0
BRDA:441,31,1,0
BRDA:448,32,0,0
BRDA:448,32,1,0
BRDA:469,33,0,0
BRDA:469,33,1,0
BRDA:469,33,2,0
BRDA:494,34,0,1
BRDA:494,34,1,9
BRDA:495,35,0,3
BRDA:495,35,1,6
BRDA:496,36,0,1
BRDA:496,36,1,5
BRDA:496,37,0,6
BRDA:496,37,1,5
BRDA:497,38,0,1
BRDA:497,38,1,4
BRDA:497,39,0,5
BRDA:497,39,1,4
BRDA:498,40,0,1
BRDA:498,40,1,3
BRDA:499,41,0,1
BRDA:499,41,1,2
BRF:90
BRH:16
end_of_record
TN:
SF:src/components/ai-elements/message.tsx
FN:31,(anonymous_0)
FN:45,(anonymous_1)
FN:65,(anonymous_2)
FN:80,(anonymous_3)
FN:124,(anonymous_4)
FN:141,(anonymous_5)
FN:150,(anonymous_6)
FN:155,(anonymous_7)
FN:161,(anonymous_8)
FN:188,(anonymous_9)
FN:196,(anonymous_10)
FN:202,(anonymous_11)
FN:220,(anonymous_12)
FN:243,(anonymous_13)
FN:265,(anonymous_14)
FN:288,(anonymous_15)
FN:310,(anonymous_16)
FN:322,(anonymous_17)
FN:333,MessageAttachment
FN:365,(anonymous_19)
FN:392,(anonymous_20)
FN:411,MessageAttachments
FN:435,(anonymous_22)
FN:459,(anonymous_23)
FNF:24
FNH:0
FNDA:0,(anonymous_0)
FNDA:0,(anonymous_1)
FNDA:0,(anonymous_2)
FNDA:0,(anonymous_3)
FNDA:0,(anonymous_4)
FNDA:0,(anonymous_5)
FNDA:0,(anonymous_6)
FNDA:0,(anonymous_7)
FNDA:0,(anonymous_8)
FNDA:0,(anonymous_9)
FNDA:0,(anonymous_10)
FNDA:0,(anonymous_11)
FNDA:0,(anonymous_12)
FNDA:0,(anonymous_13)
FNDA:0,(anonymous_14)
FNDA:0,(anonymous_15)
FNDA:0,(anonymous_16)
FNDA:0,(anonymous_17)
FNDA:0,MessageAttachment
FNDA:0,(anonymous_19)
FNDA:0,(anonymous_20)
FNDA:0,MessageAttachments
FNDA:0,(anonymous_22)
FNDA:0,(anonymous_23)
DA:31,3
DA:32,0
DA:45,3
DA:50,0
DA:65,3
DA:70,0
DA:80,3
DA:89,0
DA:95,0
DA:96,0
DA:108,0
DA:120,3
DA:124,3
DA:125,0
DA:127,0
DA:128,0
DA:133,0
DA:141,3
DA:147,0
DA:148,0
DA:150,0
DA:151,0
DA:152,0
DA:155,0
DA:157,0
DA:158,0
DA:161,0
DA:163,0
DA:164,0
DA:167,0
DA:176,0
DA:188,3
DA:192,0
DA:193,0
DA:196,0
DA:197,0
DA:198,0
DA:202,0
DA:203,0
DA:220,3
DA:225,0
DA:228,0
DA:229,0
DA:232,0
DA:243,3
DA:247,0
DA:249,0
DA:265,3
DA:270,0
DA:272,0
DA:288,3
DA:292,0
DA:294,0
DA:309,3
DA:311,0
DA:322,0
DA:325,3
DA:339,0
DA:341,0
DA:342,0
DA:343,0
DA:345,0
DA:366,0
DA:367,0
DA:393,0
DA:394,0
DA:416,0
DA:417,0
DA:420,0
DA:435,3
DA:440,0
DA:459,3
DA:460,0
LF:73
LH:16
BRDA:35,0,0,0
BRDA:35,0,1,0
BRDA:38,1,0,0
BRDA:38,1,1,0
BRDA:84,2,0,0
BRDA:85,3,0,0
BRDA:91,4,0,0
BRDA:91,4,1,0
BRDA:95,5,0,0
BRDA:95,5,1,0
BRDA:127,6,0,0
BRDA:127,6,1,0
BRDA:142,7,0,0
BRDA:157,8,0,0
BRDA:157,8,1,0
BRDA:163,9,0,0
BRDA:163,9,1,0
BRDA:193,10,0,0
BRDA:193,10,1,0
BRDA:197,11,0,0
BRDA:197,11,1,0
BRDA:206,12,0,0
BRDA:206,12,1,0
BRDA:228,13,0,0
BRDA:228,13,1,0
BRDA:258,14,0,0
BRDA:258,14,1,0
BRDA:281,15,0,0
BRDA:281,15,1,0
BRDA:339,16,0,0
BRDA:339,16,1,0
BRDA:341,17,0,0
BRDA:341,17,1,0
BRDA:341,18,0,0
BRDA:341,18,1,0
BRDA:343,19,0,0
BRDA:343,19,1,0
BRDA:343,20,0,0
BRDA:343,20,1,0
BRDA:353,21,0,0
BRDA:353,21,1,0
BRDA:356,22,0,0
BRDA:356,22,1,0
BRDA:362,23,0,0
BRDA:362,23,1,0
BRDA:389,24,0,0
BRDA:389,24,1,0
BRDA:416,25,0,0
BRDA:416,25,1,0
BRDA:462,26,0,0
BRDA:462,26,1,0
BRF:51
BRH:0
end_of_record
TN:
SF:src/components/ai-elements/plan.tsx
FN:30,(anonymous_0)
FN:42,(anonymous_1)
FN:57,(anonymous_2)
FN:72,(anonymous_3)
FN:89,(anonymous_4)
FN:109,(anonymous_5)
FN:115,(anonymous_6)
FN:123,(anonymous_7)
FN:129,(anonymous_8)
FNF:9
FNH:0
FNDA:0,(anonymous_0)
FNDA:0,(anonymous_1)
FNDA:0,(anonymous_2)
FNDA:0,(anonymous_3)
FNDA:0,(anonymous_4)
FNDA:0,(anonymous_5)
FNDA:0,(anonymous_6)
FNDA:0,(anonymous_7)
FNDA:0,(anonymous_8)
DA:28,3
DA:30,3
DA:31,0
DA:32,0
DA:33,0
DA:35,0
DA:42,3
DA:48,0
DA:57,3
DA:58,0
DA:72,3
DA:73,0
DA:75,0
DA:89,3
DA:94,0
DA:96,0
DA:109,3
DA:110,0
DA:115,3
DA:116,0
DA:123,3
DA:124,0
DA:129,3
DA:130,0
LF:24
LH:10
BRDA:32,0,0,0
BRDA:32,0,1,0
BRDA:44,1,0,0
BRDA:77,2,0,0
BRDA:77,2,1,0
BRDA:102,3,0,0
BRDA:102,3,1,0
BRF:7
BRH:0
end_of_record
TN:
SF:src/components/ai-elements/queue.tsx
FN:36,(anonymous_0)
FN:50,(anonymous_1)
FN:71,(anonymous_2)
FN:92,(anonymous_3)
FN:111,(anonymous_4)
FN:123,(anonymous_5)
FN:140,(anonymous_6)
FN:149,(anonymous_7)
FN:164,(anonymous_8)
FN:183,(anonymous_9)
FN:198,(anonymous_10)
FN:209,(anonymous_11)
FN:235,(anonymous_12)
FN:256,(anonymous_13)
FN:265,(anonymous_14)
FNF:15
FNH:0
FNDA:0,(anonymous_0)
FNDA:0,(anonymous_1)
FNDA:0,(anonymous_2)
FNDA:0,(anonymous_3)
FNDA:0,(anonymous_4)
FNDA:0,(anonymous_5)
FNDA:0,(anonymous_6)
FNDA:0,(anonymous_7)
FNDA:0,(anonymous_8)
FNDA:0,(anonymous_9)
FNDA:0,(anonymous_10)
FNDA:0,(anonymous_11)
FNDA:0,(anonymous_12)
FNDA:0,(anonymous_13)
FNDA:0,(anonymous_14)
DA:36,3
DA:37,0
DA:50,3
DA:55,0
DA:71,3
DA:76,0
DA:92,3
DA:97,0
DA:111,3
DA:115,0
DA:123,3
DA:127,0
DA:140,3
DA:144,0
DA:149,3
DA:153,0
DA:164,3
DA:169,0
DA:183,3
DA:188,0
DA:198,3
DA:203,0
DA:209,3
DA:214,0
DA:235,3
DA:242,0
DA:256,3
DA:260,0
DA:265,3
DA:266,0
LF:30
LH:15
BRDA:51,0,0,0
BRDA:58,1,0,0
BRDA:58,1,1,0
BRDA:72,2,0,0
BRDA:79,3,0,0
BRDA:79,3,1,0
BRDA:93,4,0,0
BRDA:100,5,0,0
BRDA:100,5,1,0
BRDA:200,6,0,0
BRF:10
BRH:0
end_of_record
TN:
SF:src/components/ai-elements/reasoning.tsx
FN:20,(anonymous_0)
FN:37,(anonymous_1)
FN:61,(anonymous_2)
FN:73,(anonymous_3)
FN:78,(anonymous_4)
FN:82,(anonymous_5)
FN:87,(anonymous_6)
FN:111,(anonymous_7)
FN:144,(anonymous_8)
FNF:9
FNH:0
FNDA:0,(anonymous_0)
FNDA:0,(anonymous_1)
FNDA:0,(anonymous_2)
FNDA:0,(anonymous_3)
FNDA:0,(anonymous_4)
FNDA:0,(anonymous_5)
FNDA:0,(anonymous_6)
FNDA:0,(anonymous_7)
FNDA:0,(anonymous_8)
DA:18,3
DA:20,3
DA:21,0
DA:22,0
DA:23,0
DA:25,0
DA:36,3
DA:47,0
DA:52,0
DA:57,0
DA:58,0
DA:61,0
DA:62,0
DA:63,0
DA:64,0
DA:66,0
DA:67,0
DA:68,0
DA:73,0
DA:74,0
DA:75,0
DA:76,0
DA:78,0
DA:79,0
DA:80,0
DA:82,0
DA:84,0
DA:87,0
DA:88,0
DA:91,0
DA:110,3
DA:112,0
DA:114,0
DA:144,3
DA:145,0
DA:157,3
DA:158,3
DA:159,3
LF:38
LH:8
BRDA:22,0,0,0
BRDA:22,0,1,0
BRDA:39,1,0,0
BRDA:41,2,0,0
BRDA:62,3,0,0
BRDA:62,3,1,0
BRDA:63,4,0,0
BRDA:63,4,1,0
BRDA:66,5,0,0
BRDA:66,5,1,0
BRDA:74,6,0,0
BRDA:74,6,1,0
BRDA:74,7,0,0
BRDA:74,7,1,0
BRDA:76,8,0,0
BRDA:76,8,1,0
BRDA:76,9,0,0
BRDA:76,9,1,0
BRDA:76,9,2,0
BRDA:76,9,3,0
BRDA:111,10,0,0
BRDA:119,11,0,0
BRDA:119,11,1,0
BRDA:122,12,0,0
BRDA:122,12,1,0
BRDA:122,13,0,0
BRDA:122,13,1,0
BRDA:130,14,0,0
BRDA:130,14,1,0
BRF:29
BRH:0
end_of_record
TN:
SF:src/components/ai-elements/response.tsx
FN:27,parseIncompleteMarkdown
FN:73,(anonymous_1)
FN:96,(anonymous_2)
FN:180,(anonymous_3)
FN:185,(anonymous_4)
FN:190,(anonymous_5)
FN:195,(anonymous_6)
FN:200,(anonymous_7)
FN:210,(anonymous_8)
FN:215,(anonymous_9)
FN:220,(anonymous_10)
FN:225,(anonymous_11)
FN:230,(anonymous_12)
FN:235,(anonymous_13)
FN:240,(anonymous_14)
FN:247,(anonymous_15)
FN:252,(anonymous_16)
FN:257,(anonymous_17)
FN:262,(anonymous_18)
FN:267,(anonymous_19)
FN:272,(anonymous_20)
FN:283,(anonymous_21)
FN:302,(anonymous_22)
FN:372,(anonymous_23)
FN:407,(anonymous_24)
FNF:25
FNH:0
FNDA:0,parseIncompleteMarkdown
FNDA:0,(anonymous_1)
FNDA:0,(anonymous_2)
FNDA:0,(anonymous_3)
FNDA:0,(anonymous_4)
FNDA:0,(anonymous_5)
FNDA:0,(anonymous_6)
FNDA:0,(anonymous_7)
FNDA:0,(anonymous_8)
FNDA:0,(anonymous_9)
FNDA:0,(anonymous_10)
FNDA:0,(anonymous_11)
FNDA:0,(anonymous_12)
FNDA:0,(anonymous_13)
FNDA:0,(anonymous_14)
FNDA:0,(anonymous_15)
FNDA:0,(anonymous_16)
FNDA:0,(anonymous_17)
FNDA:0,(anonymous_18)
FNDA:0,(anonymous_19)
FNDA:0,(anonymous_20)
FNDA:0,(anonymous_21)
FNDA:0,(anonymous_22)
FNDA:0,(anonymous_23)
FNDA:0,(anonymous_24)
DA:28,0
DA:29,0
DA:32,0
DA:36,0
DA:37,0
DA:38,0
DA:40,0
DA:41,0
DA:45,0
DA:46,0
DA:47,0
DA:49,0
DA:51,0
DA:52,0
DA:57,0
DA:58,0
DA:59,0
DA:61,0
DA:63,0
DA:64,0
DA:69,0
DA:70,0
DA:71,0
DA:73,0
DA:74,0
DA:76,0
DA:77,0
DA:78,0
DA:79,0
DA:82,0
DA:86,0
DA:87,0
DA:92,0
DA:93,0
DA:94,0
DA:96,0
DA:97,0
DA:99,0
DA:100,0
DA:101,0
DA:102,0
DA:105,0
DA:109,0
DA:110,0
DA:115,0
DA:116,0
DA:117,0
DA:122,0
DA:126,0
DA:128,0
DA:130,0
DA:131,0
DA:132,0
DA:134,0
DA:135,0
DA:136,0
DA:138,0
DA:139,0
DA:145,0
DA:146,0
DA:152,0
DA:153,0
DA:154,0
DA:156,0
DA:158,0
DA:159,0
DA:163,0
DA:168,3
DA:179,3
DA:181,0
DA:186,0
DA:191,0
DA:196,0
DA:201,0
DA:211,0
DA:216,0
DA:221,0
DA:226,0
DA:231,0
DA:236,0
DA:241,0
DA:248,0
DA:253,0
DA:258,0
DA:263,0
DA:268,0
DA:273,0
DA:284,0
DA:286,0
DA:287,0
DA:291,0
DA:303,0
DA:304,0
DA:308,0
DA:309,0
DA:310,0
DA:311,0
DA:313,0
DA:314,0
DA:315,0
DA:316,0
DA:318,0
DA:321,0
DA:324,0
DA:325,0
DA:326,0
DA:327,0
DA:328,0
DA:330,0
DA:335,0
DA:336,0
DA:342,0
DA:343,0
DA:344,0
DA:348,0
DA:349,0
DA:357,0
DA:371,3
DA:384,0
DA:388,0
DA:407,0
DA:410,3
LF:122
LH:4
BRDA:28,0,0,0
BRDA:28,0,1,0
BRDA:28,1,0,0
BRDA:28,1,1,0
BRDA:38,2,0,0
BRDA:38,2,1,0
BRDA:47,3,0,0
BRDA:47,3,1,0
BRDA:49,4,0,0
BRDA:49,4,1,0
BRDA:51,5,0,0
BRDA:51,5,1,0
BRDA:59,6,0,0
BRDA:59,6,1,0
BRDA:61,7,0,0
BRDA:61,7,1,0
BRDA:63,8,0,0
BRDA:63,8,1,0
BRDA:71,9,0,0
BRDA:71,9,1,0
BRDA:74,10,0,0
BRDA:74,10,1,0
BRDA:78,11,0,0
BRDA:78,11,1,0
BRDA:78,12,0,0
BRDA:78,12,1,0
BRDA:86,13,0,0
BRDA:86,13,1,0
BRDA:94,14,0,0
BRDA:94,14,1,0
BRDA:97,15,0,0
BRDA:97,15,1,0
BRDA:101,16,0,0
BRDA:101,16,1,0
BRDA:101,17,0,0
BRDA:101,17,1,0
BRDA:109,18,0,0
BRDA:109,18,1,0
BRDA:117,19,0,0
BRDA:117,19,1,0
BRDA:122,20,0,0
BRDA:122,20,1,0
BRDA:128,21,0,0
BRDA:128,21,1,0
BRDA:132,22,0,0
BRDA:132,22,1,0
BRDA:135,23,0,0
BRDA:135,23,1,0
BRDA:136,24,0,0
BRDA:136,24,1,0
BRDA:138,25,0,0
BRDA:138,25,1,0
BRDA:138,26,0,0
BRDA:138,26,1,0
BRDA:138,26,2,0
BRDA:145,27,0,0
BRDA:145,27,1,0
BRDA:154,28,0,0
BRDA:154,28,1,0
BRDA:156,29,0,0
BRDA:156,29,1,0
BRDA:158,30,0,0
BRDA:158,30,1,0
BRDA:286,31,0,0
BRDA:286,31,1,0
BRDA:308,32,0,0
BRDA:308,32,1,0
BRDA:308,33,0,0
BRDA:308,33,1,0
BRDA:310,34,0,0
BRDA:310,34,1,0
BRDA:310,35,0,0
BRDA:310,35,1,0
BRDA:313,36,0,0
BRDA:313,36,1,0
BRDA:321,37,0,0
BRDA:321,37,1,0
BRDA:325,38,0,0
BRDA:325,38,1,0
BRDA:336,39,0,0
BRDA:336,39,1,0
BRDA:336,40,0,0
BRDA:336,40,1,0
BRDA:336,40,2,0
BRDA:336,40,3,0
BRDA:343,41,0,0
BRDA:343,41,1,0
BRDA:348,42,0,0
BRDA:348,42,1,0
BRDA:362,43,0,0
BRDA:362,43,1,0
BRDA:379,44,0,0
BRDA:384,45,0,0
BRDA:384,45,1,0
BRDA:384,46,0,0
BRDA:384,46,1,0
BRF:96
BRH:0
end_of_record
TN:
SF:src/components/ai-elements/shimmer.tsx
FN:34,(anonymous_0)
FN:45,(anonymous_1)
FNF:2
FNH:0
FNDA:0,(anonymous_0)
FNDA:0,(anonymous_1)
DA:12,3
DA:34,3
DA:42,0
DA:44,0
DA:45,0
DA:49,0
DA:76,3
LF:7
LH:3
BRDA:36,0,0,0
BRDA:38,1,0,0
BRDA:39,2,0,0
BRDA:42,3,0,0
BRDA:42,3,1,0
BRDA:45,4,0,0
BRDA:45,4,1,0
BRF:7
BRH:0
end_of_record
TN:
SF:src/components/ai-elements/source.tsx
FN:10,(anonymous_0)
FN:18,(anonymous_1)
FN:31,(anonymous_2)
FN:44,(anonymous_3)
FNF:4
FNH:0
FNDA:0,(anonymous_0)
FNDA:0,(anonymous_1)
FNDA:0,(anonymous_2)
FNDA:0,(anonymous_3)
DA:10,3
DA:11,0
DA:18,3
DA:19,0
DA:31,3
DA:32,0
DA:44,3
DA:45,0
LF:8
LH:4
BRDA:20,0,0,0
BRDA:20,0,1,0
BRDA:46,1,0,0
BRDA:46,1,1,0
BRF:4
BRH:0
end_of_record
TN:
SF:src/components/ai-elements/suggestion.tsx
FN:10,(anonymous_0)
FN:22,(anonymous_1)
FN:31,(anonymous_2)
FNF:3
FNH:1
FNDA:0,(anonymous_0)
FNDA:6,(anonymous_1)
FNDA:0,(anonymous_2)
DA:10,3
DA:11,0
DA:22,3
DA:31,6
DA:32,0
DA:35,6
LF:6
LH:4
BRDA:26,0,0,6
BRDA:27,1,0,6
BRDA:47,2,0,6
BRDA:47,2,1,6
BRF:4
BRH:4
end_of_record
TN:
SF:src/components/ai-elements/task.tsx
FN:10,(anonymous_0)
FN:24,(anonymous_1)
FN:32,(anonymous_2)
FN:48,(anonymous_3)
FN:55,(anonymous_4)
FN:68,(anonymous_5)
FN:101,(anonymous_6)
FNF:7
FNH:0
FNDA:0,(anonymous_0)
FNDA:0,(anonymous_1)
FNDA:0,(anonymous_2)
FNDA:0,(anonymous_3)
FNDA:0,(anonymous_4)
FNDA:0,(anonymous_5)
FNDA:0,(anonymous_6)
DA:10,3
DA:11,0
DA:24,3
DA:25,0
DA:32,3
DA:33,0
DA:48,3
DA:55,0
DA:56,0
DA:58,0
DA:60,0
DA:62,0
DA:64,0
DA:68,0
DA:69,0
DA:71,0
DA:73,0
DA:75,0
DA:77,0
DA:81,0
DA:101,3
DA:102,0
LF:22
LH:5
BRDA:32,0,0,0
BRDA:52,1,0,0
BRDA:56,2,0,0
BRDA:56,2,1,0
BRDA:56,2,2,0
BRDA:56,2,3,0
BRDA:69,3,0,0
BRDA:69,3,1,0
BRDA:69,3,2,0
BRDA:69,3,3,0
BRDA:83,4,0,0
BRDA:83,4,1,0
BRF:12
BRH:0
end_of_record
TN:
SF:src/components/ai-elements/tool.tsx
FN:20,(anonymous_0)
FN:30,(anonymous_1)
FN:53,(anonymous_2)
FN:69,(anonymous_3)
FN:83,(anonymous_4)
FN:101,(anonymous_5)
FNF:6
FNH:0
FNDA:0,(anonymous_0)
FNDA:0,(anonymous_1)
FNDA:0,(anonymous_2)
FNDA:0,(anonymous_3)
FNDA:0,(anonymous_4)
FNDA:0,(anonymous_5)
DA:20,3
DA:21,0
DA:30,3
DA:31,0
DA:38,0
DA:45,0
DA:53,3
DA:54,0
DA:69,3
DA:70,0
DA:83,3
DA:84,0
DA:101,3
DA:102,0
DA:103,0
DA:106,0
LF:16
LH:6
BRDA:102,0,0,0
BRDA:102,0,1,0
BRDA:102,1,0,0
BRDA:102,1,1,0
BRDA:111,2,0,0
BRDA:111,2,1,0
BRDA:116,3,0,0
BRDA:116,3,1,0
BRDA:119,4,0,0
BRDA:119,4,1,0
BRDA:120,5,0,0
BRDA:120,5,1,0
BRF:12
BRH:0
end_of_record
TN:
SF:src/components/ai/demo-enhancements/ConfidenceBadge.tsx
FN:20,ConfidenceBadge
FN:29,(anonymous_1)
FNF:2
FNH:0
FNDA:0,ConfidenceBadge
FNDA:0,(anonymous_1)
DA:27,0
DA:29,0
DA:30,0
DA:31,0
DA:32,0
DA:33,0
DA:36,0
DA:38,0
DA:85,0
DA:88,0
DA:109,0
DA:111,0
LF:12
LH:0
BRDA:25,0,0,0
BRDA:30,1,0,0
BRDA:30,1,1,0
BRDA:31,2,0,0
BRDA:31,2,1,0
BRDA:32,3,0,0
BRDA:32,3,1,0
BRDA:101,4,0,0
BRDA:101,4,1,0
BRDA:103,5,0,0
BRDA:103,5,1,0
BRDA:109,6,0,0
BRDA:109,6,1,0
BRDA:119,7,0,0
BRDA:119,7,1,0
BRDA:122,8,0,0
BRDA:122,8,1,0
BRDA:124,9,0,0
BRDA:124,9,1,0
BRF:19
BRH:0
end_of_record
TN:
SF:src/components/ai/demo-enhancements/DemoMode.tsx
FN:60,DemoMode
FN:64,(anonymous_1)
FN:71,(anonymous_2)
FN:72,(anonymous_3)
FN:128,(anonymous_4)
FN:131,(anonymous_5)
FN:179,useDemoMode
FN:183,(anonymous_7)
FN:184,(anonymous_8)
FN:187,(anonymous_9)
FN:191,(anonymous_10)
FNF:11
FNH:1
FNDA:0,DemoMode
FNDA:0,(anonymous_1)
FNDA:0,(anonymous_2)
FNDA:0,(anonymous_3)
FNDA:0,(anonymous_4)
FNDA:0,(anonymous_5)
FNDA:1,useDemoMode
FNDA:0,(anonymous_7)
FNDA:0,(anonymous_8)
FNDA:0,(anonymous_9)
FNDA:0,(anonymous_10)
DA:18,3
DA:61,0
DA:62,0
DA:64,0
DA:65,0
DA:66,0
DA:67,0
DA:70,0
DA:72,0
DA:73,0
DA:74,0
DA:75,0
DA:80,0
DA:87,0
DA:129,0
DA:131,0
DA:180,1
DA:181,1
DA:183,1
DA:184,0
DA:187,1
DA:188,0
DA:191,1
DA:192,0
DA:195,1
LF:25
LH:7
BRDA:60,0,0,0
BRDA:91,1,0,0
BRDA:91,1,1,0
BRDA:96,2,0,0
BRDA:96,2,1,0
BRDA:103,3,0,0
BRDA:103,3,1,0
BRDA:111,4,0,0
BRDA:111,4,1,0
BRDA:135,5,0,0
BRDA:135,5,1,0
BRDA:145,6,0,0
BRDA:145,6,1,0
BRDA:152,7,0,0
BRDA:152,7,1,0
BRF:15
BRH:0
end_of_record
TN:
SF:src/components/ai/demo-enhancements/DiagramOffer.tsx
FN:22,DiagramOffer
FN:40,(anonymous_1)
FN:46,(anonymous_2)
FN:133,shouldOfferDiagram
FN:159,(anonymous_4)
FN:164,(anonymous_5)
FN:186,useDiagramOffer
FN:193,(anonymous_7)
FN:205,(anonymous_8)
FN:217,(anonymous_9)
FN:231,(anonymous_10)
FN:240,(anonymous_11)
FN:245,(anonymous_12)
FNF:13
FNH:4
FNDA:0,DiagramOffer
FNDA:0,(anonymous_1)
FNDA:0,(anonymous_2)
FNDA:7,shouldOfferDiagram
FNDA:112,(anonymous_4)
FNDA:24,(anonymous_5)
FNDA:1,useDiagramOffer
FNDA:0,(anonymous_7)
FNDA:0,(anonymous_8)
FNDA:0,(anonymous_9)
FNDA:0,(anonymous_10)
FNDA:0,(anonymous_11)
FNDA:0,(anonymous_12)
DA:29,0
DA:31,0
DA:33,0
DA:34,0
DA:35,0
DA:38,0
DA:40,0
DA:41,0
DA:42,0
DA:43,0
DA:46,0
DA:47,0
DA:48,0
DA:49,0
DA:50,0
DA:51,0
DA:52,0
DA:56,0
DA:88,4
DA:120,4
DA:135,7
DA:137,6
DA:141,6
DA:153,7
DA:154,2
DA:155,2
DA:159,4
DA:160,112
DA:164,4
DA:165,24
DA:170,4
DA:187,1
DA:188,1
DA:189,1
DA:190,1
DA:193,1
DA:194,0
DA:195,0
DA:196,0
DA:199,0
DA:200,0
DA:205,1
DA:206,0
DA:208,0
DA:209,0
DA:213,0
DA:215,0
DA:217,0
DA:220,0
DA:222,0
DA:223,0
DA:225,0
DA:226,0
DA:227,0
DA:231,1
DA:233,0
DA:234,0
DA:235,0
DA:236,0
DA:240,1
DA:241,0
DA:242,0
DA:245,1
DA:246,0
DA:247,0
DA:248,0
DA:249,0
DA:252,1
LF:68
LH:23
BRDA:33,0,0,0
BRDA:33,0,1,0
BRDA:33,1,0,0
BRDA:33,1,1,0
BRDA:50,2,0,0
BRDA:50,2,1,0
BRDA:50,3,0,0
BRDA:50,3,1,0
BRDA:63,4,0,0
BRDA:63,4,1,0
BRDA:68,5,0,0
BRDA:68,5,1,0
BRDA:74,6,0,0
BRDA:74,6,1,0
BRDA:135,7,0,1
BRDA:135,7,1,6
BRDA:135,8,0,7
BRDA:135,8,1,7
BRDA:141,9,0,6
BRDA:141,9,1,5
BRDA:141,9,2,5
BRDA:141,9,3,5
BRDA:141,9,4,5
BRDA:141,9,5,5
BRDA:141,9,6,5
BRDA:141,9,7,5
BRDA:141,9,8,5
BRDA:141,9,9,5
BRDA:141,9,10,5
BRDA:153,10,0,2
BRDA:153,10,1,5
BRDA:170,11,0,4
BRDA:170,11,1,1
BRDA:186,12,0,1
BRDA:194,13,0,0
BRDA:194,13,1,0
BRDA:194,14,0,0
BRDA:194,14,1,0
BRDA:199,15,0,0
BRDA:199,15,1,0
BRDA:206,16,0,0
BRDA:206,16,1,0
BRDA:206,17,0,0
BRDA:206,17,1,0
BRDA:233,18,0,0
BRDA:233,18,1,0
BRDA:254,19,0,1
BRDA:254,19,1,0
BRDA:254,19,2,0
BRF:49
BRH:21
end_of_record
TN:
SF:src/components/ai/demo-enhancements/HeroMetricsStrip.tsx
FN:20,HeroMetricsStrip
FN:81,(anonymous_1)
FN:111,(anonymous_2)
FNF:3
FNH:2
FNDA:1,HeroMetricsStrip
FNDA:3,(anonymous_1)
FNDA:0,(anonymous_2)
DA:29,1
DA:71,1
DA:72,1
DA:82,3
DA:83,3
DA:101,0
DA:112,0
DA:113,0
LF:8
LH:5
BRDA:21,0,0,1
BRDA:22,1,0,1
BRDA:23,2,0,1
BRDA:27,3,0,1
BRDA:49,4,0,0
BRDA:49,4,1,1
BRDA:59,5,0,0
BRDA:59,5,1,1
BRDA:71,6,0,1
BRDA:71,6,1,0
BRDA:89,7,0,1
BRDA:89,7,1,2
BRDA:118,8,0,0
BRDA:118,8,1,0
BRDA:129,9,0,0
BRDA:129,9,1,0
BRF:16
BRH:9
end_of_record
TN:
SF:src/components/ai/demo-enhancements/RAGContextViewer.tsx
FN:45,RAGContextViewer
FN:185,(anonymous_1)
FN:193,(anonymous_2)
FNF:3
FNH:0
FNDA:0,RAGContextViewer
FNDA:0,(anonymous_1)
FNDA:0,(anonymous_2)
DA:57,0
DA:58,0
DA:60,0
DA:84,0
DA:86,0
DA:186,0
DA:194,0
LF:7
LH:0
BRDA:46,0,0,0
BRDA:47,1,0,0
BRDA:48,2,0,0
BRDA:55,3,0,0
BRDA:96,4,0,0
BRDA:96,4,1,0
BRDA:109,5,0,0
BRDA:109,5,1,0
BRDA:141,6,0,0
BRDA:141,6,1,0
BRDA:152,7,0,0
BRDA:152,7,1,0
BRDA:152,7,2,0
BRDA:152,7,3,0
BRDA:165,8,0,0
BRDA:165,8,1,0
BRDA:165,8,2,0
BRDA:171,9,0,0
BRDA:171,9,1,0
BRDA:179,10,0,0
BRDA:179,10,1,0
BRDA:191,11,0,0
BRDA:191,11,1,0
BRDA:191,12,0,0
BRDA:191,12,1,0
BRDA:195,13,0,0
BRDA:195,13,1,0
BRDA:195,14,0,0
BRDA:195,14,1,0
BRDA:195,15,0,0
BRDA:195,15,1,0
BRDA:204,16,0,0
BRDA:204,16,1,0
BRDA:206,17,0,0
BRDA:206,17,1,0
BRDA:211,18,0,0
BRDA:211,18,1,0
BRDA:213,19,0,0
BRDA:213,19,1,0
BRDA:222,20,0,0
BRDA:222,20,1,0
BRDA:222,20,2,0
BRDA:187,21,0,0
BRDA:187,21,1,0
BRF:44
BRH:0
end_of_record
TN:
SF:src/components/ai/demo-enhancements/SourceCard.tsx
FN:25,SourceCard
FN:28,(anonymous_1)
FN:62,(anonymous_2)
FNF:3
FNH:0
FNDA:0,SourceCard
FNDA:0,(anonymous_1)
FNDA:0,(anonymous_2)
DA:26,0
DA:28,0
DA:29,0
DA:32,0
DA:35,0
DA:37,0
DA:41,0
DA:63,0
LF:8
LH:0
BRDA:26,0,0,0
BRDA:26,0,1,0
BRDA:26,1,0,0
BRDA:26,1,1,0
BRDA:29,2,0,0
BRDA:29,2,1,0
BRDA:29,2,2,0
BRDA:29,2,3,0
BRDA:29,2,4,0
BRDA:45,3,0,0
BRDA:45,3,1,0
BRDA:55,4,0,0
BRDA:55,4,1,0
BRDA:57,5,0,0
BRDA:57,5,1,0
BRDA:75,6,0,0
BRDA:75,6,1,0
BRDA:77,7,0,0
BRDA:77,7,1,0
BRDA:82,8,0,0
BRDA:82,8,1,0
BRDA:84,9,0,0
BRDA:84,9,1,0
BRDA:93,10,0,0
BRDA:93,10,1,0
BRDA:96,11,0,0
BRDA:96,11,1,0
BRDA:110,12,0,0
BRDA:110,12,1,0
BRF:29
BRH:0
end_of_record
TN:
SF:src/components/ai/demo-enhancements/index.ts
FNF:0
FNH:0
LF:0
LH:0
BRF:0
BRH:0
end_of_record
TN:
SF:src/components/ddp/DDPDisplay.tsx
FN:44,formatBytes
FN:50,formatDuration
FN:60,formatPreGap
FN:70,AlbumHeader
FN:131,TrackListing
FN:155,(anonymous_5)
FN:186,DDPFilesTable
FN:209,(anonymous_7)
FN:234,MusicBrainzResults
FN:282,(anonymous_9)
FN:369,DDPDisplay
FNF:11
FNH:0
FNDA:0,formatBytes
FNDA:0,formatDuration
FNDA:0,formatPreGap
FNDA:0,AlbumHeader
FNDA:0,TrackListing
FNDA:0,(anonymous_5)
FNDA:0,DDPFilesTable
FNDA:0,(anonymous_7)
FNDA:0,MusicBrainzResults
FNDA:0,(anonymous_9)
FNDA:0,DDPDisplay
DA:45,0
DA:46,0
DA:47,0
DA:51,0
DA:53,0
DA:54,0
DA:55,0
DA:57,0
DA:61,0
DA:62,0
DA:63,0
DA:71,0
DA:73,0
DA:132,0
DA:134,0
DA:156,0
DA:187,0
DA:189,0
DA:210,0
DA:241,0
DA:242,0
DA:260,0
DA:262,0
DA:263,0
DA:281,0
DA:282,0
DA:284,0
DA:376,0
LF:28
LH:0
BRDA:45,0,0,0
BRDA:45,0,1,0
BRDA:46,1,0,0
BRDA:46,1,1,0
BRDA:51,2,0,0
BRDA:51,2,1,0
BRDA:54,3,0,0
BRDA:54,3,1,0
BRDA:61,4,0,0
BRDA:61,4,1,0
BRDA:81,5,0,0
BRDA:81,5,1,0
BRDA:83,6,0,0
BRDA:83,6,1,0
BRDA:92,7,0,0
BRDA:92,7,1,0
BRDA:99,8,0,0
BRDA:99,8,1,0
BRDA:102,9,0,0
BRDA:102,9,1,0
BRDA:105,10,0,0
BRDA:105,10,1,0
BRDA:105,10,2,0
BRDA:109,11,0,0
BRDA:109,11,1,0
BRDA:115,12,0,0
BRDA:115,12,1,0
BRDA:132,13,0,0
BRDA:132,13,1,0
BRDA:161,14,0,0
BRDA:161,14,1,0
BRDA:164,15,0,0
BRDA:164,15,1,0
BRDA:170,16,0,0
BRDA:170,16,1,0
BRDA:187,17,0,0
BRDA:187,17,1,0
BRDA:241,18,0,0
BRDA:241,18,1,0
BRDA:260,19,0,0
BRDA:260,19,1,0
BRDA:262,20,0,0
BRDA:262,20,1,0
BRDA:262,21,0,0
BRDA:262,21,1,0
BRDA:282,22,0,0
BRDA:282,22,1,0
BRDA:303,23,0,0
BRDA:303,23,1,0
BRDA:312,24,0,0
BRDA:312,24,1,0
BRDA:318,25,0,0
BRDA:318,25,1,0
BRDA:324,26,0,0
BRDA:324,26,1,0
BRDA:330,27,0,0
BRDA:330,27,1,0
BRDA:336,28,0,0
BRDA:336,28,1,0
BRDA:340,29,0,0
BRDA:340,29,1,0
BRDA:381,30,0,0
BRDA:381,30,1,0
BRF:63
BRH:0
end_of_record
TN:
SF:src/components/test-dashboard/HistoricalTestExplorer.tsx
FN:83,(anonymous_0)
FN:122,HistoricalTestExplorer
FN:160,(anonymous_2)
FN:199,(anonymous_3)
FN:226,(anonymous_4)
FN:237,(anonymous_5)
FN:249,(anonymous_6)
FN:269,(anonymous_7)
FN:281,(anonymous_8)
FN:287,(anonymous_9)
FN:291,(anonymous_10)
FN:301,(anonymous_11)
FN:311,(anonymous_12)
FN:317,(anonymous_13)
FN:352,(anonymous_14)
FN:363,(anonymous_15)
FN:368,(anonymous_16)
FN:378,(anonymous_17)
FN:415,(anonymous_18)
FN:423,(anonymous_19)
FN:431,(anonymous_20)
FN:444,(anonymous_21)
FN:453,(anonymous_22)
FN:463,(anonymous_23)
FN:574,(anonymous_24)
FN:652,(anonymous_25)
FN:764,(anonymous_26)
FN:792,(anonymous_27)
FN:801,(anonymous_28)
FN:813,(anonymous_29)
FN:843,(anonymous_30)
FN:848,(anonymous_31)
FN:864,(anonymous_32)
FN:871,(anonymous_33)
FN:880,(anonymous_34)
FN:890,(anonymous_35)
FN:960,(anonymous_36)
FN:1006,(anonymous_37)
FNF:38
FNH:0
FNDA:0,(anonymous_0)
FNDA:0,HistoricalTestExplorer
FNDA:0,(anonymous_2)
FNDA:0,(anonymous_3)
FNDA:0,(anonymous_4)
FNDA:0,(anonymous_5)
FNDA:0,(anonymous_6)
FNDA:0,(anonymous_7)
FNDA:0,(anonymous_8)
FNDA:0,(anonymous_9)
FNDA:0,(anonymous_10)
FNDA:0,(anonymous_11)
FNDA:0,(anonymous_12)
FNDA:0,(anonymous_13)
FNDA:0,(anonymous_14)
FNDA:0,(anonymous_15)
FNDA:0,(anonymous_16)
FNDA:0,(anonymous_17)
FNDA:0,(anonymous_18)
FNDA:0,(anonymous_19)
FNDA:0,(anonymous_20)
FNDA:0,(anonymous_21)
FNDA:0,(anonymous_22)
FNDA:0,(anonymous_23)
FNDA:0,(anonymous_24)
FNDA:0,(anonymous_25)
FNDA:0,(anonymous_26)
FNDA:0,(anonymous_27)
FNDA:0,(anonymous_28)
FNDA:0,(anonymous_29)
FNDA:0,(anonymous_30)
FNDA:0,(anonymous_31)
FNDA:0,(anonymous_32)
FNDA:0,(anonymous_33)
FNDA:0,(anonymous_34)
FNDA:0,(anonymous_35)
FNDA:0,(anonymous_36)
FNDA:0,(anonymous_37)
DA:83,1
DA:84,0
DA:87,0
DA:90,0
DA:94,0
DA:95,0
DA:99,0
DA:100,0
DA:101,0
DA:105,0
DA:106,0
DA:107,0
DA:110,0
DA:124,0
DA:125,0
DA:126,0
DA:129,0
DA:130,0
DA:131,0
DA:132,0
DA:133,0
DA:136,0
DA:137,0
DA:138,0
DA:139,0
DA:142,0
DA:143,0
DA:146,0
DA:147,0
DA:148,0
DA:149,0
DA:155,0
DA:156,0
DA:157,0
DA:160,0
DA:161,0
DA:162,0
DA:163,0
DA:168,0
DA:169,0
DA:170,0
DA:171,0
DA:172,0
DA:174,0
DA:175,0
DA:177,0
DA:178,0
DA:181,0
DA:184,0
DA:185,0
DA:186,0
DA:187,0
DA:188,0
DA:189,0
DA:191,0
DA:192,0
DA:194,0
DA:199,0
DA:200,0
DA:202,0
DA:203,0
DA:204,0
DA:205,0
DA:210,0
DA:211,0
DA:212,0
DA:213,0
DA:214,0
DA:216,0
DA:217,0
DA:219,0
DA:220,0
DA:223,0
DA:226,0
DA:227,0
DA:228,0
DA:230,0
DA:231,0
DA:233,0
DA:237,0
DA:238,0
DA:239,0
DA:241,0
DA:242,0
DA:244,0
DA:245,0
DA:249,0
DA:250,0
DA:252,0
DA:253,0
DA:254,0
DA:255,0
DA:256,0
DA:257,0
DA:258,0
DA:259,0
DA:261,0
DA:267,0
DA:269,0
DA:271,0
DA:272,0
DA:274,0
DA:277,0
DA:278,0
DA:281,0
DA:282,0
DA:283,0
DA:284,0
DA:287,0
DA:291,0
DA:292,0
DA:293,0
DA:296,0
DA:297,0
DA:301,0
DA:302,0
DA:303,0
DA:304,0
DA:305,0
DA:307,0
DA:311,0
DA:312,0
DA:313,0
DA:314,0
DA:317,0
DA:318,0
DA:319,0
DA:326,0
DA:352,0
DA:363,0
DA:369,0
DA:378,0
DA:415,0
DA:423,0
DA:431,0
DA:444,0
DA:454,0
DA:458,0
DA:460,0
DA:463,0
DA:574,0
DA:653,0
DA:654,0
DA:765,0
DA:792,0
DA:801,0
DA:814,0
DA:815,0
DA:816,0
DA:817,0
DA:818,0
DA:826,0
DA:827,0
DA:828,0
DA:829,0
DA:830,0
DA:831,0
DA:834,0
DA:836,0
DA:843,0
DA:849,0
DA:850,0
DA:864,0
DA:871,0
DA:881,0
DA:882,0
DA:891,0
DA:892,0
DA:893,0
DA:894,0
DA:895,0
DA:903,0
DA:904,0
DA:905,0
DA:906,0
DA:907,0
DA:910,0
DA:912,0
DA:961,0
DA:962,0
DA:963,0
DA:964,0
DA:965,0
DA:977,0
DA:978,0
DA:979,0
DA:980,0
DA:982,0
DA:985,0
DA:987,0
DA:1007,0
DA:1008,0
DA:1009,0
DA:1010,0
DA:1011,0
DA:1025,0
DA:1026,0
DA:1032,0
DA:1034,0
DA:1036,0
LF:200
LH:1
BRDA:87,0,0,0
BRDA:87,0,1,0
BRDA:87,1,0,0
BRDA:87,1,1,0
BRDA:87,1,2,0
BRDA:94,2,0,0
BRDA:94,2,1,0
BRDA:94,3,0,0
BRDA:94,3,1,0
BRDA:99,4,0,0
BRDA:99,4,1,0
BRDA:100,5,0,0
BRDA:100,5,1,0
BRDA:100,6,0,0
BRDA:100,6,1,0
BRDA:106,7,0,0
BRDA:106,7,1,0
BRDA:122,8,0,0
BRDA:168,9,0,0
BRDA:168,9,1,0
BRDA:169,10,0,0
BRDA:169,10,1,0
BRDA:170,11,0,0
BRDA:170,11,1,0
BRDA:171,12,0,0
BRDA:171,12,1,0
BRDA:172,13,0,0
BRDA:172,13,1,0
BRDA:177,14,0,0
BRDA:177,14,1,0
BRDA:178,15,0,0
BRDA:178,15,1,0
BRDA:180,16,0,0
BRDA:180,16,1,0
BRDA:192,17,0,0
BRDA:192,17,1,0
BRDA:200,18,0,0
BRDA:200,18,1,0
BRDA:200,19,0,0
BRDA:200,19,1,0
BRDA:210,20,0,0
BRDA:210,20,1,0
BRDA:211,21,0,0
BRDA:211,21,1,0
BRDA:212,22,0,0
BRDA:212,22,1,0
BRDA:213,23,0,0
BRDA:213,23,1,0
BRDA:214,24,0,0
BRDA:214,24,1,0
BRDA:219,25,0,0
BRDA:219,25,1,0
BRDA:220,26,0,0
BRDA:220,26,1,0
BRDA:222,27,0,0
BRDA:222,27,1,0
BRDA:231,28,0,0
BRDA:231,28,1,0
BRDA:238,29,0,0
BRDA:238,29,1,0
BRDA:239,30,0,0
BRDA:239,30,1,0
BRDA:250,31,0,0
BRDA:250,31,1,0
BRDA:250,32,0,0
BRDA:250,32,1,0
BRDA:253,33,0,0
BRDA:253,33,1,0
BRDA:254,34,0,0
BRDA:254,34,1,0
BRDA:255,35,0,0
BRDA:255,35,1,0
BRDA:256,36,0,0
BRDA:256,36,1,0
BRDA:259,37,0,0
BRDA:259,37,1,0
BRDA:271,38,0,0
BRDA:271,38,1,0
BRDA:277,39,0,0
BRDA:277,39,1,0
BRDA:296,40,0,0
BRDA:296,40,1,0
BRDA:296,41,0,0
BRDA:296,41,1,0
BRDA:296,41,2,0
BRDA:302,42,0,0
BRDA:302,42,1,0
BRDA:304,43,0,0
BRDA:304,43,1,0
BRDA:312,44,0,0
BRDA:312,44,1,0
BRDA:318,45,0,0
BRDA:318,45,1,0
BRDA:319,46,0,0
BRDA:319,46,1,0
BRDA:398,47,0,0
BRDA:398,47,1,0
BRDA:403,48,0,0
BRDA:403,48,1,0
BRDA:454,49,0,0
BRDA:454,49,1,0
BRDA:466,50,0,0
BRDA:466,50,1,0
BRDA:477,51,0,0
BRDA:477,51,1,0
BRDA:490,52,0,0
BRDA:490,52,1,0
BRDA:491,53,0,0
BRDA:491,53,1,0
BRDA:503,54,0,0
BRDA:503,54,1,0
BRDA:506,55,0,0
BRDA:506,55,1,0
BRDA:507,56,0,0
BRDA:507,56,1,0
BRDA:523,57,0,0
BRDA:523,57,1,0
BRDA:530,58,0,0
BRDA:530,58,1,0
BRDA:530,58,2,0
BRDA:542,59,0,0
BRDA:542,59,1,0
BRDA:599,60,0,0
BRDA:599,60,1,0
BRDA:599,61,0,0
BRDA:599,61,1,0
BRDA:618,62,0,0
BRDA:618,62,1,0
BRDA:629,63,0,0
BRDA:629,63,1,0
BRDA:640,64,0,0
BRDA:640,64,1,0
BRDA:676,65,0,0
BRDA:676,65,1,0
BRDA:682,66,0,0
BRDA:682,66,1,0
BRDA:684,67,0,0
BRDA:684,67,1,0
BRDA:689,68,0,0
BRDA:689,68,1,0
BRDA:706,69,0,0
BRDA:706,69,1,0
BRDA:712,70,0,0
BRDA:712,70,1,0
BRDA:723,71,0,0
BRDA:723,71,1,0
BRDA:736,72,0,0
BRDA:736,72,1,0
BRDA:741,73,0,0
BRDA:741,73,1,0
BRDA:742,74,0,0
BRDA:742,74,1,0
BRDA:760,75,0,0
BRDA:760,75,1,0
BRDA:760,75,2,0
BRDA:778,76,0,0
BRDA:778,76,1,0
BRDA:786,77,0,0
BRDA:786,77,1,0
BRDA:795,78,0,0
BRDA:795,78,1,0
BRDA:804,79,0,0
BRDA:804,79,1,0
BRDA:814,80,0,0
BRDA:814,80,1,0
BRDA:827,81,0,0
BRDA:827,81,1,0
BRDA:857,82,0,0
BRDA:857,82,1,0
BRDA:891,83,0,0
BRDA:891,83,1,0
BRDA:904,84,0,0
BRDA:904,84,1,0
BRDA:915,85,0,0
BRDA:915,85,1,0
BRDA:917,86,0,0
BRDA:917,86,1,0
BRDA:922,87,0,0
BRDA:922,87,1,0
BRDA:961,88,0,0
BRDA:961,88,1,0
BRDA:974,89,0,0
BRDA:974,89,1,0
BRDA:978,90,0,0
BRDA:978,90,1,0
BRDA:982,91,0,0
BRDA:982,91,1,0
BRDA:994,92,0,0
BRDA:994,92,1,0
BRDA:999,93,0,0
BRDA:999,93,1,0
BRDA:1007,94,0,0
BRDA:1007,94,1,0
BRDA:1042,95,0,0
BRDA:1042,95,1,0
BRDA:1047,96,0,0
BRDA:1047,96,1,0
BRF:197
BRH:0
end_of_record
TN:
SF:src/components/test-dashboard/LiveRAGMonitor.tsx
FN:44,LiveRAGMonitor
FN:52,(anonymous_1)
FN:58,(anonymous_2)
FN:62,(anonymous_3)
FN:65,(anonymous_4)
FN:75,(anonymous_5)
FN:76,(anonymous_6)
FN:78,(anonymous_7)
FN:79,(anonymous_8)
FN:80,(anonymous_9)
FN:91,(anonymous_10)
FN:104,(anonymous_11)
FN:187,(anonymous_12)
FN:206,(anonymous_13)
FNF:14
FNH:0
FNDA:0,LiveRAGMonitor
FNDA:0,(anonymous_1)
FNDA:0,(anonymous_2)
FNDA:0,(anonymous_3)
FNDA:0,(anonymous_4)
FNDA:0,(anonymous_5)
FNDA:0,(anonymous_6)
FNDA:0,(anonymous_7)
FNDA:0,(anonymous_8)
FNDA:0,(anonymous_9)
FNDA:0,(anonymous_10)
FNDA:0,(anonymous_11)
FNDA:0,(anonymous_12)
FNDA:0,(anonymous_13)
DA:45,0
DA:46,0
DA:52,0
DA:55,0
DA:58,0
DA:59,0
DA:62,0
DA:65,0
DA:67,0
DA:68,0
DA:69,0
DA:70,0
DA:71,0
DA:74,0
DA:75,0
DA:76,0
DA:77,0
DA:78,0
DA:79,0
DA:80,0
DA:83,0
DA:87,0
DA:91,0
DA:92,0
DA:94,0
DA:96,0
DA:98,0
DA:100,0
DA:104,0
DA:105,0
DA:107,0
DA:109,0
DA:111,0
DA:113,0
DA:117,0
DA:188,0
DA:207,0
LF:37
LH:0
BRDA:69,0,0,0
BRDA:69,0,1,0
BRDA:74,1,0,0
BRDA:74,1,1,0
BRDA:92,2,0,0
BRDA:92,2,1,0
BRDA:92,2,2,0
BRDA:92,2,3,0
BRDA:105,3,0,0
BRDA:105,3,1,0
BRDA:105,3,2,0
BRDA:105,3,3,0
BRDA:185,4,0,0
BRDA:185,4,1,0
BRDA:212,5,0,0
BRDA:212,5,1,0
BRDA:214,6,0,0
BRDA:214,6,1,0
BRDA:237,7,0,0
BRDA:237,7,1,0
BRDA:237,7,2,0
BRF:21
BRH:0
end_of_record
TN:
SF:src/components/test-dashboard/RLHFImpactDashboard.tsx
FN:49,getSupabaseClient
FN:57,RLHFImpactDashboard
FN:73,(anonymous_2)
FN:86,(anonymous_3)
FN:119,(anonymous_4)
FN:121,(anonymous_5)
FN:125,(anonymous_6)
FN:129,(anonymous_7)
FN:132,(anonymous_8)
FN:145,(anonymous_9)
FN:152,(anonymous_10)
FN:153,(anonymous_11)
FN:156,(anonymous_12)
FN:160,(anonymous_13)
FN:165,(anonymous_14)
FN:166,(anonymous_15)
FN:168,(anonymous_16)
FN:172,(anonymous_17)
FN:196,(anonymous_18)
FN:203,(anonymous_19)
FN:208,(anonymous_20)
FN:209,(anonymous_21)
FN:211,(anonymous_22)
FN:215,(anonymous_23)
FN:239,(anonymous_24)
FNF:25
FNH:0
FNDA:0,getSupabaseClient
FNDA:0,RLHFImpactDashboard
FNDA:0,(anonymous_2)
FNDA:0,(anonymous_3)
FNDA:0,(anonymous_4)
FNDA:0,(anonymous_5)
FNDA:0,(anonymous_6)
FNDA:0,(anonymous_7)
FNDA:0,(anonymous_8)
FNDA:0,(anonymous_9)
FNDA:0,(anonymous_10)
FNDA:0,(anonymous_11)
FNDA:0,(anonymous_12)
FNDA:0,(anonymous_13)
FNDA:0,(anonymous_14)
FNDA:0,(anonymous_15)
FNDA:0,(anonymous_16)
FNDA:0,(anonymous_17)
FNDA:0,(anonymous_18)
FNDA:0,(anonymous_19)
FNDA:0,(anonymous_20)
FNDA:0,(anonymous_21)
FNDA:0,(anonymous_22)
FNDA:0,(anonymous_23)
FNDA:0,(anonymous_24)
DA:50,0
DA:51,0
DA:52,0
DA:54,0
DA:58,0
DA:68,0
DA:69,0
DA:70,0
DA:71,0
DA:73,0
DA:75,0
DA:76,0
DA:77,0
DA:78,0
DA:79,0
DA:80,0
DA:83,0
DA:86,0
DA:87,0
DA:88,0
DA:89,0
DA:90,0
DA:91,0
DA:94,0
DA:96,0
DA:99,0
DA:104,0
DA:105,0
DA:106,0
DA:109,0
DA:110,0
DA:111,0
DA:115,0
DA:116,0
DA:117,0
DA:119,0
DA:120,0
DA:121,0
DA:125,0
DA:126,0
DA:129,0
DA:131,0
DA:132,0
DA:135,0
DA:138,0
DA:139,0
DA:141,0
DA:144,0
DA:145,0
DA:147,0
DA:151,0
DA:152,0
DA:156,0
DA:158,0
DA:160,0
DA:164,0
DA:165,0
DA:168,0
DA:170,0
DA:172,0
DA:176,0
DA:178,0
DA:190,0
DA:191,0
DA:192,0
DA:193,0
DA:194,0
DA:196,0
DA:197,0
DA:198,0
DA:202,0
DA:203,0
DA:207,0
DA:208,0
DA:211,0
DA:213,0
DA:215,0
DA:218,0
DA:226,0
DA:229,0
DA:232,0
DA:235,0
DA:239,0
DA:252,0
DA:281,0
DA:282,0
DA:293,0
DA:294,0
DA:301,0
LF:89
LH:0
BRDA:50,0,0,0
BRDA:50,0,1,0
BRDA:75,1,0,0
BRDA:75,1,1,0
BRDA:77,2,0,0
BRDA:77,2,1,0
BRDA:88,3,0,0
BRDA:88,3,1,0
BRDA:104,4,0,0
BRDA:104,4,1,0
BRDA:109,5,0,0
BRDA:109,5,1,0
BRDA:109,6,0,0
BRDA:109,6,1,0
BRDA:121,7,0,0
BRDA:121,7,1,0
BRDA:126,8,0,0
BRDA:126,8,1,0
BRDA:127,9,0,0
BRDA:127,9,1,0
BRDA:127,10,0,0
BRDA:127,10,1,0
BRDA:131,11,0,0
BRDA:131,11,1,0
BRDA:135,12,0,0
BRDA:135,12,1,0
BRDA:141,13,0,0
BRDA:141,13,1,0
BRDA:145,14,0,0
BRDA:145,14,1,0
BRDA:147,15,0,0
BRDA:147,15,1,0
BRDA:151,16,0,0
BRDA:151,16,1,0
BRDA:152,17,0,0
BRDA:152,17,1,0
BRDA:156,18,0,0
BRDA:156,18,1,0
BRDA:160,19,0,0
BRDA:160,19,1,0
BRDA:164,20,0,0
BRDA:164,20,1,0
BRDA:165,21,0,0
BRDA:165,21,1,0
BRDA:168,22,0,0
BRDA:168,22,1,0
BRDA:172,23,0,0
BRDA:172,23,1,0
BRDA:176,24,0,0
BRDA:176,24,1,0
BRDA:198,25,0,0
BRDA:198,25,1,0
BRDA:202,26,0,0
BRDA:202,26,1,0
BRDA:207,27,0,0
BRDA:207,27,1,0
BRDA:208,28,0,0
BRDA:208,28,1,0
BRDA:211,29,0,0
BRDA:211,29,1,0
BRDA:215,30,0,0
BRDA:215,30,1,0
BRDA:229,31,0,0
BRDA:229,31,1,0
BRDA:229,32,0,0
BRDA:229,32,1,0
BRDA:258,33,0,0
BRDA:258,33,1,0
BRDA:262,34,0,0
BRDA:262,34,1,0
BRDA:265,35,0,0
BRDA:265,35,1,0
BRDA:281,36,0,0
BRDA:281,36,1,0
BRDA:293,37,0,0
BRDA:293,37,1,0
BRDA:515,38,0,0
BRDA:515,38,1,0
BRDA:528,39,0,0
BRDA:528,39,1,0
BRDA:541,40,0,0
BRDA:541,40,1,0
BRDA:554,41,0,0
BRDA:554,41,1,0
BRF:84
BRH:0
end_of_record
TN:
SF:src/components/test-dashboard/RLHFTestSuite.tsx
FN:50,getSupabaseClient
FN:58,RLHFTestSuite
FN:75,(anonymous_2)
FN:87,(anonymous_3)
FN:138,(anonymous_4)
FN:139,(anonymous_5)
FN:140,(anonymous_6)
FN:145,(anonymous_7)
FN:161,(anonymous_8)
FN:190,(anonymous_9)
FN:213,(anonymous_10)
FN:237,(anonymous_11)
FN:242,(anonymous_12)
FN:246,(anonymous_13)
FN:394,(anonymous_14)
FN:443,(anonymous_15)
FN:451,(anonymous_16)
FN:568,(anonymous_17)
FNF:18
FNH:0
FNDA:0,getSupabaseClient
FNDA:0,RLHFTestSuite
FNDA:0,(anonymous_2)
FNDA:0,(anonymous_3)
FNDA:0,(anonymous_4)
FNDA:0,(anonymous_5)
FNDA:0,(anonymous_6)
FNDA:0,(anonymous_7)
FNDA:0,(anonymous_8)
FNDA:0,(anonymous_9)
FNDA:0,(anonymous_10)
FNDA:0,(anonymous_11)
FNDA:0,(anonymous_12)
FNDA:0,(anonymous_13)
FNDA:0,(anonymous_14)
FNDA:0,(anonymous_15)
FNDA:0,(anonymous_16)
FNDA:0,(anonymous_17)
DA:51,0
DA:52,0
DA:53,0
DA:55,0
DA:59,0
DA:60,0
DA:61,0
DA:62,0
DA:63,0
DA:70,0
DA:71,0
DA:72,0
DA:73,0
DA:75,0
DA:77,0
DA:78,0
DA:79,0
DA:80,0
DA:81,0
DA:84,0
DA:87,0
DA:88,0
DA:89,0
DA:90,0
DA:91,0
DA:94,0
DA:96,0
DA:100,0
DA:105,0
DA:107,0
DA:108,0
DA:109,0
DA:116,0
DA:117,0
DA:118,0
DA:122,0
DA:128,0
DA:129,0
DA:130,0
DA:131,0
DA:134,0
DA:137,0
DA:138,0
DA:139,0
DA:140,0
DA:143,0
DA:144,0
DA:145,0
DA:147,0
DA:155,0
DA:157,0
DA:161,0
DA:162,0
DA:163,0
DA:164,0
DA:170,0
DA:172,0
DA:173,0
DA:176,0
DA:177,0
DA:178,0
DA:180,0
DA:183,0
DA:184,0
DA:186,0
DA:190,0
DA:191,0
DA:192,0
DA:193,0
DA:194,0
DA:197,0
DA:199,0
DA:200,0
DA:209,0
DA:213,0
DA:214,0
DA:215,0
DA:216,0
DA:217,0
DA:226,0
DA:227,0
DA:228,0
DA:232,0
DA:233,0
DA:237,0
DA:238,0
DA:239,0
DA:242,0
DA:243,0
DA:244,0
DA:245,0
DA:246,0
DA:247,0
DA:251,0
DA:252,0
DA:274,0
DA:395,0
DA:443,0
DA:451,0
DA:568,0
LF:100
LH:0
BRDA:51,0,0,0
BRDA:51,0,1,0
BRDA:77,1,0,0
BRDA:77,1,1,0
BRDA:79,2,0,0
BRDA:79,2,1,0
BRDA:89,3,0,0
BRDA:89,3,1,0
BRDA:105,4,0,0
BRDA:105,4,1,0
BRDA:105,5,0,0
BRDA:105,5,1,0
BRDA:128,6,0,0
BRDA:128,6,1,0
BRDA:134,7,0,0
BRDA:134,7,1,0
BRDA:137,8,0,0
BRDA:137,8,1,0
BRDA:138,9,0,0
BRDA:138,9,1,0
BRDA:139,10,0,0
BRDA:139,10,1,0
BRDA:140,11,0,0
BRDA:140,11,1,0
BRDA:145,12,0,0
BRDA:145,12,1,0
BRDA:172,13,0,0
BRDA:172,13,1,0
BRDA:173,14,0,0
BRDA:173,14,1,0
BRDA:176,15,0,0
BRDA:176,15,1,0
BRDA:177,16,0,0
BRDA:177,16,1,0
BRDA:177,17,0,0
BRDA:177,17,1,0
BRDA:180,18,0,0
BRDA:180,18,1,0
BRDA:192,19,0,0
BRDA:192,19,1,0
BRDA:205,20,0,0
BRDA:205,20,1,0
BRDA:209,21,0,0
BRDA:209,21,1,0
BRDA:215,22,0,0
BRDA:215,22,1,0
BRDA:220,23,0,0
BRDA:220,23,1,0
BRDA:221,24,0,0
BRDA:221,24,1,0
BRDA:221,25,0,0
BRDA:221,25,1,0
BRDA:222,26,0,0
BRDA:222,26,1,0
BRDA:222,27,0,0
BRDA:222,27,1,0
BRDA:226,28,0,0
BRDA:226,28,1,0
BRDA:227,29,0,0
BRDA:227,29,1,0
BRDA:243,30,0,0
BRDA:243,30,1,0
BRDA:251,31,0,0
BRDA:251,31,1,0
BRDA:323,32,0,0
BRDA:323,32,1,0
BRDA:339,33,0,0
BRDA:339,33,1,0
BRDA:354,34,0,0
BRDA:354,34,1,0
BRDA:354,34,2,0
BRDA:392,35,0,0
BRDA:392,35,1,0
BRDA:403,36,0,0
BRDA:403,36,1,0
BRDA:404,37,0,0
BRDA:404,37,1,0
BRDA:405,38,0,0
BRDA:405,38,1,0
BRDA:406,39,0,0
BRDA:406,39,1,0
BRDA:409,40,0,0
BRDA:409,40,1,0
BRDA:410,41,0,0
BRDA:410,41,1,0
BRDA:413,42,0,0
BRDA:413,42,1,0
BRDA:432,43,0,0
BRDA:432,43,1,0
BRDA:464,44,0,0
BRDA:464,44,1,0
BRDA:507,45,0,0
BRDA:507,45,1,0
BRDA:529,46,0,0
BRDA:529,46,1,0
BRDA:544,47,0,0
BRDA:544,47,1,0
BRDA:554,48,0,0
BRDA:554,48,1,0
BRDA:558,49,0,0
BRDA:558,49,1,0
BRDA:562,50,0,0
BRDA:562,50,1,0
BRDA:568,51,0,0
BRDA:568,51,1,0
BRF:105
BRH:0
end_of_record
TN:
SF:src/components/test-dashboard/TestDashboardErrorBoundary.tsx
FN:15,(anonymous_0)
FN:20,(anonymous_1)
FN:30,(anonymous_2)
FN:36,(anonymous_3)
FN:46,(anonymous_4)
FNF:5
FNH:1
FNDA:0,(anonymous_0)
FNDA:1,(anonymous_1)
FNDA:0,(anonymous_2)
FNDA:0,(anonymous_3)
FNDA:0,(anonymous_4)
DA:16,0
DA:17,0
DA:22,0
DA:24,0
DA:25,0
DA:27,0
DA:31,0
DA:32,0
DA:37,0
DA:38,0
DA:46,0
DA:56,0
LF:12
LH:0
BRDA:22,0,0,0
BRDA:22,0,1,0
BRDA:31,1,0,0
BRDA:31,1,1,0
BRDA:37,2,0,0
BRDA:37,2,1,0
BRDA:43,3,0,0
BRDA:43,3,1,0
BRF:8
BRH:0
end_of_record
TN:
SF:src/components/tester/DraggableLadybug.tsx
FN:9,(anonymous_0)
FN:15,(anonymous_1)
FN:19,(anonymous_2)
FN:21,(anonymous_3)
FN:38,(anonymous_4)
FNF:5
FNH:0
FNDA:0,(anonymous_0)
FNDA:0,(anonymous_1)
FNDA:0,(anonymous_2)
FNDA:0,(anonymous_3)
FNDA:0,(anonymous_4)
DA:9,1
DA:10,0
DA:11,0
DA:13,0
DA:15,0
DA:16,0
DA:19,0
DA:20,0
DA:21,0
DA:24,0
DA:39,0
DA:40,0
LF:12
LH:1
BRDA:13,0,0,0
BRDA:13,0,1,0
BRDA:39,1,0,0
BRDA:39,1,1,0
BRF:4
BRH:0
end_of_record
TN:
SF:src/components/tester/FeedbackDialog.tsx
FN:14,(anonymous_0)
FN:27,(anonymous_1)
FN:33,(anonymous_2)
FN:47,(anonymous_3)
FN:86,(anonymous_4)
FN:90,(anonymous_5)
FN:110,(anonymous_6)
FN:123,(anonymous_7)
FNF:8
FNH:0
FNDA:0,(anonymous_0)
FNDA:0,(anonymous_1)
FNDA:0,(anonymous_2)
FNDA:0,(anonymous_3)
FNDA:0,(anonymous_4)
FNDA:0,(anonymous_5)
FNDA:0,(anonymous_6)
FNDA:0,(anonymous_7)
DA:14,1
DA:19,0
DA:20,0
DA:21,0
DA:22,0
DA:23,0
DA:25,0
DA:27,0
DA:28,0
DA:30,0
DA:33,0
DA:34,0
DA:35,0
DA:36,0
DA:38,0
DA:41,0
DA:42,0
DA:47,0
DA:48,0
DA:49,0
DA:56,0
DA:57,0
DA:58,0
DA:61,0
DA:63,0
DA:87,0
DA:90,0
DA:110,0
DA:123,0
LF:29
LH:1
BRDA:25,0,0,0
BRDA:25,0,1,0
BRDA:30,1,0,0
BRDA:30,1,1,0
BRDA:41,2,0,0
BRDA:41,2,1,0
BRDA:61,3,0,0
BRDA:61,3,1,0
BRDA:94,4,0,0
BRDA:94,4,1,0
BRDA:120,5,0,0
BRDA:120,5,1,0
BRDA:131,6,0,0
BRDA:131,6,1,0
BRF:14
BRH:0
end_of_record
TN:
SF:src/components/ui/BetabaseLogo.tsx
FN:11,(anonymous_0)
FNF:1
FNH:1
FNDA:2,(anonymous_0)
DA:11,3
DA:17,2
DA:25,2
DA:33,2
DA:38,2
DA:53,3
LF:6
LH:6
BRDA:12,0,0,2
BRDA:13,1,0,2
BRDA:14,2,0,2
BRDA:15,3,0,2
BRDA:33,4,0,2
BRDA:33,4,1,0
BRF:6
BRH:5
end_of_record
TN:
SF:src/components/ui/ConnectionStatusIndicator.tsx
FN:14,(anonymous_0)
FN:23,(anonymous_1)
FN:24,(anonymous_2)
FN:60,(anonymous_3)
FN:61,(anonymous_4)
FN:62,(anonymous_5)
FN:63,(anonymous_6)
FN:78,(anonymous_7)
FN:93,(anonymous_8)
FN:106,(anonymous_9)
FN:121,(anonymous_10)
FN:136,(anonymous_11)
FN:142,(anonymous_12)
FN:143,(anonymous_13)
FN:196,(anonymous_14)
FNF:15
FNH:0
FNDA:0,(anonymous_0)
FNDA:0,(anonymous_1)
FNDA:0,(anonymous_2)
[...]
FNDA:0,getQueryDeduplicator
DA:9,0
DA:10,0
DA:11,0
DA:20,0
DA:23,0
DA:24,0
DA:25,0
DA:26,0
DA:27,0
DA:31,0
DA:33,0
DA:36,0
DA:37,0
DA:44,0
DA:51,0
DA:61,1
DA:64,0
DA:65,0
DA:67,0
LF:19
LH:1
BRDA:23,0,0,0
BRDA:23,0,1,0
BRDA:54,1,0,0
BRDA:54,1,1,0
BRDA:64,2,0,0
BRDA:64,2,1,0
BRF:6
BRH:0
end_of_record
TN:
SF:src/services/skillLoader.ts
FN:177,getSkillsDir
FN:192,loadSkillContent
FN:211,identifyRelevantSkills
FN:223,(anonymous_3)
FN:232,(anonymous_4)
FN:276,(anonymous_5)
FN:284,buildDynamicPrompt
FN:317,(anonymous_7)
FN:321,(anonymous_8)
FN:329,clearSkillCache
FN:337,getSkillStats
FN:344,(anonymous_11)
FNF:12
FNH:3
FNDA:0,getSkillsDir
FNDA:0,loadSkillContent
FNDA:7,identifyRelevantSkills
FNDA:7,(anonymous_3)
FNDA:0,(anonymous_4)
FNDA:6,(anonymous_5)
FNDA:0,buildDynamicPrompt
FNDA:0,(anonymous_7)
FNDA:0,(anonymous_8)
FNDA:0,clearSkillCache
FNDA:0,getSkillStats
FNDA:0,(anonymous_11)
DA:35,1
DA:172,1
DA:180,0
DA:186,0
DA:194,0
DA:195,0
DA:197,0
DA:198,0
DA:199,0
DA:200,0
DA:201,0
DA:203,0
DA:204,0
DA:219,7
DA:220,7
DA:223,7
DA:224,7
DA:225,7
DA:226,7
DA:230,7
DA:231,0
DA:232,0
DA:233,0
DA:234,0
DA:235,0
DA:241,7
DA:242,49
DA:244,42
DA:247,42
DA:248,327
DA:249,6
DA:250,6
DA:255,42
DA:256,0
DA:260,42
DA:261,0
DA:262,0
DA:263,0
DA:264,0
DA:269,42
DA:270,6
DA:271,6
DA:276,7
DA:278,7
DA:293,0
DA:296,0
DA:297,0
DA:299,0
DA:300,0
DA:301,0
DA:302,0
DA:303,0
DA:308,0
DA:311,0
DA:312,0
DA:313,0
DA:316,0
DA:317,0
DA:319,0
DA:321,0
DA:330,0
DA:331,0
DA:342,0
DA:344,0
LF:64
LH:23
BRDA:195,0,0,0
BRDA:195,0,1,0
BRDA:224,1,0,7
BRDA:224,1,1,0
BRDA:230,2,0,0
BRDA:230,2,1,7
BRDA:233,3,0,0
BRDA:233,3,1,0
BRDA:233,4,0,0
BRDA:233,4,1,0
BRDA:242,5,0,7
BRDA:242,5,1,42
BRDA:248,6,0,6
BRDA:248,6,1,321
BRDA:255,7,0,0
BRDA:255,7,1,42
BRDA:255,8,0,42
BRDA:255,8,1,36
BRDA:255,8,2,0
BRDA:260,9,0,0
BRDA:260,9,1,42
BRDA:260,10,0,42
BRDA:260,10,1,36
BRDA:262,11,0,0
BRDA:262,11,1,0
BRDA:269,12,0,6
BRDA:269,12,1,36
BRDA:301,13,0,0
BRDA:301,13,1,0
BRDA:311,14,0,0
BRDA:311,14,1,0
BRF:31
BRH:14
end_of_record
TN:
SF:src/services/supabaseVectorService.ts
FN:27,getAdminClient
FN:51,(anonymous_1)
FN:60,(anonymous_2)
FN:75,(anonymous_3)
FN:142,(anonymous_4)
FN:163,(anonymous_5)
FN:219,(anonymous_6)
FN:224,(anonymous_7)
FN:242,(anonymous_8)
FN:248,(anonymous_9)
FN:275,(anonymous_10)
FN:292,(anonymous_11)
FN:301,(anonymous_12)
FN:309,(anonymous_13)
FN:380,(anonymous_14)
FN:431,(anonymous_15)
FN:463,(anonymous_16)
FN:498,(anonymous_17)
FN:543,(anonymous_18)
FN:581,(anonymous_19)
FN:636,getSupabaseVectorService
FNF:21
FNH:2
FNDA:0,getAdminClient
FNDA:2,(anonymous_1)
FNDA:0,(anonymous_2)
FNDA:0,(anonymous_3)
FNDA:0,(anonymous_4)
FNDA:0,(anonymous_5)
FNDA:0,(anonymous_6)
FNDA:0,(anonymous_7)
FNDA:0,(anonymous_8)
FNDA:0,(anonymous_9)
FNDA:0,(anonymous_10)
FNDA:0,(anonymous_11)
FNDA:0,(anonymous_12)
FNDA:0,(anonymous_13)
FNDA:0,(anonymous_14)
FNDA:0,(anonymous_15)
FNDA:0,(anonymous_16)
FNDA:0,(anonymous_17)
FNDA:0,(anonymous_18)
FNDA:0,(anonymous_19)
FNDA:23,getSupabaseVectorService
DA:29,0
DA:30,0
DA:33,0
DA:34,0
DA:36,0
DA:37,0
DA:40,0
DA:41,0
DA:43,0
DA:52,2
DA:62,0
DA:63,0
DA:65,0
DA:66,0
DA:95,0
DA:97,0
DA:99,0
DA:100,0
DA:101,0
DA:102,0
DA:103,0
DA:104,0
DA:105,0
DA:108,0
DA:109,0
DA:110,0
DA:114,0
DA:116,0
DA:117,0
DA:126,0
DA:127,0
DA:128,0
DA:130,0
DA:131,0
DA:132,0
DA:136,0
DA:137,0
DA:138,0
DA:139,0
DA:140,0
DA:141,0
DA:142,0
DA:144,0
DA:147,0
DA:149,0
DA:150,0
DA:187,0
DA:189,0
DA:190,0
DA:191,0
DA:194,0
DA:195,0
DA:198,0
DA:200,0
DA:205,0
DA:206,0
DA:209,0
DA:210,0
DA:220,0
DA:221,0
DA:222,0
DA:224,0
DA:228,0
DA:229,0
DA:235,0
DA:236,0
DA:243,0
DA:244,0
DA:245,0
DA:248,0
DA:262,0
DA:263,0
DA:269,0
DA:270,0
DA:271,0
DA:272,0
DA:275,0
DA:278,0
DA:279,0
DA:280,0
DA:281,0
DA:282,0
DA:286,0
DA:293,0
DA:294,0
DA:303,0
DA:318,0
DA:320,0
DA:321,0
DA:324,0
DA:325,0
DA:333,0
DA:336,0
DA:349,0
DA:351,0
DA:353,0
DA:361,0
DA:362,0
DA:365,0
DA:366,0
DA:368,0
DA:369,0
DA:407,0
DA:409,0
DA:410,0
DA:411,0
DA:412,0
DA:413,0
DA:416,0
DA:417,0
DA:418,0
DA:419,0
DA:421,0
DA:422,0
DA:424,0
DA:427,0
DA:428,0
DA:429,0
DA:431,0
DA:432,0
DA:433,0
DA:442,0
DA:444,0
DA:445,0
DA:449,0
DA:452,0
DA:457,0
DA:468,0
DA:470,0
DA:471,0
DA:472,0
DA:475,0
DA:478,0
DA:479,0
DA:480,0
DA:482,0
DA:484,0
DA:485,0
DA:488,0
DA:490,0
DA:491,0
DA:505,0
DA:507,0
DA:508,0
DA:513,0
DA:521,0
DA:522,0
DA:525,0
DA:527,0
DA:528,0
DA:531,0
DA:532,0
DA:533,0
DA:535,0
DA:536,0
DA:548,0
DA:550,0
DA:551,0
DA:552,0
DA:555,0
DA:561,0
DA:562,0
DA:563,0
DA:565,0
DA:567,0
DA:568,0
DA:571,0
DA:573,0
DA:574,0
DA:593,0
DA:594,0
DA:605,0
DA:606,0
DA:607,0
DA:608,0
DA:611,0
DA:612,0
DA:617,0
DA:621,0
DA:622,0
DA:625,0
DA:627,0
DA:634,4
DA:637,23
DA:638,2
DA:640,23
LF:186
LH:5
BRDA:29,0,0,0
BRDA:29,0,1,0
BRDA:36,1,0,0
BRDA:36,1,1,0
BRDA:36,2,0,0
BRDA:36,2,1,0
BRDA:51,3,0,2
BRDA:62,4,0,0
BRDA:62,4,1,0
BRDA:91,5,0,0
BRDA:92,6,0,0
BRDA:93,7,0,0
BRDA:94,8,0,0
BRDA:101,9,0,0
BRDA:101,9,1,0
BRDA:105,10,0,0
BRDA:105,10,1,0
BRDA:108,11,0,0
BRDA:108,11,1,0
BRDA:109,12,0,0
BRDA:109,12,1,0
BRDA:114,13,0,0
BRDA:114,13,1,0
BRDA:130,14,0,0
BRDA:130,14,1,0
BRDA:136,15,0,0
BRDA:136,15,1,0
BRDA:138,16,0,0
BRDA:138,16,1,0
BRDA:181,17,0,0
BRDA:182,18,0,0
BRDA:183,19,0,0
BRDA:184,20,0,0
BRDA:185,21,0,0
BRDA:186,22,0,0
BRDA:189,23,0,0
BRDA:189,23,1,0
BRDA:190,24,0,0
BRDA:190,24,1,0
BRDA:201,25,0,0
BRDA:201,25,1,0
BRDA:202,26,0,0
BRDA:202,26,1,0
BRDA:209,27,0,0
BRDA:209,27,1,0
BRDA:209,28,0,0
BRDA:209,28,1,0
BRDA:220,29,0,0
BRDA:220,29,1,0
BRDA:224,30,0,0
BRDA:224,30,1,0
BRDA:235,31,0,0
BRDA:235,31,1,0
BRDA:235,32,0,0
BRDA:235,32,1,0
BRDA:243,33,0,0
BRDA:243,33,1,0
BRDA:248,34,0,0
BRDA:248,34,1,0
BRDA:275,35,0,0
BRDA:275,35,1,0
BRDA:275,36,0,0
BRDA:275,36,1,0
BRDA:279,37,0,0
BRDA:279,37,1,0
BRDA:281,38,0,0
BRDA:281,38,1,0
BRDA:316,39,0,0
BRDA:324,40,0,0
BRDA:324,40,1,0
BRDA:333,41,0,0
BRDA:333,41,1,0
BRDA:361,42,0,0
BRDA:361,42,1,0
BRDA:366,43,0,0
BRDA:366,43,1,0
BRDA:407,44,0,0
BRDA:407,44,1,0
BRDA:427,45,0,0
BRDA:427,45,1,0
BRDA:440,46,0,0
BRDA:440,46,1,0
BRDA:470,47,0,0
BRDA:470,47,1,0
BRDA:471,48,0,0
BRDA:471,48,1,0
BRDA:478,49,0,0
BRDA:478,49,1,0
BRDA:479,50,0,0
BRDA:479,50,1,0
BRDA:480,51,0,0
BRDA:480,51,1,0
BRDA:484,52,0,0
BRDA:484,52,1,0
BRDA:507,53,0,0
BRDA:507,53,1,0
BRDA:521,54,0,0
BRDA:521,54,1,0
BRDA:527,55,0,0
BRDA:527,55,1,0
BRDA:531,56,0,0
BRDA:531,56,1,0
BRDA:550,57,0,0
BRDA:550,57,1,0
BRDA:551,58,0,0
BRDA:551,58,1,0
BRDA:561,59,0,0
BRDA:561,59,1,0
BRDA:562,60,0,0
BRDA:562,60,1,0
BRDA:563,61,0,0
BRDA:563,61,1,0
BRDA:567,62,0,0
BRDA:567,62,1,0
BRDA:587,63,0,0
BRDA:605,64,0,0
BRDA:605,64,1,0
BRDA:605,65,0,0
BRDA:605,65,1,0
BRDA:607,66,0,0
BRDA:607,66,1,0
BRDA:607,67,0,0
BRDA:607,67,1,0
BRDA:611,68,0,0
BRDA:611,68,1,0
BRDA:621,69,0,0
BRDA:621,69,1,0
BRDA:637,70,0,2
BRDA:637,70,1,21
BRF:129
BRH:3
end_of_record
TN:
SF:src/services/topicExtractionService.ts
FN:22,(anonymous_0)
FN:25,(anonymous_1)
FN:33,(anonymous_2)
FN:36,(anonymous_3)
FN:41,(anonymous_4)
FN:242,(anonymous_5)
FN:248,(anonymous_6)
FN:256,(anonymous_7)
FN:270,(anonymous_8)
FN:304,(anonymous_9)
FN:337,(anonymous_10)
FN:343,(anonymous_11)
FN:349,(anonymous_12)
FN:369,(anonymous_13)
FN:383,(anonymous_14)
FN:402,(anonymous_15)
FN:417,(anonymous_16)
FN:454,(anonymous_17)
FN:462,(anonymous_18)
FN:499,(anonymous_19)
FN:552,(anonymous_20)
FN:566,(anonymous_21)
FN:585,(anonymous_22)
FN:588,(anonymous_23)
FN:594,(anonymous_24)
FN:610,(anonymous_25)
FN:629,(anonymous_26)
FN:634,(anonymous_27)
FN:664,(anonymous_28)
FN:685,(anonymous_29)
FN:698,(anonymous_30)
FN:700,(anonymous_31)
FN:703,(anonymous_32)
FN:710,(anonymous_33)
FN:754,(anonymous_34)
FN:762,(anonymous_35)
FN:770,(anonymous_36)
FN:776,(anonymous_37)
FN:780,(anonymous_38)
FN:783,(anonymous_39)
FN:789,(anonymous_40)
FN:796,(anonymous_41)
FN:803,(anonymous_42)
FN:814,(anonymous_43)
FN:825,(anonymous_44)
FN:827,(anonymous_45)
FN:833,(anonymous_46)
FN:842,(anonymous_47)
FN:857,(anonymous_48)
FNF:49
FNH:42
FNDA:0,(anonymous_0)
FNDA:0,(anonymous_1)
FNDA:0,(anonymous_2)
FNDA:0,(anonymous_3)
FNDA:0,(anonymous_4)
FNDA:35,(anonymous_5)
FNDA:35,(anonymous_6)
FNDA:50,(anonymous_7)
FNDA:0,(anonymous_8)
FNDA:8,(anonymous_9)
FNDA:50,(anonymous_10)
FNDA:346,(anonymous_11)
FNDA:50,(anonymous_12)
FNDA:562,(anonymous_13)
FNDA:50,(anonymous_14)
FNDA:50,(anonymous_15)
FNDA:79,(anonymous_16)
FNDA:1315,(anonymous_17)
FNDA:79,(anonymous_18)
FNDA:561,(anonymous_19)
FNDA:561,(anonymous_20)
FNDA:2731,(anonymous_21)
FNDA:561,(anonymous_22)
FNDA:597,(anonymous_23)
FNDA:1158,(anonymous_24)
FNDA:8,(anonymous_25)
FNDA:1187,(anonymous_26)
FNDA:185,(anonymous_27)
FNDA:669,(anonymous_28)
FNDA:1750,(anonymous_29)
FNDA:75,(anonymous_30)
FNDA:0,(anonymous_31)
FNDA:96,(anonymous_32)
FNDA:75,(anonymous_33)
FNDA:3,(anonymous_34)
FNDA:34,(anonymous_35)
FNDA:46,(anonymous_36)
FNDA:1,(anonymous_37)
FNDA:15,(anonymous_38)
FNDA:39,(anonymous_39)
FNDA:5,(anonymous_40)
FNDA:2,(anonymous_41)
FNDA:2,(anonymous_42)
FNDA:73,(anonymous_43)
FNDA:1,(anonymous_44)
FNDA:2,(anonymous_45)
FNDA:1,(anonymous_46)
FNDA:2,(anonymous_47)
FNDA:2,(anonymous_48)
DA:16,2
DA:18,2
DA:19,2
DA:22,0
DA:23,0
DA:26,0
DA:27,0
DA:29,0
DA:30,0
DA:34,0
DA:35,0
DA:36,0
DA:38,0
DA:42,0
DA:43,0
DA:44,0
DA:45,0
DA:46,0
DA:49,0
DA:126,35
DA:127,35
DA:128,35
DA:129,35
DA:130,35
DA:132,35
DA:216,35
DA:243,35
DA:244,35
DA:245,35
DA:250,35
DA:267,50
DA:270,50
DA:273,50
DA:276,50
DA:277,50
DA:280,50
DA:281,50
DA:284,50
DA:287,50
DA:290,50
DA:293,50
DA:296,50
DA:298,50
DA:308,8
DA:311,8
DA:312,29
DA:316,8
DA:317,29
DA:318,29
DA:324,29
DA:325,29
DA:329,8
DA:331,8
DA:339,50
DA:343,346
DA:355,50
DA:358,50
DA:359,331
DA:360,261
DA:365,50
DA:366,50
DA:367,281
DA:369,562
DA:370,281
DA:371,271
DA:372,271
DA:377,50
DA:384,50
DA:386,50
DA:387,532
DA:391,50
DA:392,50
DA:393,524
DA:396,50
DA:406,50
DA:407,524
DA:408,483
DA:410,524
DA:418,79
DA:419,79
DA:421,79
DA:423,79
DA:425,79
DA:429,709
DA:432,396
DA:433,396
DA:436,313
DA:438,313
DA:439,313
DA:443,709
DA:445,709
DA:454,1315
DA:456,79
DA:468,79
DA:469,79
DA:471,79
DA:472,594
DA:474,594
DA:476,561
DA:480,594
DA:493,79
DA:500,561
DA:502,561
DA:508,27
DA:510,534
DA:515,12
DA:517,522
DA:522,17
DA:524,505
DA:529,27
DA:531,478
DA:536,19
DA:538,459
DA:543,22
DA:546,437
DA:557,561
DA:560,561
DA:562,561
DA:563,3008
DA:565,2683
DA:566,3008
DA:569,3008
DA:570,3008
DA:572,3008
DA:574,2581
DA:575,2581
DA:579,561
DA:587,561
DA:588,597
DA:591,561
DA:592,561
DA:594,561
DA:595,1158
DA:596,1158
DA:597,571
DA:598,20
DA:602,561
DA:603,20
DA:604,0
DA:611,8
DA:614,8
DA:615,29
DA:619,8
DA:621,8
DA:623,140
DA:625,140
DA:627,669
DA:629,1187
DA:632,669
DA:633,65
DA:634,185
DA:635,65
DA:636,65
DA:641,140
DA:642,75
DA:643,75
DA:655,8
DA:656,8
DA:658,8
DA:665,669
DA:668,669
DA:670,669
DA:671,1187
DA:674,1187
DA:675,5
DA:676,1182
DA:679,72
DA:683,1110
DA:684,1110
DA:685,1750
DA:686,1110
DA:689,1187
DA:692,669
DA:700,75
DA:701,75
DA:703,96
DA:711,75
DA:717,75
DA:718,75
DA:719,75
DA:720,75
DA:722,75
DA:724,0
DA:725,0
DA:727,0
DA:729,0
DA:730,0
DA:732,0
DA:735,75
DA:736,75
DA:738,75
DA:744,75
DA:745,75
DA:746,75
DA:748,75
DA:755,3
DA:756,3
DA:758,3
DA:759,4
DA:760,49
DA:762,34
DA:764,49
DA:770,46
DA:777,1
DA:779,1
DA:780,15
DA:783,39
DA:790,5
DA:797,2
DA:804,2
DA:805,2
DA:807,2
DA:808,13
DA:809,13
DA:811,13
DA:812,39
DA:813,5
DA:814,73
DA:815,8
DA:819,13
DA:820,2
DA:824,2
DA:825,1
DA:827,2
DA:834,1
DA:835,1
DA:836,1
DA:843,2
DA:858,2
DA:859,2
DA:862,2
DA:863,1
DA:864,1
DA:865,1
DA:870,1
DA:871,1
DA:874,1
DA:876,1
DA:882,2
LF:239
LH:216
BRDA:16,0,0,2
BRDA:16,0,1,0
BRDA:19,1,0,2
BRDA:19,1,1,0
BRDA:26,2,0,0
BRDA:26,2,1,0
BRDA:35,3,0,0
BRDA:35,3,1,0
BRDA:43,4,0,0
BRDA:43,4,1,0
BRDA:45,5,0,0
BRDA:45,5,1,0
BRDA:258,6,0,50
BRDA:261,7,0,50
BRDA:262,8,0,50
BRDA:263,9,0,50
BRDA:264,10,0,50
BRDA:265,11,0,50
BRDA:266,12,0,50
BRDA:306,13,0,8
BRDA:321,14,0,29
BRDA:321,14,1,29
BRDA:322,15,0,29
BRDA:322,15,1,29
BRDA:359,16,0,261
BRDA:359,16,1,70
BRDA:359,17,0,331
BRDA:359,17,1,297
BRDA:365,18,0,50
BRDA:365,18,1,0
BRDA:365,19,0,50
BRDA:365,19,1,50
BRDA:370,20,0,271
BRDA:370,20,1,10
BRDA:387,21,0,532
BRDA:387,21,1,524
BRDA:407,22,0,483
BRDA:407,22,1,41
BRDA:421,23,0,0
BRDA:421,23,1,79
BRDA:429,24,0,396
BRDA:429,24,1,313
BRDA:436,25,0,313
BRDA:436,25,1,0
BRDA:443,26,0,54
BRDA:443,26,1,655
BRDA:474,27,0,33
BRDA:474,27,1,561
BRDA:477,28,0,561
BRDA:477,28,1,0
BRDA:484,29,0,594
BRDA:484,29,1,0
BRDA:502,30,0,27
BRDA:502,30,1,534
BRDA:503,31,0,561
BRDA:503,31,1,545
BRDA:503,31,2,538
BRDA:503,31,3,537
BRDA:510,32,0,12
BRDA:510,32,1,522
BRDA:511,33,0,534
BRDA:511,33,1,529
BRDA:511,33,2,527
BRDA:517,34,0,17
BRDA:517,34,1,505
BRDA:518,35,0,522
BRDA:518,35,1,516
BRDA:518,35,2,509
BRDA:524,36,0,27
BRDA:524,36,1,478
BRDA:525,37,0,505
BRDA:525,37,1,501
BRDA:525,37,2,481
BRDA:531,38,0,19
BRDA:531,38,1,459
BRDA:532,39,0,478
BRDA:532,39,1,464
BRDA:532,39,2,462
BRDA:538,40,0,22
BRDA:538,40,1,437
BRDA:539,41,0,459
BRDA:539,41,1,449
BRDA:539,41,2,440
BRDA:555,42,0,561
BRDA:560,43,0,561
BRDA:560,43,1,0
BRDA:563,44,0,325
BRDA:563,44,1,2683
BRDA:565,45,0,2683
BRDA:565,45,1,0
BRDA:572,46,0,2581
BRDA:572,46,1,427
BRDA:575,47,0,461
BRDA:575,47,1,2120
BRDA:596,48,0,571
BRDA:596,48,1,587
BRDA:597,49,0,551
BRDA:597,49,1,20
BRDA:602,50,0,541
BRDA:602,50,1,20
BRDA:603,51,0,20
BRDA:603,51,1,0
BRDA:632,52,0,65
BRDA:632,52,1,604
BRDA:641,53,0,75
BRDA:641,53,1,65
BRDA:665,54,0,0
BRDA:665,54,1,669
BRDA:674,55,0,5
BRDA:674,55,1,1182
BRDA:676,56,0,72
BRDA:676,56,1,1110
BRDA:678,57,0,1182
BRDA:678,57,1,1124
BRDA:720,58,0,0
BRDA:720,58,1,75
BRDA:722,59,0,0
BRDA:722,59,1,0
BRDA:722,59,2,0
BRDA:722,59,3,75
BRDA:724,60,0,0
BRDA:724,60,1,0
BRDA:729,61,0,0
BRDA:729,61,1,0
BRDA:735,62,0,75
BRDA:735,62,1,0
BRDA:754,63,0,3
BRDA:760,64,0,49
BRDA:760,64,1,0
BRDA:761,65,0,49
BRDA:761,65,1,24
BRDA:776,66,0,1
BRDA:790,67,0,5
BRDA:790,67,1,2
BRDA:803,68,0,2
BRDA:808,69,0,13
BRDA:808,69,1,0
BRDA:812,70,0,5
BRDA:812,70,1,34
BRDA:814,71,0,8
BRDA:814,71,1,26
BRDA:819,72,0,2
BRDA:819,72,1,11
BRDA:862,73,0,1
BRDA:862,73,1,1
BRDA:870,74,0,1
BRDA:870,74,1,0
BRF:147
BRH:116
end_of_record
TN:
SF:src/styles/sidebar-mac.css
FNF:0
FNH:0
LF:0
LH:0
BRF:0
BRH:0
end_of_record
TN:
SF:src/utils/emailParser.ts
FN:55,(anonymous_0)
FN:83,(anonymous_1)
FN:107,(anonymous_2)
FN:117,(anonymous_3)
FN:134,(anonymous_4)
FN:159,(anonymous_5)
FN:174,(anonymous_6)
FN:183,(anonymous_7)
FN:204,(anonymous_8)
FN:224,(anonymous_9)
FN:229,(anonymous_10)
FN:239,(anonymous_11)
FN:243,(anonymous_12)
FN:244,(anonymous_13)
FN:245,(anonymous_14)
FN:253,(anonymous_15)
FN:267,(anonymous_16)
FN:268,(anonymous_17)
FN:274,(anonymous_18)
FNF:19
FNH:17
FNDA:2,(anonymous_0)
FNDA:2,(anonymous_1)
FNDA:2,(anonymous_2)
FNDA:2,(anonymous_3)
FNDA:2,(anonymous_4)
FNDA:2,(anonymous_5)
FNDA:46,(anonymous_6)
FNDA:2,(anonymous_7)
FNDA:2,(anonymous_8)
FNDA:0,(anonymous_9)
FNDA:0,(anonymous_10)
FNDA:2,(anonymous_11)
FNDA:24,(anonymous_12)
FNDA:3,(anonymous_13)
FNDA:1,(anonymous_14)
FNDA:2,(anonymous_15)
FNDA:2,(anonymous_16)
FNDA:3,(anonymous_17)
FNDA:2,(anonymous_18)
DA:56,23
DA:57,23
DA:59,23
DA:84,23
DA:87,23
DA:88,23
DA:92,23
DA:93,23
DA:95,23
DA:96,2
DA:100,23
DA:101,23
DA:102,22
DA:106,23
DA:107,2
DA:108,1
DA:111,23
DA:119,23
DA:120,5
DA:124,18
DA:125,17
DA:128,1
DA:136,5
DA:137,5
DA:140,5
DA:141,5
DA:142,5
DA:143,5
DA:144,5
DA:147,5
DA:150,5
DA:153,5
DA:161,22
DA:162,22
DA:165,22
DA:166,22
DA:169,22
DA:172,22
DA:174,46
DA:177,22
DA:185,22
DA:194,22
DA:195,132
DA:198,22
DA:205,5
DA:218,5
DA:219,5
DA:220,50
DA:224,5
DA:225,0
DA:229,5
DA:230,0
DA:233,5
DA:240,23
DA:242,23
DA:243,24
DA:244,23
DA:245,23
DA:247,23
DA:254,23
DA:255,22
DA:257,1
DA:258,1
DA:260,0
DA:268,3
DA:275,6
LF:66
LH:63
BRDA:69,0,0,23
BRDA:69,0,1,22
BRDA:70,1,0,23
BRDA:70,1,1,22
BRDA:71,2,0,23
BRDA:71,2,1,22
BRDA:87,3,0,23
BRDA:87,3,1,0
BRDA:95,4,0,2
BRDA:95,4,1,21
BRDA:95,5,0,23
BRDA:95,5,1,2
BRDA:101,6,0,22
BRDA:101,6,1,1
BRDA:106,7,0,1
BRDA:106,7,1,22
BRDA:106,8,0,23
BRDA:106,8,1,1
BRDA:119,9,0,5
BRDA:119,9,1,18
BRDA:124,10,0,17
BRDA:124,10,1,1
BRDA:254,11,0,22
BRDA:254,11,1,1
BRDA:276,12,0,6
BRDA:276,12,1,6
BRDA:276,12,2,5
BRDA:276,12,3,4
BRDA:276,12,4,3
BRDA:276,12,5,3
BRDA:276,12,6,2
BRDA:276,12,7,2
BRDA:276,12,8,0
BRF:33
BRH:31
end_of_record
TN:
SF:src/utils/microsoftEmailParser.ts
FN:94,(anonymous_0)
FN:151,(anonymous_1)
FN:194,(anonymous_2)
FN:206,(anonymous_3)
FN:217,(anonymous_4)
FN:232,(anonymous_5)
FN:250,(anonymous_6)
FN:269,(anonymous_7)
FN:295,(anonymous_8)
FN:297,(anonymous_9)
FN:320,(anonymous_10)
FN:346,(anonymous_11)
FN:352,(anonymous_12)
FN:380,(anonymous_13)
FN:391,(anonymous_14)
FN:403,(anonymous_15)
FN:415,(anonymous_16)
FN:423,(anonymous_17)
FN:426,(anonymous_18)
FN:427,(anonymous_19)
FN:428,(anonymous_20)
FN:432,(anonymous_21)
FNF:22
FNH:19
FNDA:1,(anonymous_0)
FNDA:1,(anonymous_1)
FNDA:2,(anonymous_2)
FNDA:0,(anonymous_3)
FNDA:1,(anonymous_4)
FNDA:1,(anonymous_5)
FNDA:1,(anonymous_6)
FNDA:0,(anonymous_7)
FNDA:1,(anonymous_8)
FNDA:2,(anonymous_9)
FNDA:1,(anonymous_10)
FNDA:84,(anonymous_11)
FNDA:1,(anonymous_12)
FNDA:73,(anonymous_13)
FNDA:1,(anonymous_14)
FNDA:1,(anonymous_15)
FNDA:1,(anonymous_16)
FNDA:1,(anonymous_17)
FNDA:18,(anonymous_18)
FNDA:1,(anonymous_19)
FNDA:0,(anonymous_20)
FNDA:1,(anonymous_21)
DA:97,21
DA:98,21
DA:99,21
DA:101,21
DA:152,21
DA:155,21
DA:156,21
DA:157,21
DA:161,21
DA:162,3
DA:163,2
DA:168,21
DA:169,2
DA:170,2
DA:171,2
DA:172,1
DA:174,2
DA:175,1
DA:180,21
DA:181,21
DA:183,21
DA:184,1
DA:188,21
DA:189,2
DA:193,21
DA:194,2
DA:195,2
DA:199,21
DA:200,21
DA:201,21
DA:205,21
DA:206,0
DA:207,0
DA:210,21
DA:218,21
DA:219,5
DA:222,16
DA:223,16
DA:226,0
DA:233,5
DA:236,5
DA:237,5
DA:238,5
DA:241,5
DA:244,5
DA:248,5
DA:252,1
DA:253,1
DA:254,1
DA:255,1
DA:257,1
DA:259,0
DA:262,0
DA:267,5
DA:271,0
DA:272,0
DA:273,0
DA:274,0
DA:276,0
DA:279,0
DA:284,5
DA:287,5
DA:289,5
DA:296,21
DA:297,2
DA:301,19
DA:302,19
DA:303,19
DA:304,19
DA:307,19
DA:308,2
DA:311,19
DA:314,0
DA:322,21
DA:325,17
DA:328,16
DA:331,15
DA:334,14
DA:345,14
DA:346,84
DA:353,21
DA:356,21
DA:357,21
DA:360,21
DA:363,21
DA:364,2
DA:365,2
DA:366,2
DA:367,2
DA:368,2
DA:369,2
DA:370,2
DA:375,21
DA:378,21
DA:379,21
DA:380,73
DA:383,21
DA:385,21
DA:393,40
DA:394,40
DA:395,3
DA:397,37
DA:404,5
DA:405,5
DA:406,5
DA:407,5
DA:408,5
DA:409,5
DA:410,5
DA:411,5
DA:412,5
DA:416,21
DA:417,21
DA:418,21
DA:419,21
DA:420,21
DA:424,21
DA:425,21
DA:426,21
DA:427,21
DA:428,21
DA:429,21
DA:433,21
DA:434,21
DA:436,0
DA:437,0
DA:439,0
LF:127
LH:112
BRDA:103,0,0,21
BRDA:103,0,1,21
BRDA:112,1,0,21
BRDA:112,1,1,21
BRDA:113,2,0,21
BRDA:113,2,1,21
BRDA:114,3,0,21
BRDA:114,3,1,21
BRDA:123,4,0,21
BRDA:123,4,1,19
BRDA:126,5,0,21
BRDA:126,5,1,18
BRDA:132,6,0,21
BRDA:132,6,1,19
BRDA:133,7,0,2
BRDA:133,7,1,19
BRDA:155,8,0,21
BRDA:155,8,1,0
BRDA:156,9,0,4
BRDA:156,9,1,17
BRDA:161,10,0,3
BRDA:161,10,1,18
BRDA:162,11,0,2
BRDA:162,11,1,1
BRDA:162,12,0,3
BRDA:162,12,1,2
BRDA:168,13,0,2
BRDA:168,13,1,19
BRDA:168,14,0,21
BRDA:168,14,1,2
BRDA:171,15,0,1
BRDA:171,15,1,1
BRDA:174,16,0,1
BRDA:174,16,1,1
BRDA:183,17,0,1
BRDA:183,17,1,20
BRDA:183,18,0,21
BRDA:183,18,1,1
BRDA:188,19,0,2
BRDA:188,19,1,19
BRDA:188,20,0,21
BRDA:188,20,1,2
BRDA:193,21,0,2
BRDA:193,21,1,19
BRDA:193,22,0,21
BRDA:193,22,1,2
BRDA:200,23,0,21
BRDA:200,23,1,0
BRDA:205,24,0,0
BRDA:205,24,1,21
BRDA:205,25,0,21
BRDA:205,25,1,0
BRDA:218,26,0,5
BRDA:218,26,1,16
BRDA:222,27,0,16
BRDA:222,27,1,0
BRDA:253,28,0,1
BRDA:253,28,1,0
BRDA:272,29,0,0
BRDA:272,29,1,0
BRDA:296,30,0,2
BRDA:296,30,1,19
BRDA:296,31,0,21
BRDA:296,31,1,2
BRDA:301,32,0,19
BRDA:301,32,1,0
BRDA:301,33,0,19
BRDA:301,33,1,4
BRDA:302,34,0,19
BRDA:302,34,1,4
BRDA:302,34,2,0
BRDA:322,35,0,4
BRDA:322,35,1,17
BRDA:325,36,0,1
BRDA:325,36,1,16
BRDA:328,37,0,1
BRDA:328,37,1,15
BRDA:331,38,0,1
BRDA:331,38,1,14
BRDA:331,39,0,15
BRDA:331,39,1,1
BRDA:356,40,0,4
BRDA:356,40,1,17
BRDA:357,41,0,1
BRDA:357,41,1,20
BRDA:360,42,0,1
BRDA:360,42,1,20
BRDA:363,43,0,2
BRDA:363,43,1,19
BRDA:365,44,0,2
BRDA:365,44,1,0
BRDA:369,45,0,2
BRDA:369,45,1,0
BRDA:370,46,0,2
BRDA:370,46,1,0
BRDA:375,47,0,2
BRDA:375,47,1,19
BRDA:375,48,0,21
BRDA:375,48,1,2
BRDA:380,49,0,4
BRDA:380,49,1,17
BRDA:383,50,0,1
BRDA:383,50,1,20
BRDA:394,51,0,3
BRDA:394,51,1,37
BRDA:433,52,0,21
BRDA:433,52,1,0
BRF:107
BRH:93
end_of_record
