TN:
SF:src/services/topicExtractionService.ts
FN:22,(anonymous_0)
FN:25,(anonymous_1)
FN:33,(anonymous_2)
FN:36,(anonymous_3)
FN:41,(anonymous_4)
FN:242,(anonymous_5)
FN:248,(anonymous_6)
FN:256,(anonymous_7)
FN:270,(anonymous_8)
FN:304,(anonymous_9)
FN:337,(anonymous_10)
FN:343,(anonymous_11)
FN:349,(anonymous_12)
FN:369,(anonymous_13)
FN:383,(anonymous_14)
FN:402,(anonymous_15)
FN:417,(anonymous_16)
FN:454,(anonymous_17)
FN:462,(anonymous_18)
FN:499,(anonymous_19)
FN:552,(anonymous_20)
FN:566,(anonymous_21)
FN:585,(anonymous_22)
FN:588,(anonymous_23)
FN:594,(anonymous_24)
FN:610,(anonymous_25)
FN:629,(anonymous_26)
FN:634,(anonymous_27)
FN:664,(anonymous_28)
FN:685,(anonymous_29)
FN:698,(anonymous_30)
FN:700,(anonymous_31)
FN:703,(anonymous_32)
FN:710,(anonymous_33)
FN:754,(anonymous_34)
FN:762,(anonymous_35)
FN:770,(anonymous_36)
FN:776,(anonymous_37)
FN:780,(anonymous_38)
FN:783,(anonymous_39)
FN:789,(anonymous_40)
FN:796,(anonymous_41)
FN:803,(anonymous_42)
FN:814,(anonymous_43)
FN:825,(anonymous_44)
FN:827,(anonymous_45)
FN:833,(anonymous_46)
FN:842,(anonymous_47)
FN:857,(anonymous_48)
FNF:49
FNH:42
FNDA:0,(anonymous_0)
FNDA:0,(anonymous_1)
FNDA:0,(anonymous_2)
FNDA:0,(anonymous_3)
FNDA:0,(anonymous_4)
FNDA:34,(anonymous_5)
FNDA:34,(anonymous_6)
FNDA:50,(anonymous_7)
FNDA:0,(anonymous_8)
FNDA:8,(anonymous_9)
FNDA:50,(anonymous_10)
FNDA:346,(anonymous_11)
FNDA:50,(anonymous_12)
FNDA:562,(anonymous_13)
FNDA:50,(anonymous_14)
FNDA:50,(anonymous_15)
FNDA:79,(anonymous_16)
FNDA:1315,(anonymous_17)
FNDA:79,(anonymous_18)
FNDA:561,(anonymous_19)
FNDA:561,(anonymous_20)
FNDA:2731,(anonymous_21)
FNDA:561,(anonymous_22)
FNDA:597,(anonymous_23)
FNDA:1158,(anonymous_24)
FNDA:8,(anonymous_25)
FNDA:1187,(anonymous_26)
FNDA:185,(anonymous_27)
FNDA:669,(anonymous_28)
FNDA:1750,(anonymous_29)
FNDA:75,(anonymous_30)
FNDA:0,(anonymous_31)
FNDA:96,(anonymous_32)
FNDA:75,(anonymous_33)
FNDA:3,(anonymous_34)
FNDA:34,(anonymous_35)
FNDA:46,(anonymous_36)
FNDA:1,(anonymous_37)
FNDA:15,(anonymous_38)
FNDA:39,(anonymous_39)
FNDA:5,(anonymous_40)
FNDA:2,(anonymous_41)
FNDA:2,(anonymous_42)
FNDA:73,(anonymous_43)
FNDA:1,(anonymous_44)
FNDA:2,(anonymous_45)
FNDA:1,(anonymous_46)
FNDA:2,(anonymous_47)
FNDA:2,(anonymous_48)
DA:16,1
DA:18,1
DA:19,1
DA:22,0
DA:23,0
DA:26,0
DA:27,0
DA:29,0
DA:30,0
DA:34,0
DA:35,0
DA:36,0
DA:38,0
DA:42,0
DA:43,0
DA:44,0
DA:45,0
DA:46,0
DA:49,0
DA:126,34
DA:127,34
DA:128,34
DA:129,34
DA:130,34
DA:132,34
DA:216,34
DA:243,34
DA:244,34
DA:245,34
DA:250,34
DA:267,50
DA:270,50
DA:273,50
DA:276,50
DA:277,50
DA:280,50
DA:281,50
DA:284,50
DA:287,50
DA:290,50
DA:293,50
DA:296,50
DA:298,50
DA:308,8
DA:311,8
DA:312,29
DA:316,8
DA:317,29
DA:318,29
DA:324,29
DA:325,29
DA:329,8
DA:331,8
DA:339,50
DA:343,346
DA:355,50
DA:358,50
DA:359,331
DA:360,261
DA:365,50
DA:366,50
DA:367,281
DA:369,562
DA:370,281
DA:371,271
DA:372,271
DA:377,50
DA:384,50
DA:386,50
DA:387,532
DA:391,50
DA:392,50
DA:393,524
DA:396,50
DA:406,50
DA:407,524
DA:408,483
DA:410,524
DA:418,79
DA:419,79
DA:421,79
DA:423,79
DA:425,79
DA:429,709
DA:432,396
DA:433,396
DA:436,313
DA:438,313
DA:439,313
DA:443,709
DA:445,709
DA:454,1315
DA:456,79
DA:468,79
DA:469,79
DA:471,79
DA:472,594
DA:474,594
DA:476,561
DA:480,594
DA:493,79
DA:500,561
DA:502,561
DA:508,27
DA:510,534
DA:515,12
DA:517,522
DA:522,17
DA:524,505
DA:529,27
DA:531,478
DA:536,19
DA:538,459
DA:543,22
DA:546,437
DA:557,561
DA:560,561
DA:562,561
DA:563,3008
DA:565,2683
DA:566,3008
DA:569,3008
DA:570,3008
DA:572,3008
DA:574,2581
DA:575,2581
DA:579,561
DA:587,561
DA:588,597
DA:591,561
DA:592,561
DA:594,561
DA:595,1158
DA:596,1158
DA:597,571
DA:598,20
DA:602,561
DA:603,20
DA:604,0
DA:611,8
DA:614,8
DA:615,29
DA:619,8
DA:621,8
DA:623,140
DA:625,140
DA:627,669
DA:629,1187
DA:632,669
DA:633,65
DA:634,185
DA:635,65
DA:636,65
DA:641,140
DA:642,75
DA:643,75
DA:655,8
DA:656,8
DA:658,8
DA:665,669
DA:668,669
DA:670,669
DA:671,1187
DA:674,1187
DA:675,5
DA:676,1182
DA:679,72
DA:683,1110
DA:684,1110
DA:685,1750
DA:686,1110
DA:689,1187
DA:692,669
DA:700,75
DA:701,75
DA:703,96
DA:711,75
DA:717,75
DA:718,75
DA:719,75
DA:720,75
DA:722,75
DA:724,0
DA:725,0
DA:727,0
DA:729,0
DA:730,0
DA:732,0
DA:735,75
DA:736,75
DA:738,75
DA:744,75
DA:745,75
DA:746,75
DA:748,75
DA:755,3
DA:756,3
DA:758,3
DA:759,4
DA:760,49
DA:762,34
DA:764,49
DA:770,46
DA:777,1
DA:779,1
DA:780,15
DA:783,39
DA:790,5
DA:797,2
DA:804,2
DA:805,2
DA:807,2
DA:808,13
DA:809,13
DA:811,13
DA:812,39
DA:813,5
DA:814,73
DA:815,8
DA:819,13
DA:820,2
DA:824,2
DA:825,1
DA:827,2
DA:834,1
DA:835,1
DA:836,1
DA:843,2
DA:858,2
DA:859,2
DA:862,2
DA:863,1
DA:864,1
DA:865,1
DA:870,1
DA:871,1
DA:874,1
DA:876,1
DA:882,1
LF:239
LH:216
BRDA:16,0,0,1
BRDA:16,0,1,0
BRDA:19,1,0,1
BRDA:19,1,1,0
BRDA:26,2,0,0
BRDA:26,2,1,0
BRDA:35,3,0,0
BRDA:35,3,1,0
BRDA:43,4,0,0
BRDA:43,4,1,0
BRDA:45,5,0,0
BRDA:45,5,1,0
BRDA:258,6,0,50
BRDA:261,7,0,50
BRDA:262,8,0,50
BRDA:263,9,0,50
BRDA:264,10,0,50
BRDA:265,11,0,50
BRDA:266,12,0,50
BRDA:306,13,0,8
BRDA:321,14,0,29
BRDA:321,14,1,29
BRDA:322,15,0,29
BRDA:322,15,1,29
BRDA:359,16,0,261
BRDA:359,16,1,70
BRDA:359,17,0,331
BRDA:359,17,1,297
BRDA:365,18,0,50
BRDA:365,18,1,0
BRDA:365,19,0,50
BRDA:365,19,1,50
BRDA:370,20,0,271
BRDA:370,20,1,10
BRDA:387,21,0,532
BRDA:387,21,1,524
BRDA:407,22,0,483
BRDA:407,22,1,41
BRDA:421,23,0,0
BRDA:421,23,1,79
BRDA:429,24,0,396
BRDA:429,24,1,313
BRDA:436,25,0,313
BRDA:436,25,1,0
BRDA:443,26,0,54
BRDA:443,26,1,655
BRDA:474,27,0,33
BRDA:474,27,1,561
BRDA:477,28,0,561
BRDA:477,28,1,0
BRDA:484,29,0,594
BRDA:484,29,1,0
BRDA:502,30,0,27
BRDA:502,30,1,534
BRDA:503,31,0,561
BRDA:503,31,1,545
BRDA:503,31,2,538
BRDA:503,31,3,537
BRDA:510,32,0,12
BRDA:510,32,1,522
BRDA:511,33,0,534
BRDA:511,33,1,529
BRDA:511,33,2,527
BRDA:517,34,0,17
BRDA:517,34,1,505
BRDA:518,35,0,522
BRDA:518,35,1,516
BRDA:518,35,2,509
BRDA:524,36,0,27
BRDA:524,36,1,478
BRDA:525,37,0,505
BRDA:525,37,1,501
BRDA:525,37,2,481
BRDA:531,38,0,19
BRDA:531,38,1,459
BRDA:532,39,0,478
BRDA:532,39,1,464
BRDA:532,39,2,462
BRDA:538,40,0,22
BRDA:538,40,1,437
BRDA:539,41,0,459
BRDA:539,41,1,449
BRDA:539,41,2,440
BRDA:555,42,0,561
BRDA:560,43,0,561
BRDA:560,43,1,0
BRDA:563,44,0,325
BRDA:563,44,1,2683
BRDA:565,45,0,2683
BRDA:565,45,1,0
BRDA:572,46,0,2581
BRDA:572,46,1,427
BRDA:575,47,0,461
BRDA:575,47,1,2120
BRDA:596,48,0,571
BRDA:596,48,1,587
BRDA:597,49,0,551
BRDA:597,49,1,20
BRDA:602,50,0,541
BRDA:602,50,1,20
BRDA:603,51,0,20
BRDA:603,51,1,0
BRDA:632,52,0,65
BRDA:632,52,1,604
BRDA:641,53,0,75
BRDA:641,53,1,65
BRDA:665,54,0,0
BRDA:665,54,1,669
BRDA:674,55,0,5
BRDA:674,55,1,1182
BRDA:676,56,0,72
BRDA:676,56,1,1110
BRDA:678,57,0,1182
BRDA:678,57,1,1124
BRDA:720,58,0,0
BRDA:720,58,1,75
BRDA:722,59,0,0
BRDA:722,59,1,0
BRDA:722,59,2,0
BRDA:722,59,3,75
BRDA:724,60,0,0
BRDA:724,60,1,0
BRDA:729,61,0,0
BRDA:729,61,1,0
BRDA:735,62,0,75
BRDA:735,62,1,0
BRDA:754,63,0,3
BRDA:760,64,0,49
BRDA:760,64,1,0
BRDA:761,65,0,49
BRDA:761,65,1,24
BRDA:776,66,0,1
BRDA:790,67,0,5
BRDA:790,67,1,2
BRDA:803,68,0,2
BRDA:808,69,0,13
BRDA:808,69,1,0
BRDA:812,70,0,5
BRDA:812,70,1,34
BRDA:814,71,0,8
BRDA:814,71,1,26
BRDA:819,72,0,2
BRDA:819,72,1,11
BRDA:862,73,0,1
BRDA:862,73,1,1
BRDA:870,74,0,1
BRDA:870,74,1,0
BRF:147
BRH:116
end_of_record
