TN:
SF:lib/supabase.ts
FN:12,getSupabaseClient
FN:33,getSupabaseAdminClient
FN:148,upsertCrawlerDocument
FN:189,upsertWikiDocument
FN:230,upsertJiraTicket
FN:265,upsertJiraTicketEmbedding
FN:299,validateSonyMusicContent
FN:334,storeFirecrawlData
FN:367,getFirecrawlAnalysis
FN:383,searchFirecrawlData
FN:401,handleSupabaseError
FNF:11
FNH:2
FNDA:1,getSupabaseClient
FNDA:1,getSupabaseAdminClient
FNDA:0,upsertCrawlerDocument
FNDA:0,upsertWikiDocument
FNDA:0,upsertJiraTicket
FNDA:0,upsertJiraTicketEmbedding
FNDA:0,validateSonyMusicContent
FNDA:0,storeFirecrawlData
FNDA:0,getFirecrawlAnalysis
FNDA:0,searchFirecrawlData
FNDA:0,handleSupabaseError
DA:13,1
DA:14,0
DA:17,1
DA:18,1
DA:20,1
DA:21,1
DA:27,1
DA:29,0
DA:34,1
DA:35,0
DA:38,1
DA:39,0
DA:42,1
DA:43,1
DA:45,1
DA:46,1
DA:52,1
DA:54,0
DA:57,1
DA:58,1
DA:156,0
DA:157,0
DA:158,0
DA:159,0
DA:162,0
DA:163,0
DA:165,0
DA:185,0
DA:186,0
DA:197,0
DA:198,0
DA:199,0
DA:200,0
DA:203,0
DA:204,0
DA:206,0
DA:226,0
DA:227,0
DA:237,0
DA:238,0
DA:239,0
DA:240,0
DA:243,0
DA:261,0
DA:262,0
DA:271,0
DA:272,0
DA:273,0
DA:274,0
DA:277,0
DA:294,0
DA:295,0
DA:300,0
DA:301,0
DA:302,0
DA:303,0
DA:306,0
DA:309,0
DA:312,0
DA:313,0
DA:316,0
DA:320,0
DA:321,0
DA:324,0
DA:327,0
DA:328,0
DA:330,0
DA:335,0
DA:336,0
DA:337,0
DA:340,0
DA:363,0
DA:364,0
DA:368,0
DA:369,0
DA:370,0
DA:373,0
DA:379,0
DA:380,0
DA:384,0
DA:385,0
DA:386,0
DA:387,0
DA:390,0
DA:396,0
DA:397,0
DA:402,0
DA:403,0
DA:405,0
DA:406,0
DA:408,0
LF:91
LH:15
BRDA:13,0,0,0
BRDA:13,0,1,1
BRDA:20,1,0,1
BRDA:20,1,1,0
BRDA:20,2,0,1
BRDA:20,2,1,1
BRDA:34,3,0,0
BRDA:34,3,1,1
BRDA:38,4,0,0
BRDA:38,4,1,1
BRDA:45,5,0,1
BRDA:45,5,1,0
BRDA:45,6,0,1
BRDA:45,6,1,1
BRDA:154,7,0,0
BRDA:156,8,0,0
BRDA:156,8,1,0
BRDA:157,9,0,0
BRDA:157,9,1,0
BRDA:185,10,0,0
BRDA:185,10,1,0
BRDA:195,11,0,0
BRDA:197,12,0,0
BRDA:197,12,1,0
BRDA:198,13,0,0
BRDA:198,13,1,0
BRDA:226,14,0,0
BRDA:226,14,1,0
BRDA:235,15,0,0
BRDA:237,16,0,0
BRDA:237,16,1,0
BRDA:238,17,0,0
BRDA:238,17,1,0
BRDA:261,18,0,0
BRDA:261,18,1,0
BRDA:269,19,0,0
BRDA:271,20,0,0
BRDA:271,20,1,0
BRDA:272,21,0,0
BRDA:272,21,1,0
BRDA:294,22,0,0
BRDA:294,22,1,0
BRDA:300,23,0,0
BRDA:300,23,1,0
BRDA:301,24,0,0
BRDA:301,24,1,0
BRDA:312,25,0,0
BRDA:312,25,1,0
BRDA:313,26,0,0
BRDA:313,26,1,0
BRDA:320,27,0,0
BRDA:320,27,1,0
BRDA:321,28,0,0
BRDA:321,28,1,0
BRDA:327,29,0,0
BRDA:327,29,1,0
BRDA:328,30,0,0
BRDA:328,30,1,0
BRDA:335,31,0,0
BRDA:335,31,1,0
BRDA:345,32,0,0
BRDA:345,32,1,0
BRDA:346,33,0,0
BRDA:346,33,1,0
BRDA:347,34,0,0
BRDA:347,34,1,0
BRDA:348,35,0,0
BRDA:348,35,1,0
BRDA:349,36,0,0
BRDA:349,36,1,0
BRDA:350,37,0,0
BRDA:350,37,1,0
BRDA:351,38,0,0
BRDA:351,38,1,0
BRDA:352,39,0,0
BRDA:352,39,1,0
BRDA:363,40,0,0
BRDA:363,40,1,0
BRDA:368,41,0,0
BRDA:368,41,1,0
BRDA:379,42,0,0
BRDA:379,42,1,0
BRDA:379,43,0,0
BRDA:379,43,1,0
BRDA:383,44,0,0
BRDA:384,45,0,0
BRDA:384,45,1,0
BRDA:385,46,0,0
BRDA:385,46,1,0
BRDA:396,47,0,0
BRDA:396,47,1,0
BRDA:402,48,0,0
BRDA:402,48,1,0
BRDA:405,49,0,0
BRDA:405,49,1,0
BRF:95
BRH:9
end_of_record
TN:
SF:src/components/ai-elements/mermaid-diagram.tsx
FN:118,setSanitizedSvgContent
FN:154,MermaidDiagram
FN:170,(anonymous_2)
FN:173,renderDiagram
FN:210,(anonymous_4)
FN:216,(anonymous_5)
FN:260,(anonymous_6)
FN:274,(anonymous_7)
FN:289,(anonymous_8)
FN:299,(anonymous_9)
FN:299,(anonymous_10)
FN:300,(anonymous_11)
FN:300,(anonymous_12)
FN:301,(anonymous_13)
FN:456,(anonymous_14)
FN:491,detectDiagramType
FNF:16
FNH:1
FNDA:0,setSanitizedSvgContent
FNDA:0,MermaidDiagram
FNDA:0,(anonymous_2)
FNDA:0,renderDiagram
FNDA:0,(anonymous_4)
FNDA:0,(anonymous_5)
FNDA:0,(anonymous_6)
FNDA:0,(anonymous_7)
FNDA:0,(anonymous_8)
FNDA:0,(anonymous_9)
FNDA:0,(anonymous_10)
FNDA:0,(anonymous_11)
FNDA:0,(anonymous_12)
FNDA:0,(anonymous_13)
FNDA:0,(anonymous_14)
FNDA:10,detectDiagramType
DA:34,1
DA:108,1
DA:120,0
DA:123,0
DA:124,0
DA:128,0
DA:129,0
DA:130,0
DA:133,0
DA:134,0
DA:135,0
DA:136,0
DA:140,0
DA:141,0
DA:160,0
DA:161,0
DA:162,0
DA:163,0
DA:164,0
DA:165,0
DA:166,0
DA:167,0
DA:168,0
DA:170,0
DA:171,0
DA:174,0
DA:175,0
DA:176,0
DA:179,0
DA:181,0
DA:184,0
DA:187,0
DA:192,0
DA:194,0
DA:195,0
DA:196,0
DA:197,0
DA:200,0
DA:201,0
DA:202,0
DA:203,0
DA:208,0
DA:210,0
DA:211,0
DA:216,0
DA:217,0
DA:218,0
DA:220,0
DA:222,0
DA:223,0
DA:224,0
DA:234,0
DA:235,0
DA:236,0
DA:239,0
DA:241,0
DA:242,0
DA:248,0
DA:251,0
DA:252,0
DA:260,0
DA:261,0
DA:268,0
DA:270,0
DA:274,0
DA:275,0
DA:277,0
DA:278,0
DA:280,0
DA:282,0
DA:283,0
DA:289,0
DA:290,0
DA:291,0
DA:292,0
DA:293,0
DA:294,0
DA:299,0
DA:300,0
DA:301,0
DA:304,0
DA:305,0
DA:320,0
DA:321,0
DA:335,0
DA:457,0
DA:458,0
DA:459,0
DA:492,10
DA:494,10
DA:495,9
DA:496,6
DA:497,5
DA:498,4
DA:499,3
DA:502,2
LF:96
LH:10
BRDA:134,0,0,0
BRDA:134,0,1,0
BRDA:158,1,0,0
BRDA:174,2,0,0
BRDA:174,2,1,0
BRDA:174,3,0,0
BRDA:174,3,1,0
BRDA:192,4,0,0
BRDA:192,4,1,0
BRDA:192,5,0,0
BRDA:192,5,1,0
BRDA:201,6,0,0
BRDA:201,6,1,0
BRDA:202,7,0,0
BRDA:202,7,1,0
BRDA:217,8,0,0
BRDA:217,8,1,0
BRDA:217,9,0,0
BRDA:217,9,1,0
BRDA:234,10,0,0
BRDA:234,10,1,0
BRDA:236,11,0,0
BRDA:236,11,1,0
BRDA:241,12,0,0
BRDA:241,12,1,0
BRDA:241,13,0,0
BRDA:241,13,1,0
BRDA:254,14,0,0
BRDA:254,14,1,0
BRDA:261,15,0,0
BRDA:261,15,1,0
BRDA:262,16,0,0
BRDA:262,16,1,0
BRDA:262,16,2,0
BRDA:262,16,3,0
BRDA:262,16,4,0
BRDA:275,17,0,0
BRDA:275,17,1,0
BRDA:278,18,0,0
BRDA:278,18,1,0
BRDA:282,19,0,0
BRDA:282,19,1,0
BRDA:290,20,0,0
BRDA:290,20,1,0
BRDA:290,21,0,0
BRDA:290,21,1,0
BRDA:304,22,0,0
BRDA:304,22,1,0
BRDA:320,23,0,0
BRDA:320,23,1,0
BRDA:345,24,0,0
BRDA:345,24,1,0
BRDA:345,24,2,0
BRDA:345,24,3,0
BRDA:345,24,4,0
BRDA:356,25,0,0
BRDA:356,25,1,0
BRDA:359,26,0,0
BRDA:359,26,1,0
BRDA:365,27,0,0
BRDA:365,27,1,0
BRDA:371,28,0,0
BRDA:371,28,1,0
BRDA:381,29,0,0
BRDA:381,29,1,0
BRDA:397,30,0,0
BRDA:397,30,1,0
BRDA:441,31,0,0
BRDA:441,31,1,0
BRDA:448,32,0,0
BRDA:448,32,1,0
BRDA:469,33,0,0
BRDA:469,33,1,0
BRDA:469,33,2,0
BRDA:494,34,0,1
BRDA:494,34,1,9
BRDA:495,35,0,3
BRDA:495,35,1,6
BRDA:496,36,0,1
BRDA:496,36,1,5
BRDA:496,37,0,6
BRDA:496,37,1,5
BRDA:497,38,0,1
BRDA:497,38,1,4
BRDA:497,39,0,5
BRDA:497,39,1,4
BRDA:498,40,0,1
BRDA:498,40,1,3
BRDA:499,41,0,1
BRDA:499,41,1,2
BRF:90
BRH:16
end_of_record
TN:
SF:src/components/ai/demo-enhancements/DiagramOffer.tsx
FN:22,DiagramOffer
FN:40,(anonymous_1)
FN:46,(anonymous_2)
FN:133,shouldOfferDiagram
FN:159,(anonymous_4)
FN:164,(anonymous_5)
FN:186,useDiagramOffer
FN:193,(anonymous_7)
FN:205,(anonymous_8)
FN:217,(anonymous_9)
FN:231,(anonymous_10)
FN:240,(anonymous_11)
FN:245,(anonymous_12)
FNF:13
FNH:3
FNDA:0,DiagramOffer
FNDA:0,(anonymous_1)
FNDA:0,(anonymous_2)
FNDA:7,shouldOfferDiagram
FNDA:112,(anonymous_4)
FNDA:24,(anonymous_5)
FNDA:0,useDiagramOffer
FNDA:0,(anonymous_7)
FNDA:0,(anonymous_8)
FNDA:0,(anonymous_9)
FNDA:0,(anonymous_10)
FNDA:0,(anonymous_11)
FNDA:0,(anonymous_12)
DA:29,0
DA:31,0
DA:33,0
DA:34,0
DA:35,0
DA:38,0
DA:40,0
DA:41,0
DA:42,0
DA:43,0
DA:46,0
DA:47,0
DA:48,0
DA:49,0
DA:50,0
DA:51,0
DA:52,0
DA:56,0
DA:88,1
DA:120,1
DA:135,7
DA:137,6
DA:141,6
DA:153,7
DA:154,2
DA:155,2
DA:159,4
DA:160,112
DA:164,4
DA:165,24
DA:170,4
DA:187,0
DA:188,0
DA:189,0
DA:190,0
DA:193,0
DA:194,0
DA:195,0
DA:196,0
DA:199,0
DA:200,0
DA:205,0
DA:206,0
DA:208,0
DA:209,0
DA:213,0
DA:215,0
DA:217,0
DA:220,0
DA:222,0
DA:223,0
DA:225,0
DA:226,0
DA:227,0
DA:231,0
DA:233,0
DA:234,0
DA:235,0
DA:236,0
DA:240,0
DA:241,0
DA:242,0
DA:245,0
DA:246,0
DA:247,0
DA:248,0
DA:249,0
DA:252,0
LF:68
LH:13
BRDA:33,0,0,0
BRDA:33,0,1,0
BRDA:33,1,0,0
BRDA:33,1,1,0
BRDA:50,2,0,0
BRDA:50,2,1,0
BRDA:50,3,0,0
BRDA:50,3,1,0
BRDA:63,4,0,0
BRDA:63,4,1,0
BRDA:68,5,0,0
BRDA:68,5,1,0
BRDA:74,6,0,0
BRDA:74,6,1,0
BRDA:135,7,0,1
BRDA:135,7,1,6
BRDA:135,8,0,7
BRDA:135,8,1,7
BRDA:141,9,0,6
BRDA:141,9,1,5
BRDA:141,9,2,5
BRDA:141,9,3,5
BRDA:141,9,4,5
BRDA:141,9,5,5
BRDA:141,9,6,5
BRDA:141,9,7,5
BRDA:141,9,8,5
BRDA:141,9,9,5
BRDA:141,9,10,5
BRDA:153,10,0,2
BRDA:153,10,1,5
BRDA:170,11,0,4
BRDA:170,11,1,1
BRDA:186,12,0,0
BRDA:194,13,0,0
BRDA:194,13,1,0
BRDA:194,14,0,0
BRDA:194,14,1,0
BRDA:199,15,0,0
BRDA:199,15,1,0
BRDA:206,16,0,0
BRDA:206,16,1,0
BRDA:206,17,0,0
BRDA:206,17,1,0
BRDA:233,18,0,0
BRDA:233,18,1,0
BRDA:254,19,0,0
BRDA:254,19,1,0
BRDA:254,19,2,0
BRF:49
BRH:19
end_of_record
TN:
SF:src/components/ui/button.tsx
FN:48,(anonymous_0)
FNF:1
FNH:0
FNDA:0,(anonymous_0)
DA:7,1
DA:47,1
DA:49,0
DA:50,0
DA:59,1
LF:5
LH:3
BRDA:48,0,0,0
BRDA:49,1,0,0
BRDA:49,1,1,0
BRF:3
BRH:0
end_of_record
TN:
SF:src/lib/conversation-store.ts
FN:43,generateTitleFromMessage
FN:87,isDefaultTitle
FN:105,getMessageContent
FN:112,(anonymous_3)
FN:113,(anonymous_4)
FN:128,(anonymous_5)
FN:142,migrateMessageToV6
FN:165,migrateConversationToV6
FN:194,(anonymous_8)
FN:199,(anonymous_9)
FN:201,(anonymous_10)
FN:212,(anonymous_11)
FN:220,(anonymous_12)
FN:221,(anonymous_13)
FN:222,(anonymous_14)
FN:228,(anonymous_15)
FN:229,(anonymous_16)
FN:230,(anonymous_17)
FN:241,(anonymous_18)
FN:256,(anonymous_19)
FN:260,(anonymous_20)
FN:261,(anonymous_21)
FN:262,(anonymous_22)
FN:288,(anonymous_23)
FN:289,(anonymous_24)
FN:290,(anonymous_25)
FN:296,(anonymous_26)
FN:299,(anonymous_27)
FN:305,(anonymous_28)
FN:309,(anonymous_29)
FN:310,(anonymous_30)
FN:313,(anonymous_31)
FN:317,(anonymous_32)
FN:318,(anonymous_33)
FN:342,(anonymous_34)
FN:349,(anonymous_35)
FN:351,(anonymous_36)
FN:352,(anonymous_37)
FN:357,(anonymous_38)
FN:378,(anonymous_39)
FN:378,(anonymous_40)
FN:387,(anonymous_41)
FN:396,(anonymous_42)
FN:398,(anonymous_43)
FN:410,(anonymous_44)
FN:428,(anonymous_45)
FN:431,(anonymous_46)
FNF:47
FNH:10
FNDA:15,generateTitleFromMessage
FNDA:12,isDefaultTitle
FNDA:13,getMessageContent
FNDA:8,(anonymous_3)
FNDA:7,(anonymous_4)
FNDA:3,(anonymous_5)
FNDA:0,migrateMessageToV6
FNDA:0,migrateConversationToV6
FNDA:1,(anonymous_8)
FNDA:0,(anonymous_9)
FNDA:0,(anonymous_10)
FNDA:0,(anonymous_11)
FNDA:0,(anonymous_12)
FNDA:0,(anonymous_13)
FNDA:0,(anonymous_14)
FNDA:0,(anonymous_15)
FNDA:0,(anonymous_16)
FNDA:0,(anonymous_17)
FNDA:0,(anonymous_18)
FNDA:0,(anonymous_19)
FNDA:0,(anonymous_20)
FNDA:0,(anonymous_21)
FNDA:0,(anonymous_22)
FNDA:0,(anonymous_23)
FNDA:0,(anonymous_24)
FNDA:0,(anonymous_25)
FNDA:0,(anonymous_26)
FNDA:0,(anonymous_27)
FNDA:0,(anonymous_28)
FNDA:0,(anonymous_29)
FNDA:0,(anonymous_30)
FNDA:0,(anonymous_31)
FNDA:0,(anonymous_32)
FNDA:0,(anonymous_33)
FNDA:0,(anonymous_34)
FNDA:0,(anonymous_35)
FNDA:0,(anonymous_36)
FNDA:0,(anonymous_37)
FNDA:0,(anonymous_38)
FNDA:1,(anonymous_39)
FNDA:1,(anonymous_40)
FNDA:1,(anonymous_41)
FNDA:0,(anonymous_42)
FNDA:0,(anonymous_43)
FNDA:0,(anonymous_44)
FNDA:0,(anonymous_45)
FNDA:0,(anonymous_46)
DA:44,15
DA:47,12
DA:53,12
DA:54,12
DA:55,12
DA:56,3
DA:57,3
DA:61,12
DA:64,12
DA:67,11
DA:70,11
DA:71,11
DA:73,1
DA:74,1
DA:75,1
DA:77,0
DA:81,11
DA:88,12
DA:95,12
DA:106,13
DA:110,12
DA:111,6
DA:112,8
DA:113,7
DA:116,6
DA:121,6
DA:123,4
DA:124,2
DA:127,2
DA:128,3
DA:131,1
DA:132,1
DA:136,2
DA:143,0
DA:146,0
DA:147,0
DA:151,0
DA:152,0
DA:159,0
DA:166,0
DA:192,1
DA:194,1
DA:199,0
DA:202,0
DA:212,0
DA:217,0
DA:221,0
DA:222,0
DA:229,0
DA:231,0
DA:233,0
DA:236,0
DA:237,0
DA:239,0
DA:240,0
DA:241,0
DA:244,0
DA:245,0
DA:246,0
DA:247,0
DA:251,0
DA:257,0
DA:261,0
DA:263,0
DA:264,0
DA:272,0
DA:273,0
DA:278,0
DA:281,0
DA:283,0
DA:289,0
DA:291,0
DA:297,0
DA:298,0
DA:300,0
DA:305,0
DA:310,0
DA:314,0
DA:318,0
DA:319,0
DA:320,0
DA:323,0
DA:324,0
DA:325,0
DA:326,0
DA:328,0
DA:329,0
DA:330,0
DA:333,0
DA:334,0
DA:338,0
DA:342,0
DA:350,0
DA:351,0
DA:355,0
DA:356,0
DA:357,0
DA:359,0
DA:360,0
DA:361,0
DA:362,0
DA:369,0
DA:372,0
DA:378,1
DA:381,1
DA:382,0
DA:383,0
DA:388,1
DA:389,1
DA:391,0
DA:395,0
DA:396,0
DA:397,0
DA:398,0
DA:399,0
DA:400,0
DA:401,0
DA:404,0
DA:411,0
DA:416,0
DA:417,0
DA:418,0
DA:420,0
DA:426,0
DA:429,0
DA:432,0
LF:126
LH:38
BRDA:44,0,0,3
BRDA:44,0,1,12
BRDA:44,1,0,15
BRDA:44,1,1,12
BRDA:55,2,0,12
BRDA:55,2,1,14
BRDA:64,3,0,1
BRDA:64,3,1,11
BRDA:71,4,0,1
BRDA:71,4,1,10
BRDA:74,5,0,1
BRDA:74,5,1,0
BRDA:106,6,0,1
BRDA:106,6,1,12
BRDA:110,7,0,6
BRDA:110,7,1,6
BRDA:110,8,0,12
BRDA:110,8,1,7
BRDA:110,8,2,7
BRDA:112,9,0,8
BRDA:112,9,1,3
BRDA:113,10,0,7
BRDA:113,10,1,0
BRDA:116,11,0,6
BRDA:116,11,1,0
BRDA:121,12,0,4
BRDA:121,12,1,2
BRDA:123,13,0,2
BRDA:123,13,1,2
BRDA:127,14,0,1
BRDA:127,14,1,1
BRDA:131,15,0,1
BRDA:131,15,1,0
BRDA:131,16,0,1
BRDA:131,16,1,1
BRDA:143,17,0,0
BRDA:143,17,1,0
BRDA:146,18,0,0
BRDA:146,18,1,0
BRDA:146,19,0,0
BRDA:146,19,1,0
BRDA:151,20,0,0
BRDA:151,20,1,0
BRDA:151,21,0,0
BRDA:151,21,1,0
BRDA:201,22,0,0
BRDA:224,23,0,0
BRDA:224,23,1,0
BRDA:231,24,0,0
BRDA:231,24,1,0
BRDA:237,25,0,0
BRDA:237,25,1,0
BRDA:239,26,0,0
BRDA:239,26,1,0
BRDA:239,27,0,0
BRDA:239,27,1,0
BRDA:241,28,0,0
BRDA:241,28,1,0
BRDA:244,29,0,0
BRDA:244,29,1,0
BRDA:245,30,0,0
BRDA:245,30,1,0
BRDA:263,31,0,0
BRDA:263,31,1,0
BRDA:273,32,0,0
BRDA:273,32,1,0
BRDA:274,33,0,0
BRDA:274,33,1,0
BRDA:274,33,2,0
BRDA:291,34,0,0
BRDA:291,34,1,0
BRDA:300,35,0,0
BRDA:300,35,1,0
BRDA:300,35,2,0
BRDA:325,36,0,0
BRDA:325,36,1,0
BRDA:325,37,0,0
BRDA:325,37,1,0
BRDA:326,38,0,0
BRDA:326,38,1,0
BRDA:329,39,0,0
BRDA:329,39,1,0
BRDA:341,40,0,0
BRDA:341,40,1,0
BRDA:341,41,0,0
BRDA:341,41,1,0
BRDA:344,42,0,0
BRDA:344,42,1,0
BRDA:355,43,0,0
BRDA:355,43,1,0
BRDA:355,44,0,0
BRDA:355,44,1,0
BRDA:357,45,0,0
BRDA:357,45,1,0
BRDA:359,46,0,0
BRDA:359,46,1,0
BRDA:360,47,0,0
BRDA:360,47,1,0
BRDA:381,48,0,0
BRDA:381,48,1,1
BRDA:389,49,0,0
BRDA:389,49,1,1
BRDA:395,50,0,0
BRDA:395,50,1,0
BRDA:399,51,0,0
BRDA:399,51,1,0
BRDA:401,52,0,0
BRDA:401,52,1,0
BRDA:410,53,0,0
BRDA:410,53,1,0
BRDA:416,54,0,0
BRDA:416,54,1,0
BRDA:416,55,0,0
BRDA:416,55,1,0
BRDA:416,55,2,0
BRF:115
BRH:33
end_of_record
TN:
SF:src/lib/supabase.ts
FNF:0
FNH:0
DA:75,1
DA:91,1
LF:2
LH:2
BRF:0
BRH:0
end_of_record
TN:
SF:src/lib/utils.ts
FN:4,cn
FN:26,generateMatrixChar
FN:33,formatTime
FN:40,generateId
FNF:4
FNH:0
FNDA:0,cn
FNDA:0,generateMatrixChar
FNDA:0,formatTime
FNDA:0,generateId
DA:5,0
DA:9,1
DA:19,1
DA:28,0
DA:29,0
DA:34,0
DA:35,0
DA:36,0
DA:41,0
LF:9
LH:2
BRDA:29,0,0,0
BRDA:29,0,1,0
BRF:2
BRH:0
end_of_record
TN:
SF:src/services/aomaCache.ts
FN:31,(anonymous_0)
FN:57,(anonymous_1)
FN:66,(anonymous_2)
FN:80,(anonymous_3)
FN:89,(anonymous_4)
FN:127,(anonymous_5)
FN:156,(anonymous_6)
FN:170,(anonymous_7)
FN:188,(anonymous_8)
FN:205,(anonymous_9)
FN:214,(anonymous_10)
FN:228,(anonymous_11)
FN:260,(anonymous_12)
FNF:13
FNH:2
FNDA:1,(anonymous_0)
FNDA:0,(anonymous_1)
FNDA:0,(anonymous_2)
FNDA:0,(anonymous_3)
FNDA:0,(anonymous_4)
FNDA:0,(anonymous_5)
FNDA:0,(anonymous_6)
FNDA:0,(anonymous_7)
FNDA:1,(anonymous_8)
FNDA:0,(anonymous_9)
FNDA:0,(anonymous_10)
FNDA:0,(anonymous_11)
FNDA:0,(anonymous_12)
DA:32,1
DA:33,1
DA:36,1
DA:43,1
DA:51,1
DA:58,0
DA:59,0
DA:60,0
DA:67,0
DA:81,0
DA:82,0
DA:83,0
DA:90,0
DA:93,0
DA:94,0
DA:96,0
DA:97,0
DA:98,0
DA:101,0
DA:102,0
DA:104,0
DA:107,0
DA:111,0
DA:112,0
DA:113,0
DA:114,0
DA:115,0
DA:116,0
DA:119,0
DA:120,0
DA:121,0
DA:128,0
DA:131,0
DA:132,0
DA:133,0
DA:134,0
DA:135,0
DA:138,0
DA:147,0
DA:148,0
DA:157,0
DA:158,0
DA:160,0
DA:161,0
DA:162,0
DA:164,0
DA:165,0
DA:166,0
DA:169,0
DA:170,0
DA:171,0
DA:174,0
DA:176,0
DA:177,0
DA:178,0
DA:182,0
DA:191,1
DA:199,1
DA:206,0
DA:207,0
DA:208,0
DA:216,0
DA:218,0
DA:229,0
DA:231,0
DA:232,0
DA:233,0
DA:234,0
DA:238,0
DA:239,0
DA:242,0
DA:253,1
DA:255,1
DA:256,1
DA:259,1
DA:260,1
DA:261,0
DA:265,1
LF:78
LH:13
BRDA:31,0,0,1
BRDA:81,1,0,0
BRDA:81,1,1,0
BRDA:89,2,0,0
BRDA:96,3,0,0
BRDA:96,3,1,0
BRDA:96,4,0,0
BRDA:96,4,1,0
BRDA:112,5,0,0
BRDA:112,5,1,0
BRDA:127,6,0,0
BRDA:131,7,0,0
BRDA:131,7,1,0
BRDA:131,8,0,0
BRDA:131,8,1,0
BRDA:165,9,0,0
BRDA:165,9,1,0
BRDA:165,10,0,0
BRDA:165,10,1,0
BRDA:176,11,0,0
BRDA:176,11,1,0
BRDA:176,12,0,0
BRDA:176,12,1,0
BRDA:216,13,0,0
BRDA:216,13,1,0
BRDA:232,14,0,0
BRDA:232,14,1,0
BRDA:238,15,0,0
BRDA:238,15,1,0
BRDA:253,16,0,1
BRDA:253,16,1,1
BRDA:255,17,0,1
BRDA:255,17,1,0
BRDA:259,18,0,1
BRDA:259,18,1,0
BRF:35
BRH:5
end_of_record
TN:
SF:src/services/aomaOrchestrator.ts
FN:92,(anonymous_0)
FN:106,(anonymous_1)
FN:202,(anonymous_2)
FN:266,(anonymous_3)
FN:267,(anonymous_4)
FN:288,(anonymous_5)
FN:354,(anonymous_6)
FN:361,(anonymous_7)
FN:375,(anonymous_8)
FN:378,(anonymous_9)
FN:385,(anonymous_10)
FN:389,(anonymous_11)
FN:403,(anonymous_12)
FN:413,(anonymous_13)
FN:447,(anonymous_14)
FN:507,(anonymous_15)
FN:524,(anonymous_16)
FN:538,(anonymous_17)
FN:551,(anonymous_18)
FN:578,(anonymous_19)
FN:613,(anonymous_20)
FN:626,(anonymous_21)
FN:652,(anonymous_22)
FN:663,(anonymous_23)
FN:672,(anonymous_24)
FN:705,(anonymous_25)
FN:729,(anonymous_26)
FN:764,(anonymous_27)
FN:772,(anonymous_28)
FN:795,(anonymous_29)
FN:815,(anonymous_30)
FN:847,(anonymous_31)
FN:853,(anonymous_32)
FN:856,(anonymous_33)
FNF:34
FNH:1
FNDA:22,(anonymous_0)
FNDA:0,(anonymous_1)
FNDA:0,(anonymous_2)
FNDA:0,(anonymous_3)
FNDA:0,(anonymous_4)
FNDA:0,(anonymous_5)
FNDA:0,(anonymous_6)
FNDA:0,(anonymous_7)
FNDA:0,(anonymous_8)
FNDA:0,(anonymous_9)
FNDA:0,(anonymous_10)
FNDA:0,(anonymous_11)
FNDA:0,(anonymous_12)
FNDA:0,(anonymous_13)
FNDA:0,(anonymous_14)
FNDA:0,(anonymous_15)
FNDA:0,(anonymous_16)
FNDA:0,(anonymous_17)
FNDA:0,(anonymous_18)
FNDA:0,(anonymous_19)
FNDA:0,(anonymous_20)
FNDA:0,(anonymous_21)
FNDA:0,(anonymous_22)
FNDA:0,(anonymous_23)
FNDA:0,(anonymous_24)
FNDA:0,(anonymous_25)
FNDA:0,(anonymous_26)
FNDA:0,(anonymous_27)
FNDA:0,(anonymous_28)
FNDA:0,(anonymous_29)
FNDA:0,(anonymous_30)
FNDA:0,(anonymous_31)
FNDA:0,(anonymous_32)
FNDA:0,(anonymous_33)
DA:20,1
DA:93,22
DA:108,0
DA:109,0
DA:110,0
DA:111,0
DA:115,0
DA:121,0
DA:122,0
DA:123,0
DA:124,0
DA:125,0
DA:126,0
DA:132,0
DA:139,0
DA:140,0
DA:141,0
DA:143,0
DA:144,0
DA:146,0
DA:147,0
DA:148,0
DA:149,0
DA:150,0
DA:152,0
DA:153,0
DA:154,0
DA:160,0
DA:170,0
DA:171,0
DA:172,0
DA:176,0
DA:179,0
DA:180,0
DA:181,0
DA:185,0
DA:187,0
DA:188,0
DA:189,0
DA:190,0
DA:195,0
DA:219,0
DA:222,0
DA:225,0
DA:226,0
DA:227,0
DA:228,0
DA:229,0
DA:230,0
DA:234,0
DA:237,0
DA:240,0
DA:247,0
DA:248,0
DA:257,0
DA:259,0
DA:266,0
DA:267,0
DA:272,0
DA:273,0
DA:274,0
DA:277,0
DA:279,0
DA:280,0
DA:289,0
DA:290,0
DA:293,0
DA:299,0
DA:302,0
DA:308,0
DA:311,0
DA:317,0
DA:320,0
DA:326,0
DA:330,0
DA:338,0
DA:339,0
DA:343,0
DA:344,0
DA:347,0
DA:348,0
DA:355,0
DA:356,0
DA:360,0
DA:362,0
DA:363,0
DA:364,0
DA:365,0
DA:370,0
DA:371,0
DA:374,0
DA:375,0
DA:378,0
DA:379,0
DA:380,0
DA:385,0
DA:386,0
DA:387,0
DA:389,0
DA:391,0
DA:392,0
DA:393,0
DA:397,0
DA:406,0
DA:407,0
DA:408,0
DA:410,0
DA:411,0
DA:412,0
DA:413,0
DA:415,0
DA:418,0
DA:421,0
DA:422,0
DA:425,0
DA:432,0
DA:434,0
DA:435,0
DA:436,0
DA:437,0
DA:438,0
DA:441,0
DA:442,0
DA:447,0
DA:450,0
DA:451,0
DA:453,0
DA:455,0
DA:460,0
DA:461,0
DA:463,0
DA:464,0
DA:467,0
DA:468,0
DA:474,0
DA:476,0
DA:477,0
DA:479,0
DA:480,0
DA:488,0
DA:489,0
DA:494,0
DA:497,0
DA:508,0
DA:510,0
DA:512,0
DA:514,0
DA:520,0
DA:523,0
DA:524,0
DA:525,0
DA:534,0
DA:537,0
DA:538,0
DA:539,0
DA:547,0
DA:550,0
DA:551,0
DA:552,0
DA:560,0
DA:563,0
DA:569,0
DA:572,0
DA:579,0
DA:581,0
DA:584,0
DA:587,0
DA:590,0
DA:593,0
DA:596,0
DA:599,0
DA:602,0
DA:605,0
DA:614,0
DA:633,0
DA:636,0
DA:639,0
DA:642,0
DA:643,0
DA:644,0
DA:645,0
DA:646,0
DA:647,0
DA:648,0
DA:651,0
DA:652,0
DA:655,0
DA:660,0
DA:661,0
DA:663,0
DA:664,0
DA:681,0
DA:683,0
DA:685,0
DA:688,0
DA:690,0
DA:691,0
DA:695,0
DA:702,0
DA:705,0
DA:719,0
DA:725,0
DA:728,0
DA:729,0
DA:733,0
DA:735,0
DA:737,0
DA:738,0
DA:743,0
DA:746,0
DA:765,0
DA:767,0
DA:768,0
DA:769,0
DA:772,0
DA:780,0
DA:789,0
DA:795,0
DA:801,0
DA:802,0
DA:803,0
DA:804,0
DA:805,0
DA:806,0
DA:809,0
DA:810,0
DA:813,0
DA:814,0
DA:815,0
DA:816,0
DA:817,0
DA:818,0
DA:819,0
DA:829,0
DA:832,0
DA:837,0
DA:838,0
DA:841,0
DA:848,0
DA:852,0
DA:853,0
DA:856,0
DA:857,0
DA:858,0
DA:860,0
DA:863,0
DA:868,1
LF:247
LH:3
BRDA:109,0,0,0
BRDA:109,0,1,0
BRDA:123,1,0,0
BRDA:123,1,1,0
BRDA:123,2,0,0
BRDA:123,2,1,0
BRDA:141,3,0,0
BRDA:141,3,1,0
BRDA:144,4,0,0
BRDA:144,4,1,0
BRDA:146,5,0,0
BRDA:146,5,1,0
BRDA:146,6,0,0
BRDA:146,6,1,0
BRDA:147,7,0,0
BRDA:147,7,1,0
BRDA:148,8,0,0
BRDA:148,8,1,0
BRDA:148,9,0,0
BRDA:148,9,1,0
BRDA:149,10,0,0
BRDA:149,10,1,0
BRDA:150,11,0,0
BRDA:150,11,1,0
BRDA:150,12,0,0
BRDA:150,12,1,0
BRDA:152,13,0,0
BRDA:152,13,1,0
BRDA:179,14,0,0
BRDA:179,14,1,0
BRDA:179,15,0,0
BRDA:179,15,1,0
BRDA:185,16,0,0
BRDA:185,16,1,0
BRDA:188,17,0,0
BRDA:188,17,1,0
BRDA:188,18,0,0
BRDA:188,18,1,0
BRDA:204,19,0,0
BRDA:219,20,0,0
BRDA:219,21,0,0
BRDA:219,22,0,0
BRDA:225,23,0,0
BRDA:225,23,1,0
BRDA:228,24,0,0
BRDA:228,24,1,0
BRDA:247,25,0,0
BRDA:247,25,1,0
BRDA:247,26,0,0
BRDA:247,26,1,0
BRDA:272,27,0,0
BRDA:272,27,1,0
BRDA:293,28,0,0
BRDA:293,28,1,0
BRDA:294,29,0,0
BRDA:294,29,1,0
BRDA:294,29,2,0
BRDA:294,29,3,0
BRDA:302,30,0,0
BRDA:302,30,1,0
BRDA:303,31,0,0
BRDA:303,31,1,0
BRDA:303,31,2,0
BRDA:303,31,3,0
BRDA:311,32,0,0
BRDA:311,32,1,0
BRDA:312,33,0,0
BRDA:312,33,1,0
BRDA:312,33,2,0
BRDA:312,33,3,0
BRDA:320,34,0,0
BRDA:320,34,1,0
BRDA:321,35,0,0
BRDA:321,35,1,0
BRDA:321,35,2,0
BRDA:321,35,3,0
BRDA:330,36,0,0
BRDA:330,36,1,0
BRDA:331,37,0,0
BRDA:331,37,1,0
BRDA:331,37,2,0
BRDA:331,37,3,0
BRDA:331,37,4,0
BRDA:331,37,5,0
BRDA:343,38,0,0
BRDA:343,38,1,0
BRDA:355,39,0,0
BRDA:355,39,1,0
BRDA:363,40,0,0
BRDA:363,40,1,0
BRDA:379,41,0,0
BRDA:379,41,1,0
BRDA:406,42,0,0
BRDA:406,42,1,0
BRDA:408,43,0,0
BRDA:408,43,1,0
BRDA:408,44,0,0
BRDA:408,44,1,0
BRDA:410,45,0,0
BRDA:410,45,1,0
BRDA:412,46,0,0
BRDA:412,46,1,0
BRDA:413,47,0,0
BRDA:413,47,1,0
BRDA:413,47,2,0
BRDA:418,48,0,0
BRDA:418,48,1,0
BRDA:425,49,0,0
BRDA:425,49,1,0
BRDA:425,49,2,0
BRDA:425,49,3,0
BRDA:437,50,0,0
BRDA:437,50,1,0
BRDA:441,51,0,0
BRDA:441,51,1,0
BRDA:453,52,0,0
BRDA:453,52,1,0
BRDA:461,53,0,0
BRDA:461,53,1,0
BRDA:461,54,0,0
BRDA:461,54,1,0
BRDA:474,55,0,0
BRDA:474,55,1,0
BRDA:474,56,0,0
BRDA:474,56,1,0
BRDA:510,57,0,0
BRDA:510,57,1,0
BRDA:512,58,0,0
BRDA:512,58,1,0
BRDA:512,58,2,0
BRDA:512,58,3,0
BRDA:512,58,4,0
BRDA:517,59,0,0
BRDA:517,59,1,0
BRDA:523,60,0,0
BRDA:523,60,1,0
BRDA:527,61,0,0
BRDA:527,61,1,0
BRDA:529,62,0,0
BRDA:529,62,1,0
BRDA:530,63,0,0
BRDA:530,63,1,0
BRDA:537,64,0,0
BRDA:537,64,1,0
BRDA:541,65,0,0
BRDA:541,65,1,0
BRDA:542,66,0,0
BRDA:542,66,1,0
BRDA:550,67,0,0
BRDA:550,67,1,0
BRDA:554,68,0,0
BRDA:554,68,1,0
BRDA:555,69,0,0
BRDA:555,69,1,0
BRDA:556,70,0,0
BRDA:556,70,1,0
BRDA:579,71,0,0
BRDA:579,71,1,0
BRDA:579,71,2,0
BRDA:579,71,3,0
BRDA:579,71,4,0
BRDA:579,71,5,0
BRDA:579,71,6,0
BRDA:579,71,7,0
BRDA:579,71,8,0
BRDA:633,72,0,0
BRDA:633,72,1,0
BRDA:642,73,0,0
BRDA:642,73,1,0
BRDA:645,74,0,0
BRDA:645,74,1,0
BRDA:651,75,0,0
BRDA:651,75,1,0
BRDA:661,76,0,0
BRDA:661,76,1,0
BRDA:688,77,0,0
BRDA:688,77,1,0
BRDA:690,78,0,0
BRDA:690,78,1,0
BRDA:706,79,0,0
BRDA:706,79,1,0
BRDA:707,80,0,0
BRDA:707,80,1,0
BRDA:708,81,0,0
BRDA:708,81,1,0
BRDA:709,82,0,0
BRDA:709,82,1,0
BRDA:711,83,0,0
BRDA:711,83,1,0
BRDA:711,83,2,0
BRDA:728,84,0,0
BRDA:728,84,1,0
BRDA:740,85,0,0
BRDA:740,85,1,0
BRDA:765,86,0,0
BRDA:765,86,1,0
BRDA:767,87,0,0
BRDA:767,87,1,0
BRDA:767,88,0,0
BRDA:767,88,1,0
BRDA:774,89,0,0
BRDA:774,89,1,0
BRDA:775,90,0,0
BRDA:775,90,1,0
BRDA:776,91,0,0
BRDA:776,91,1,0
BRDA:804,92,0,0
BRDA:804,92,1,0
BRDA:804,93,0,0
BRDA:804,93,1,0
BRDA:805,94,0,0
BRDA:805,94,1,0
BRDA:809,95,0,0
BRDA:809,95,1,0
BRDA:813,96,0,0
BRDA:813,96,1,0
BRDA:813,97,0,0
BRDA:813,97,1,0
BRDA:821,98,0,0
BRDA:821,98,1,0
BRDA:822,99,0,0
BRDA:822,99,1,0
BRDA:823,100,0,0
BRDA:823,100,1,0
BRDA:837,101,0,0
BRDA:837,101,1,0
BRDA:848,102,0,0
BRDA:848,102,1,0
BRDA:848,103,0,0
BRDA:848,103,1,0
BRDA:857,104,0,0
BRDA:857,104,1,0
BRDA:857,105,0,0
BRDA:857,105,1,0
BRF:234
BRH:0
end_of_record
TN:
SF:src/services/aomaProgressStream.ts
FN:27,(anonymous_0)
FN:36,(anonymous_1)
FN:52,(anonymous_2)
FN:65,(anonymous_3)
FN:79,(anonymous_4)
FN:101,(anonymous_5)
FN:117,(anonymous_6)
FN:132,(anonymous_7)
FN:139,(anonymous_8)
FN:146,(anonymous_9)
FN:153,(anonymous_10)
FN:155,(anonymous_11)
FN:159,(anonymous_12)
FN:176,(anonymous_13)
FN:183,(anonymous_14)
FN:201,(anonymous_15)
FNF:16
FNH:1
FNDA:1,(anonymous_0)
FNDA:0,(anonymous_1)
FNDA:0,(anonymous_2)
FNDA:0,(anonymous_3)
FNDA:0,(anonymous_4)
FNDA:0,(anonymous_5)
FNDA:0,(anonymous_6)
FNDA:0,(anonymous_7)
FNDA:0,(anonymous_8)
FNDA:0,(anonymous_9)
FNDA:0,(anonymous_10)
FNDA:0,(anonymous_11)
FNDA:0,(anonymous_12)
FNDA:0,(anonymous_13)
FNDA:0,(anonymous_14)
FNDA:0,(anonymous_15)
DA:28,1
DA:29,1
DA:30,1
DA:31,1
DA:37,0
DA:38,0
DA:39,0
DA:40,0
DA:42,0
DA:53,0
DA:66,0
DA:68,0
DA:80,0
DA:81,0
DA:83,0
DA:84,0
DA:87,0
DA:102,0
DA:103,0
DA:105,0
DA:118,0
DA:120,0
DA:133,0
DA:140,0
DA:147,0
DA:154,0
DA:155,0
DA:158,0
DA:160,0
DA:161,0
DA:163,0
DA:168,0
DA:170,0
DA:177,0
DA:184,0
DA:195,0
DA:202,0
DA:203,0
DA:204,0
DA:205,0
DA:207,0
DA:213,1
LF:42
LH:5
BRDA:81,0,0,0
BRDA:81,0,1,0
BRDA:83,1,0,0
BRDA:83,1,1,0
BRDA:90,2,0,0
BRDA:90,2,1,0
BRDA:103,3,0,0
BRDA:103,3,1,0
BRDA:140,4,0,0
BRDA:140,4,1,0
BRDA:155,5,0,0
BRDA:155,5,1,0
BRDA:160,6,0,0
BRDA:160,6,1,0
BRDA:161,7,0,0
BRDA:161,7,1,0
BRDA:195,8,0,0
BRDA:195,8,1,0
BRDA:202,9,0,0
BRDA:202,9,1,0
BRDA:204,10,0,0
BRDA:204,10,1,0
BRF:22
BRH:0
end_of_record
TN:
SF:src/services/geminiEmbeddingService.ts
FN:14,(anonymous_0)
FN:28,(anonymous_1)
FN:48,(anonymous_2)
FN:61,(anonymous_3)
FN:71,(anonymous_4)
FN:82,getGeminiEmbeddingService
FNF:6
FNH:0
FNDA:0,(anonymous_0)
FNDA:0,(anonymous_1)
FNDA:0,(anonymous_2)
FNDA:0,(anonymous_3)
FNDA:0,(anonymous_4)
FNDA:0,getGeminiEmbeddingService
DA:15,0
DA:16,0
DA:17,0
DA:20,0
DA:21,0
DA:29,0
DA:30,0
DA:31,0
DA:33,0
DA:34,0
DA:37,0
DA:39,0
DA:40,0
DA:55,0
DA:56,0
DA:58,0
DA:59,0
DA:60,0
DA:61,0
DA:63,0
DA:65,0
DA:66,0
DA:70,0
DA:71,0
DA:75,0
DA:80,1
DA:83,0
DA:84,0
DA:86,0
LF:29
LH:1
BRDA:16,0,0,0
BRDA:16,0,1,0
BRDA:33,1,0,0
BRDA:33,1,1,0
BRDA:40,2,0,0
BRDA:40,2,1,0
BRDA:50,3,0,0
BRDA:55,4,0,0
BRDA:65,5,0,0
BRDA:65,5,1,0
BRDA:70,6,0,0
BRDA:70,6,1,0
BRDA:83,7,0,0
BRDA:83,7,1,0
BRF:14
BRH:0
end_of_record
TN:
SF:src/services/queryDeduplicator.ts
FN:8,(anonymous_0)
FN:19,(anonymous_1)
FN:31,(anonymous_2)
FN:43,(anonymous_3)
FN:50,(anonymous_4)
FN:63,getQueryDeduplicator
FNF:6
FNH:0
FNDA:0,(anonymous_0)
FNDA:0,(anonymous_1)
FNDA:0,(anonymous_2)
FNDA:0,(anonymous_3)
FNDA:0,(anonymous_4)
FNDA:0,getQueryDeduplicator
DA:9,0
DA:10,0
DA:11,0
DA:20,0
DA:23,0
DA:24,0
DA:25,0
DA:26,0
DA:27,0
DA:31,0
DA:33,0
DA:36,0
DA:37,0
DA:44,0
DA:51,0
DA:61,1
DA:64,0
DA:65,0
DA:67,0
LF:19
LH:1
BRDA:23,0,0,0
BRDA:23,0,1,0
BRDA:54,1,0,0
BRDA:54,1,1,0
BRDA:64,2,0,0
BRDA:64,2,1,0
BRF:6
BRH:0
end_of_record
TN:
SF:src/services/skillLoader.ts
FN:177,getSkillsDir
FN:192,loadSkillContent
FN:211,identifyRelevantSkills
FN:223,(anonymous_3)
FN:232,(anonymous_4)
FN:276,(anonymous_5)
FN:284,buildDynamicPrompt
FN:317,(anonymous_7)
FN:321,(anonymous_8)
FN:329,clearSkillCache
FN:337,getSkillStats
FN:344,(anonymous_11)
FNF:12
FNH:3
FNDA:0,getSkillsDir
FNDA:0,loadSkillContent
FNDA:7,identifyRelevantSkills
FNDA:7,(anonymous_3)
FNDA:0,(anonymous_4)
FNDA:6,(anonymous_5)
FNDA:0,buildDynamicPrompt
FNDA:0,(anonymous_7)
FNDA:0,(anonymous_8)
FNDA:0,clearSkillCache
FNDA:0,getSkillStats
FNDA:0,(anonymous_11)
DA:35,1
DA:172,1
DA:180,0
DA:186,0
DA:194,0
DA:195,0
DA:197,0
DA:198,0
DA:199,0
DA:200,0
DA:201,0
DA:203,0
DA:204,0
DA:219,7
DA:220,7
DA:223,7
DA:224,7
DA:225,7
DA:226,7
DA:230,7
DA:231,0
DA:232,0
DA:233,0
DA:234,0
DA:235,0
DA:241,7
DA:242,49
DA:244,42
DA:247,42
DA:248,327
DA:249,6
DA:250,6
DA:255,42
DA:256,0
DA:260,42
DA:261,0
DA:262,0
DA:263,0
DA:264,0
DA:269,42
DA:270,6
DA:271,6
DA:276,7
DA:278,7
DA:293,0
DA:296,0
DA:297,0
DA:299,0
DA:300,0
DA:301,0
DA:302,0
DA:303,0
DA:308,0
DA:311,0
DA:312,0
DA:313,0
DA:316,0
DA:317,0
DA:319,0
DA:321,0
DA:330,0
DA:331,0
DA:342,0
DA:344,0
LF:64
LH:23
BRDA:195,0,0,0
BRDA:195,0,1,0
BRDA:224,1,0,7
BRDA:224,1,1,0
BRDA:230,2,0,0
BRDA:230,2,1,7
BRDA:233,3,0,0
BRDA:233,3,1,0
BRDA:233,4,0,0
BRDA:233,4,1,0
BRDA:242,5,0,7
BRDA:242,5,1,42
BRDA:248,6,0,6
BRDA:248,6,1,321
BRDA:255,7,0,0
BRDA:255,7,1,42
BRDA:255,8,0,42
BRDA:255,8,1,36
BRDA:255,8,2,0
BRDA:260,9,0,0
BRDA:260,9,1,42
BRDA:260,10,0,42
BRDA:260,10,1,36
BRDA:262,11,0,0
BRDA:262,11,1,0
BRDA:269,12,0,6
BRDA:269,12,1,36
BRDA:301,13,0,0
BRDA:301,13,1,0
BRDA:311,14,0,0
BRDA:311,14,1,0
BRF:31
BRH:14
end_of_record
TN:
SF:src/services/supabaseVectorService.ts
FN:27,getAdminClient
FN:51,(anonymous_1)
FN:60,(anonymous_2)
FN:75,(anonymous_3)
FN:142,(anonymous_4)
FN:163,(anonymous_5)
FN:219,(anonymous_6)
FN:224,(anonymous_7)
FN:242,(anonymous_8)
FN:248,(anonymous_9)
FN:275,(anonymous_10)
FN:292,(anonymous_11)
FN:301,(anonymous_12)
FN:309,(anonymous_13)
FN:380,(anonymous_14)
FN:431,(anonymous_15)
FN:463,(anonymous_16)
FN:498,(anonymous_17)
FN:543,(anonymous_18)
FN:581,(anonymous_19)
FN:636,getSupabaseVectorService
FNF:21
FNH:2
FNDA:0,getAdminClient
FNDA:1,(anonymous_1)
FNDA:0,(anonymous_2)
FNDA:0,(anonymous_3)
FNDA:0,(anonymous_4)
FNDA:0,(anonymous_5)
FNDA:0,(anonymous_6)
FNDA:0,(anonymous_7)
FNDA:0,(anonymous_8)
FNDA:0,(anonymous_9)
FNDA:0,(anonymous_10)
FNDA:0,(anonymous_11)
FNDA:0,(anonymous_12)
FNDA:0,(anonymous_13)
FNDA:0,(anonymous_14)
FNDA:0,(anonymous_15)
FNDA:0,(anonymous_16)
FNDA:0,(anonymous_17)
FNDA:0,(anonymous_18)
FNDA:0,(anonymous_19)
FNDA:22,getSupabaseVectorService
DA:29,0
DA:30,0
DA:33,0
DA:34,0
DA:36,0
DA:37,0
DA:40,0
DA:41,0
DA:43,0
DA:52,1
DA:62,0
DA:63,0
DA:65,0
DA:66,0
DA:95,0
DA:97,0
DA:99,0
DA:100,0
DA:101,0
DA:102,0
DA:103,0
DA:104,0
DA:105,0
DA:108,0
DA:109,0
DA:110,0
DA:114,0
DA:116,0
DA:117,0
DA:126,0
DA:127,0
DA:128,0
DA:130,0
DA:131,0
DA:132,0
DA:136,0
DA:137,0
DA:138,0
DA:139,0
DA:140,0
DA:141,0
DA:142,0
DA:144,0
DA:147,0
DA:149,0
DA:150,0
DA:187,0
DA:189,0
DA:190,0
DA:191,0
DA:194,0
DA:195,0
DA:198,0
DA:200,0
DA:205,0
DA:206,0
DA:209,0
DA:210,0
DA:220,0
DA:221,0
DA:222,0
DA:224,0
DA:228,0
DA:229,0
DA:235,0
DA:236,0
DA:243,0
DA:244,0
DA:245,0
DA:248,0
DA:262,0
DA:263,0
DA:269,0
DA:270,0
DA:271,0
DA:272,0
DA:275,0
DA:278,0
DA:279,0
DA:280,0
DA:281,0
DA:282,0
DA:286,0
DA:293,0
DA:294,0
DA:303,0
DA:318,0
DA:320,0
DA:321,0
DA:324,0
DA:325,0
DA:333,0
DA:336,0
DA:349,0
DA:351,0
DA:353,0
DA:361,0
DA:362,0
DA:365,0
DA:366,0
DA:368,0
DA:369,0
DA:407,0
DA:409,0
DA:410,0
DA:411,0
DA:412,0
DA:413,0
DA:416,0
DA:417,0
DA:418,0
DA:419,0
DA:421,0
DA:422,0
DA:424,0
DA:427,0
DA:428,0
DA:429,0
DA:431,0
DA:432,0
DA:433,0
DA:442,0
DA:444,0
DA:445,0
DA:449,0
DA:452,0
DA:457,0
DA:468,0
DA:470,0
DA:471,0
DA:472,0
DA:475,0
DA:478,0
DA:479,0
DA:480,0
DA:482,0
DA:484,0
DA:485,0
DA:488,0
DA:490,0
DA:491,0
DA:505,0
DA:507,0
DA:508,0
DA:513,0
DA:521,0
DA:522,0
DA:525,0
DA:527,0
DA:528,0
DA:531,0
DA:532,0
DA:533,0
DA:535,0
DA:536,0
DA:548,0
DA:550,0
DA:551,0
DA:552,0
DA:555,0
DA:561,0
DA:562,0
DA:563,0
DA:565,0
DA:567,0
DA:568,0
DA:571,0
DA:573,0
DA:574,0
DA:593,0
DA:594,0
DA:605,0
DA:606,0
DA:607,0
DA:608,0
DA:611,0
DA:612,0
DA:617,0
DA:621,0
DA:622,0
DA:625,0
DA:627,0
DA:634,1
DA:637,22
DA:638,1
DA:640,22
LF:186
LH:5
BRDA:29,0,0,0
BRDA:29,0,1,0
BRDA:36,1,0,0
BRDA:36,1,1,0
BRDA:36,2,0,0
BRDA:36,2,1,0
BRDA:51,3,0,1
BRDA:62,4,0,0
BRDA:62,4,1,0
BRDA:91,5,0,0
BRDA:92,6,0,0
BRDA:93,7,0,0
BRDA:94,8,0,0
BRDA:101,9,0,0
BRDA:101,9,1,0
BRDA:105,10,0,0
BRDA:105,10,1,0
BRDA:108,11,0,0
BRDA:108,11,1,0
BRDA:109,12,0,0
BRDA:109,12,1,0
BRDA:114,13,0,0
BRDA:114,13,1,0
BRDA:130,14,0,0
BRDA:130,14,1,0
BRDA:136,15,0,0
BRDA:136,15,1,0
BRDA:138,16,0,0
BRDA:138,16,1,0
BRDA:181,17,0,0
BRDA:182,18,0,0
BRDA:183,19,0,0
BRDA:184,20,0,0
BRDA:185,21,0,0
BRDA:186,22,0,0
BRDA:189,23,0,0
BRDA:189,23,1,0
BRDA:190,24,0,0
BRDA:190,24,1,0
BRDA:201,25,0,0
BRDA:201,25,1,0
BRDA:202,26,0,0
BRDA:202,26,1,0
BRDA:209,27,0,0
BRDA:209,27,1,0
BRDA:209,28,0,0
BRDA:209,28,1,0
BRDA:220,29,0,0
BRDA:220,29,1,0
BRDA:224,30,0,0
BRDA:224,30,1,0
BRDA:235,31,0,0
BRDA:235,31,1,0
BRDA:235,32,0,0
BRDA:235,32,1,0
BRDA:243,33,0,0
BRDA:243,33,1,0
BRDA:248,34,0,0
BRDA:248,34,1,0
BRDA:275,35,0,0
BRDA:275,35,1,0
BRDA:275,36,0,0
BRDA:275,36,1,0
BRDA:279,37,0,0
BRDA:279,37,1,0
BRDA:281,38,0,0
BRDA:281,38,1,0
BRDA:316,39,0,0
BRDA:324,40,0,0
BRDA:324,40,1,0
BRDA:333,41,0,0
BRDA:333,41,1,0
BRDA:361,42,0,0
BRDA:361,42,1,0
BRDA:366,43,0,0
BRDA:366,43,1,0
BRDA:407,44,0,0
BRDA:407,44,1,0
BRDA:427,45,0,0
BRDA:427,45,1,0
BRDA:440,46,0,0
BRDA:440,46,1,0
BRDA:470,47,0,0
BRDA:470,47,1,0
BRDA:471,48,0,0
BRDA:471,48,1,0
BRDA:478,49,0,0
BRDA:478,49,1,0
BRDA:479,50,0,0
BRDA:479,50,1,0
BRDA:480,51,0,0
BRDA:480,51,1,0
BRDA:484,52,0,0
BRDA:484,52,1,0
BRDA:507,53,0,0
BRDA:507,53,1,0
BRDA:521,54,0,0
BRDA:521,54,1,0
BRDA:527,55,0,0
BRDA:527,55,1,0
BRDA:531,56,0,0
BRDA:531,56,1,0
BRDA:550,57,0,0
BRDA:550,57,1,0
BRDA:551,58,0,0
BRDA:551,58,1,0
BRDA:561,59,0,0
BRDA:561,59,1,0
BRDA:562,60,0,0
BRDA:562,60,1,0
BRDA:563,61,0,0
BRDA:563,61,1,0
BRDA:567,62,0,0
BRDA:567,62,1,0
BRDA:587,63,0,0
BRDA:605,64,0,0
BRDA:605,64,1,0
BRDA:605,65,0,0
BRDA:605,65,1,0
BRDA:607,66,0,0
BRDA:607,66,1,0
BRDA:607,67,0,0
BRDA:607,67,1,0
BRDA:611,68,0,0
BRDA:611,68,1,0
BRDA:621,69,0,0
BRDA:621,69,1,0
BRDA:637,70,0,1
BRDA:637,70,1,21
BRF:129
BRH:3
end_of_record
TN:
SF:src/services/topicExtractionService.ts
FN:22,(anonymous_0)
FN:25,(anonymous_1)
FN:33,(anonymous_2)
FN:36,(anonymous_3)
FN:41,(anonymous_4)
FN:242,(anonymous_5)
FN:248,(anonymous_6)
FN:256,(anonymous_7)
FN:270,(anonymous_8)
FN:304,(anonymous_9)
FN:337,(anonymous_10)
FN:343,(anonymous_11)
FN:349,(anonymous_12)
FN:369,(anonymous_13)
FN:383,(anonymous_14)
FN:402,(anonymous_15)
FN:417,(anonymous_16)
FN:454,(anonymous_17)
FN:462,(anonymous_18)
FN:499,(anonymous_19)
FN:552,(anonymous_20)
FN:566,(anonymous_21)
FN:585,(anonymous_22)
FN:588,(anonymous_23)
FN:594,(anonymous_24)
FN:610,(anonymous_25)
FN:629,(anonymous_26)
FN:634,(anonymous_27)
FN:664,(anonymous_28)
FN:685,(anonymous_29)
FN:698,(anonymous_30)
FN:700,(anonymous_31)
FN:703,(anonymous_32)
FN:710,(anonymous_33)
FN:754,(anonymous_34)
FN:762,(anonymous_35)
FN:770,(anonymous_36)
FN:776,(anonymous_37)
FN:780,(anonymous_38)
FN:783,(anonymous_39)
FN:789,(anonymous_40)
FN:796,(anonymous_41)
FN:803,(anonymous_42)
FN:814,(anonymous_43)
FN:825,(anonymous_44)
FN:827,(anonymous_45)
FN:833,(anonymous_46)
FN:842,(anonymous_47)
FN:857,(anonymous_48)
FNF:49
FNH:42
FNDA:0,(anonymous_0)
FNDA:0,(anonymous_1)
FNDA:0,(anonymous_2)
FNDA:0,(anonymous_3)
FNDA:0,(anonymous_4)
FNDA:34,(anonymous_5)
FNDA:34,(anonymous_6)
FNDA:50,(anonymous_7)
FNDA:0,(anonymous_8)
FNDA:8,(anonymous_9)
FNDA:50,(anonymous_10)
FNDA:346,(anonymous_11)
FNDA:50,(anonymous_12)
FNDA:562,(anonymous_13)
FNDA:50,(anonymous_14)
FNDA:50,(anonymous_15)
FNDA:79,(anonymous_16)
FNDA:1315,(anonymous_17)
FNDA:79,(anonymous_18)
FNDA:561,(anonymous_19)
FNDA:561,(anonymous_20)
FNDA:2731,(anonymous_21)
FNDA:561,(anonymous_22)
FNDA:597,(anonymous_23)
FNDA:1158,(anonymous_24)
FNDA:8,(anonymous_25)
FNDA:1187,(anonymous_26)
FNDA:185,(anonymous_27)
FNDA:669,(anonymous_28)
FNDA:1750,(anonymous_29)
FNDA:75,(anonymous_30)
FNDA:0,(anonymous_31)
FNDA:96,(anonymous_32)
FNDA:75,(anonymous_33)
FNDA:3,(anonymous_34)
FNDA:34,(anonymous_35)
FNDA:46,(anonymous_36)
FNDA:1,(anonymous_37)
FNDA:15,(anonymous_38)
FNDA:39,(anonymous_39)
FNDA:5,(anonymous_40)
FNDA:2,(anonymous_41)
FNDA:2,(anonymous_42)
FNDA:73,(anonymous_43)
FNDA:1,(anonymous_44)
FNDA:2,(anonymous_45)
FNDA:1,(anonymous_46)
FNDA:2,(anonymous_47)
FNDA:2,(anonymous_48)
DA:16,1
DA:18,1
DA:19,1
DA:22,0
DA:23,0
DA:26,0
DA:27,0
DA:29,0
DA:30,0
DA:34,0
DA:35,0
DA:36,0
DA:38,0
DA:42,0
DA:43,0
DA:44,0
DA:45,0
DA:46,0
DA:49,0
DA:126,34
DA:127,34
DA:128,34
DA:129,34
DA:130,34
DA:132,34
DA:216,34
DA:243,34
DA:244,34
DA:245,34
DA:250,34
DA:267,50
DA:270,50
DA:273,50
DA:276,50
DA:277,50
DA:280,50
DA:281,50
DA:284,50
DA:287,50
DA:290,50
DA:293,50
DA:296,50
DA:298,50
DA:308,8
DA:311,8
DA:312,29
DA:316,8
DA:317,29
DA:318,29
DA:324,29
DA:325,29
DA:329,8
DA:331,8
DA:339,50
DA:343,346
DA:355,50
DA:358,50
DA:359,331
DA:360,261
DA:365,50
DA:366,50
DA:367,281
DA:369,562
DA:370,281
DA:371,271
DA:372,271
DA:377,50
DA:384,50
DA:386,50
DA:387,532
DA:391,50
DA:392,50
DA:393,524
DA:396,50
DA:406,50
DA:407,524
DA:408,483
DA:410,524
DA:418,79
DA:419,79
DA:421,79
DA:423,79
DA:425,79
DA:429,709
DA:432,396
DA:433,396
DA:436,313
DA:438,313
DA:439,313
DA:443,709
DA:445,709
DA:454,1315
DA:456,79
DA:468,79
DA:469,79
DA:471,79
DA:472,594
DA:474,594
DA:476,561
DA:480,594
DA:493,79
DA:500,561
DA:502,561
DA:508,27
DA:510,534
DA:515,12
DA:517,522
DA:522,17
DA:524,505
DA:529,27
DA:531,478
DA:536,19
DA:538,459
DA:543,22
DA:546,437
DA:557,561
DA:560,561
DA:562,561
DA:563,3008
DA:565,2683
DA:566,3008
DA:569,3008
DA:570,3008
DA:572,3008
DA:574,2581
DA:575,2581
DA:579,561
DA:587,561
DA:588,597
DA:591,561
DA:592,561
DA:594,561
DA:595,1158
DA:596,1158
DA:597,571
DA:598,20
DA:602,561
DA:603,20
DA:604,0
DA:611,8
DA:614,8
DA:615,29
DA:619,8
DA:621,8
DA:623,140
DA:625,140
DA:627,669
DA:629,1187
DA:632,669
DA:633,65
DA:634,185
DA:635,65
DA:636,65
DA:641,140
DA:642,75
DA:643,75
DA:655,8
DA:656,8
DA:658,8
DA:665,669
DA:668,669
DA:670,669
DA:671,1187
DA:674,1187
DA:675,5
DA:676,1182
DA:679,72
DA:683,1110
DA:684,1110
DA:685,1750
DA:686,1110
DA:689,1187
DA:692,669
DA:700,75
DA:701,75
DA:703,96
DA:711,75
DA:717,75
DA:718,75
DA:719,75
DA:720,75
DA:722,75
DA:724,0
DA:725,0
DA:727,0
DA:729,0
DA:730,0
DA:732,0
DA:735,75
DA:736,75
DA:738,75
DA:744,75
DA:745,75
DA:746,75
DA:748,75
DA:755,3
DA:756,3
DA:758,3
DA:759,4
DA:760,49
DA:762,34
DA:764,49
DA:770,46
DA:777,1
DA:779,1
DA:780,15
DA:783,39
DA:790,5
DA:797,2
DA:804,2
DA:805,2
DA:807,2
DA:808,13
DA:809,13
DA:811,13
DA:812,39
DA:813,5
DA:814,73
DA:815,8
DA:819,13
DA:820,2
DA:824,2
DA:825,1
DA:827,2
DA:834,1
DA:835,1
DA:836,1
DA:843,2
DA:858,2
DA:859,2
DA:862,2
DA:863,1
DA:864,1
DA:865,1
DA:870,1
DA:871,1
DA:874,1
DA:876,1
DA:882,1
LF:239
LH:216
BRDA:16,0,0,1
BRDA:16,0,1,0
BRDA:19,1,0,1
BRDA:19,1,1,0
BRDA:26,2,0,0
BRDA:26,2,1,0
BRDA:35,3,0,0
BRDA:35,3,1,0
BRDA:43,4,0,0
BRDA:43,4,1,0
BRDA:45,5,0,0
BRDA:45,5,1,0
BRDA:258,6,0,50
BRDA:261,7,0,50
BRDA:262,8,0,50
BRDA:263,9,0,50
BRDA:264,10,0,50
BRDA:265,11,0,50
BRDA:266,12,0,50
BRDA:306,13,0,8
BRDA:321,14,0,29
BRDA:321,14,1,29
BRDA:322,15,0,29
BRDA:322,15,1,29
BRDA:359,16,0,261
BRDA:359,16,1,70
BRDA:359,17,0,331
BRDA:359,17,1,297
BRDA:365,18,0,50
BRDA:365,18,1,0
BRDA:365,19,0,50
BRDA:365,19,1,50
BRDA:370,20,0,271
BRDA:370,20,1,10
BRDA:387,21,0,532
BRDA:387,21,1,524
BRDA:407,22,0,483
BRDA:407,22,1,41
BRDA:421,23,0,0
BRDA:421,23,1,79
BRDA:429,24,0,396
BRDA:429,24,1,313
BRDA:436,25,0,313
BRDA:436,25,1,0
BRDA:443,26,0,54
BRDA:443,26,1,655
BRDA:474,27,0,33
BRDA:474,27,1,561
BRDA:477,28,0,561
BRDA:477,28,1,0
BRDA:484,29,0,594
BRDA:484,29,1,0
BRDA:502,30,0,27
BRDA:502,30,1,534
BRDA:503,31,0,561
BRDA:503,31,1,545
BRDA:503,31,2,538
BRDA:503,31,3,537
BRDA:510,32,0,12
BRDA:510,32,1,522
BRDA:511,33,0,534
BRDA:511,33,1,529
BRDA:511,33,2,527
BRDA:517,34,0,17
BRDA:517,34,1,505
BRDA:518,35,0,522
BRDA:518,35,1,516
BRDA:518,35,2,509
BRDA:524,36,0,27
BRDA:524,36,1,478
BRDA:525,37,0,505
BRDA:525,37,1,501
BRDA:525,37,2,481
BRDA:531,38,0,19
BRDA:531,38,1,459
BRDA:532,39,0,478
BRDA:532,39,1,464
BRDA:532,39,2,462
BRDA:538,40,0,22
BRDA:538,40,1,437
BRDA:539,41,0,459
BRDA:539,41,1,449
BRDA:539,41,2,440
BRDA:555,42,0,561
BRDA:560,43,0,561
BRDA:560,43,1,0
BRDA:563,44,0,325
BRDA:563,44,1,2683
BRDA:565,45,0,2683
BRDA:565,45,1,0
BRDA:572,46,0,2581
BRDA:572,46,1,427
BRDA:575,47,0,461
BRDA:575,47,1,2120
BRDA:596,48,0,571
BRDA:596,48,1,587
BRDA:597,49,0,551
BRDA:597,49,1,20
BRDA:602,50,0,541
BRDA:602,50,1,20
BRDA:603,51,0,20
BRDA:603,51,1,0
BRDA:632,52,0,65
BRDA:632,52,1,604
BRDA:641,53,0,75
BRDA:641,53,1,65
BRDA:665,54,0,0
BRDA:665,54,1,669
BRDA:674,55,0,5
BRDA:674,55,1,1182
BRDA:676,56,0,72
BRDA:676,56,1,1110
BRDA:678,57,0,1182
BRDA:678,57,1,1124
BRDA:720,58,0,0
BRDA:720,58,1,75
BRDA:722,59,0,0
BRDA:722,59,1,0
BRDA:722,59,2,0
BRDA:722,59,3,75
BRDA:724,60,0,0
BRDA:724,60,1,0
BRDA:729,61,0,0
BRDA:729,61,1,0
BRDA:735,62,0,75
BRDA:735,62,1,0
BRDA:754,63,0,3
BRDA:760,64,0,49
BRDA:760,64,1,0
BRDA:761,65,0,49
BRDA:761,65,1,24
BRDA:776,66,0,1
BRDA:790,67,0,5
BRDA:790,67,1,2
BRDA:803,68,0,2
BRDA:808,69,0,13
BRDA:808,69,1,0
BRDA:812,70,0,5
BRDA:812,70,1,34
BRDA:814,71,0,8
BRDA:814,71,1,26
BRDA:819,72,0,2
BRDA:819,72,1,11
BRDA:862,73,0,1
BRDA:862,73,1,1
BRDA:870,74,0,1
BRDA:870,74,1,0
BRF:147
BRH:116
end_of_record
TN:
SF:src/utils/emailParser.ts
FN:55,(anonymous_0)
FN:83,(anonymous_1)
FN:107,(anonymous_2)
FN:117,(anonymous_3)
FN:134,(anonymous_4)
FN:159,(anonymous_5)
FN:174,(anonymous_6)
FN:183,(anonymous_7)
FN:204,(anonymous_8)
FN:224,(anonymous_9)
FN:229,(anonymous_10)
FN:239,(anonymous_11)
FN:243,(anonymous_12)
FN:244,(anonymous_13)
FN:245,(anonymous_14)
FN:253,(anonymous_15)
FN:267,(anonymous_16)
FN:268,(anonymous_17)
FN:274,(anonymous_18)
FNF:19
FNH:17
FNDA:1,(anonymous_0)
FNDA:1,(anonymous_1)
FNDA:2,(anonymous_2)
FNDA:1,(anonymous_3)
FNDA:1,(anonymous_4)
FNDA:1,(anonymous_5)
FNDA:46,(anonymous_6)
FNDA:1,(anonymous_7)
FNDA:1,(anonymous_8)
FNDA:0,(anonymous_9)
FNDA:0,(anonymous_10)
FNDA:1,(anonymous_11)
FNDA:24,(anonymous_12)
FNDA:3,(anonymous_13)
FNDA:1,(anonymous_14)
FNDA:1,(anonymous_15)
FNDA:1,(anonymous_16)
FNDA:3,(anonymous_17)
FNDA:1,(anonymous_18)
DA:56,23
DA:57,23
DA:59,23
DA:84,23
DA:87,23
DA:88,23
DA:92,23
DA:93,23
DA:95,23
DA:96,2
DA:100,23
DA:101,23
DA:102,22
DA:106,23
DA:107,2
DA:108,1
DA:111,23
DA:119,23
DA:120,5
DA:124,18
DA:125,17
DA:128,1
DA:136,5
DA:137,5
DA:140,5
DA:141,5
DA:142,5
DA:143,5
DA:144,5
DA:147,5
DA:150,5
DA:153,5
DA:161,22
DA:162,22
DA:165,22
DA:166,22
DA:169,22
DA:172,22
DA:174,46
DA:177,22
DA:185,22
DA:194,22
DA:195,132
DA:198,22
DA:205,5
DA:218,5
DA:219,5
DA:220,50
DA:224,5
DA:225,0
DA:229,5
DA:230,0
DA:233,5
DA:240,23
DA:242,23
DA:243,24
DA:244,23
DA:245,23
DA:247,23
DA:254,23
DA:255,22
DA:257,1
DA:258,1
DA:260,0
DA:268,3
DA:275,6
LF:66
LH:63
BRDA:69,0,0,23
BRDA:69,0,1,22
BRDA:70,1,0,23
BRDA:70,1,1,22
BRDA:71,2,0,23
BRDA:71,2,1,22
BRDA:87,3,0,23
BRDA:87,3,1,0
BRDA:95,4,0,2
BRDA:95,4,1,21
BRDA:95,5,0,23
BRDA:95,5,1,2
BRDA:101,6,0,22
BRDA:101,6,1,1
BRDA:106,7,0,1
BRDA:106,7,1,22
BRDA:106,8,0,23
BRDA:106,8,1,1
BRDA:119,9,0,5
BRDA:119,9,1,18
BRDA:124,10,0,17
BRDA:124,10,1,1
BRDA:254,11,0,22
BRDA:254,11,1,1
BRDA:276,12,0,6
BRDA:276,12,1,6
BRDA:276,12,2,5
BRDA:276,12,3,4
BRDA:276,12,4,3
BRDA:276,12,5,3
BRDA:276,12,6,2
BRDA:276,12,7,2
BRDA:276,12,8,0
BRF:33
BRH:31
end_of_record
